[ 2016-10-15T17:16:26+08:00 ] 192.168.11.108 /api/index.php/Topic/releaseTopic
INFO: [ app_init ] --START--
INFO: Run Behavior\BuildLiteBehavior [ RunTime:0.000000s ]
INFO: [ app_init ] --END-- [ RunTime:0.000000s ]
INFO: [ app_begin ] --START--
INFO: Run Behavior\ReadHtmlCacheBehavior [ RunTime:0.000000s ]
INFO: [ app_begin ] --END-- [ RunTime:0.000000s ]
SQL: SHOW COLUMNS FROM `app_topic` [ RunTime:0.0000s ]
SQL: SHOW COLUMNS FROM `app_category` [ RunTime:0.0000s ]
SQL: SHOW COLUMNS FROM `app_comment` [ RunTime:0.0000s ]
SQL: SHOW COLUMNS FROM `app_admire` [ RunTime:0.0156s ]
SQL: SHOW COLUMNS FROM `app_user` [ RunTime:0.0000s ]
NOTIC: [8] Undefined index: file D:\wamp\www\api\Application\Home\Controller\TopicController.class.php 第 39 行.
NOTIC: [2] Missing argument 3 for Think\Controller::apiReturn(), called in D:\wamp\www\api\Application\Home\Controller\TopicController.class.php on line 45 and defined D:\wamp\www\api\ThinkPHP\Library\Think\Controller.class.php 第 244 行.
NOTIC: [2] Missing argument 4 for Think\Controller::apiReturn(), called in D:\wamp\www\api\Application\Home\Controller\TopicController.class.php on line 45 and defined D:\wamp\www\api\ThinkPHP\Library\Think\Controller.class.php 第 244 行.
NOTIC: [8] Undefined variable: data D:\wamp\www\api\ThinkPHP\Library\Think\Controller.class.php 第 256 行.
NOTIC: [8] Undefined variable: type D:\wamp\www\api\ThinkPHP\Library\Think\Controller.class.php 第 258 行.

[ 2016-10-15T17:16:57+08:00 ] 192.168.11.229 /api/index.php/Home/Login/api?phone=18970036408&pass=111111
INFO: [ app_init ] --START--
INFO: Run Behavior\BuildLiteBehavior [ RunTime:0.000000s ]
INFO: [ app_init ] --END-- [ RunTime:0.000000s ]
INFO: [ app_begin ] --START--
INFO: Run Behavior\ReadHtmlCacheBehavior [ RunTime:0.000000s ]
INFO: [ app_begin ] --END-- [ RunTime:0.000000s ]
SQL: SHOW COLUMNS FROM `app_user` [ RunTime:0.0000s ]
NOTIC: [8] Undefined index: validate D:\wamp\www\api\ThinkPHP\Library\Think\Model.class.php 第 1185 行.
NOTIC: [8] Undefined index: auto D:\wamp\www\api\ThinkPHP\Library\Think\Model.class.php 第 1128 行.
SQL: SELECT `id`,`username`,`avatar`,`level`,`birthday`,`phone`,`pass` FROM `app_user` WHERE `phone` = '18970036408' LIMIT 1   [ RunTime:0.0000s ]
NOTIC: [2] Missing argument 4 for Think\Controller::apiReturn(), called in D:\wamp\www\api\Application\Home\Controller\LoginController.class.php on line 17 and defined D:\wamp\www\api\ThinkPHP\Library\Think\Controller.class.php 第 244 行.
NOTIC: [8] Undefined variable: type D:\wamp\www\api\ThinkPHP\Library\Think\Controller.class.php 第 258 行.

[ 2016-10-15T17:16:58+08:00 ] 192.168.11.229 /api/index.php/home/index/indexApi
INFO: [ app_init ] --START--
INFO: Run Behavior\BuildLiteBehavior [ RunTime:0.000000s ]
INFO: [ app_init ] --END-- [ RunTime:0.000000s ]
INFO: [ app_begin ] --START--
INFO: Run Behavior\ReadHtmlCacheBehavior [ RunTime:0.000000s ]
INFO: [ app_begin ] --END-- [ RunTime:0.015600s ]
SQL: SHOW COLUMNS FROM `app_category` [ RunTime:0.0000s ]
SQL: SHOW COLUMNS FROM `app_adver` [ RunTime:0.0000s ]
SQL: SHOW COLUMNS FROM `app_user` [ RunTime:0.0156s ]
SQL: SHOW COLUMNS FROM `app_price` [ RunTime:0.0000s ]
SQL: SELECT `id`,`name`,`thumb` FROM `app_category` WHERE `groupid` = 3 AND `pid` = 0 ORDER BY sort ASC  [ RunTime:0.0000s ]
SQL: SELECT `minprice`,`maxprice` FROM `app_price` WHERE `cateid` = 1 AND `gid` = 2  [ RunTime:0.0000s ]
SQL: SELECT `minprice`,`maxprice` FROM `app_price` WHERE `cateid` = 18 AND `gid` = 2  [ RunTime:0.0000s ]
SQL: SELECT `minprice`,`maxprice` FROM `app_price` WHERE `cateid` = 19 AND `gid` = 2  [ RunTime:0.0000s ]
SQL: SELECT `minprice`,`maxprice` FROM `app_price` WHERE `cateid` = 20 AND `gid` = 2  [ RunTime:0.0000s ]
SQL: SELECT `minprice`,`maxprice` FROM `app_price` WHERE `cateid` = 21 AND `gid` = 2  [ RunTime:0.0000s ]
SQL: SELECT `minprice`,`maxprice` FROM `app_price` WHERE `cateid` = 22 AND `gid` = 2  [ RunTime:0.0000s ]
SQL: SELECT `minprice`,`maxprice` FROM `app_price` WHERE `cateid` = 23 AND `gid` = 2  [ RunTime:0.0000s ]
SQL: SELECT `minprice`,`maxprice` FROM `app_price` WHERE `cateid` = 24 AND `gid` = 2  [ RunTime:0.0000s ]
SQL: SELECT `id`,`title`,`type`,`url`,`thumb` FROM `app_adver` WHERE `typeid` = 1 AND `status` = 1 ORDER BY sort ASC LIMIT 4   [ RunTime:0.0000s ]
SQL: SELECT `birthday` FROM `app_user` WHERE `id` = 0 LIMIT 1   [ RunTime:0.0000s ]
NOTIC: [8] Undefined variable: date2 D:\wamp\www\api\Application\Common\Common\function.php 第 176 行.
NOTIC: [8] Undefined offset: 2 D:\wamp\www\api\Application\Common\Common\function.php 第 176 行.
NOTIC: [8] Undefined offset: 1 D:\wamp\www\api\Application\Common\Common\function.php 第 176 行.
NOTIC: [8] Undefined variable: date2 D:\wamp\www\api\Application\Common\Common\function.php 第 181 行.
SQL: SELECT `id`,`title`,`type`,`url`,`thumb` FROM `app_adver` WHERE `agerange` = '0-3' AND `typeid` = 2 AND `status` = 1 ORDER BY date DESC LIMIT 1   [ RunTime:0.0000s ]
SQL: SELECT `id`,`title`,`type`,`url`,`thumb` FROM `app_adver` WHERE `agerange` = '0-3' AND `typeid` = 3 AND `status` = 1 ORDER BY date DESC LIMIT 1   [ RunTime:0.0000s ]
SQL: SELECT `id`,`title`,`type`,`url`,`thumb` FROM `app_adver` WHERE `agerange` = '0-3' AND `typeid` = 4 AND `status` = 1 ORDER BY date DESC LIMIT 2   [ RunTime:0.0000s ]
SQL: SELECT `id`,`title`,`type`,`url`,`thumb` FROM `app_adver` WHERE `agerange` = '0-3' AND `typeid` = 2 AND `status` = 1 ORDER BY date DESC LIMIT 1   [ RunTime:0.0000s ]
SQL: SELECT `id`,`title`,`type`,`url`,`thumb` FROM `app_adver` WHERE `agerange` = '0-3' AND `typeid` = 3 AND `status` = 1 ORDER BY date DESC LIMIT 1   [ RunTime:0.0000s ]
NOTIC: [2] Missing argument 4 for Think\Controller::apiReturn(), called in D:\wamp\www\api\Application\Home\Controller\IndexController.class.php on line 53 and defined D:\wamp\www\api\ThinkPHP\Library\Think\Controller.class.php 第 244 行.
NOTIC: [8] Undefined variable: type D:\wamp\www\api\ThinkPHP\Library\Think\Controller.class.php 第 258 行.

[ 2016-10-15T17:17:02+08:00 ] 192.168.11.229 /api/index.php/Home/Discount/indexApi
INFO: [ app_init ] --START--
INFO: Run Behavior\BuildLiteBehavior [ RunTime:0.000000s ]
INFO: [ app_init ] --END-- [ RunTime:0.000000s ]
INFO: [ app_begin ] --START--
INFO: Run Behavior\ReadHtmlCacheBehavior [ RunTime:0.000000s ]
INFO: [ app_begin ] --END-- [ RunTime:0.015600s ]
SQL: SHOW COLUMNS FROM `app_event` [ RunTime:0.0000s ]
SQL: SHOW COLUMNS FROM `app_service` [ RunTime:0.0000s ]
SQL: SELECT `id`,`title`,`thumbpic`,`endtime` FROM `app_event` WHERE `status` = 1 AND `isrec` = 1 ORDER BY sort ASC LIMIT 4   [ RunTime:0.0000s ]
SQL: SELECT COUNT(*) AS tp_count FROM `app_service` WHERE `isdiscount` = 1 AND `isup` = 1 AND `isrec` = 1 LIMIT 1   [ RunTime:0.0000s ]
SQL: SELECT `id`,`mainpic` FROM `app_service` WHERE `isdiscount` = 1 AND `isup` = 1 AND `isrec` = 1 ORDER BY sort ASC LIMIT 0,10   [ RunTime:0.0000s ]
NOTIC: [2] Missing argument 4 for Think\Controller::apiReturn(), called in D:\wamp\www\api\Application\Home\Controller\DiscountController.class.php on line 20 and defined D:\wamp\www\api\ThinkPHP\Library\Think\Controller.class.php 第 244 行.
NOTIC: [8] Undefined variable: type D:\wamp\www\api\ThinkPHP\Library\Think\Controller.class.php 第 258 行.

[ 2016-10-15T17:17:02+08:00 ] 192.168.11.229 /api/index.php/Home/Event/eventList
INFO: [ app_init ] --START--
INFO: Run Behavior\BuildLiteBehavior [ RunTime:0.000000s ]
INFO: [ app_init ] --END-- [ RunTime:0.000000s ]
INFO: [ app_begin ] --START--
INFO: Run Behavior\ReadHtmlCacheBehavior [ RunTime:0.000000s ]
INFO: [ app_begin ] --END-- [ RunTime:0.000000s ]
SQL: SHOW COLUMNS FROM `app_event` [ RunTime:0.0000s ]
SQL: SHOW COLUMNS FROM `app_collect` [ RunTime:0.0000s ]
SQL: SHOW COLUMNS FROM `app_category` [ RunTime:0.0000s ]
SQL: SHOW COLUMNS FROM `app_comment` [ RunTime:0.0000s ]
SQL: SHOW COLUMNS FROM `app_apply` [ RunTime:0.0000s ]
SQL: SHOW COLUMNS FROM `app_admire` [ RunTime:0.0000s ]
SQL: SHOW COLUMNS FROM `app_user` [ RunTime:0.0000s ]
SQL: SELECT * FROM `app_category`  [ RunTime:0.0000s ]
SQL: SELECT COUNT(*) AS tp_count FROM `app_event` WHERE `cateid` IN ('17') LIMIT 1   [ RunTime:0.0000s ]
SQL: SELECT a.id,a.starttime,a.endtime,a.thumbpic,a.title,a.price,a.place,a.descript,a.status,b.username FROM app_event a INNER JOIN app_user as b ON a.uid=b.id  WHERE `cateid` IN ('17') ORDER BY sort ASC LIMIT 0,10   [ RunTime:0.0000s ]
SQL: SELECT `eventid` FROM `app_collect` WHERE `uid` = 40 AND `eventid` = 0  [ RunTime:0.0000s ]
NOTIC: [8] Undefined variable: collectids D:\wamp\www\api\Application\Home\Controller\EventController.class.php 第 57 行.
NOTIC: [2] Missing argument 4 for Think\Controller::apiReturn(), called in D:\wamp\www\api\Application\Home\Controller\EventController.class.php on line 69 and defined D:\wamp\www\api\ThinkPHP\Library\Think\Controller.class.php 第 244 行.
NOTIC: [8] Undefined variable: type D:\wamp\www\api\ThinkPHP\Library\Think\Controller.class.php 第 258 行.

[ 2016-10-15T17:19:22+08:00 ] 192.168.11.170 /api/index.php/Home/Event/eventList
INFO: [ app_init ] --START--
INFO: Run Behavior\BuildLiteBehavior [ RunTime:0.000000s ]
INFO: [ app_init ] --END-- [ RunTime:0.000000s ]
INFO: [ app_begin ] --START--
INFO: Run Behavior\ReadHtmlCacheBehavior [ RunTime:0.000000s ]
INFO: [ app_begin ] --END-- [ RunTime:0.000000s ]
SQL: SHOW COLUMNS FROM `app_event` [ RunTime:0.0000s ]
SQL: SHOW COLUMNS FROM `app_collect` [ RunTime:0.0000s ]
SQL: SHOW COLUMNS FROM `app_category` [ RunTime:0.0000s ]
SQL: SHOW COLUMNS FROM `app_comment` [ RunTime:0.0000s ]
SQL: SHOW COLUMNS FROM `app_apply` [ RunTime:0.0000s ]
SQL: SHOW COLUMNS FROM `app_admire` [ RunTime:0.0000s ]
SQL: SHOW COLUMNS FROM `app_user` [ RunTime:0.0000s ]
SQL: SELECT * FROM `app_category`  [ RunTime:0.0000s ]
SQL: SELECT COUNT(*) AS tp_count FROM `app_event` WHERE `cateid` IN ('17') LIMIT 1   [ RunTime:0.0000s ]
SQL: SELECT a.id,a.starttime,a.endtime,a.thumbpic,a.title,a.price,a.place,a.descript,a.status,b.username FROM app_event a INNER JOIN app_user as b ON a.uid=b.id  WHERE `cateid` IN ('17') ORDER BY sort ASC LIMIT 0,10   [ RunTime:0.0000s ]
SQL: SELECT `eventid` FROM `app_collect` WHERE `uid` = 40 AND `eventid` = 0  [ RunTime:0.0000s ]
NOTIC: [8] Undefined variable: collectids D:\wamp\www\api\Application\Home\Controller\EventController.class.php 第 57 行.
NOTIC: [2] Missing argument 4 for Think\Controller::apiReturn(), called in D:\wamp\www\api\Application\Home\Controller\EventController.class.php on line 69 and defined D:\wamp\www\api\ThinkPHP\Library\Think\Controller.class.php 第 244 行.
NOTIC: [8] Undefined variable: type D:\wamp\www\api\ThinkPHP\Library\Think\Controller.class.php 第 258 行.

[ 2016-10-15T17:19:48+08:00 ] 192.168.11.229 /api/index.php/Home/Login/api?phone=18970036408&pass=111111
INFO: [ app_init ] --START--
INFO: Run Behavior\BuildLiteBehavior [ RunTime:0.000000s ]
INFO: [ app_init ] --END-- [ RunTime:0.000000s ]
INFO: [ app_begin ] --START--
INFO: Run Behavior\ReadHtmlCacheBehavior [ RunTime:0.000000s ]
INFO: [ app_begin ] --END-- [ RunTime:0.000000s ]
SQL: SHOW COLUMNS FROM `app_user` [ RunTime:0.0000s ]
NOTIC: [8] Undefined index: validate D:\wamp\www\api\ThinkPHP\Library\Think\Model.class.php 第 1185 行.
NOTIC: [8] Undefined index: auto D:\wamp\www\api\ThinkPHP\Library\Think\Model.class.php 第 1128 行.
SQL: SELECT `id`,`username`,`avatar`,`level`,`birthday`,`phone`,`pass` FROM `app_user` WHERE `phone` = '18970036408' LIMIT 1   [ RunTime:0.0000s ]
NOTIC: [2] Missing argument 4 for Think\Controller::apiReturn(), called in D:\wamp\www\api\Application\Home\Controller\LoginController.class.php on line 17 and defined D:\wamp\www\api\ThinkPHP\Library\Think\Controller.class.php 第 244 行.
NOTIC: [8] Undefined variable: type D:\wamp\www\api\ThinkPHP\Library\Think\Controller.class.php 第 258 行.

[ 2016-10-15T17:19:48+08:00 ] 192.168.11.229 /api/index.php/home/index/indexApi
INFO: [ app_init ] --START--
INFO: Run Behavior\BuildLiteBehavior [ RunTime:0.000000s ]
INFO: [ app_init ] --END-- [ RunTime:0.000000s ]
INFO: [ app_begin ] --START--
INFO: Run Behavior\ReadHtmlCacheBehavior [ RunTime:0.000000s ]
INFO: [ app_begin ] --END-- [ RunTime:0.000000s ]
SQL: SHOW COLUMNS FROM `app_category` [ RunTime:0.0000s ]
SQL: SHOW COLUMNS FROM `app_adver` [ RunTime:0.0000s ]
SQL: SHOW COLUMNS FROM `app_user` [ RunTime:0.0000s ]
SQL: SHOW COLUMNS FROM `app_price` [ RunTime:0.0156s ]
SQL: SELECT `id`,`name`,`thumb` FROM `app_category` WHERE `groupid` = 3 AND `pid` = 0 ORDER BY sort ASC  [ RunTime:0.0000s ]
SQL: SELECT `minprice`,`maxprice` FROM `app_price` WHERE `cateid` = 1 AND `gid` = 2  [ RunTime:0.0000s ]
SQL: SELECT `minprice`,`maxprice` FROM `app_price` WHERE `cateid` = 18 AND `gid` = 2  [ RunTime:0.0000s ]
SQL: SELECT `minprice`,`maxprice` FROM `app_price` WHERE `cateid` = 19 AND `gid` = 2  [ RunTime:0.0000s ]
SQL: SELECT `minprice`,`maxprice` FROM `app_price` WHERE `cateid` = 20 AND `gid` = 2  [ RunTime:0.0000s ]
SQL: SELECT `minprice`,`maxprice` FROM `app_price` WHERE `cateid` = 21 AND `gid` = 2  [ RunTime:0.0000s ]
SQL: SELECT `minprice`,`maxprice` FROM `app_price` WHERE `cateid` = 22 AND `gid` = 2  [ RunTime:0.0000s ]
SQL: SELECT `minprice`,`maxprice` FROM `app_price` WHERE `cateid` = 23 AND `gid` = 2  [ RunTime:0.0000s ]
SQL: SELECT `minprice`,`maxprice` FROM `app_price` WHERE `cateid` = 24 AND `gid` = 2  [ RunTime:0.0000s ]
SQL: SELECT `id`,`title`,`type`,`url`,`thumb` FROM `app_adver` WHERE `typeid` = 1 AND `status` = 1 ORDER BY sort ASC LIMIT 4   [ RunTime:0.0000s ]
SQL: SELECT `birthday` FROM `app_user` WHERE `id` = 0 LIMIT 1   [ RunTime:0.0000s ]
NOTIC: [8] Undefined variable: date2 D:\wamp\www\api\Application\Common\Common\function.php 第 176 行.
NOTIC: [8] Undefined offset: 2 D:\wamp\www\api\Application\Common\Common\function.php 第 176 行.
NOTIC: [8] Undefined offset: 1 D:\wamp\www\api\Application\Common\Common\function.php 第 176 行.
NOTIC: [8] Undefined variable: date2 D:\wamp\www\api\Application\Common\Common\function.php 第 181 行.
SQL: SELECT `id`,`title`,`type`,`url`,`thumb` FROM `app_adver` WHERE `agerange` = '0-3' AND `typeid` = 2 AND `status` = 1 ORDER BY date DESC LIMIT 1   [ RunTime:0.0000s ]
SQL: SELECT `id`,`title`,`type`,`url`,`thumb` FROM `app_adver` WHERE `agerange` = '0-3' AND `typeid` = 3 AND `status` = 1 ORDER BY date DESC LIMIT 1   [ RunTime:0.0000s ]
SQL: SELECT `id`,`title`,`type`,`url`,`thumb` FROM `app_adver` WHERE `agerange` = '0-3' AND `typeid` = 4 AND `status` = 1 ORDER BY date DESC LIMIT 2   [ RunTime:0.0156s ]
SQL: SELECT `id`,`title`,`type`,`url`,`thumb` FROM `app_adver` WHERE `agerange` = '0-3' AND `typeid` = 2 AND `status` = 1 ORDER BY date DESC LIMIT 1   [ RunTime:0.0000s ]
SQL: SELECT `id`,`title`,`type`,`url`,`thumb` FROM `app_adver` WHERE `agerange` = '0-3' AND `typeid` = 3 AND `status` = 1 ORDER BY date DESC LIMIT 1   [ RunTime:0.0000s ]
NOTIC: [2] Missing argument 4 for Think\Controller::apiReturn(), called in D:\wamp\www\api\Application\Home\Controller\IndexController.class.php on line 53 and defined D:\wamp\www\api\ThinkPHP\Library\Think\Controller.class.php 第 244 行.
NOTIC: [8] Undefined variable: type D:\wamp\www\api\ThinkPHP\Library\Think\Controller.class.php 第 258 行.

[ 2016-10-15T17:19:53+08:00 ] 192.168.11.229 /api/index.php/Home/Discount/indexApi
INFO: [ app_init ] --START--
INFO: Run Behavior\BuildLiteBehavior [ RunTime:0.000000s ]
INFO: [ app_init ] --END-- [ RunTime:0.000000s ]
INFO: [ app_begin ] --START--
INFO: Run Behavior\ReadHtmlCacheBehavior [ RunTime:0.000000s ]
INFO: [ app_begin ] --END-- [ RunTime:0.000000s ]
SQL: SHOW COLUMNS FROM `app_event` [ RunTime:0.0000s ]
SQL: SHOW COLUMNS FROM `app_service` [ RunTime:0.0000s ]
SQL: SELECT `id`,`title`,`thumbpic`,`endtime` FROM `app_event` WHERE `status` = 1 AND `isrec` = 1 ORDER BY sort ASC LIMIT 4   [ RunTime:0.0000s ]
SQL: SELECT COUNT(*) AS tp_count FROM `app_service` WHERE `isdiscount` = 1 AND `isup` = 1 AND `isrec` = 1 LIMIT 1   [ RunTime:0.0000s ]
SQL: SELECT `id`,`mainpic` FROM `app_service` WHERE `isdiscount` = 1 AND `isup` = 1 AND `isrec` = 1 ORDER BY sort ASC LIMIT 0,10   [ RunTime:0.0000s ]
NOTIC: [2] Missing argument 4 for Think\Controller::apiReturn(), called in D:\wamp\www\api\Application\Home\Controller\DiscountController.class.php on line 20 and defined D:\wamp\www\api\ThinkPHP\Library\Think\Controller.class.php 第 244 行.
NOTIC: [8] Undefined variable: type D:\wamp\www\api\ThinkPHP\Library\Think\Controller.class.php 第 258 行.

[ 2016-10-15T17:20:48+08:00 ] 192.168.11.230 /api/index.php/Home/Category/topicCateList
INFO: [ app_init ] --START--
INFO: Run Behavior\BuildLiteBehavior [ RunTime:0.000000s ]
INFO: [ app_init ] --END-- [ RunTime:0.000000s ]
INFO: [ app_begin ] --START--
INFO: Run Behavior\ReadHtmlCacheBehavior [ RunTime:0.000000s ]
INFO: [ app_begin ] --END-- [ RunTime:0.000000s ]
SQL: SHOW COLUMNS FROM `app_category` [ RunTime:0.0000s ]
SQL: SELECT `id`,`pid`,`name`,`thumb`,`brandids`,`attr` FROM `app_category` WHERE `type` <> 0 AND `groupid` = 5 ORDER BY sort ASC  [ RunTime:0.0000s ]
NOTIC: [8] Undefined offset: 2 D:\wamp\www\api\Application\Home\Model\CategoryModel.class.php 第 19 行.
NOTIC: [2] Missing argument 4 for Think\Controller::apiReturn(), called in D:\wamp\www\api\Application\Home\Controller\CategoryController.class.php on line 38 and defined D:\wamp\www\api\ThinkPHP\Library\Think\Controller.class.php 第 244 行.
NOTIC: [8] Undefined variable: type D:\wamp\www\api\ThinkPHP\Library\Think\Controller.class.php 第 258 行.

[ 2016-10-15T17:20:51+08:00 ] 192.168.11.230 /api/index.php/Home/Region/regionList
INFO: [ app_init ] --START--
INFO: Run Behavior\BuildLiteBehavior [ RunTime:0.000000s ]
INFO: [ app_init ] --END-- [ RunTime:0.000000s ]
INFO: [ app_begin ] --START--
INFO: Run Behavior\ReadHtmlCacheBehavior [ RunTime:0.000000s ]
INFO: [ app_begin ] --END-- [ RunTime:0.000000s ]
SQL: SHOW COLUMNS FROM `app_region` [ RunTime:0.0000s ]
SQL: SELECT `id`,`name` FROM `app_region` WHERE `cityid` = 1 ORDER BY sort ASC  [ RunTime:0.0000s ]
NOTIC: [2] Missing argument 4 for Think\Controller::apiReturn(), called in D:\wamp\www\api\Application\Home\Controller\RegionController.class.php on line 14 and defined D:\wamp\www\api\ThinkPHP\Library\Think\Controller.class.php 第 244 行.
NOTIC: [8] Undefined variable: type D:\wamp\www\api\ThinkPHP\Library\Think\Controller.class.php 第 258 行.

[ 2016-10-15T17:20:51+08:00 ] 192.168.11.230 /api/index.php/Home/Category/eventCateList
INFO: [ app_init ] --START--
INFO: Run Behavior\BuildLiteBehavior [ RunTime:0.000000s ]
INFO: [ app_init ] --END-- [ RunTime:0.000000s ]
INFO: [ app_begin ] --START--
INFO: Run Behavior\ReadHtmlCacheBehavior [ RunTime:0.000000s ]
INFO: [ app_begin ] --END-- [ RunTime:0.000000s ]
SQL: SHOW COLUMNS FROM `app_category` [ RunTime:0.0000s ]
SQL: SELECT `id`,`pid`,`name`,`thumb`,`brandids`,`attr` FROM `app_category` WHERE `type` <> 0 AND `groupid` = 4 ORDER BY sort ASC  [ RunTime:0.0000s ]
NOTIC: [8] Undefined offset: 1 D:\wamp\www\api\Application\Home\Model\CategoryModel.class.php 第 19 行.
NOTIC: [2] Missing argument 4 for Think\Controller::apiReturn(), called in D:\wamp\www\api\Application\Home\Controller\CategoryController.class.php on line 30 and defined D:\wamp\www\api\ThinkPHP\Library\Think\Controller.class.php 第 244 行.
NOTIC: [8] Undefined variable: type D:\wamp\www\api\ThinkPHP\Library\Think\Controller.class.php 第 258 行.

[ 2016-10-15T17:20:51+08:00 ] 192.168.11.230 /api/index.php/home/index/indexApi
INFO: [ app_init ] --START--
INFO: Run Behavior\BuildLiteBehavior [ RunTime:0.000000s ]
INFO: [ app_init ] --END-- [ RunTime:0.000000s ]
INFO: [ app_begin ] --START--
INFO: Run Behavior\ReadHtmlCacheBehavior [ RunTime:0.000000s ]
INFO: [ app_begin ] --END-- [ RunTime:0.015600s ]
SQL: SHOW COLUMNS FROM `app_category` [ RunTime:0.0000s ]
SQL: SHOW COLUMNS FROM `app_adver` [ RunTime:0.0000s ]
SQL: SHOW COLUMNS FROM `app_user` [ RunTime:0.0000s ]
SQL: SHOW COLUMNS FROM `app_price` [ RunTime:0.0000s ]
SQL: SELECT `id`,`name`,`thumb` FROM `app_category` WHERE `groupid` = 3 AND `pid` = 0 ORDER BY sort ASC  [ RunTime:0.0000s ]
SQL: SELECT `minprice`,`maxprice` FROM `app_price` WHERE `cateid` = 1 AND `gid` = 2  [ RunTime:0.0000s ]
SQL: SELECT `minprice`,`maxprice` FROM `app_price` WHERE `cateid` = 18 AND `gid` = 2  [ RunTime:0.0000s ]
SQL: SELECT `minprice`,`maxprice` FROM `app_price` WHERE `cateid` = 19 AND `gid` = 2  [ RunTime:0.0000s ]
SQL: SELECT `minprice`,`maxprice` FROM `app_price` WHERE `cateid` = 20 AND `gid` = 2  [ RunTime:0.0000s ]
SQL: SELECT `minprice`,`maxprice` FROM `app_price` WHERE `cateid` = 21 AND `gid` = 2  [ RunTime:0.0000s ]
SQL: SELECT `minprice`,`maxprice` FROM `app_price` WHERE `cateid` = 22 AND `gid` = 2  [ RunTime:0.0000s ]
SQL: SELECT `minprice`,`maxprice` FROM `app_price` WHERE `cateid` = 23 AND `gid` = 2  [ RunTime:0.0000s ]
SQL: SELECT `minprice`,`maxprice` FROM `app_price` WHERE `cateid` = 24 AND `gid` = 2  [ RunTime:0.0000s ]
SQL: SELECT `id`,`title`,`type`,`url`,`thumb` FROM `app_adver` WHERE `typeid` = 1 AND `status` = 1 ORDER BY sort ASC LIMIT 4   [ RunTime:0.0000s ]
SQL: SELECT `birthday` FROM `app_user` WHERE `id` = 0 LIMIT 1   [ RunTime:0.0000s ]
NOTIC: [8] Undefined variable: date2 D:\wamp\www\api\Application\Common\Common\function.php 第 176 行.
NOTIC: [8] Undefined offset: 2 D:\wamp\www\api\Application\Common\Common\function.php 第 176 行.
NOTIC: [8] Undefined offset: 1 D:\wamp\www\api\Application\Common\Common\function.php 第 176 行.
NOTIC: [8] Undefined variable: date2 D:\wamp\www\api\Application\Common\Common\function.php 第 181 行.
SQL: SELECT `id`,`title`,`type`,`url`,`thumb` FROM `app_adver` WHERE `agerange` = '0-3' AND `typeid` = 2 AND `status` = 1 ORDER BY date DESC LIMIT 1   [ RunTime:0.0000s ]
SQL: SELECT `id`,`title`,`type`,`url`,`thumb` FROM `app_adver` WHERE `agerange` = '0-3' AND `typeid` = 3 AND `status` = 1 ORDER BY date DESC LIMIT 1   [ RunTime:0.0000s ]
SQL: SELECT `id`,`title`,`type`,`url`,`thumb` FROM `app_adver` WHERE `agerange` = '0-3' AND `typeid` = 4 AND `status` = 1 ORDER BY date DESC LIMIT 2   [ RunTime:0.0000s ]
SQL: SELECT `id`,`title`,`type`,`url`,`thumb` FROM `app_adver` WHERE `agerange` = '0-3' AND `typeid` = 2 AND `status` = 1 ORDER BY date DESC LIMIT 1   [ RunTime:0.0000s ]
SQL: SELECT `id`,`title`,`type`,`url`,`thumb` FROM `app_adver` WHERE `agerange` = '0-3' AND `typeid` = 3 AND `status` = 1 ORDER BY date DESC LIMIT 1   [ RunTime:0.0000s ]
NOTIC: [2] Missing argument 4 for Think\Controller::apiReturn(), called in D:\wamp\www\api\Application\Home\Controller\IndexController.class.php on line 53 and defined D:\wamp\www\api\ThinkPHP\Library\Think\Controller.class.php 第 244 行.
NOTIC: [8] Undefined variable: type D:\wamp\www\api\ThinkPHP\Library\Think\Controller.class.php 第 258 行.

[ 2016-10-15T17:21:11+08:00 ] 192.168.11.230 /api/index.php/Home/Topic/releaseTopic
INFO: [ app_init ] --START--
INFO: Run Behavior\BuildLiteBehavior [ RunTime:0.000000s ]
INFO: [ app_init ] --END-- [ RunTime:0.000000s ]
INFO: [ app_begin ] --START--
INFO: Run Behavior\ReadHtmlCacheBehavior [ RunTime:0.000000s ]
INFO: [ app_begin ] --END-- [ RunTime:0.000000s ]
SQL: SHOW COLUMNS FROM `app_topic` [ RunTime:0.0000s ]
SQL: SHOW COLUMNS FROM `app_category` [ RunTime:0.0156s ]
SQL: SHOW COLUMNS FROM `app_comment` [ RunTime:0.0000s ]
SQL: SHOW COLUMNS FROM `app_admire` [ RunTime:0.0000s ]
SQL: SHOW COLUMNS FROM `app_user` [ RunTime:0.0000s ]
SQL: SHOW COLUMNS FROM `app_task` [ RunTime:0.0000s ]
NOTIC: [2] call_user_func() expects parameter 1 to be a valid callback, no array or string given D:\wamp\www\api\ThinkPHP\Library\Think\Upload.class.php 第 170 行.
NOTIC: [2] call_user_func() expects parameter 1 to be a valid callback, no array or string given D:\wamp\www\api\ThinkPHP\Library\Think\Upload.class.php 第 170 行.
NOTIC: [8] Undefined variable: data D:\wamp\www\api\Application\Home\Controller\ComController.class.php 第 62 行.
NOTIC: [8] Undefined index: mainpic D:\wamp\www\api\Application\Home\Controller\ComController.class.php 第 62 行.
NOTIC: [8] Undefined index: validate D:\wamp\www\api\ThinkPHP\Library\Think\Model.class.php 第 1185 行.
NOTIC: [8] Undefined index: auto D:\wamp\www\api\ThinkPHP\Library\Think\Model.class.php 第 1128 行.
SQL: INSERT INTO `app_topic` (`cateid`,`content`,`title`,`uid`) VALUES ('1','123','123','39') [ RunTime:0.0312s ]
SQL: SELECT * FROM `app_task` WHERE `uid` = 39 ORDER BY date DESC LIMIT 1   [ RunTime:0.0000s ]
NOTIC: [8] Undefined offset: 0 D:\wamp\www\api\Application\Home\Controller\TopicController.class.php 第 52 行.
SQL: INSERT INTO `app_task` (`uid`,`ispost`,`point`,`date`) VALUES ('39','1','3','1476523271') [ RunTime:0.0156s ]
SQL: UPDATE `app_user` SET `credit`=credit+3 WHERE `id` = 39 [ RunTime:0.0312s ]
NOTIC: [2] Missing argument 4 for Think\Controller::apiReturn(), called in D:\wamp\www\api\Application\Home\Controller\TopicController.class.php on line 75 and defined D:\wamp\www\api\ThinkPHP\Library\Think\Controller.class.php 第 244 行.
NOTIC: [8] Undefined variable: type D:\wamp\www\api\ThinkPHP\Library\Think\Controller.class.php 第 258 行.

[ 2016-10-15T17:23:56+08:00 ] 192.168.11.229 /api/index.php/Home/Login/api?phone=18970036408&pass=111111
INFO: [ app_init ] --START--
INFO: Run Behavior\BuildLiteBehavior [ RunTime:0.000000s ]
INFO: [ app_init ] --END-- [ RunTime:0.001000s ]
INFO: [ app_begin ] --START--
INFO: Run Behavior\ReadHtmlCacheBehavior [ RunTime:0.001000s ]
INFO: [ app_begin ] --END-- [ RunTime:0.001000s ]
SQL: SHOW COLUMNS FROM `app_user` [ RunTime:0.0060s ]
NOTIC: [8] Undefined index: validate D:\wamp\www\api\ThinkPHP\Library\Think\Model.class.php 第 1185 行.
NOTIC: [8] Undefined index: auto D:\wamp\www\api\ThinkPHP\Library\Think\Model.class.php 第 1128 行.
SQL: SELECT `id`,`username`,`avatar`,`level`,`birthday`,`phone`,`pass` FROM `app_user` WHERE `phone` = '18970036408' LIMIT 1   [ RunTime:0.0010s ]
NOTIC: [2] Missing argument 4 for Think\Controller::apiReturn(), called in D:\wamp\www\api\Application\Home\Controller\LoginController.class.php on line 17 and defined D:\wamp\www\api\ThinkPHP\Library\Think\Controller.class.php 第 244 行.
NOTIC: [8] Undefined variable: type D:\wamp\www\api\ThinkPHP\Library\Think\Controller.class.php 第 258 行.

[ 2016-10-15T17:23:56+08:00 ] 192.168.11.229 /api/index.php/home/index/indexApi
INFO: [ app_init ] --START--
INFO: Run Behavior\BuildLiteBehavior [ RunTime:0.000000s ]
INFO: [ app_init ] --END-- [ RunTime:0.001000s ]
INFO: [ app_begin ] --START--
INFO: Run Behavior\ReadHtmlCacheBehavior [ RunTime:0.001000s ]
INFO: [ app_begin ] --END-- [ RunTime:0.001000s ]
SQL: SHOW COLUMNS FROM `app_category` [ RunTime:0.0030s ]
SQL: SHOW COLUMNS FROM `app_adver` [ RunTime:0.0030s ]
SQL: SHOW COLUMNS FROM `app_user` [ RunTime:0.0030s ]
SQL: SHOW COLUMNS FROM `app_price` [ RunTime:0.0030s ]
SQL: SELECT `id`,`name`,`thumb` FROM `app_category` WHERE `groupid` = 3 AND `pid` = 0 ORDER BY sort ASC  [ RunTime:0.0000s ]
SQL: SELECT `minprice`,`maxprice` FROM `app_price` WHERE `cateid` = 1 AND `gid` = 2  [ RunTime:0.0000s ]
SQL: SELECT `minprice`,`maxprice` FROM `app_price` WHERE `cateid` = 18 AND `gid` = 2  [ RunTime:0.0000s ]
SQL: SELECT `minprice`,`maxprice` FROM `app_price` WHERE `cateid` = 19 AND `gid` = 2  [ RunTime:0.0000s ]
SQL: SELECT `minprice`,`maxprice` FROM `app_price` WHERE `cateid` = 20 AND `gid` = 2  [ RunTime:0.0000s ]
SQL: SELECT `minprice`,`maxprice` FROM `app_price` WHERE `cateid` = 21 AND `gid` = 2  [ RunTime:0.0000s ]
SQL: SELECT `minprice`,`maxprice` FROM `app_price` WHERE `cateid` = 22 AND `gid` = 2  [ RunTime:0.0000s ]
SQL: SELECT `minprice`,`maxprice` FROM `app_price` WHERE `cateid` = 23 AND `gid` = 2  [ RunTime:0.0010s ]
SQL: SELECT `minprice`,`maxprice` FROM `app_price` WHERE `cateid` = 24 AND `gid` = 2  [ RunTime:0.0000s ]
SQL: SELECT `id`,`title`,`type`,`url`,`thumb` FROM `app_adver` WHERE `typeid` = 1 AND `status` = 1 ORDER BY sort ASC LIMIT 4   [ RunTime:0.0000s ]
SQL: SELECT `birthday` FROM `app_user` WHERE `id` = 0 LIMIT 1   [ RunTime:0.0000s ]
NOTIC: [8] Undefined variable: date2 D:\wamp\www\api\Application\Common\Common\function.php 第 176 行.
NOTIC: [8] Undefined offset: 2 D:\wamp\www\api\Application\Common\Common\function.php 第 176 行.
NOTIC: [8] Undefined offset: 1 D:\wamp\www\api\Application\Common\Common\function.php 第 176 行.
NOTIC: [8] Undefined variable: date2 D:\wamp\www\api\Application\Common\Common\function.php 第 181 行.
SQL: SELECT `id`,`title`,`type`,`url`,`thumb` FROM `app_adver` WHERE `agerange` = '0-3' AND `typeid` = 2 AND `status` = 1 ORDER BY date DESC LIMIT 1   [ RunTime:0.0010s ]
SQL: SELECT `id`,`title`,`type`,`url`,`thumb` FROM `app_adver` WHERE `agerange` = '0-3' AND `typeid` = 3 AND `status` = 1 ORDER BY date DESC LIMIT 1   [ RunTime:0.0010s ]
SQL: SELECT `id`,`title`,`type`,`url`,`thumb` FROM `app_adver` WHERE `agerange` = '0-3' AND `typeid` = 4 AND `status` = 1 ORDER BY date DESC LIMIT 2   [ RunTime:0.0010s ]
SQL: SELECT `id`,`title`,`type`,`url`,`thumb` FROM `app_adver` WHERE `agerange` = '0-3' AND `typeid` = 2 AND `status` = 1 ORDER BY date DESC LIMIT 1   [ RunTime:0.0000s ]
SQL: SELECT `id`,`title`,`type`,`url`,`thumb` FROM `app_adver` WHERE `agerange` = '0-3' AND `typeid` = 3 AND `status` = 1 ORDER BY date DESC LIMIT 1   [ RunTime:0.0000s ]
NOTIC: [2] Missing argument 4 for Think\Controller::apiReturn(), called in D:\wamp\www\api\Application\Home\Controller\IndexController.class.php on line 53 and defined D:\wamp\www\api\ThinkPHP\Library\Think\Controller.class.php 第 244 行.
NOTIC: [8] Undefined variable: type D:\wamp\www\api\ThinkPHP\Library\Think\Controller.class.php 第 258 行.

[ 2016-10-15T17:24:01+08:00 ] 192.168.11.229 /api/index.php/Home/Discount/indexApi
INFO: [ app_init ] --START--
INFO: Run Behavior\BuildLiteBehavior [ RunTime:0.000000s ]
INFO: [ app_init ] --END-- [ RunTime:0.001000s ]
INFO: [ app_begin ] --START--
INFO: Run Behavior\ReadHtmlCacheBehavior [ RunTime:0.001000s ]
INFO: [ app_begin ] --END-- [ RunTime:0.002000s ]
SQL: SHOW COLUMNS FROM `app_event` [ RunTime:0.0060s ]
SQL: SHOW COLUMNS FROM `app_service` [ RunTime:0.0060s ]
SQL: SELECT `id`,`title`,`thumbpic`,`endtime` FROM `app_event` WHERE `status` = 1 AND `isrec` = 1 ORDER BY sort ASC LIMIT 4   [ RunTime:0.0010s ]
SQL: SELECT COUNT(*) AS tp_count FROM `app_service` WHERE `isdiscount` = 1 AND `isup` = 1 AND `isrec` = 1 LIMIT 1   [ RunTime:0.0010s ]
SQL: SELECT `id`,`mainpic` FROM `app_service` WHERE `isdiscount` = 1 AND `isup` = 1 AND `isrec` = 1 ORDER BY sort ASC LIMIT 0,10   [ RunTime:0.0010s ]
NOTIC: [2] Missing argument 4 for Think\Controller::apiReturn(), called in D:\wamp\www\api\Application\Home\Controller\DiscountController.class.php on line 20 and defined D:\wamp\www\api\ThinkPHP\Library\Think\Controller.class.php 第 244 行.
NOTIC: [8] Undefined variable: type D:\wamp\www\api\ThinkPHP\Library\Think\Controller.class.php 第 258 行.

[ 2016-10-15T17:29:55+08:00 ] 192.168.11.229 /api/index.php/Home/Login/api?phone=18970036408&pass=111111
INFO: [ app_init ] --START--
INFO: Run Behavior\BuildLiteBehavior [ RunTime:0.000000s ]
INFO: [ app_init ] --END-- [ RunTime:0.000000s ]
INFO: [ app_begin ] --START--
INFO: Run Behavior\ReadHtmlCacheBehavior [ RunTime:0.000000s ]
INFO: [ app_begin ] --END-- [ RunTime:0.000000s ]
SQL: SHOW COLUMNS FROM `app_user` [ RunTime:0.0000s ]
NOTIC: [8] Undefined index: validate D:\wamp\www\api\ThinkPHP\Library\Think\Model.class.php 第 1185 行.
NOTIC: [8] Undefined index: auto D:\wamp\www\api\ThinkPHP\Library\Think\Model.class.php 第 1128 行.
SQL: SELECT `id`,`username`,`avatar`,`level`,`birthday`,`phone`,`pass` FROM `app_user` WHERE `phone` = '18970036408' LIMIT 1   [ RunTime:0.0000s ]
NOTIC: [2] Missing argument 4 for Think\Controller::apiReturn(), called in D:\wamp\www\api\Application\Home\Controller\LoginController.class.php on line 17 and defined D:\wamp\www\api\ThinkPHP\Library\Think\Controller.class.php 第 244 行.
NOTIC: [8] Undefined variable: type D:\wamp\www\api\ThinkPHP\Library\Think\Controller.class.php 第 258 行.

[ 2016-10-15T17:29:55+08:00 ] 192.168.11.229 /api/index.php/home/index/indexApi
INFO: [ app_init ] --START--
INFO: Run Behavior\BuildLiteBehavior [ RunTime:0.000000s ]
INFO: [ app_init ] --END-- [ RunTime:0.000000s ]
INFO: [ app_begin ] --START--
INFO: Run Behavior\ReadHtmlCacheBehavior [ RunTime:0.000000s ]
INFO: [ app_begin ] --END-- [ RunTime:0.000000s ]
SQL: SHOW COLUMNS FROM `app_category` [ RunTime:0.0000s ]
SQL: SHOW COLUMNS FROM `app_adver` [ RunTime:0.0000s ]
SQL: SHOW COLUMNS FROM `app_user` [ RunTime:0.0000s ]
SQL: SHOW COLUMNS FROM `app_price` [ RunTime:0.0156s ]
SQL: SELECT `id`,`name`,`thumb` FROM `app_category` WHERE `groupid` = 3 AND `pid` = 0 ORDER BY sort ASC  [ RunTime:0.0000s ]
SQL: SELECT `minprice`,`maxprice` FROM `app_price` WHERE `cateid` = 1 AND `gid` = 2  [ RunTime:0.0000s ]
SQL: SELECT `minprice`,`maxprice` FROM `app_price` WHERE `cateid` = 18 AND `gid` = 2  [ RunTime:0.0000s ]
SQL: SELECT `minprice`,`maxprice` FROM `app_price` WHERE `cateid` = 19 AND `gid` = 2  [ RunTime:0.0000s ]
SQL: SELECT `minprice`,`maxprice` FROM `app_price` WHERE `cateid` = 20 AND `gid` = 2  [ RunTime:0.0000s ]
SQL: SELECT `minprice`,`maxprice` FROM `app_price` WHERE `cateid` = 21 AND `gid` = 2  [ RunTime:0.0000s ]
SQL: SELECT `minprice`,`maxprice` FROM `app_price` WHERE `cateid` = 22 AND `gid` = 2  [ RunTime:0.0000s ]
SQL: SELECT `minprice`,`maxprice` FROM `app_price` WHERE `cateid` = 23 AND `gid` = 2  [ RunTime:0.0000s ]
SQL: SELECT `minprice`,`maxprice` FROM `app_price` WHERE `cateid` = 24 AND `gid` = 2  [ RunTime:0.0000s ]
SQL: SELECT `id`,`title`,`type`,`url`,`thumb` FROM `app_adver` WHERE `typeid` = 1 AND `status` = 1 ORDER BY sort ASC LIMIT 4   [ RunTime:0.0000s ]
SQL: SELECT `birthday` FROM `app_user` WHERE `id` = 0 LIMIT 1   [ RunTime:0.0000s ]
NOTIC: [8] Undefined variable: date2 D:\wamp\www\api\Application\Common\Common\function.php 第 176 行.
NOTIC: [8] Undefined offset: 2 D:\wamp\www\api\Application\Common\Common\function.php 第 176 行.
NOTIC: [8] Undefined offset: 1 D:\wamp\www\api\Application\Common\Common\function.php 第 176 行.
NOTIC: [8] Undefined variable: date2 D:\wamp\www\api\Application\Common\Common\function.php 第 181 行.
SQL: SELECT `id`,`title`,`type`,`url`,`thumb` FROM `app_adver` WHERE `agerange` = '0-3' AND `typeid` = 2 AND `status` = 1 ORDER BY date DESC LIMIT 1   [ RunTime:0.0000s ]
SQL: SELECT `id`,`title`,`type`,`url`,`thumb` FROM `app_adver` WHERE `agerange` = '0-3' AND `typeid` = 3 AND `status` = 1 ORDER BY date DESC LIMIT 1   [ RunTime:0.0000s ]
SQL: SELECT `id`,`title`,`type`,`url`,`thumb` FROM `app_adver` WHERE `agerange` = '0-3' AND `typeid` = 4 AND `status` = 1 ORDER BY date DESC LIMIT 2   [ RunTime:0.0156s ]
SQL: SELECT `id`,`title`,`type`,`url`,`thumb` FROM `app_adver` WHERE `agerange` = '0-3' AND `typeid` = 2 AND `status` = 1 ORDER BY date DESC LIMIT 1   [ RunTime:0.0000s ]
SQL: SELECT `id`,`title`,`type`,`url`,`thumb` FROM `app_adver` WHERE `agerange` = '0-3' AND `typeid` = 3 AND `status` = 1 ORDER BY date DESC LIMIT 1   [ RunTime:0.0000s ]
NOTIC: [2] Missing argument 4 for Think\Controller::apiReturn(), called in D:\wamp\www\api\Application\Home\Controller\IndexController.class.php on line 53 and defined D:\wamp\www\api\ThinkPHP\Library\Think\Controller.class.php 第 244 行.
NOTIC: [8] Undefined variable: type D:\wamp\www\api\ThinkPHP\Library\Think\Controller.class.php 第 258 行.

[ 2016-10-15T17:29:58+08:00 ] 192.168.11.229 /api/index.php/Home/Discount/indexApi
INFO: [ app_init ] --START--
INFO: Run Behavior\BuildLiteBehavior [ RunTime:0.000000s ]
INFO: [ app_init ] --END-- [ RunTime:0.000000s ]
INFO: [ app_begin ] --START--
INFO: Run Behavior\ReadHtmlCacheBehavior [ RunTime:0.000000s ]
INFO: [ app_begin ] --END-- [ RunTime:0.000000s ]
SQL: SHOW COLUMNS FROM `app_event` [ RunTime:0.0000s ]
SQL: SHOW COLUMNS FROM `app_service` [ RunTime:0.0000s ]
SQL: SELECT `id`,`title`,`thumbpic`,`endtime` FROM `app_event` WHERE `status` = 1 AND `isrec` = 1 ORDER BY sort ASC LIMIT 4   [ RunTime:0.0000s ]
SQL: SELECT COUNT(*) AS tp_count FROM `app_service` WHERE `isdiscount` = 1 AND `isup` = 1 AND `isrec` = 1 LIMIT 1   [ RunTime:0.0000s ]
SQL: SELECT `id`,`mainpic` FROM `app_service` WHERE `isdiscount` = 1 AND `isup` = 1 AND `isrec` = 1 ORDER BY sort ASC LIMIT 0,10   [ RunTime:0.0000s ]
NOTIC: [2] Missing argument 4 for Think\Controller::apiReturn(), called in D:\wamp\www\api\Application\Home\Controller\DiscountController.class.php on line 20 and defined D:\wamp\www\api\ThinkPHP\Library\Think\Controller.class.php 第 244 行.
NOTIC: [8] Undefined variable: type D:\wamp\www\api\ThinkPHP\Library\Think\Controller.class.php 第 258 行.

[ 2016-10-15T17:37:45+08:00 ] 192.168.11.230 /api/index.php/Home/Category/serviceCateList
INFO: [ app_init ] --START--
INFO: Run Behavior\BuildLiteBehavior [ RunTime:0.000000s ]
INFO: [ app_init ] --END-- [ RunTime:0.000000s ]
INFO: [ app_begin ] --START--
INFO: Run Behavior\ReadHtmlCacheBehavior [ RunTime:0.000000s ]
INFO: [ app_begin ] --END-- [ RunTime:0.000000s ]
SQL: SHOW COLUMNS FROM `app_category` [ RunTime:0.0000s ]
SQL: SELECT `id`,`pid`,`name`,`thumb`,`brandids`,`attr` FROM `app_category` WHERE `type` <> 0 AND `groupid` = 3 ORDER BY sort ASC  [ RunTime:0.0000s ]
NOTIC: [8] Undefined offset: 8 D:\wamp\www\api\Application\Home\Model\CategoryModel.class.php 第 19 行.
NOTIC: [2] Missing argument 4 for Think\Controller::apiReturn(), called in D:\wamp\www\api\Application\Home\Controller\CategoryController.class.php on line 22 and defined D:\wamp\www\api\ThinkPHP\Library\Think\Controller.class.php 第 244 行.
NOTIC: [8] Undefined variable: type D:\wamp\www\api\ThinkPHP\Library\Think\Controller.class.php 第 258 行.

[ 2016-10-15T17:38:06+08:00 ] 192.168.11.230 /api/index.php/Home/Category/serviceCateList
INFO: [ app_init ] --START--
INFO: Run Behavior\BuildLiteBehavior [ RunTime:0.000000s ]
INFO: [ app_init ] --END-- [ RunTime:0.015600s ]
INFO: [ app_begin ] --START--
INFO: Run Behavior\ReadHtmlCacheBehavior [ RunTime:0.000000s ]
INFO: [ app_begin ] --END-- [ RunTime:0.000000s ]
SQL: SHOW COLUMNS FROM `app_category` [ RunTime:0.0000s ]
SQL: SELECT `id`,`pid`,`name`,`thumb`,`brandids`,`attr` FROM `app_category` WHERE `type` <> 0 AND `groupid` = 3 ORDER BY sort ASC  [ RunTime:0.0000s ]
NOTIC: [8] Undefined offset: 8 D:\wamp\www\api\Application\Home\Model\CategoryModel.class.php 第 19 行.
NOTIC: [2] Missing argument 4 for Think\Controller::apiReturn(), called in D:\wamp\www\api\Application\Home\Controller\CategoryController.class.php on line 22 and defined D:\wamp\www\api\ThinkPHP\Library\Think\Controller.class.php 第 244 行.
NOTIC: [8] Undefined variable: type D:\wamp\www\api\ThinkPHP\Library\Think\Controller.class.php 第 258 行.

[ 2016-10-15T17:38:14+08:00 ] 192.168.11.230 /api/index.php/Home/Category/serviceCateList
INFO: [ app_init ] --START--
INFO: Run Behavior\BuildLiteBehavior [ RunTime:0.000000s ]
INFO: [ app_init ] --END-- [ RunTime:0.000000s ]
INFO: [ app_begin ] --START--
INFO: Run Behavior\ReadHtmlCacheBehavior [ RunTime:0.000000s ]
INFO: [ app_begin ] --END-- [ RunTime:0.000000s ]
SQL: SHOW COLUMNS FROM `app_category` [ RunTime:0.0000s ]
SQL: SELECT `id`,`pid`,`name`,`thumb`,`brandids`,`attr` FROM `app_category` WHERE `type` <> 0 AND `groupid` = 3 ORDER BY sort ASC  [ RunTime:0.0000s ]
NOTIC: [8] Undefined offset: 8 D:\wamp\www\api\Application\Home\Model\CategoryModel.class.php 第 19 行.
NOTIC: [2] Missing argument 4 for Think\Controller::apiReturn(), called in D:\wamp\www\api\Application\Home\Controller\CategoryController.class.php on line 22 and defined D:\wamp\www\api\ThinkPHP\Library\Think\Controller.class.php 第 244 行.
NOTIC: [8] Undefined variable: type D:\wamp\www\api\ThinkPHP\Library\Think\Controller.class.php 第 258 行.

[ 2016-10-15T17:39:01+08:00 ] 192.168.11.170 /api/index.php/Home/Login/api?phone=18970036408&pass=111111
INFO: [ app_init ] --START--
INFO: Run Behavior\BuildLiteBehavior [ RunTime:0.000000s ]
INFO: [ app_init ] --END-- [ RunTime:0.000000s ]
INFO: [ app_begin ] --START--
INFO: Run Behavior\ReadHtmlCacheBehavior [ RunTime:0.000000s ]
INFO: [ app_begin ] --END-- [ RunTime:0.000000s ]
SQL: SHOW COLUMNS FROM `app_user` [ RunTime:0.0000s ]
NOTIC: [8] Undefined index: validate D:\wamp\www\api\ThinkPHP\Library\Think\Model.class.php 第 1185 行.
NOTIC: [8] Undefined index: auto D:\wamp\www\api\ThinkPHP\Library\Think\Model.class.php 第 1128 行.
SQL: SELECT `id`,`username`,`avatar`,`level`,`birthday`,`phone`,`pass` FROM `app_user` WHERE `phone` = '18970036408' LIMIT 1   [ RunTime:0.0000s ]
NOTIC: [2] Missing argument 4 for Think\Controller::apiReturn(), called in D:\wamp\www\api\Application\Home\Controller\LoginController.class.php on line 17 and defined D:\wamp\www\api\ThinkPHP\Library\Think\Controller.class.php 第 244 行.
NOTIC: [8] Undefined variable: type D:\wamp\www\api\ThinkPHP\Library\Think\Controller.class.php 第 258 行.

[ 2016-10-15T17:39:02+08:00 ] 192.168.11.170 /api/index.php/home/index/indexApi
INFO: [ app_init ] --START--
INFO: Run Behavior\BuildLiteBehavior [ RunTime:0.000000s ]
INFO: [ app_init ] --END-- [ RunTime:0.000000s ]
INFO: [ app_begin ] --START--
INFO: Run Behavior\ReadHtmlCacheBehavior [ RunTime:0.000000s ]
INFO: [ app_begin ] --END-- [ RunTime:0.000000s ]
SQL: SHOW COLUMNS FROM `app_category` [ RunTime:0.0000s ]
SQL: SHOW COLUMNS FROM `app_adver` [ RunTime:0.0000s ]
SQL: SHOW COLUMNS FROM `app_user` [ RunTime:0.0000s ]
SQL: SHOW COLUMNS FROM `app_price` [ RunTime:0.0156s ]
SQL: SELECT `id`,`name`,`thumb` FROM `app_category` WHERE `groupid` = 3 AND `pid` = 0 ORDER BY sort ASC  [ RunTime:0.0000s ]
SQL: SELECT `minprice`,`maxprice` FROM `app_price` WHERE `cateid` = 1 AND `gid` = 2  [ RunTime:0.0000s ]
SQL: SELECT `minprice`,`maxprice` FROM `app_price` WHERE `cateid` = 18 AND `gid` = 2  [ RunTime:0.0000s ]
SQL: SELECT `minprice`,`maxprice` FROM `app_price` WHERE `cateid` = 19 AND `gid` = 2  [ RunTime:0.0000s ]
SQL: SELECT `minprice`,`maxprice` FROM `app_price` WHERE `cateid` = 20 AND `gid` = 2  [ RunTime:0.0000s ]
SQL: SELECT `minprice`,`maxprice` FROM `app_price` WHERE `cateid` = 21 AND `gid` = 2  [ RunTime:0.0000s ]
SQL: SELECT `minprice`,`maxprice` FROM `app_price` WHERE `cateid` = 22 AND `gid` = 2  [ RunTime:0.0000s ]
SQL: SELECT `minprice`,`maxprice` FROM `app_price` WHERE `cateid` = 23 AND `gid` = 2  [ RunTime:0.0000s ]
SQL: SELECT `minprice`,`maxprice` FROM `app_price` WHERE `cateid` = 24 AND `gid` = 2  [ RunTime:0.0000s ]
SQL: SELECT `id`,`title`,`type`,`url`,`thumb` FROM `app_adver` WHERE `typeid` = 1 AND `status` = 1 ORDER BY sort ASC LIMIT 4   [ RunTime:0.0000s ]
SQL: SELECT `birthday` FROM `app_user` WHERE `id` = 0 LIMIT 1   [ RunTime:0.0000s ]
NOTIC: [8] Undefined variable: date2 D:\wamp\www\api\Application\Common\Common\function.php 第 176 行.
NOTIC: [8] Undefined offset: 2 D:\wamp\www\api\Application\Common\Common\function.php 第 176 行.
NOTIC: [8] Undefined offset: 1 D:\wamp\www\api\Application\Common\Common\function.php 第 176 行.
NOTIC: [8] Undefined variable: date2 D:\wamp\www\api\Application\Common\Common\function.php 第 181 行.
SQL: SELECT `id`,`title`,`type`,`url`,`thumb` FROM `app_adver` WHERE `agerange` = '0-3' AND `typeid` = 2 AND `status` = 1 ORDER BY date DESC LIMIT 1   [ RunTime:0.0000s ]
SQL: SELECT `id`,`title`,`type`,`url`,`thumb` FROM `app_adver` WHERE `agerange` = '0-3' AND `typeid` = 3 AND `status` = 1 ORDER BY date DESC LIMIT 1   [ RunTime:0.0000s ]
SQL: SELECT `id`,`title`,`type`,`url`,`thumb` FROM `app_adver` WHERE `agerange` = '0-3' AND `typeid` = 4 AND `status` = 1 ORDER BY date DESC LIMIT 2   [ RunTime:0.0000s ]
SQL: SELECT `id`,`title`,`type`,`url`,`thumb` FROM `app_adver` WHERE `agerange` = '0-3' AND `typeid` = 2 AND `status` = 1 ORDER BY date DESC LIMIT 1   [ RunTime:0.0000s ]
SQL: SELECT `id`,`title`,`type`,`url`,`thumb` FROM `app_adver` WHERE `agerange` = '0-3' AND `typeid` = 3 AND `status` = 1 ORDER BY date DESC LIMIT 1   [ RunTime:0.0000s ]
NOTIC: [2] Missing argument 4 for Think\Controller::apiReturn(), called in D:\wamp\www\api\Application\Home\Controller\IndexController.class.php on line 53 and defined D:\wamp\www\api\ThinkPHP\Library\Think\Controller.class.php 第 244 行.
NOTIC: [8] Undefined variable: type D:\wamp\www\api\ThinkPHP\Library\Think\Controller.class.php 第 258 行.

[ 2016-10-15T17:39:02+08:00 ] 192.168.11.170 /api/index.php/Home/Category/topicCateList
INFO: [ app_init ] --START--
INFO: Run Behavior\BuildLiteBehavior [ RunTime:0.000000s ]
INFO: [ app_init ] --END-- [ RunTime:0.000000s ]
INFO: [ app_begin ] --START--
INFO: Run Behavior\ReadHtmlCacheBehavior [ RunTime:0.015600s ]
INFO: [ app_begin ] --END-- [ RunTime:0.015600s ]
SQL: SHOW COLUMNS FROM `app_category` [ RunTime:0.0000s ]
SQL: SELECT `id`,`pid`,`name`,`thumb`,`brandids`,`attr` FROM `app_category` WHERE `type` <> 0 AND `groupid` = 5 ORDER BY sort ASC  [ RunTime:0.0000s ]
NOTIC: [8] Undefined offset: 2 D:\wamp\www\api\Application\Home\Model\CategoryModel.class.php 第 19 行.
NOTIC: [2] Missing argument 4 for Think\Controller::apiReturn(), called in D:\wamp\www\api\Application\Home\Controller\CategoryController.class.php on line 38 and defined D:\wamp\www\api\ThinkPHP\Library\Think\Controller.class.php 第 244 行.
NOTIC: [8] Undefined variable: type D:\wamp\www\api\ThinkPHP\Library\Think\Controller.class.php 第 258 行.

[ 2016-10-15T17:39:02+08:00 ] 192.168.11.170 /api/index.php/Home/Topic/topicList?p=1&cateid=14&keywords=
INFO: [ app_init ] --START--
INFO: Run Behavior\BuildLiteBehavior [ RunTime:0.000000s ]
INFO: [ app_init ] --END-- [ RunTime:0.000000s ]
INFO: [ app_begin ] --START--
INFO: Run Behavior\ReadHtmlCacheBehavior [ RunTime:0.000000s ]
INFO: [ app_begin ] --END-- [ RunTime:0.000000s ]
SQL: SHOW COLUMNS FROM `app_topic` [ RunTime:0.0000s ]
SQL: SHOW COLUMNS FROM `app_category` [ RunTime:0.0000s ]
SQL: SHOW COLUMNS FROM `app_comment` [ RunTime:0.0156s ]
SQL: SHOW COLUMNS FROM `app_admire` [ RunTime:0.0000s ]
SQL: SHOW COLUMNS FROM `app_user` [ RunTime:0.0000s ]
SQL: SHOW COLUMNS FROM `app_daily` [ RunTime:0.0156s ]
SQL: SELECT * FROM `app_category`  [ RunTime:0.0000s ]
SQL: SELECT * FROM `app_topic` WHERE `cateid` IN ('15','14')  [ RunTime:0.0000s ]
SQL: SELECT `id`,`title`,`tags`,`thumbpic`,`commentnum`,`hits`,`date` FROM `app_topic` WHERE `cateid` IN ('15','14') ORDER BY date DESC LIMIT 0,10   [ RunTime:0.0000s ]
NOTIC: [8] Undefined variable: catelist D:\wamp\www\api\Application\Home\Controller\TopicController.class.php 第 33 行.
NOTIC: [2] Missing argument 4 for Think\Controller::apiReturn(), called in D:\wamp\www\api\Application\Home\Controller\TopicController.class.php on line 34 and defined D:\wamp\www\api\ThinkPHP\Library\Think\Controller.class.php 第 244 行.
NOTIC: [8] Undefined variable: type D:\wamp\www\api\ThinkPHP\Library\Think\Controller.class.php 第 258 行.

[ 2016-10-15T17:39:47+08:00 ] 192.168.11.230 /api/index.php/Home/Region/regionList
INFO: [ app_init ] --START--
INFO: Run Behavior\BuildLiteBehavior [ RunTime:0.000000s ]
INFO: [ app_init ] --END-- [ RunTime:0.000000s ]
INFO: [ app_begin ] --START--
INFO: Run Behavior\ReadHtmlCacheBehavior [ RunTime:0.000000s ]
INFO: [ app_begin ] --END-- [ RunTime:0.000000s ]
SQL: SHOW COLUMNS FROM `app_region` [ RunTime:0.0156s ]
SQL: SELECT `id`,`name` FROM `app_region` WHERE `cityid` = 1 ORDER BY sort ASC  [ RunTime:0.0000s ]
NOTIC: [2] Missing argument 4 for Think\Controller::apiReturn(), called in D:\wamp\www\api\Application\Home\Controller\RegionController.class.php on line 14 and defined D:\wamp\www\api\ThinkPHP\Library\Think\Controller.class.php 第 244 行.
NOTIC: [8] Undefined variable: type D:\wamp\www\api\ThinkPHP\Library\Think\Controller.class.php 第 258 行.

[ 2016-10-15T17:39:49+08:00 ] 192.168.11.230 /api/index.php/Home/Topic/topicList?1=p
INFO: [ app_init ] --START--
INFO: Run Behavior\BuildLiteBehavior [ RunTime:0.000000s ]
INFO: [ app_init ] --END-- [ RunTime:0.000000s ]
INFO: [ app_begin ] --START--
INFO: Run Behavior\ReadHtmlCacheBehavior [ RunTime:0.000000s ]
INFO: [ app_begin ] --END-- [ RunTime:0.000000s ]
SQL: SHOW COLUMNS FROM `app_topic` [ RunTime:0.0000s ]
SQL: SHOW COLUMNS FROM `app_category` [ RunTime:0.0000s ]
SQL: SHOW COLUMNS FROM `app_comment` [ RunTime:0.0000s ]
SQL: SHOW COLUMNS FROM `app_admire` [ RunTime:0.0000s ]
SQL: SHOW COLUMNS FROM `app_user` [ RunTime:0.0000s ]
SQL: SHOW COLUMNS FROM `app_daily` [ RunTime:0.0000s ]
NOTIC: [8] Undefined variable: map D:\wamp\www\api\Application\Home\Controller\TopicController.class.php 第 29 行.
SQL: SELECT * FROM `app_topic`  [ RunTime:0.0000s ]
NOTIC: [8] Undefined variable: map D:\wamp\www\api\Application\Home\Controller\TopicController.class.php 第 31 行.
SQL: SELECT `id`,`title`,`tags`,`thumbpic`,`commentnum`,`hits`,`date` FROM `app_topic` ORDER BY date DESC LIMIT 0,10   [ RunTime:0.0000s ]
NOTIC: [8] Undefined variable: catelist D:\wamp\www\api\Application\Home\Controller\TopicController.class.php 第 33 行.
NOTIC: [2] Missing argument 4 for Think\Controller::apiReturn(), called in D:\wamp\www\api\Application\Home\Controller\TopicController.class.php on line 34 and defined D:\wamp\www\api\ThinkPHP\Library\Think\Controller.class.php 第 244 行.
NOTIC: [8] Undefined variable: type D:\wamp\www\api\ThinkPHP\Library\Think\Controller.class.php 第 258 行.

[ 2016-10-15T17:39:50+08:00 ] 192.168.11.230 /api/index.php/Home/Category/eventCateList
INFO: [ app_init ] --START--
INFO: Run Behavior\BuildLiteBehavior [ RunTime:0.000000s ]
INFO: [ app_init ] --END-- [ RunTime:0.000000s ]
INFO: [ app_begin ] --START--
INFO: Run Behavior\ReadHtmlCacheBehavior [ RunTime:0.000000s ]
INFO: [ app_begin ] --END-- [ RunTime:0.000000s ]
SQL: SHOW COLUMNS FROM `app_category` [ RunTime:0.0000s ]
SQL: SELECT `id`,`pid`,`name`,`thumb`,`brandids`,`attr` FROM `app_category` WHERE `type` <> 0 AND `groupid` = 4 ORDER BY sort ASC  [ RunTime:0.0000s ]
NOTIC: [8] Undefined offset: 1 D:\wamp\www\api\Application\Home\Model\CategoryModel.class.php 第 19 行.
NOTIC: [2] Missing argument 4 for Think\Controller::apiReturn(), called in D:\wamp\www\api\Application\Home\Controller\CategoryController.class.php on line 30 and defined D:\wamp\www\api\ThinkPHP\Library\Think\Controller.class.php 第 244 行.
NOTIC: [8] Undefined variable: type D:\wamp\www\api\ThinkPHP\Library\Think\Controller.class.php 第 258 行.

[ 2016-10-15T17:39:50+08:00 ] 192.168.11.230 /api/index.php/Home/Category/topicCateList
INFO: [ app_init ] --START--
INFO: Run Behavior\BuildLiteBehavior [ RunTime:0.000000s ]
INFO: [ app_init ] --END-- [ RunTime:0.015600s ]
INFO: [ app_begin ] --START--
INFO: Run Behavior\ReadHtmlCacheBehavior [ RunTime:0.000000s ]
INFO: [ app_begin ] --END-- [ RunTime:0.000000s ]
SQL: SHOW COLUMNS FROM `app_category` [ RunTime:0.0000s ]
SQL: SELECT `id`,`pid`,`name`,`thumb`,`brandids`,`attr` FROM `app_category` WHERE `type` <> 0 AND `groupid` = 5 ORDER BY sort ASC  [ RunTime:0.0000s ]
NOTIC: [8] Undefined offset: 2 D:\wamp\www\api\Application\Home\Model\CategoryModel.class.php 第 19 行.
NOTIC: [2] Missing argument 4 for Think\Controller::apiReturn(), called in D:\wamp\www\api\Application\Home\Controller\CategoryController.class.php on line 38 and defined D:\wamp\www\api\ThinkPHP\Library\Think\Controller.class.php 第 244 行.
NOTIC: [8] Undefined variable: type D:\wamp\www\api\ThinkPHP\Library\Think\Controller.class.php 第 258 行.

[ 2016-10-15T17:39:56+08:00 ] 192.168.11.230 /api/index.php/home/index/indexApi
INFO: [ app_init ] --START--
INFO: Run Behavior\BuildLiteBehavior [ RunTime:0.000000s ]
INFO: [ app_init ] --END-- [ RunTime:0.000000s ]
INFO: [ app_begin ] --START--
INFO: Run Behavior\ReadHtmlCacheBehavior [ RunTime:0.000000s ]
INFO: [ app_begin ] --END-- [ RunTime:0.000000s ]
SQL: SHOW COLUMNS FROM `app_category` [ RunTime:0.0000s ]
SQL: SHOW COLUMNS FROM `app_adver` [ RunTime:0.0000s ]
SQL: SHOW COLUMNS FROM `app_user` [ RunTime:0.0156s ]
SQL: SHOW COLUMNS FROM `app_price` [ RunTime:0.0000s ]
SQL: SELECT `id`,`name`,`thumb` FROM `app_category` WHERE `groupid` = 3 AND `pid` = 0 ORDER BY sort ASC  [ RunTime:0.0000s ]
SQL: SELECT `minprice`,`maxprice` FROM `app_price` WHERE `cateid` = 1 AND `gid` = 2  [ RunTime:0.0000s ]
SQL: SELECT `minprice`,`maxprice` FROM `app_price` WHERE `cateid` = 18 AND `gid` = 2  [ RunTime:0.0000s ]
SQL: SELECT `minprice`,`maxprice` FROM `app_price` WHERE `cateid` = 19 AND `gid` = 2  [ RunTime:0.0000s ]
SQL: SELECT `minprice`,`maxprice` FROM `app_price` WHERE `cateid` = 20 AND `gid` = 2  [ RunTime:0.0000s ]
SQL: SELECT `minprice`,`maxprice` FROM `app_price` WHERE `cateid` = 21 AND `gid` = 2  [ RunTime:0.0000s ]
SQL: SELECT `minprice`,`maxprice` FROM `app_price` WHERE `cateid` = 22 AND `gid` = 2  [ RunTime:0.0000s ]
SQL: SELECT `minprice`,`maxprice` FROM `app_price` WHERE `cateid` = 23 AND `gid` = 2  [ RunTime:0.0000s ]
SQL: SELECT `minprice`,`maxprice` FROM `app_price` WHERE `cateid` = 24 AND `gid` = 2  [ RunTime:0.0000s ]
SQL: SELECT `id`,`title`,`type`,`url`,`thumb` FROM `app_adver` WHERE `typeid` = 1 AND `status` = 1 ORDER BY sort ASC LIMIT 4   [ RunTime:0.0000s ]
SQL: SELECT `birthday` FROM `app_user` WHERE `id` = 0 LIMIT 1   [ RunTime:0.0000s ]
NOTIC: [8] Undefined variable: date2 D:\wamp\www\api\Application\Common\Common\function.php 第 176 行.
NOTIC: [8] Undefined offset: 2 D:\wamp\www\api\Application\Common\Common\function.php 第 176 行.
NOTIC: [8] Undefined offset: 1 D:\wamp\www\api\Application\Common\Common\function.php 第 176 行.
NOTIC: [8] Undefined variable: date2 D:\wamp\www\api\Application\Common\Common\function.php 第 181 行.
SQL: SELECT `id`,`title`,`type`,`url`,`thumb` FROM `app_adver` WHERE `agerange` = '0-3' AND `typeid` = 2 AND `status` = 1 ORDER BY date DESC LIMIT 1   [ RunTime:0.0000s ]
SQL: SELECT `id`,`title`,`type`,`url`,`thumb` FROM `app_adver` WHERE `agerange` = '0-3' AND `typeid` = 3 AND `status` = 1 ORDER BY date DESC LIMIT 1   [ RunTime:0.0000s ]
SQL: SELECT `id`,`title`,`type`,`url`,`thumb` FROM `app_adver` WHERE `agerange` = '0-3' AND `typeid` = 4 AND `status` = 1 ORDER BY date DESC LIMIT 2   [ RunTime:0.0000s ]
SQL: SELECT `id`,`title`,`type`,`url`,`thumb` FROM `app_adver` WHERE `agerange` = '0-3' AND `typeid` = 2 AND `status` = 1 ORDER BY date DESC LIMIT 1   [ RunTime:0.0000s ]
SQL: SELECT `id`,`title`,`type`,`url`,`thumb` FROM `app_adver` WHERE `agerange` = '0-3' AND `typeid` = 3 AND `status` = 1 ORDER BY date DESC LIMIT 1   [ RunTime:0.0000s ]
NOTIC: [2] Missing argument 4 for Think\Controller::apiReturn(), called in D:\wamp\www\api\Application\Home\Controller\IndexController.class.php on line 53 and defined D:\wamp\www\api\ThinkPHP\Library\Think\Controller.class.php 第 244 行.
NOTIC: [8] Undefined variable: type D:\wamp\www\api\ThinkPHP\Library\Think\Controller.class.php 第 258 行.

[ 2016-10-15T17:40:17+08:00 ] 192.168.11.230 /api/index.php/Service/userServiceList?uid=2
INFO: [ app_init ] --START--
INFO: Run Behavior\BuildLiteBehavior [ RunTime:0.000000s ]
INFO: [ app_init ] --END-- [ RunTime:0.000000s ]
INFO: [ app_begin ] --START--
INFO: Run Behavior\ReadHtmlCacheBehavior [ RunTime:0.000000s ]
INFO: [ app_begin ] --END-- [ RunTime:0.000000s ]
SQL: SHOW COLUMNS FROM `app_service` [ RunTime:0.0000s ]
SQL: SHOW COLUMNS FROM `app_admire` [ RunTime:0.0000s ]
SQL: SHOW COLUMNS FROM `app_collect` [ RunTime:0.0000s ]
SQL: SHOW COLUMNS FROM `app_category` [ RunTime:0.0156s ]
SQL: SELECT COUNT(*) AS tp_count FROM `app_service` WHERE `uid` = 2 LIMIT 1   [ RunTime:0.0000s ]
SQL: SELECT `id`,`title`,`price`,`mainpic`,`thumbpic`,`location`,`isup` FROM `app_service` WHERE `uid` = 2 ORDER BY date DESC LIMIT 0,10   [ RunTime:0.0000s ]
NOTIC: [2] Missing argument 4 for Think\Controller::apiReturn(), called in D:\wamp\www\api\Application\Home\Controller\ServiceController.class.php on line 155 and defined D:\wamp\www\api\ThinkPHP\Library\Think\Controller.class.php 第 244 行.
NOTIC: [8] Undefined variable: type D:\wamp\www\api\ThinkPHP\Library\Think\Controller.class.php 第 258 行.

[ 2016-10-15T17:40:17+08:00 ] 192.168.11.230 /api/index.php/Service/userServiceList?uid=2
INFO: [ app_init ] --START--
INFO: Run Behavior\BuildLiteBehavior [ RunTime:0.000000s ]
INFO: [ app_init ] --END-- [ RunTime:0.000000s ]
INFO: [ app_begin ] --START--
INFO: Run Behavior\ReadHtmlCacheBehavior [ RunTime:0.000000s ]
INFO: [ app_begin ] --END-- [ RunTime:0.000000s ]
SQL: SHOW COLUMNS FROM `app_service` [ RunTime:0.0000s ]
SQL: SHOW COLUMNS FROM `app_admire` [ RunTime:0.0000s ]
SQL: SHOW COLUMNS FROM `app_collect` [ RunTime:0.0000s ]
SQL: SHOW COLUMNS FROM `app_category` [ RunTime:0.0000s ]
SQL: SELECT COUNT(*) AS tp_count FROM `app_service` WHERE `uid` = 2 LIMIT 1   [ RunTime:0.0000s ]
SQL: SELECT `id`,`title`,`price`,`mainpic`,`thumbpic`,`location`,`isup` FROM `app_service` WHERE `uid` = 2 ORDER BY date DESC LIMIT 0,10   [ RunTime:0.0000s ]
NOTIC: [2] Missing argument 4 for Think\Controller::apiReturn(), called in D:\wamp\www\api\Application\Home\Controller\ServiceController.class.php on line 155 and defined D:\wamp\www\api\ThinkPHP\Library\Think\Controller.class.php 第 244 行.
NOTIC: [8] Undefined variable: type D:\wamp\www\api\ThinkPHP\Library\Think\Controller.class.php 第 258 行.

[ 2016-10-15T17:40:21+08:00 ] 192.168.11.230 /api/index.php/Home/Service/serviceList?cateid=20&uid=1
INFO: [ app_init ] --START--
INFO: Run Behavior\BuildLiteBehavior [ RunTime:0.000000s ]
INFO: [ app_init ] --END-- [ RunTime:0.000000s ]
INFO: [ app_begin ] --START--
INFO: Run Behavior\ReadHtmlCacheBehavior [ RunTime:0.000000s ]
INFO: [ app_begin ] --END-- [ RunTime:0.000000s ]
SQL: SHOW COLUMNS FROM `app_service` [ RunTime:0.0000s ]
SQL: SHOW COLUMNS FROM `app_admire` [ RunTime:0.0000s ]
SQL: SHOW COLUMNS FROM `app_collect` [ RunTime:0.0000s ]
SQL: SHOW COLUMNS FROM `app_category` [ RunTime:0.0000s ]
SQL: SELECT * FROM `app_category`  [ RunTime:0.0000s ]
SQL: SELECT COUNT(*) AS tp_count FROM `app_service` WHERE `cateid` IN ('20') AND `isup` = 1 LIMIT 1   [ RunTime:0.0000s ]
SQL: SELECT `id`,`thumbpic`,`title`,`price`,`location` FROM `app_service` WHERE `cateid` IN ('20') AND `isup` = 1 ORDER BY sort ASC LIMIT 0,10   [ RunTime:0.0000s ]
SQL: SELECT `serviceid` FROM `app_admire` WHERE `uid` = 1 AND `commentid` = 0  [ RunTime:0.0000s ]
NOTIC: [8] Undefined variable: admireids D:\wamp\www\api\Application\Home\Controller\ServiceController.class.php 第 42 行.
SQL: SELECT `serviceid` FROM `app_collect` WHERE `uid` = 1 AND `eventid` = 0  [ RunTime:0.0000s ]
NOTIC: [8] Undefined variable: collectids D:\wamp\www\api\Application\Home\Controller\ServiceController.class.php 第 49 行.
NOTIC: [8] Undefined variable: servicelist D:\wamp\www\api\Application\Home\Controller\ServiceController.class.php 第 63 行.
NOTIC: [2] Missing argument 3 for Think\Controller::apiReturn(), called in D:\wamp\www\api\Application\Home\Controller\ServiceController.class.php on line 66 and defined D:\wamp\www\api\ThinkPHP\Library\Think\Controller.class.php 第 244 行.
NOTIC: [2] Missing argument 4 for Think\Controller::apiReturn(), called in D:\wamp\www\api\Application\Home\Controller\ServiceController.class.php on line 66 and defined D:\wamp\www\api\ThinkPHP\Library\Think\Controller.class.php 第 244 行.
NOTIC: [8] Undefined variable: data D:\wamp\www\api\ThinkPHP\Library\Think\Controller.class.php 第 256 行.
NOTIC: [8] Undefined variable: type D:\wamp\www\api\ThinkPHP\Library\Think\Controller.class.php 第 258 行.

[ 2016-10-15T17:40:24+08:00 ] 192.168.11.230 /api/index.php/Home/Service/serviceList?cateid=1&uid=1
INFO: [ app_init ] --START--
INFO: Run Behavior\BuildLiteBehavior [ RunTime:0.000000s ]
INFO: [ app_init ] --END-- [ RunTime:0.000000s ]
INFO: [ app_begin ] --START--
INFO: Run Behavior\ReadHtmlCacheBehavior [ RunTime:0.000000s ]
INFO: [ app_begin ] --END-- [ RunTime:0.000000s ]
SQL: SHOW COLUMNS FROM `app_service` [ RunTime:0.0000s ]
SQL: SHOW COLUMNS FROM `app_admire` [ RunTime:0.0000s ]
SQL: SHOW COLUMNS FROM `app_collect` [ RunTime:0.0000s ]
SQL: SHOW COLUMNS FROM `app_category` [ RunTime:0.0000s ]
SQL: SELECT * FROM `app_category`  [ RunTime:0.0000s ]
SQL: SELECT COUNT(*) AS tp_count FROM `app_service` WHERE `cateid` IN ('13','1') AND `isup` = 1 LIMIT 1   [ RunTime:0.0000s ]
SQL: SELECT `id`,`thumbpic`,`title`,`price`,`location` FROM `app_service` WHERE `cateid` IN ('13','1') AND `isup` = 1 ORDER BY sort ASC LIMIT 0,10   [ RunTime:0.0000s ]
SQL: SELECT `serviceid` FROM `app_admire` WHERE `uid` = 1 AND `commentid` = 0  [ RunTime:0.0000s ]
NOTIC: [8] Undefined variable: admireids D:\wamp\www\api\Application\Home\Controller\ServiceController.class.php 第 42 行.
SQL: SELECT `serviceid` FROM `app_collect` WHERE `uid` = 1 AND `eventid` = 0  [ RunTime:0.0000s ]
NOTIC: [8] Undefined variable: collectids D:\wamp\www\api\Application\Home\Controller\ServiceController.class.php 第 49 行.
NOTIC: [2] Missing argument 4 for Think\Controller::apiReturn(), called in D:\wamp\www\api\Application\Home\Controller\ServiceController.class.php on line 64 and defined D:\wamp\www\api\ThinkPHP\Library\Think\Controller.class.php 第 244 行.
NOTIC: [8] Undefined variable: type D:\wamp\www\api\ThinkPHP\Library\Think\Controller.class.php 第 258 行.

[ 2016-10-15T17:41:35+08:00 ] 192.168.11.230 /api/index.php/Home/Category/topicCateList
INFO: [ app_init ] --START--
INFO: Run Behavior\BuildLiteBehavior [ RunTime:0.000000s ]
INFO: [ app_init ] --END-- [ RunTime:0.000000s ]
INFO: [ app_begin ] --START--
INFO: Run Behavior\ReadHtmlCacheBehavior [ RunTime:0.000000s ]
INFO: [ app_begin ] --END-- [ RunTime:0.000000s ]
SQL: SHOW COLUMNS FROM `app_category` [ RunTime:0.0000s ]
SQL: SELECT `id`,`pid`,`name`,`thumb`,`brandids`,`attr` FROM `app_category` WHERE `type` <> 0 AND `groupid` = 5 ORDER BY sort ASC  [ RunTime:0.0000s ]
NOTIC: [8] Undefined offset: 2 D:\wamp\www\api\Application\Home\Model\CategoryModel.class.php 第 19 行.
NOTIC: [2] Missing argument 4 for Think\Controller::apiReturn(), called in D:\wamp\www\api\Application\Home\Controller\CategoryController.class.php on line 38 and defined D:\wamp\www\api\ThinkPHP\Library\Think\Controller.class.php 第 244 行.
NOTIC: [8] Undefined variable: type D:\wamp\www\api\ThinkPHP\Library\Think\Controller.class.php 第 258 行.

[ 2016-10-15T17:41:36+08:00 ] 192.168.11.230 /api/index.php/Home/Event/eventList?cateid=17&p=1&uid=1
INFO: [ app_init ] --START--
INFO: Run Behavior\BuildLiteBehavior [ RunTime:0.000000s ]
INFO: [ app_init ] --END-- [ RunTime:0.000000s ]
INFO: [ app_begin ] --START--
INFO: Run Behavior\ReadHtmlCacheBehavior [ RunTime:0.000000s ]
INFO: [ app_begin ] --END-- [ RunTime:0.000000s ]
SQL: SHOW COLUMNS FROM `app_event` [ RunTime:0.0000s ]
SQL: SHOW COLUMNS FROM `app_collect` [ RunTime:0.0000s ]
SQL: SHOW COLUMNS FROM `app_category` [ RunTime:0.0000s ]
SQL: SHOW COLUMNS FROM `app_comment` [ RunTime:0.0156s ]
SQL: SHOW COLUMNS FROM `app_apply` [ RunTime:0.0000s ]
SQL: SHOW COLUMNS FROM `app_admire` [ RunTime:0.0000s ]
SQL: SHOW COLUMNS FROM `app_user` [ RunTime:0.0000s ]
SQL: SELECT * FROM `app_category`  [ RunTime:0.0000s ]
SQL: SELECT COUNT(*) AS tp_count FROM `app_event` WHERE `cateid` IN ('17') LIMIT 1   [ RunTime:0.0000s ]
SQL: SELECT a.id,a.starttime,a.endtime,a.thumbpic,a.title,a.price,a.place,a.descript,a.status,b.username FROM app_event a INNER JOIN app_user as b ON a.uid=b.id  WHERE `cateid` IN ('17') ORDER BY sort ASC LIMIT 0,10   [ RunTime:0.0000s ]
SQL: SELECT `eventid` FROM `app_collect` WHERE `uid` = 1 AND `eventid` = 0  [ RunTime:0.0000s ]
NOTIC: [8] Undefined variable: collectids D:\wamp\www\api\Application\Home\Controller\EventController.class.php 第 59 行.
NOTIC: [2] Missing argument 4 for Think\Controller::apiReturn(), called in D:\wamp\www\api\Application\Home\Controller\EventController.class.php on line 69 and defined D:\wamp\www\api\ThinkPHP\Library\Think\Controller.class.php 第 244 行.
NOTIC: [8] Undefined variable: type D:\wamp\www\api\ThinkPHP\Library\Think\Controller.class.php 第 258 行.

[ 2016-10-15T17:41:44+08:00 ] 192.168.11.230 /api/index.php/Home/Region/regionList
INFO: [ app_init ] --START--
INFO: Run Behavior\BuildLiteBehavior [ RunTime:0.000000s ]
INFO: [ app_init ] --END-- [ RunTime:0.000000s ]
INFO: [ app_begin ] --START--
INFO: Run Behavior\ReadHtmlCacheBehavior [ RunTime:0.000000s ]
INFO: [ app_begin ] --END-- [ RunTime:0.000000s ]
SQL: SHOW COLUMNS FROM `app_region` [ RunTime:0.0156s ]
SQL: SELECT `id`,`name` FROM `app_region` WHERE `cityid` = 1 ORDER BY sort ASC  [ RunTime:0.0000s ]
NOTIC: [2] Missing argument 4 for Think\Controller::apiReturn(), called in D:\wamp\www\api\Application\Home\Controller\RegionController.class.php on line 14 and defined D:\wamp\www\api\ThinkPHP\Library\Think\Controller.class.php 第 244 行.
NOTIC: [8] Undefined variable: type D:\wamp\www\api\ThinkPHP\Library\Think\Controller.class.php 第 258 行.

[ 2016-10-15T17:41:44+08:00 ] 192.168.11.230 /api/index.php/Home/Category/eventCateList
INFO: [ app_init ] --START--
INFO: Run Behavior\BuildLiteBehavior [ RunTime:0.000000s ]
INFO: [ app_init ] --END-- [ RunTime:0.000000s ]
INFO: [ app_begin ] --START--
INFO: Run Behavior\ReadHtmlCacheBehavior [ RunTime:0.000000s ]
INFO: [ app_begin ] --END-- [ RunTime:0.000000s ]
SQL: SHOW COLUMNS FROM `app_category` [ RunTime:0.0156s ]
SQL: SELECT `id`,`pid`,`name`,`thumb`,`brandids`,`attr` FROM `app_category` WHERE `type` <> 0 AND `groupid` = 4 ORDER BY sort ASC  [ RunTime:0.0000s ]
NOTIC: [8] Undefined offset: 1 D:\wamp\www\api\Application\Home\Model\CategoryModel.class.php 第 19 行.
NOTIC: [2] Missing argument 4 for Think\Controller::apiReturn(), called in D:\wamp\www\api\Application\Home\Controller\CategoryController.class.php on line 30 and defined D:\wamp\www\api\ThinkPHP\Library\Think\Controller.class.php 第 244 行.
NOTIC: [8] Undefined variable: type D:\wamp\www\api\ThinkPHP\Library\Think\Controller.class.php 第 258 行.

[ 2016-10-15T17:41:44+08:00 ] 192.168.11.230 /api/index.php/home/index/indexApi
INFO: [ app_init ] --START--
INFO: Run Behavior\BuildLiteBehavior [ RunTime:0.000000s ]
INFO: [ app_init ] --END-- [ RunTime:0.000000s ]
INFO: [ app_begin ] --START--
INFO: Run Behavior\ReadHtmlCacheBehavior [ RunTime:0.000000s ]
INFO: [ app_begin ] --END-- [ RunTime:0.000000s ]
SQL: SHOW COLUMNS FROM `app_category` [ RunTime:0.0000s ]
SQL: SHOW COLUMNS FROM `app_adver` [ RunTime:0.0156s ]
SQL: SHOW COLUMNS FROM `app_user` [ RunTime:0.0000s ]
SQL: SHOW COLUMNS FROM `app_price` [ RunTime:0.0000s ]
SQL: SELECT `id`,`name`,`thumb` FROM `app_category` WHERE `groupid` = 3 AND `pid` = 0 ORDER BY sort ASC  [ RunTime:0.0000s ]
SQL: SELECT `minprice`,`maxprice` FROM `app_price` WHERE `cateid` = 1 AND `gid` = 2  [ RunTime:0.0000s ]
SQL: SELECT `minprice`,`maxprice` FROM `app_price` WHERE `cateid` = 18 AND `gid` = 2  [ RunTime:0.0000s ]
SQL: SELECT `minprice`,`maxprice` FROM `app_price` WHERE `cateid` = 19 AND `gid` = 2  [ RunTime:0.0000s ]
SQL: SELECT `minprice`,`maxprice` FROM `app_price` WHERE `cateid` = 20 AND `gid` = 2  [ RunTime:0.0000s ]
SQL: SELECT `minprice`,`maxprice` FROM `app_price` WHERE `cateid` = 21 AND `gid` = 2  [ RunTime:0.0000s ]
SQL: SELECT `minprice`,`maxprice` FROM `app_price` WHERE `cateid` = 22 AND `gid` = 2  [ RunTime:0.0000s ]
SQL: SELECT `minprice`,`maxprice` FROM `app_price` WHERE `cateid` = 23 AND `gid` = 2  [ RunTime:0.0000s ]
SQL: SELECT `minprice`,`maxprice` FROM `app_price` WHERE `cateid` = 24 AND `gid` = 2  [ RunTime:0.0000s ]
SQL: SELECT `id`,`title`,`type`,`url`,`thumb` FROM `app_adver` WHERE `typeid` = 1 AND `status` = 1 ORDER BY sort ASC LIMIT 4   [ RunTime:0.0000s ]
SQL: SELECT `birthday` FROM `app_user` WHERE `id` = 0 LIMIT 1   [ RunTime:0.0000s ]
NOTIC: [8] Undefined variable: date2 D:\wamp\www\api\Application\Common\Common\function.php 第 176 行.
NOTIC: [8] Undefined offset: 2 D:\wamp\www\api\Application\Common\Common\function.php 第 176 行.
NOTIC: [8] Undefined offset: 1 D:\wamp\www\api\Application\Common\Common\function.php 第 176 行.
NOTIC: [8] Undefined variable: date2 D:\wamp\www\api\Application\Common\Common\function.php 第 181 行.
SQL: SELECT `id`,`title`,`type`,`url`,`thumb` FROM `app_adver` WHERE `agerange` = '0-3' AND `typeid` = 2 AND `status` = 1 ORDER BY date DESC LIMIT 1   [ RunTime:0.0000s ]
SQL: SELECT `id`,`title`,`type`,`url`,`thumb` FROM `app_adver` WHERE `agerange` = '0-3' AND `typeid` = 3 AND `status` = 1 ORDER BY date DESC LIMIT 1   [ RunTime:0.0000s ]
SQL: SELECT `id`,`title`,`type`,`url`,`thumb` FROM `app_adver` WHERE `agerange` = '0-3' AND `typeid` = 4 AND `status` = 1 ORDER BY date DESC LIMIT 2   [ RunTime:0.0000s ]
SQL: SELECT `id`,`title`,`type`,`url`,`thumb` FROM `app_adver` WHERE `agerange` = '0-3' AND `typeid` = 2 AND `status` = 1 ORDER BY date DESC LIMIT 1   [ RunTime:0.0000s ]
SQL: SELECT `id`,`title`,`type`,`url`,`thumb` FROM `app_adver` WHERE `agerange` = '0-3' AND `typeid` = 3 AND `status` = 1 ORDER BY date DESC LIMIT 1   [ RunTime:0.0000s ]
NOTIC: [2] Missing argument 4 for Think\Controller::apiReturn(), called in D:\wamp\www\api\Application\Home\Controller\IndexController.class.php on line 53 and defined D:\wamp\www\api\ThinkPHP\Library\Think\Controller.class.php 第 244 行.
NOTIC: [8] Undefined variable: type D:\wamp\www\api\ThinkPHP\Library\Think\Controller.class.php 第 258 行.

[ 2016-10-15T17:41:51+08:00 ] 192.168.11.230 /api/index.php/Home/Service/serviceList?cateid=1&uid=1
INFO: [ app_init ] --START--
INFO: Run Behavior\BuildLiteBehavior [ RunTime:0.000000s ]
INFO: [ app_init ] --END-- [ RunTime:0.000000s ]
INFO: [ app_begin ] --START--
INFO: Run Behavior\ReadHtmlCacheBehavior [ RunTime:0.015601s ]
INFO: [ app_begin ] --END-- [ RunTime:0.015601s ]
SQL: SHOW COLUMNS FROM `app_service` [ RunTime:0.0000s ]
SQL: SHOW COLUMNS FROM `app_admire` [ RunTime:0.0000s ]
SQL: SHOW COLUMNS FROM `app_collect` [ RunTime:0.0000s ]
SQL: SHOW COLUMNS FROM `app_category` [ RunTime:0.0000s ]
SQL: SELECT * FROM `app_category`  [ RunTime:0.0000s ]
SQL: SELECT COUNT(*) AS tp_count FROM `app_service` WHERE `cateid` IN ('13','1') AND `isup` = 1 LIMIT 1   [ RunTime:0.0000s ]
SQL: SELECT `id`,`thumbpic`,`title`,`price`,`location` FROM `app_service` WHERE `cateid` IN ('13','1') AND `isup` = 1 ORDER BY sort ASC LIMIT 0,10   [ RunTime:0.0000s ]
SQL: SELECT `serviceid` FROM `app_admire` WHERE `uid` = 1 AND `commentid` = 0  [ RunTime:0.0000s ]
NOTIC: [8] Undefined variable: admireids D:\wamp\www\api\Application\Home\Controller\ServiceController.class.php 第 42 行.
SQL: SELECT `serviceid` FROM `app_collect` WHERE `uid` = 1 AND `eventid` = 0  [ RunTime:0.0000s ]
NOTIC: [8] Undefined variable: collectids D:\wamp\www\api\Application\Home\Controller\ServiceController.class.php 第 49 行.
NOTIC: [2] Missing argument 4 for Think\Controller::apiReturn(), called in D:\wamp\www\api\Application\Home\Controller\ServiceController.class.php on line 64 and defined D:\wamp\www\api\ThinkPHP\Library\Think\Controller.class.php 第 244 行.
NOTIC: [8] Undefined variable: type D:\wamp\www\api\ThinkPHP\Library\Think\Controller.class.php 第 258 行.

[ 2016-10-15T17:42:03+08:00 ] 192.168.11.230 /api/index.php/Home/Topic/topicList?1=p
INFO: [ app_init ] --START--
INFO: Run Behavior\BuildLiteBehavior [ RunTime:0.000000s ]
INFO: [ app_init ] --END-- [ RunTime:0.000000s ]
INFO: [ app_begin ] --START--
INFO: Run Behavior\ReadHtmlCacheBehavior [ RunTime:0.000000s ]
INFO: [ app_begin ] --END-- [ RunTime:0.000000s ]
SQL: SHOW COLUMNS FROM `app_topic` [ RunTime:0.0000s ]
SQL: SHOW COLUMNS FROM `app_category` [ RunTime:0.0156s ]
SQL: SHOW COLUMNS FROM `app_comment` [ RunTime:0.0156s ]
SQL: SHOW COLUMNS FROM `app_admire` [ RunTime:0.0156s ]
SQL: SHOW COLUMNS FROM `app_user` [ RunTime:0.0000s ]
SQL: SHOW COLUMNS FROM `app_daily` [ RunTime:0.0000s ]
NOTIC: [8] Undefined variable: map D:\wamp\www\api\Application\Home\Controller\TopicController.class.php 第 29 行.
SQL: SELECT * FROM `app_topic`  [ RunTime:0.0000s ]
NOTIC: [8] Undefined variable: map D:\wamp\www\api\Application\Home\Controller\TopicController.class.php 第 31 行.
SQL: SELECT `id`,`title`,`tags`,`thumbpic`,`commentnum`,`hits`,`date` FROM `app_topic` ORDER BY date DESC LIMIT 0,10   [ RunTime:0.0000s ]
NOTIC: [8] Undefined variable: catelist D:\wamp\www\api\Application\Home\Controller\TopicController.class.php 第 33 行.
NOTIC: [2] Missing argument 4 for Think\Controller::apiReturn(), called in D:\wamp\www\api\Application\Home\Controller\TopicController.class.php on line 34 and defined D:\wamp\www\api\ThinkPHP\Library\Think\Controller.class.php 第 244 行.
NOTIC: [8] Undefined variable: type D:\wamp\www\api\ThinkPHP\Library\Think\Controller.class.php 第 258 行.

[ 2016-10-15T17:42:10+08:00 ] 192.168.11.230 /api/index.php/Collect/indexApi?eventid=1&uid=1
INFO: [ app_init ] --START--
INFO: Run Behavior\BuildLiteBehavior [ RunTime:0.000000s ]
INFO: [ app_init ] --END-- [ RunTime:0.000000s ]
INFO: [ app_begin ] --START--
INFO: Run Behavior\ReadHtmlCacheBehavior [ RunTime:0.000000s ]
INFO: [ app_begin ] --END-- [ RunTime:0.000000s ]
SQL: SHOW COLUMNS FROM `app_collect` [ RunTime:0.0000s ]
SQL: SHOW COLUMNS FROM `app_service` [ RunTime:0.0000s ]
SQL: SHOW COLUMNS FROM `app_event` [ RunTime:0.0156s ]
SQL: SELECT `serviceid` FROM `app_collect` WHERE `uid` = 1 AND `eventid` = 0  [ RunTime:0.0000s ]
NOTIC: [8] Undefined variable: serviceids D:\wamp\www\api\Application\Home\Controller\CollectController.class.php 第 62 行.
NOTIC: [2] implode(): Invalid arguments passed D:\wamp\www\api\ThinkPHP\Library\Think\Db\Driver.class.php 第 578 行.
ERR: 1064:Erreur de syntaxe près de ') LIMIT 1' à la ligne 1
 [ SQL语句 ] : SELECT COUNT(*) AS tp_count FROM `app_service` WHERE `id` IN () LIMIT 1  
ERR: 1064:Erreur de syntaxe près de ') LIMIT 1' à la ligne 1
 [ SQL语句 ] : SELECT COUNT(*) AS tp_count FROM `app_service` WHERE `id` IN () LIMIT 1  

[ 2016-10-15T17:42:14+08:00 ] 192.168.11.230 /api/index.php/Collect/indexApi?eventid=1&uid=1
INFO: [ app_init ] --START--
INFO: Run Behavior\BuildLiteBehavior [ RunTime:0.000000s ]
INFO: [ app_init ] --END-- [ RunTime:0.000000s ]
INFO: [ app_begin ] --START--
INFO: Run Behavior\ReadHtmlCacheBehavior [ RunTime:0.000000s ]
INFO: [ app_begin ] --END-- [ RunTime:0.000000s ]
SQL: SHOW COLUMNS FROM `app_collect` [ RunTime:0.0000s ]
SQL: SHOW COLUMNS FROM `app_service` [ RunTime:0.0000s ]
SQL: SHOW COLUMNS FROM `app_event` [ RunTime:0.0000s ]
SQL: SELECT `serviceid` FROM `app_collect` WHERE `uid` = 1 AND `eventid` = 0  [ RunTime:0.0156s ]
NOTIC: [8] Undefined variable: serviceids D:\wamp\www\api\Application\Home\Controller\CollectController.class.php 第 62 行.
NOTIC: [2] implode(): Invalid arguments passed D:\wamp\www\api\ThinkPHP\Library\Think\Db\Driver.class.php 第 578 行.
ERR: 1064:Erreur de syntaxe près de ') LIMIT 1' à la ligne 1
 [ SQL语句 ] : SELECT COUNT(*) AS tp_count FROM `app_service` WHERE `id` IN () LIMIT 1  
ERR: 1064:Erreur de syntaxe près de ') LIMIT 1' à la ligne 1
 [ SQL语句 ] : SELECT COUNT(*) AS tp_count FROM `app_service` WHERE `id` IN () LIMIT 1  

[ 2016-10-15T17:47:28+08:00 ] 192.168.11.229 /api/index.php/Home/Discount/indexApi
INFO: [ app_init ] --START--
INFO: Run Behavior\BuildLiteBehavior [ RunTime:0.000000s ]
INFO: [ app_init ] --END-- [ RunTime:0.000000s ]
INFO: [ app_begin ] --START--
INFO: Run Behavior\ReadHtmlCacheBehavior [ RunTime:0.000000s ]
INFO: [ app_begin ] --END-- [ RunTime:0.000000s ]
SQL: SHOW COLUMNS FROM `app_event` [ RunTime:0.0000s ]
SQL: SHOW COLUMNS FROM `app_service` [ RunTime:0.0000s ]
SQL: SELECT `id`,`title`,`thumbpic`,`endtime` FROM `app_event` WHERE `status` = 1 AND `isrec` = 1 ORDER BY sort ASC LIMIT 4   [ RunTime:0.0000s ]
SQL: SELECT COUNT(*) AS tp_count FROM `app_service` WHERE `isdiscount` = 1 AND `isup` = 1 AND `isrec` = 1 LIMIT 1   [ RunTime:0.0000s ]
SQL: SELECT `id`,`mainpic` FROM `app_service` WHERE `isdiscount` = 1 AND `isup` = 1 AND `isrec` = 1 ORDER BY sort ASC LIMIT 0,10   [ RunTime:0.0000s ]
NOTIC: [2] Missing argument 4 for Think\Controller::apiReturn(), called in D:\wamp\www\api\Application\Home\Controller\DiscountController.class.php on line 20 and defined D:\wamp\www\api\ThinkPHP\Library\Think\Controller.class.php 第 244 行.
NOTIC: [8] Undefined variable: type D:\wamp\www\api\ThinkPHP\Library\Think\Controller.class.php 第 258 行.

[ 2016-10-15T17:50:26+08:00 ] 192.168.11.229 /api/index.php/Home/Login/api?phone=18970036408&pass=111111
INFO: [ app_init ] --START--
INFO: Run Behavior\BuildLiteBehavior [ RunTime:0.000000s ]
INFO: [ app_init ] --END-- [ RunTime:0.000000s ]
INFO: [ app_begin ] --START--
INFO: Run Behavior\ReadHtmlCacheBehavior [ RunTime:0.000000s ]
INFO: [ app_begin ] --END-- [ RunTime:0.000000s ]
SQL: SHOW COLUMNS FROM `app_user` [ RunTime:0.0000s ]
NOTIC: [8] Undefined index: validate D:\wamp\www\api\ThinkPHP\Library\Think\Model.class.php 第 1185 行.
NOTIC: [8] Undefined index: auto D:\wamp\www\api\ThinkPHP\Library\Think\Model.class.php 第 1128 行.
SQL: SELECT `id`,`username`,`avatar`,`level`,`birthday`,`phone`,`pass` FROM `app_user` WHERE `phone` = '18970036408' LIMIT 1   [ RunTime:0.0000s ]
NOTIC: [2] Missing argument 4 for Think\Controller::apiReturn(), called in D:\wamp\www\api\Application\Home\Controller\LoginController.class.php on line 17 and defined D:\wamp\www\api\ThinkPHP\Library\Think\Controller.class.php 第 244 行.
NOTIC: [8] Undefined variable: type D:\wamp\www\api\ThinkPHP\Library\Think\Controller.class.php 第 258 行.

[ 2016-10-15T17:50:26+08:00 ] 192.168.11.229 /api/index.php/home/index/indexApi
INFO: [ app_init ] --START--
INFO: Run Behavior\BuildLiteBehavior [ RunTime:0.000000s ]
INFO: [ app_init ] --END-- [ RunTime:0.000000s ]
INFO: [ app_begin ] --START--
INFO: Run Behavior\ReadHtmlCacheBehavior [ RunTime:0.015600s ]
INFO: [ app_begin ] --END-- [ RunTime:0.015600s ]
SQL: SHOW COLUMNS FROM `app_category` [ RunTime:0.0000s ]
SQL: SHOW COLUMNS FROM `app_adver` [ RunTime:0.0000s ]
SQL: SHOW COLUMNS FROM `app_user` [ RunTime:0.0000s ]
SQL: SHOW COLUMNS FROM `app_price` [ RunTime:0.0000s ]
SQL: SELECT `id`,`name`,`thumb` FROM `app_category` WHERE `groupid` = 3 AND `pid` = 0 ORDER BY sort ASC  [ RunTime:0.0000s ]
SQL: SELECT `minprice`,`maxprice` FROM `app_price` WHERE `cateid` = 1 AND `gid` = 2  [ RunTime:0.0000s ]
SQL: SELECT `minprice`,`maxprice` FROM `app_price` WHERE `cateid` = 18 AND `gid` = 2  [ RunTime:0.0000s ]
SQL: SELECT `minprice`,`maxprice` FROM `app_price` WHERE `cateid` = 19 AND `gid` = 2  [ RunTime:0.0000s ]
SQL: SELECT `minprice`,`maxprice` FROM `app_price` WHERE `cateid` = 20 AND `gid` = 2  [ RunTime:0.0000s ]
SQL: SELECT `minprice`,`maxprice` FROM `app_price` WHERE `cateid` = 21 AND `gid` = 2  [ RunTime:0.0000s ]
SQL: SELECT `minprice`,`maxprice` FROM `app_price` WHERE `cateid` = 22 AND `gid` = 2  [ RunTime:0.0000s ]
SQL: SELECT `minprice`,`maxprice` FROM `app_price` WHERE `cateid` = 23 AND `gid` = 2  [ RunTime:0.0000s ]
SQL: SELECT `minprice`,`maxprice` FROM `app_price` WHERE `cateid` = 24 AND `gid` = 2  [ RunTime:0.0000s ]
SQL: SELECT `id`,`title`,`type`,`url`,`thumb` FROM `app_adver` WHERE `typeid` = 1 AND `status` = 1 ORDER BY sort ASC LIMIT 4   [ RunTime:0.0000s ]
SQL: SELECT `birthday` FROM `app_user` WHERE `id` = 0 LIMIT 1   [ RunTime:0.0000s ]
NOTIC: [8] Undefined variable: date2 D:\wamp\www\api\Application\Common\Common\function.php 第 176 行.
NOTIC: [8] Undefined offset: 2 D:\wamp\www\api\Application\Common\Common\function.php 第 176 行.
NOTIC: [8] Undefined offset: 1 D:\wamp\www\api\Application\Common\Common\function.php 第 176 行.
NOTIC: [8] Undefined variable: date2 D:\wamp\www\api\Application\Common\Common\function.php 第 181 行.
SQL: SELECT `id`,`title`,`type`,`url`,`thumb` FROM `app_adver` WHERE `agerange` = '0-3' AND `typeid` = 2 AND `status` = 1 ORDER BY date DESC LIMIT 1   [ RunTime:0.0000s ]
SQL: SELECT `id`,`title`,`type`,`url`,`thumb` FROM `app_adver` WHERE `agerange` = '0-3' AND `typeid` = 3 AND `status` = 1 ORDER BY date DESC LIMIT 1   [ RunTime:0.0000s ]
SQL: SELECT `id`,`title`,`type`,`url`,`thumb` FROM `app_adver` WHERE `agerange` = '0-3' AND `typeid` = 4 AND `status` = 1 ORDER BY date DESC LIMIT 2   [ RunTime:0.0000s ]
SQL: SELECT `id`,`title`,`type`,`url`,`thumb` FROM `app_adver` WHERE `agerange` = '0-3' AND `typeid` = 2 AND `status` = 1 ORDER BY date DESC LIMIT 1   [ RunTime:0.0000s ]
SQL: SELECT `id`,`title`,`type`,`url`,`thumb` FROM `app_adver` WHERE `agerange` = '0-3' AND `typeid` = 3 AND `status` = 1 ORDER BY date DESC LIMIT 1   [ RunTime:0.0000s ]
NOTIC: [2] Missing argument 4 for Think\Controller::apiReturn(), called in D:\wamp\www\api\Application\Home\Controller\IndexController.class.php on line 53 and defined D:\wamp\www\api\ThinkPHP\Library\Think\Controller.class.php 第 244 行.
NOTIC: [8] Undefined variable: type D:\wamp\www\api\ThinkPHP\Library\Think\Controller.class.php 第 258 行.

[ 2016-10-15T17:50:29+08:00 ] 192.168.11.229 /api/index.php/Home/Discount/indexApi
INFO: [ app_init ] --START--
INFO: Run Behavior\BuildLiteBehavior [ RunTime:0.000000s ]
INFO: [ app_init ] --END-- [ RunTime:0.000000s ]
INFO: [ app_begin ] --START--
INFO: Run Behavior\ReadHtmlCacheBehavior [ RunTime:0.000000s ]
INFO: [ app_begin ] --END-- [ RunTime:0.000000s ]
SQL: SHOW COLUMNS FROM `app_event` [ RunTime:0.0000s ]
SQL: SHOW COLUMNS FROM `app_service` [ RunTime:0.0000s ]
SQL: SELECT `id`,`title`,`thumbpic`,`endtime` FROM `app_event` WHERE `status` = 1 AND `isrec` = 1 ORDER BY sort ASC LIMIT 4   [ RunTime:0.0000s ]
SQL: SELECT COUNT(*) AS tp_count FROM `app_service` WHERE `isdiscount` = 1 AND `isup` = 1 AND `isrec` = 1 LIMIT 1   [ RunTime:0.0000s ]
SQL: SELECT `id`,`mainpic` FROM `app_service` WHERE `isdiscount` = 1 AND `isup` = 1 AND `isrec` = 1 ORDER BY sort ASC LIMIT 0,10   [ RunTime:0.0000s ]
NOTIC: [2] Missing argument 4 for Think\Controller::apiReturn(), called in D:\wamp\www\api\Application\Home\Controller\DiscountController.class.php on line 20 and defined D:\wamp\www\api\ThinkPHP\Library\Think\Controller.class.php 第 244 行.
NOTIC: [8] Undefined variable: type D:\wamp\www\api\ThinkPHP\Library\Think\Controller.class.php 第 258 行.

[ 2016-10-15T17:53:41+08:00 ] 192.168.11.229 /api/index.php/Home/Discount/indexApi
INFO: [ app_init ] --START--
INFO: Run Behavior\BuildLiteBehavior [ RunTime:0.000000s ]
INFO: [ app_init ] --END-- [ RunTime:0.000000s ]
INFO: [ app_begin ] --START--
INFO: Run Behavior\ReadHtmlCacheBehavior [ RunTime:0.015600s ]
INFO: [ app_begin ] --END-- [ RunTime:0.015600s ]
SQL: SHOW COLUMNS FROM `app_event` [ RunTime:0.0000s ]
SQL: SHOW COLUMNS FROM `app_service` [ RunTime:0.0000s ]
SQL: SELECT `id`,`title`,`thumbpic`,`endtime` FROM `app_event` WHERE `status` = 1 AND `isrec` = 1 ORDER BY sort ASC LIMIT 4   [ RunTime:0.0000s ]
SQL: SELECT COUNT(*) AS tp_count FROM `app_service` WHERE `isdiscount` = 1 AND `isup` = 1 AND `isrec` = 1 LIMIT 1   [ RunTime:0.0000s ]
SQL: SELECT `id`,`mainpic` FROM `app_service` WHERE `isdiscount` = 1 AND `isup` = 1 AND `isrec` = 1 ORDER BY sort ASC LIMIT 0,10   [ RunTime:0.0000s ]
NOTIC: [2] Missing argument 4 for Think\Controller::apiReturn(), called in D:\wamp\www\api\Application\Home\Controller\DiscountController.class.php on line 20 and defined D:\wamp\www\api\ThinkPHP\Library\Think\Controller.class.php 第 244 行.
NOTIC: [8] Undefined variable: type D:\wamp\www\api\ThinkPHP\Library\Think\Controller.class.php 第 258 行.

