[ 2016-10-07T11:51:44+08:00 ] 192.168.11.218 /api/index.php/Home/Index/indexApi
INFO: [ app_init ] --START--
INFO: Run Behavior\BuildLiteBehavior [ RunTime:0.000000s ]
INFO: [ app_init ] --END-- [ RunTime:0.000000s ]
INFO: [ app_begin ] --START--
INFO: Run Behavior\ReadHtmlCacheBehavior [ RunTime:0.000000s ]
INFO: [ app_begin ] --END-- [ RunTime:0.000000s ]
SQL: SHOW COLUMNS FROM `app_category` [ RunTime:0.0312s ]
SQL: SHOW COLUMNS FROM `app_adver` [ RunTime:0.0000s ]
SQL: SHOW COLUMNS FROM `app_user` [ RunTime:0.0312s ]
SQL: SELECT `id`,`name`,`thumb` FROM `app_category` WHERE `groupid` = 3 AND `pid` = 0 ORDER BY sort ASC LIMIT 8   [ RunTime:0.0000s ]
SQL: SELECT `id`,`title`,`type`,`url`,`thumb` FROM `app_adver` WHERE `typeid` = 1 AND `status` = 1 ORDER BY date DESC LIMIT 4   [ RunTime:0.0000s ]
SQL: SELECT `birthday` FROM `app_user` WHERE `id` = 0 LIMIT 1   [ RunTime:0.0000s ]
NOTIC: [8] Undefined variable: date2 D:\wamp\www\api\Application\Common\Common\function.php 第 176 行.
NOTIC: [8] Undefined offset: 2 D:\wamp\www\api\Application\Common\Common\function.php 第 176 行.
NOTIC: [8] Undefined offset: 1 D:\wamp\www\api\Application\Common\Common\function.php 第 176 行.
NOTIC: [8] Undefined variable: date2 D:\wamp\www\api\Application\Common\Common\function.php 第 181 行.
SQL: SELECT `id`,`title`,`type`,`url`,`thumb` FROM `app_adver` WHERE `agerange` = '0-3' AND `typeid` = 2 AND `status` = 1 ORDER BY date DESC LIMIT 1   [ RunTime:0.0000s ]
SQL: SELECT `id`,`title`,`type`,`url`,`thumb` FROM `app_adver` WHERE `agerange` = '0-3' AND `typeid` = 3 AND `status` = 1 ORDER BY date DESC LIMIT 1   [ RunTime:0.0000s ]
SQL: SELECT `id`,`title`,`type`,`url`,`thumb` FROM `app_adver` WHERE `agerange` = '0-3' AND `typeid` = 4 AND `status` = 1 ORDER BY date DESC LIMIT 2   [ RunTime:0.0000s ]
SQL: SELECT `id`,`title`,`type`,`url`,`thumb` FROM `app_adver` WHERE `agerange` = '0-3' AND `typeid` = 2 AND `status` = 1 ORDER BY date DESC LIMIT 1   [ RunTime:0.0000s ]
SQL: SELECT `id`,`title`,`type`,`url`,`thumb` FROM `app_adver` WHERE `agerange` = '0-3' AND `typeid` = 3 AND `status` = 1 ORDER BY date DESC LIMIT 1   [ RunTime:0.0000s ]
NOTIC: [2] Missing argument 4 for Think\Controller::apiReturn(), called in D:\wamp\www\api\Application\Home\Controller\IndexController.class.php on line 42 and defined D:\wamp\www\api\ThinkPHP\Library\Think\Controller.class.php 第 244 行.
NOTIC: [8] Undefined variable: type D:\wamp\www\api\ThinkPHP\Library\Think\Controller.class.php 第 253 行.

[ 2016-10-07T14:23:56+08:00 ] 192.168.11.218 /api/index.php/Home/Index/indexApi
INFO: [ app_init ] --START--
INFO: Run Behavior\BuildLiteBehavior [ RunTime:0.000000s ]
INFO: [ app_init ] --END-- [ RunTime:0.000000s ]
INFO: [ app_begin ] --START--
INFO: Run Behavior\ReadHtmlCacheBehavior [ RunTime:0.000000s ]
INFO: [ app_begin ] --END-- [ RunTime:0.000000s ]
SQL: SHOW COLUMNS FROM `app_category` [ RunTime:0.0000s ]
SQL: SHOW COLUMNS FROM `app_adver` [ RunTime:0.0156s ]
SQL: SHOW COLUMNS FROM `app_user` [ RunTime:0.0000s ]
SQL: SELECT `id`,`name`,`thumb` FROM `app_category` WHERE `groupid` = 3 AND `pid` = 0 ORDER BY sort ASC LIMIT 8   [ RunTime:0.0000s ]
SQL: SELECT `id`,`title`,`type`,`url`,`thumb` FROM `app_adver` WHERE `typeid` = 1 AND `status` = 1 ORDER BY date DESC LIMIT 4   [ RunTime:0.0000s ]
SQL: SELECT `birthday` FROM `app_user` WHERE `id` = 0 LIMIT 1   [ RunTime:0.0000s ]
NOTIC: [8] Undefined variable: date2 D:\wamp\www\api\Application\Common\Common\function.php 第 176 行.
NOTIC: [8] Undefined offset: 2 D:\wamp\www\api\Application\Common\Common\function.php 第 176 行.
NOTIC: [8] Undefined offset: 1 D:\wamp\www\api\Application\Common\Common\function.php 第 176 行.
NOTIC: [8] Undefined variable: date2 D:\wamp\www\api\Application\Common\Common\function.php 第 181 行.
SQL: SELECT `id`,`title`,`type`,`url`,`thumb` FROM `app_adver` WHERE `agerange` = '0-3' AND `typeid` = 2 AND `status` = 1 ORDER BY date DESC LIMIT 1   [ RunTime:0.0000s ]
SQL: SELECT `id`,`title`,`type`,`url`,`thumb` FROM `app_adver` WHERE `agerange` = '0-3' AND `typeid` = 3 AND `status` = 1 ORDER BY date DESC LIMIT 1   [ RunTime:0.0000s ]
SQL: SELECT `id`,`title`,`type`,`url`,`thumb` FROM `app_adver` WHERE `agerange` = '0-3' AND `typeid` = 4 AND `status` = 1 ORDER BY date DESC LIMIT 2   [ RunTime:0.0000s ]
SQL: SELECT `id`,`title`,`type`,`url`,`thumb` FROM `app_adver` WHERE `agerange` = '0-3' AND `typeid` = 2 AND `status` = 1 ORDER BY date DESC LIMIT 1   [ RunTime:0.0000s ]
SQL: SELECT `id`,`title`,`type`,`url`,`thumb` FROM `app_adver` WHERE `agerange` = '0-3' AND `typeid` = 3 AND `status` = 1 ORDER BY date DESC LIMIT 1   [ RunTime:0.0000s ]
NOTIC: [2] Missing argument 4 for Think\Controller::apiReturn(), called in D:\wamp\www\api\Application\Home\Controller\IndexController.class.php on line 42 and defined D:\wamp\www\api\ThinkPHP\Library\Think\Controller.class.php 第 244 行.
NOTIC: [8] Undefined variable: type D:\wamp\www\api\ThinkPHP\Library\Think\Controller.class.php 第 253 行.

[ 2016-10-07T14:23:57+08:00 ] 192.168.11.218 /api/index.php/Home/Index/indexApi
INFO: [ app_init ] --START--
INFO: Run Behavior\BuildLiteBehavior [ RunTime:0.000000s ]
INFO: [ app_init ] --END-- [ RunTime:0.000000s ]
INFO: [ app_begin ] --START--
INFO: Run Behavior\ReadHtmlCacheBehavior [ RunTime:0.000000s ]
INFO: [ app_begin ] --END-- [ RunTime:0.000000s ]
SQL: SHOW COLUMNS FROM `app_category` [ RunTime:0.0000s ]
SQL: SHOW COLUMNS FROM `app_adver` [ RunTime:0.0000s ]
SQL: SHOW COLUMNS FROM `app_user` [ RunTime:0.0000s ]
SQL: SELECT `id`,`name`,`thumb` FROM `app_category` WHERE `groupid` = 3 AND `pid` = 0 ORDER BY sort ASC LIMIT 8   [ RunTime:0.0000s ]
SQL: SELECT `id`,`title`,`type`,`url`,`thumb` FROM `app_adver` WHERE `typeid` = 1 AND `status` = 1 ORDER BY date DESC LIMIT 4   [ RunTime:0.0000s ]
SQL: SELECT `birthday` FROM `app_user` WHERE `id` = 0 LIMIT 1   [ RunTime:0.0000s ]
NOTIC: [8] Undefined variable: date2 D:\wamp\www\api\Application\Common\Common\function.php 第 176 行.
NOTIC: [8] Undefined offset: 2 D:\wamp\www\api\Application\Common\Common\function.php 第 176 行.
NOTIC: [8] Undefined offset: 1 D:\wamp\www\api\Application\Common\Common\function.php 第 176 行.
NOTIC: [8] Undefined variable: date2 D:\wamp\www\api\Application\Common\Common\function.php 第 181 行.
SQL: SELECT `id`,`title`,`type`,`url`,`thumb` FROM `app_adver` WHERE `agerange` = '0-3' AND `typeid` = 2 AND `status` = 1 ORDER BY date DESC LIMIT 1   [ RunTime:0.0000s ]
SQL: SELECT `id`,`title`,`type`,`url`,`thumb` FROM `app_adver` WHERE `agerange` = '0-3' AND `typeid` = 3 AND `status` = 1 ORDER BY date DESC LIMIT 1   [ RunTime:0.0000s ]
SQL: SELECT `id`,`title`,`type`,`url`,`thumb` FROM `app_adver` WHERE `agerange` = '0-3' AND `typeid` = 4 AND `status` = 1 ORDER BY date DESC LIMIT 2   [ RunTime:0.0000s ]
SQL: SELECT `id`,`title`,`type`,`url`,`thumb` FROM `app_adver` WHERE `agerange` = '0-3' AND `typeid` = 2 AND `status` = 1 ORDER BY date DESC LIMIT 1   [ RunTime:0.0000s ]
SQL: SELECT `id`,`title`,`type`,`url`,`thumb` FROM `app_adver` WHERE `agerange` = '0-3' AND `typeid` = 3 AND `status` = 1 ORDER BY date DESC LIMIT 1   [ RunTime:0.0000s ]
NOTIC: [2] Missing argument 4 for Think\Controller::apiReturn(), called in D:\wamp\www\api\Application\Home\Controller\IndexController.class.php on line 42 and defined D:\wamp\www\api\ThinkPHP\Library\Think\Controller.class.php 第 244 行.
NOTIC: [8] Undefined variable: type D:\wamp\www\api\ThinkPHP\Library\Think\Controller.class.php 第 253 行.

[ 2016-10-07T14:23:58+08:00 ] 192.168.11.218 /api/index.php/Home/Index/indexApi
INFO: [ app_init ] --START--
INFO: Run Behavior\BuildLiteBehavior [ RunTime:0.000000s ]
INFO: [ app_init ] --END-- [ RunTime:0.000000s ]
INFO: [ app_begin ] --START--
INFO: Run Behavior\ReadHtmlCacheBehavior [ RunTime:0.000000s ]
INFO: [ app_begin ] --END-- [ RunTime:0.000000s ]
SQL: SHOW COLUMNS FROM `app_category` [ RunTime:0.0000s ]
SQL: SHOW COLUMNS FROM `app_adver` [ RunTime:0.0156s ]
SQL: SHOW COLUMNS FROM `app_user` [ RunTime:0.0000s ]
SQL: SELECT `id`,`name`,`thumb` FROM `app_category` WHERE `groupid` = 3 AND `pid` = 0 ORDER BY sort ASC LIMIT 8   [ RunTime:0.0000s ]
SQL: SELECT `id`,`title`,`type`,`url`,`thumb` FROM `app_adver` WHERE `typeid` = 1 AND `status` = 1 ORDER BY date DESC LIMIT 4   [ RunTime:0.0000s ]
SQL: SELECT `birthday` FROM `app_user` WHERE `id` = 0 LIMIT 1   [ RunTime:0.0000s ]
NOTIC: [8] Undefined variable: date2 D:\wamp\www\api\Application\Common\Common\function.php 第 176 行.
NOTIC: [8] Undefined offset: 2 D:\wamp\www\api\Application\Common\Common\function.php 第 176 行.
NOTIC: [8] Undefined offset: 1 D:\wamp\www\api\Application\Common\Common\function.php 第 176 行.
NOTIC: [8] Undefined variable: date2 D:\wamp\www\api\Application\Common\Common\function.php 第 181 行.
SQL: SELECT `id`,`title`,`type`,`url`,`thumb` FROM `app_adver` WHERE `agerange` = '0-3' AND `typeid` = 2 AND `status` = 1 ORDER BY date DESC LIMIT 1   [ RunTime:0.0000s ]
SQL: SELECT `id`,`title`,`type`,`url`,`thumb` FROM `app_adver` WHERE `agerange` = '0-3' AND `typeid` = 3 AND `status` = 1 ORDER BY date DESC LIMIT 1   [ RunTime:0.0000s ]
SQL: SELECT `id`,`title`,`type`,`url`,`thumb` FROM `app_adver` WHERE `agerange` = '0-3' AND `typeid` = 4 AND `status` = 1 ORDER BY date DESC LIMIT 2   [ RunTime:0.0000s ]
SQL: SELECT `id`,`title`,`type`,`url`,`thumb` FROM `app_adver` WHERE `agerange` = '0-3' AND `typeid` = 2 AND `status` = 1 ORDER BY date DESC LIMIT 1   [ RunTime:0.0000s ]
SQL: SELECT `id`,`title`,`type`,`url`,`thumb` FROM `app_adver` WHERE `agerange` = '0-3' AND `typeid` = 3 AND `status` = 1 ORDER BY date DESC LIMIT 1   [ RunTime:0.0000s ]
NOTIC: [2] Missing argument 4 for Think\Controller::apiReturn(), called in D:\wamp\www\api\Application\Home\Controller\IndexController.class.php on line 42 and defined D:\wamp\www\api\ThinkPHP\Library\Think\Controller.class.php 第 244 行.
NOTIC: [8] Undefined variable: type D:\wamp\www\api\ThinkPHP\Library\Think\Controller.class.php 第 253 行.

[ 2016-10-07T14:23:58+08:00 ] 192.168.11.218 /api/index.php/Home/Index/indexApi
INFO: [ app_init ] --START--
INFO: Run Behavior\BuildLiteBehavior [ RunTime:0.000000s ]
INFO: [ app_init ] --END-- [ RunTime:0.000000s ]
INFO: [ app_begin ] --START--
INFO: Run Behavior\ReadHtmlCacheBehavior [ RunTime:0.000000s ]
INFO: [ app_begin ] --END-- [ RunTime:0.000000s ]
SQL: SHOW COLUMNS FROM `app_category` [ RunTime:0.0000s ]
SQL: SHOW COLUMNS FROM `app_adver` [ RunTime:0.0000s ]
SQL: SHOW COLUMNS FROM `app_user` [ RunTime:0.0000s ]
SQL: SELECT `id`,`name`,`thumb` FROM `app_category` WHERE `groupid` = 3 AND `pid` = 0 ORDER BY sort ASC LIMIT 8   [ RunTime:0.0000s ]
SQL: SELECT `id`,`title`,`type`,`url`,`thumb` FROM `app_adver` WHERE `typeid` = 1 AND `status` = 1 ORDER BY date DESC LIMIT 4   [ RunTime:0.0000s ]
SQL: SELECT `birthday` FROM `app_user` WHERE `id` = 0 LIMIT 1   [ RunTime:0.0000s ]
NOTIC: [8] Undefined variable: date2 D:\wamp\www\api\Application\Common\Common\function.php 第 176 行.
NOTIC: [8] Undefined offset: 2 D:\wamp\www\api\Application\Common\Common\function.php 第 176 行.
NOTIC: [8] Undefined offset: 1 D:\wamp\www\api\Application\Common\Common\function.php 第 176 行.
NOTIC: [8] Undefined variable: date2 D:\wamp\www\api\Application\Common\Common\function.php 第 181 行.
SQL: SELECT `id`,`title`,`type`,`url`,`thumb` FROM `app_adver` WHERE `agerange` = '0-3' AND `typeid` = 2 AND `status` = 1 ORDER BY date DESC LIMIT 1   [ RunTime:0.0000s ]
SQL: SELECT `id`,`title`,`type`,`url`,`thumb` FROM `app_adver` WHERE `agerange` = '0-3' AND `typeid` = 3 AND `status` = 1 ORDER BY date DESC LIMIT 1   [ RunTime:0.0000s ]
SQL: SELECT `id`,`title`,`type`,`url`,`thumb` FROM `app_adver` WHERE `agerange` = '0-3' AND `typeid` = 4 AND `status` = 1 ORDER BY date DESC LIMIT 2   [ RunTime:0.0000s ]
SQL: SELECT `id`,`title`,`type`,`url`,`thumb` FROM `app_adver` WHERE `agerange` = '0-3' AND `typeid` = 2 AND `status` = 1 ORDER BY date DESC LIMIT 1   [ RunTime:0.0000s ]
SQL: SELECT `id`,`title`,`type`,`url`,`thumb` FROM `app_adver` WHERE `agerange` = '0-3' AND `typeid` = 3 AND `status` = 1 ORDER BY date DESC LIMIT 1   [ RunTime:0.0000s ]
NOTIC: [2] Missing argument 4 for Think\Controller::apiReturn(), called in D:\wamp\www\api\Application\Home\Controller\IndexController.class.php on line 42 and defined D:\wamp\www\api\ThinkPHP\Library\Think\Controller.class.php 第 244 行.
NOTIC: [8] Undefined variable: type D:\wamp\www\api\ThinkPHP\Library\Think\Controller.class.php 第 253 行.

[ 2016-10-07T14:23:58+08:00 ] 192.168.11.218 /api/index.php/Home/Index/indexApi
INFO: [ app_init ] --START--
INFO: Run Behavior\BuildLiteBehavior [ RunTime:0.000000s ]
INFO: [ app_init ] --END-- [ RunTime:0.000000s ]
INFO: [ app_begin ] --START--
INFO: Run Behavior\ReadHtmlCacheBehavior [ RunTime:0.000000s ]
INFO: [ app_begin ] --END-- [ RunTime:0.000000s ]
SQL: SHOW COLUMNS FROM `app_category` [ RunTime:0.0000s ]
SQL: SHOW COLUMNS FROM `app_adver` [ RunTime:0.0000s ]
SQL: SHOW COLUMNS FROM `app_user` [ RunTime:0.0000s ]
SQL: SELECT `id`,`name`,`thumb` FROM `app_category` WHERE `groupid` = 3 AND `pid` = 0 ORDER BY sort ASC LIMIT 8   [ RunTime:0.0000s ]
SQL: SELECT `id`,`title`,`type`,`url`,`thumb` FROM `app_adver` WHERE `typeid` = 1 AND `status` = 1 ORDER BY date DESC LIMIT 4   [ RunTime:0.0000s ]
SQL: SELECT `birthday` FROM `app_user` WHERE `id` = 0 LIMIT 1   [ RunTime:0.0000s ]
NOTIC: [8] Undefined variable: date2 D:\wamp\www\api\Application\Common\Common\function.php 第 176 行.
NOTIC: [8] Undefined offset: 2 D:\wamp\www\api\Application\Common\Common\function.php 第 176 行.
NOTIC: [8] Undefined offset: 1 D:\wamp\www\api\Application\Common\Common\function.php 第 176 行.
NOTIC: [8] Undefined variable: date2 D:\wamp\www\api\Application\Common\Common\function.php 第 181 行.
SQL: SELECT `id`,`title`,`type`,`url`,`thumb` FROM `app_adver` WHERE `agerange` = '0-3' AND `typeid` = 2 AND `status` = 1 ORDER BY date DESC LIMIT 1   [ RunTime:0.0000s ]
SQL: SELECT `id`,`title`,`type`,`url`,`thumb` FROM `app_adver` WHERE `agerange` = '0-3' AND `typeid` = 3 AND `status` = 1 ORDER BY date DESC LIMIT 1   [ RunTime:0.0000s ]
SQL: SELECT `id`,`title`,`type`,`url`,`thumb` FROM `app_adver` WHERE `agerange` = '0-3' AND `typeid` = 4 AND `status` = 1 ORDER BY date DESC LIMIT 2   [ RunTime:0.0000s ]
SQL: SELECT `id`,`title`,`type`,`url`,`thumb` FROM `app_adver` WHERE `agerange` = '0-3' AND `typeid` = 2 AND `status` = 1 ORDER BY date DESC LIMIT 1   [ RunTime:0.0000s ]
SQL: SELECT `id`,`title`,`type`,`url`,`thumb` FROM `app_adver` WHERE `agerange` = '0-3' AND `typeid` = 3 AND `status` = 1 ORDER BY date DESC LIMIT 1   [ RunTime:0.0000s ]
NOTIC: [2] Missing argument 4 for Think\Controller::apiReturn(), called in D:\wamp\www\api\Application\Home\Controller\IndexController.class.php on line 42 and defined D:\wamp\www\api\ThinkPHP\Library\Think\Controller.class.php 第 244 行.
NOTIC: [8] Undefined variable: type D:\wamp\www\api\ThinkPHP\Library\Think\Controller.class.php 第 253 行.

[ 2016-10-07T14:23:58+08:00 ] 192.168.11.218 /api/index.php/Home/Index/indexApi
INFO: [ app_init ] --START--
INFO: Run Behavior\BuildLiteBehavior [ RunTime:0.000000s ]
INFO: [ app_init ] --END-- [ RunTime:0.000000s ]
INFO: [ app_begin ] --START--
INFO: Run Behavior\ReadHtmlCacheBehavior [ RunTime:0.000000s ]
INFO: [ app_begin ] --END-- [ RunTime:0.000000s ]
SQL: SHOW COLUMNS FROM `app_category` [ RunTime:0.0000s ]
SQL: SHOW COLUMNS FROM `app_adver` [ RunTime:0.0000s ]
SQL: SHOW COLUMNS FROM `app_user` [ RunTime:0.0000s ]
SQL: SELECT `id`,`name`,`thumb` FROM `app_category` WHERE `groupid` = 3 AND `pid` = 0 ORDER BY sort ASC LIMIT 8   [ RunTime:0.0000s ]
SQL: SELECT `id`,`title`,`type`,`url`,`thumb` FROM `app_adver` WHERE `typeid` = 1 AND `status` = 1 ORDER BY date DESC LIMIT 4   [ RunTime:0.0000s ]
SQL: SELECT `birthday` FROM `app_user` WHERE `id` = 0 LIMIT 1   [ RunTime:0.0156s ]
NOTIC: [8] Undefined variable: date2 D:\wamp\www\api\Application\Common\Common\function.php 第 176 行.
NOTIC: [8] Undefined offset: 2 D:\wamp\www\api\Application\Common\Common\function.php 第 176 行.
NOTIC: [8] Undefined offset: 1 D:\wamp\www\api\Application\Common\Common\function.php 第 176 行.
NOTIC: [8] Undefined variable: date2 D:\wamp\www\api\Application\Common\Common\function.php 第 181 行.
SQL: SELECT `id`,`title`,`type`,`url`,`thumb` FROM `app_adver` WHERE `agerange` = '0-3' AND `typeid` = 2 AND `status` = 1 ORDER BY date DESC LIMIT 1   [ RunTime:0.0000s ]
SQL: SELECT `id`,`title`,`type`,`url`,`thumb` FROM `app_adver` WHERE `agerange` = '0-3' AND `typeid` = 3 AND `status` = 1 ORDER BY date DESC LIMIT 1   [ RunTime:0.0000s ]
SQL: SELECT `id`,`title`,`type`,`url`,`thumb` FROM `app_adver` WHERE `agerange` = '0-3' AND `typeid` = 4 AND `status` = 1 ORDER BY date DESC LIMIT 2   [ RunTime:0.0000s ]
SQL: SELECT `id`,`title`,`type`,`url`,`thumb` FROM `app_adver` WHERE `agerange` = '0-3' AND `typeid` = 2 AND `status` = 1 ORDER BY date DESC LIMIT 1   [ RunTime:0.0000s ]
SQL: SELECT `id`,`title`,`type`,`url`,`thumb` FROM `app_adver` WHERE `agerange` = '0-3' AND `typeid` = 3 AND `status` = 1 ORDER BY date DESC LIMIT 1   [ RunTime:0.0000s ]
NOTIC: [2] Missing argument 4 for Think\Controller::apiReturn(), called in D:\wamp\www\api\Application\Home\Controller\IndexController.class.php on line 42 and defined D:\wamp\www\api\ThinkPHP\Library\Think\Controller.class.php 第 244 行.
NOTIC: [8] Undefined variable: type D:\wamp\www\api\ThinkPHP\Library\Think\Controller.class.php 第 253 行.

[ 2016-10-07T14:23:58+08:00 ] 192.168.11.218 /api/index.php/Home/Index/indexApi
INFO: [ app_init ] --START--
INFO: Run Behavior\BuildLiteBehavior [ RunTime:0.000000s ]
INFO: [ app_init ] --END-- [ RunTime:0.000000s ]
INFO: [ app_begin ] --START--
INFO: Run Behavior\ReadHtmlCacheBehavior [ RunTime:0.015600s ]
INFO: [ app_begin ] --END-- [ RunTime:0.015600s ]
SQL: SHOW COLUMNS FROM `app_category` [ RunTime:0.0000s ]
SQL: SHOW COLUMNS FROM `app_adver` [ RunTime:0.0000s ]
SQL: SHOW COLUMNS FROM `app_user` [ RunTime:0.0000s ]
SQL: SELECT `id`,`name`,`thumb` FROM `app_category` WHERE `groupid` = 3 AND `pid` = 0 ORDER BY sort ASC LIMIT 8   [ RunTime:0.0000s ]
SQL: SELECT `id`,`title`,`type`,`url`,`thumb` FROM `app_adver` WHERE `typeid` = 1 AND `status` = 1 ORDER BY date DESC LIMIT 4   [ RunTime:0.0000s ]
SQL: SELECT `birthday` FROM `app_user` WHERE `id` = 0 LIMIT 1   [ RunTime:0.0000s ]
NOTIC: [8] Undefined variable: date2 D:\wamp\www\api\Application\Common\Common\function.php 第 176 行.
NOTIC: [8] Undefined offset: 2 D:\wamp\www\api\Application\Common\Common\function.php 第 176 行.
NOTIC: [8] Undefined offset: 1 D:\wamp\www\api\Application\Common\Common\function.php 第 176 行.
NOTIC: [8] Undefined variable: date2 D:\wamp\www\api\Application\Common\Common\function.php 第 181 行.
SQL: SELECT `id`,`title`,`type`,`url`,`thumb` FROM `app_adver` WHERE `agerange` = '0-3' AND `typeid` = 2 AND `status` = 1 ORDER BY date DESC LIMIT 1   [ RunTime:0.0000s ]
SQL: SELECT `id`,`title`,`type`,`url`,`thumb` FROM `app_adver` WHERE `agerange` = '0-3' AND `typeid` = 3 AND `status` = 1 ORDER BY date DESC LIMIT 1   [ RunTime:0.0000s ]
SQL: SELECT `id`,`title`,`type`,`url`,`thumb` FROM `app_adver` WHERE `agerange` = '0-3' AND `typeid` = 4 AND `status` = 1 ORDER BY date DESC LIMIT 2   [ RunTime:0.0000s ]
SQL: SELECT `id`,`title`,`type`,`url`,`thumb` FROM `app_adver` WHERE `agerange` = '0-3' AND `typeid` = 2 AND `status` = 1 ORDER BY date DESC LIMIT 1   [ RunTime:0.0156s ]
SQL: SELECT `id`,`title`,`type`,`url`,`thumb` FROM `app_adver` WHERE `agerange` = '0-3' AND `typeid` = 3 AND `status` = 1 ORDER BY date DESC LIMIT 1   [ RunTime:0.0000s ]
NOTIC: [2] Missing argument 4 for Think\Controller::apiReturn(), called in D:\wamp\www\api\Application\Home\Controller\IndexController.class.php on line 42 and defined D:\wamp\www\api\ThinkPHP\Library\Think\Controller.class.php 第 244 行.
NOTIC: [8] Undefined variable: type D:\wamp\www\api\ThinkPHP\Library\Think\Controller.class.php 第 253 行.

[ 2016-10-07T14:23:59+08:00 ] 192.168.11.218 /api/index.php/Home/Index/indexApi
INFO: [ app_init ] --START--
INFO: Run Behavior\BuildLiteBehavior [ RunTime:0.000000s ]
INFO: [ app_init ] --END-- [ RunTime:0.000000s ]
INFO: [ app_begin ] --START--
INFO: Run Behavior\ReadHtmlCacheBehavior [ RunTime:0.000000s ]
INFO: [ app_begin ] --END-- [ RunTime:0.015600s ]
SQL: SHOW COLUMNS FROM `app_category` [ RunTime:0.0000s ]
SQL: SHOW COLUMNS FROM `app_adver` [ RunTime:0.0000s ]
SQL: SHOW COLUMNS FROM `app_user` [ RunTime:0.0000s ]
SQL: SELECT `id`,`name`,`thumb` FROM `app_category` WHERE `groupid` = 3 AND `pid` = 0 ORDER BY sort ASC LIMIT 8   [ RunTime:0.0000s ]
SQL: SELECT `id`,`title`,`type`,`url`,`thumb` FROM `app_adver` WHERE `typeid` = 1 AND `status` = 1 ORDER BY date DESC LIMIT 4   [ RunTime:0.0000s ]
SQL: SELECT `birthday` FROM `app_user` WHERE `id` = 0 LIMIT 1   [ RunTime:0.0000s ]
NOTIC: [8] Undefined variable: date2 D:\wamp\www\api\Application\Common\Common\function.php 第 176 行.
NOTIC: [8] Undefined offset: 2 D:\wamp\www\api\Application\Common\Common\function.php 第 176 行.
NOTIC: [8] Undefined offset: 1 D:\wamp\www\api\Application\Common\Common\function.php 第 176 行.
NOTIC: [8] Undefined variable: date2 D:\wamp\www\api\Application\Common\Common\function.php 第 181 行.
SQL: SELECT `id`,`title`,`type`,`url`,`thumb` FROM `app_adver` WHERE `agerange` = '0-3' AND `typeid` = 2 AND `status` = 1 ORDER BY date DESC LIMIT 1   [ RunTime:0.0000s ]
SQL: SELECT `id`,`title`,`type`,`url`,`thumb` FROM `app_adver` WHERE `agerange` = '0-3' AND `typeid` = 3 AND `status` = 1 ORDER BY date DESC LIMIT 1   [ RunTime:0.0000s ]
SQL: SELECT `id`,`title`,`type`,`url`,`thumb` FROM `app_adver` WHERE `agerange` = '0-3' AND `typeid` = 4 AND `status` = 1 ORDER BY date DESC LIMIT 2   [ RunTime:0.0000s ]
SQL: SELECT `id`,`title`,`type`,`url`,`thumb` FROM `app_adver` WHERE `agerange` = '0-3' AND `typeid` = 2 AND `status` = 1 ORDER BY date DESC LIMIT 1   [ RunTime:0.0000s ]
SQL: SELECT `id`,`title`,`type`,`url`,`thumb` FROM `app_adver` WHERE `agerange` = '0-3' AND `typeid` = 3 AND `status` = 1 ORDER BY date DESC LIMIT 1   [ RunTime:0.0000s ]
NOTIC: [2] Missing argument 4 for Think\Controller::apiReturn(), called in D:\wamp\www\api\Application\Home\Controller\IndexController.class.php on line 42 and defined D:\wamp\www\api\ThinkPHP\Library\Think\Controller.class.php 第 244 行.
NOTIC: [8] Undefined variable: type D:\wamp\www\api\ThinkPHP\Library\Think\Controller.class.php 第 253 行.

[ 2016-10-07T14:23:59+08:00 ] 192.168.11.218 /api/index.php/Home/Index/indexApi
INFO: [ app_init ] --START--
INFO: Run Behavior\BuildLiteBehavior [ RunTime:0.000000s ]
INFO: [ app_init ] --END-- [ RunTime:0.000000s ]
INFO: [ app_begin ] --START--
INFO: Run Behavior\ReadHtmlCacheBehavior [ RunTime:0.000000s ]
INFO: [ app_begin ] --END-- [ RunTime:0.000000s ]
SQL: SHOW COLUMNS FROM `app_category` [ RunTime:0.0000s ]
SQL: SHOW COLUMNS FROM `app_adver` [ RunTime:0.0000s ]
SQL: SHOW COLUMNS FROM `app_user` [ RunTime:0.0156s ]
SQL: SELECT `id`,`name`,`thumb` FROM `app_category` WHERE `groupid` = 3 AND `pid` = 0 ORDER BY sort ASC LIMIT 8   [ RunTime:0.0000s ]
SQL: SELECT `id`,`title`,`type`,`url`,`thumb` FROM `app_adver` WHERE `typeid` = 1 AND `status` = 1 ORDER BY date DESC LIMIT 4   [ RunTime:0.0000s ]
SQL: SELECT `birthday` FROM `app_user` WHERE `id` = 0 LIMIT 1   [ RunTime:0.0000s ]
NOTIC: [8] Undefined variable: date2 D:\wamp\www\api\Application\Common\Common\function.php 第 176 行.
NOTIC: [8] Undefined offset: 2 D:\wamp\www\api\Application\Common\Common\function.php 第 176 行.
NOTIC: [8] Undefined offset: 1 D:\wamp\www\api\Application\Common\Common\function.php 第 176 行.
NOTIC: [8] Undefined variable: date2 D:\wamp\www\api\Application\Common\Common\function.php 第 181 行.
SQL: SELECT `id`,`title`,`type`,`url`,`thumb` FROM `app_adver` WHERE `agerange` = '0-3' AND `typeid` = 2 AND `status` = 1 ORDER BY date DESC LIMIT 1   [ RunTime:0.0000s ]
SQL: SELECT `id`,`title`,`type`,`url`,`thumb` FROM `app_adver` WHERE `agerange` = '0-3' AND `typeid` = 3 AND `status` = 1 ORDER BY date DESC LIMIT 1   [ RunTime:0.0000s ]
SQL: SELECT `id`,`title`,`type`,`url`,`thumb` FROM `app_adver` WHERE `agerange` = '0-3' AND `typeid` = 4 AND `status` = 1 ORDER BY date DESC LIMIT 2   [ RunTime:0.0000s ]
SQL: SELECT `id`,`title`,`type`,`url`,`thumb` FROM `app_adver` WHERE `agerange` = '0-3' AND `typeid` = 2 AND `status` = 1 ORDER BY date DESC LIMIT 1   [ RunTime:0.0000s ]
SQL: SELECT `id`,`title`,`type`,`url`,`thumb` FROM `app_adver` WHERE `agerange` = '0-3' AND `typeid` = 3 AND `status` = 1 ORDER BY date DESC LIMIT 1   [ RunTime:0.0000s ]
NOTIC: [2] Missing argument 4 for Think\Controller::apiReturn(), called in D:\wamp\www\api\Application\Home\Controller\IndexController.class.php on line 42 and defined D:\wamp\www\api\ThinkPHP\Library\Think\Controller.class.php 第 244 行.
NOTIC: [8] Undefined variable: type D:\wamp\www\api\ThinkPHP\Library\Think\Controller.class.php 第 253 行.

[ 2016-10-07T14:23:59+08:00 ] 192.168.11.218 /api/index.php/Home/Index/indexApi
INFO: [ app_init ] --START--
INFO: Run Behavior\BuildLiteBehavior [ RunTime:0.000000s ]
INFO: [ app_init ] --END-- [ RunTime:0.000000s ]
INFO: [ app_begin ] --START--
INFO: Run Behavior\ReadHtmlCacheBehavior [ RunTime:0.000000s ]
INFO: [ app_begin ] --END-- [ RunTime:0.000000s ]
SQL: SHOW COLUMNS FROM `app_category` [ RunTime:0.0000s ]
SQL: SHOW COLUMNS FROM `app_adver` [ RunTime:0.0000s ]
SQL: SHOW COLUMNS FROM `app_user` [ RunTime:0.0000s ]
SQL: SELECT `id`,`name`,`thumb` FROM `app_category` WHERE `groupid` = 3 AND `pid` = 0 ORDER BY sort ASC LIMIT 8   [ RunTime:0.0000s ]
SQL: SELECT `id`,`title`,`type`,`url`,`thumb` FROM `app_adver` WHERE `typeid` = 1 AND `status` = 1 ORDER BY date DESC LIMIT 4   [ RunTime:0.0000s ]
SQL: SELECT `birthday` FROM `app_user` WHERE `id` = 0 LIMIT 1   [ RunTime:0.0000s ]
NOTIC: [8] Undefined variable: date2 D:\wamp\www\api\Application\Common\Common\function.php 第 176 行.
NOTIC: [8] Undefined offset: 2 D:\wamp\www\api\Application\Common\Common\function.php 第 176 行.
NOTIC: [8] Undefined offset: 1 D:\wamp\www\api\Application\Common\Common\function.php 第 176 行.
NOTIC: [8] Undefined variable: date2 D:\wamp\www\api\Application\Common\Common\function.php 第 181 行.
SQL: SELECT `id`,`title`,`type`,`url`,`thumb` FROM `app_adver` WHERE `agerange` = '0-3' AND `typeid` = 2 AND `status` = 1 ORDER BY date DESC LIMIT 1   [ RunTime:0.0000s ]
SQL: SELECT `id`,`title`,`type`,`url`,`thumb` FROM `app_adver` WHERE `agerange` = '0-3' AND `typeid` = 3 AND `status` = 1 ORDER BY date DESC LIMIT 1   [ RunTime:0.0000s ]
SQL: SELECT `id`,`title`,`type`,`url`,`thumb` FROM `app_adver` WHERE `agerange` = '0-3' AND `typeid` = 4 AND `status` = 1 ORDER BY date DESC LIMIT 2   [ RunTime:0.0000s ]
SQL: SELECT `id`,`title`,`type`,`url`,`thumb` FROM `app_adver` WHERE `agerange` = '0-3' AND `typeid` = 2 AND `status` = 1 ORDER BY date DESC LIMIT 1   [ RunTime:0.0000s ]
SQL: SELECT `id`,`title`,`type`,`url`,`thumb` FROM `app_adver` WHERE `agerange` = '0-3' AND `typeid` = 3 AND `status` = 1 ORDER BY date DESC LIMIT 1   [ RunTime:0.0000s ]
NOTIC: [2] Missing argument 4 for Think\Controller::apiReturn(), called in D:\wamp\www\api\Application\Home\Controller\IndexController.class.php on line 42 and defined D:\wamp\www\api\ThinkPHP\Library\Think\Controller.class.php 第 244 行.
NOTIC: [8] Undefined variable: type D:\wamp\www\api\ThinkPHP\Library\Think\Controller.class.php 第 253 行.

[ 2016-10-07T14:24:00+08:00 ] 192.168.11.218 /api/index.php/Home/Index/indexApi
INFO: [ app_init ] --START--
INFO: Run Behavior\BuildLiteBehavior [ RunTime:0.000000s ]
INFO: [ app_init ] --END-- [ RunTime:0.000000s ]
INFO: [ app_begin ] --START--
INFO: Run Behavior\ReadHtmlCacheBehavior [ RunTime:0.000000s ]
INFO: [ app_begin ] --END-- [ RunTime:0.000000s ]
SQL: SHOW COLUMNS FROM `app_category` [ RunTime:0.0000s ]
SQL: SHOW COLUMNS FROM `app_adver` [ RunTime:0.0000s ]
SQL: SHOW COLUMNS FROM `app_user` [ RunTime:0.0000s ]
SQL: SELECT `id`,`name`,`thumb` FROM `app_category` WHERE `groupid` = 3 AND `pid` = 0 ORDER BY sort ASC LIMIT 8   [ RunTime:0.0000s ]
SQL: SELECT `id`,`title`,`type`,`url`,`thumb` FROM `app_adver` WHERE `typeid` = 1 AND `status` = 1 ORDER BY date DESC LIMIT 4   [ RunTime:0.0000s ]
SQL: SELECT `birthday` FROM `app_user` WHERE `id` = 0 LIMIT 1   [ RunTime:0.0000s ]
NOTIC: [8] Undefined variable: date2 D:\wamp\www\api\Application\Common\Common\function.php 第 176 行.
NOTIC: [8] Undefined offset: 2 D:\wamp\www\api\Application\Common\Common\function.php 第 176 行.
NOTIC: [8] Undefined offset: 1 D:\wamp\www\api\Application\Common\Common\function.php 第 176 行.
NOTIC: [8] Undefined variable: date2 D:\wamp\www\api\Application\Common\Common\function.php 第 181 行.
SQL: SELECT `id`,`title`,`type`,`url`,`thumb` FROM `app_adver` WHERE `agerange` = '0-3' AND `typeid` = 2 AND `status` = 1 ORDER BY date DESC LIMIT 1   [ RunTime:0.0000s ]
SQL: SELECT `id`,`title`,`type`,`url`,`thumb` FROM `app_adver` WHERE `agerange` = '0-3' AND `typeid` = 3 AND `status` = 1 ORDER BY date DESC LIMIT 1   [ RunTime:0.0000s ]
SQL: SELECT `id`,`title`,`type`,`url`,`thumb` FROM `app_adver` WHERE `agerange` = '0-3' AND `typeid` = 4 AND `status` = 1 ORDER BY date DESC LIMIT 2   [ RunTime:0.0000s ]
SQL: SELECT `id`,`title`,`type`,`url`,`thumb` FROM `app_adver` WHERE `agerange` = '0-3' AND `typeid` = 2 AND `status` = 1 ORDER BY date DESC LIMIT 1   [ RunTime:0.0000s ]
SQL: SELECT `id`,`title`,`type`,`url`,`thumb` FROM `app_adver` WHERE `agerange` = '0-3' AND `typeid` = 3 AND `status` = 1 ORDER BY date DESC LIMIT 1   [ RunTime:0.0000s ]
NOTIC: [2] Missing argument 4 for Think\Controller::apiReturn(), called in D:\wamp\www\api\Application\Home\Controller\IndexController.class.php on line 42 and defined D:\wamp\www\api\ThinkPHP\Library\Think\Controller.class.php 第 244 行.
NOTIC: [8] Undefined variable: type D:\wamp\www\api\ThinkPHP\Library\Think\Controller.class.php 第 253 行.

[ 2016-10-07T14:24:00+08:00 ] 192.168.11.218 /api/index.php/Home/Index/indexApi
INFO: [ app_init ] --START--
INFO: Run Behavior\BuildLiteBehavior [ RunTime:0.000000s ]
INFO: [ app_init ] --END-- [ RunTime:0.000000s ]
INFO: [ app_begin ] --START--
INFO: Run Behavior\ReadHtmlCacheBehavior [ RunTime:0.000000s ]
INFO: [ app_begin ] --END-- [ RunTime:0.000000s ]
SQL: SHOW COLUMNS FROM `app_category` [ RunTime:0.0156s ]
SQL: SHOW COLUMNS FROM `app_adver` [ RunTime:0.0000s ]
SQL: SHOW COLUMNS FROM `app_user` [ RunTime:0.0000s ]
SQL: SELECT `id`,`name`,`thumb` FROM `app_category` WHERE `groupid` = 3 AND `pid` = 0 ORDER BY sort ASC LIMIT 8   [ RunTime:0.0000s ]
SQL: SELECT `id`,`title`,`type`,`url`,`thumb` FROM `app_adver` WHERE `typeid` = 1 AND `status` = 1 ORDER BY date DESC LIMIT 4   [ RunTime:0.0000s ]
SQL: SELECT `birthday` FROM `app_user` WHERE `id` = 0 LIMIT 1   [ RunTime:0.0000s ]
NOTIC: [8] Undefined variable: date2 D:\wamp\www\api\Application\Common\Common\function.php 第 176 行.
NOTIC: [8] Undefined offset: 2 D:\wamp\www\api\Application\Common\Common\function.php 第 176 行.
NOTIC: [8] Undefined offset: 1 D:\wamp\www\api\Application\Common\Common\function.php 第 176 行.
NOTIC: [8] Undefined variable: date2 D:\wamp\www\api\Application\Common\Common\function.php 第 181 行.
SQL: SELECT `id`,`title`,`type`,`url`,`thumb` FROM `app_adver` WHERE `agerange` = '0-3' AND `typeid` = 2 AND `status` = 1 ORDER BY date DESC LIMIT 1   [ RunTime:0.0000s ]
SQL: SELECT `id`,`title`,`type`,`url`,`thumb` FROM `app_adver` WHERE `agerange` = '0-3' AND `typeid` = 3 AND `status` = 1 ORDER BY date DESC LIMIT 1   [ RunTime:0.0000s ]
SQL: SELECT `id`,`title`,`type`,`url`,`thumb` FROM `app_adver` WHERE `agerange` = '0-3' AND `typeid` = 4 AND `status` = 1 ORDER BY date DESC LIMIT 2   [ RunTime:0.0000s ]
SQL: SELECT `id`,`title`,`type`,`url`,`thumb` FROM `app_adver` WHERE `agerange` = '0-3' AND `typeid` = 2 AND `status` = 1 ORDER BY date DESC LIMIT 1   [ RunTime:0.0000s ]
SQL: SELECT `id`,`title`,`type`,`url`,`thumb` FROM `app_adver` WHERE `agerange` = '0-3' AND `typeid` = 3 AND `status` = 1 ORDER BY date DESC LIMIT 1   [ RunTime:0.0156s ]
NOTIC: [2] Missing argument 4 for Think\Controller::apiReturn(), called in D:\wamp\www\api\Application\Home\Controller\IndexController.class.php on line 42 and defined D:\wamp\www\api\ThinkPHP\Library\Think\Controller.class.php 第 244 行.
NOTIC: [8] Undefined variable: type D:\wamp\www\api\ThinkPHP\Library\Think\Controller.class.php 第 253 行.

[ 2016-10-07T14:24:00+08:00 ] 192.168.11.218 /api/index.php/Home/Index/indexApi
INFO: [ app_init ] --START--
INFO: Run Behavior\BuildLiteBehavior [ RunTime:0.000000s ]
INFO: [ app_init ] --END-- [ RunTime:0.000000s ]
INFO: [ app_begin ] --START--
INFO: Run Behavior\ReadHtmlCacheBehavior [ RunTime:0.000000s ]
INFO: [ app_begin ] --END-- [ RunTime:0.000000s ]
SQL: SHOW COLUMNS FROM `app_category` [ RunTime:0.0000s ]
SQL: SHOW COLUMNS FROM `app_adver` [ RunTime:0.0000s ]
SQL: SHOW COLUMNS FROM `app_user` [ RunTime:0.0156s ]
SQL: SELECT `id`,`name`,`thumb` FROM `app_category` WHERE `groupid` = 3 AND `pid` = 0 ORDER BY sort ASC LIMIT 8   [ RunTime:0.0000s ]
SQL: SELECT `id`,`title`,`type`,`url`,`thumb` FROM `app_adver` WHERE `typeid` = 1 AND `status` = 1 ORDER BY date DESC LIMIT 4   [ RunTime:0.0000s ]
SQL: SELECT `birthday` FROM `app_user` WHERE `id` = 0 LIMIT 1   [ RunTime:0.0000s ]
NOTIC: [8] Undefined variable: date2 D:\wamp\www\api\Application\Common\Common\function.php 第 176 行.
NOTIC: [8] Undefined offset: 2 D:\wamp\www\api\Application\Common\Common\function.php 第 176 行.
NOTIC: [8] Undefined offset: 1 D:\wamp\www\api\Application\Common\Common\function.php 第 176 行.
NOTIC: [8] Undefined variable: date2 D:\wamp\www\api\Application\Common\Common\function.php 第 181 行.
SQL: SELECT `id`,`title`,`type`,`url`,`thumb` FROM `app_adver` WHERE `agerange` = '0-3' AND `typeid` = 2 AND `status` = 1 ORDER BY date DESC LIMIT 1   [ RunTime:0.0000s ]
SQL: SELECT `id`,`title`,`type`,`url`,`thumb` FROM `app_adver` WHERE `agerange` = '0-3' AND `typeid` = 3 AND `status` = 1 ORDER BY date DESC LIMIT 1   [ RunTime:0.0000s ]
SQL: SELECT `id`,`title`,`type`,`url`,`thumb` FROM `app_adver` WHERE `agerange` = '0-3' AND `typeid` = 4 AND `status` = 1 ORDER BY date DESC LIMIT 2   [ RunTime:0.0000s ]
SQL: SELECT `id`,`title`,`type`,`url`,`thumb` FROM `app_adver` WHERE `agerange` = '0-3' AND `typeid` = 2 AND `status` = 1 ORDER BY date DESC LIMIT 1   [ RunTime:0.0000s ]
SQL: SELECT `id`,`title`,`type`,`url`,`thumb` FROM `app_adver` WHERE `agerange` = '0-3' AND `typeid` = 3 AND `status` = 1 ORDER BY date DESC LIMIT 1   [ RunTime:0.0000s ]
NOTIC: [2] Missing argument 4 for Think\Controller::apiReturn(), called in D:\wamp\www\api\Application\Home\Controller\IndexController.class.php on line 42 and defined D:\wamp\www\api\ThinkPHP\Library\Think\Controller.class.php 第 244 行.
NOTIC: [8] Undefined variable: type D:\wamp\www\api\ThinkPHP\Library\Think\Controller.class.php 第 253 行.

[ 2016-10-07T14:24:00+08:00 ] 192.168.11.218 /api/index.php/Home/Index/indexApi
INFO: [ app_init ] --START--
INFO: Run Behavior\BuildLiteBehavior [ RunTime:0.000000s ]
INFO: [ app_init ] --END-- [ RunTime:0.000000s ]
INFO: [ app_begin ] --START--
INFO: Run Behavior\ReadHtmlCacheBehavior [ RunTime:0.000000s ]
INFO: [ app_begin ] --END-- [ RunTime:0.000000s ]
SQL: SHOW COLUMNS FROM `app_category` [ RunTime:0.0000s ]
SQL: SHOW COLUMNS FROM `app_adver` [ RunTime:0.0000s ]
SQL: SHOW COLUMNS FROM `app_user` [ RunTime:0.0156s ]
SQL: SELECT `id`,`name`,`thumb` FROM `app_category` WHERE `groupid` = 3 AND `pid` = 0 ORDER BY sort ASC LIMIT 8   [ RunTime:0.0000s ]
SQL: SELECT `id`,`title`,`type`,`url`,`thumb` FROM `app_adver` WHERE `typeid` = 1 AND `status` = 1 ORDER BY date DESC LIMIT 4   [ RunTime:0.0000s ]
SQL: SELECT `birthday` FROM `app_user` WHERE `id` = 0 LIMIT 1   [ RunTime:0.0000s ]
NOTIC: [8] Undefined variable: date2 D:\wamp\www\api\Application\Common\Common\function.php 第 176 行.
NOTIC: [8] Undefined offset: 2 D:\wamp\www\api\Application\Common\Common\function.php 第 176 行.
NOTIC: [8] Undefined offset: 1 D:\wamp\www\api\Application\Common\Common\function.php 第 176 行.
NOTIC: [8] Undefined variable: date2 D:\wamp\www\api\Application\Common\Common\function.php 第 181 行.
SQL: SELECT `id`,`title`,`type`,`url`,`thumb` FROM `app_adver` WHERE `agerange` = '0-3' AND `typeid` = 2 AND `status` = 1 ORDER BY date DESC LIMIT 1   [ RunTime:0.0000s ]
SQL: SELECT `id`,`title`,`type`,`url`,`thumb` FROM `app_adver` WHERE `agerange` = '0-3' AND `typeid` = 3 AND `status` = 1 ORDER BY date DESC LIMIT 1   [ RunTime:0.0000s ]
SQL: SELECT `id`,`title`,`type`,`url`,`thumb` FROM `app_adver` WHERE `agerange` = '0-3' AND `typeid` = 4 AND `status` = 1 ORDER BY date DESC LIMIT 2   [ RunTime:0.0000s ]
SQL: SELECT `id`,`title`,`type`,`url`,`thumb` FROM `app_adver` WHERE `agerange` = '0-3' AND `typeid` = 2 AND `status` = 1 ORDER BY date DESC LIMIT 1   [ RunTime:0.0000s ]
SQL: SELECT `id`,`title`,`type`,`url`,`thumb` FROM `app_adver` WHERE `agerange` = '0-3' AND `typeid` = 3 AND `status` = 1 ORDER BY date DESC LIMIT 1   [ RunTime:0.0000s ]
NOTIC: [2] Missing argument 4 for Think\Controller::apiReturn(), called in D:\wamp\www\api\Application\Home\Controller\IndexController.class.php on line 42 and defined D:\wamp\www\api\ThinkPHP\Library\Think\Controller.class.php 第 244 行.
NOTIC: [8] Undefined variable: type D:\wamp\www\api\ThinkPHP\Library\Think\Controller.class.php 第 253 行.

[ 2016-10-07T14:25:54+08:00 ] 192.168.11.218 /api/index.php/Home/Index/indexApi
INFO: [ app_init ] --START--
INFO: Run Behavior\BuildLiteBehavior [ RunTime:0.000000s ]
INFO: [ app_init ] --END-- [ RunTime:0.000000s ]
INFO: [ app_begin ] --START--
INFO: Run Behavior\ReadHtmlCacheBehavior [ RunTime:0.000000s ]
INFO: [ app_begin ] --END-- [ RunTime:0.000000s ]
SQL: SHOW COLUMNS FROM `app_category` [ RunTime:0.0000s ]
SQL: SHOW COLUMNS FROM `app_adver` [ RunTime:0.0000s ]
SQL: SHOW COLUMNS FROM `app_user` [ RunTime:0.0000s ]
SQL: SELECT `id`,`name`,`thumb` FROM `app_category` WHERE `groupid` = 3 AND `pid` = 0 ORDER BY sort ASC LIMIT 8   [ RunTime:0.0000s ]
SQL: SELECT `id`,`title`,`type`,`url`,`thumb` FROM `app_adver` WHERE `typeid` = 1 AND `status` = 1 ORDER BY date DESC LIMIT 4   [ RunTime:0.0000s ]
SQL: SELECT `birthday` FROM `app_user` WHERE `id` = 0 LIMIT 1   [ RunTime:0.0000s ]
NOTIC: [8] Undefined variable: date2 D:\wamp\www\api\Application\Common\Common\function.php 第 176 行.
NOTIC: [8] Undefined offset: 2 D:\wamp\www\api\Application\Common\Common\function.php 第 176 行.
NOTIC: [8] Undefined offset: 1 D:\wamp\www\api\Application\Common\Common\function.php 第 176 行.
NOTIC: [8] Undefined variable: date2 D:\wamp\www\api\Application\Common\Common\function.php 第 181 行.
SQL: SELECT `id`,`title`,`type`,`url`,`thumb` FROM `app_adver` WHERE `agerange` = '0-3' AND `typeid` = 2 AND `status` = 1 ORDER BY date DESC LIMIT 1   [ RunTime:0.0000s ]
SQL: SELECT `id`,`title`,`type`,`url`,`thumb` FROM `app_adver` WHERE `agerange` = '0-3' AND `typeid` = 3 AND `status` = 1 ORDER BY date DESC LIMIT 1   [ RunTime:0.0000s ]
SQL: SELECT `id`,`title`,`type`,`url`,`thumb` FROM `app_adver` WHERE `agerange` = '0-3' AND `typeid` = 4 AND `status` = 1 ORDER BY date DESC LIMIT 2   [ RunTime:0.0000s ]
SQL: SELECT `id`,`title`,`type`,`url`,`thumb` FROM `app_adver` WHERE `agerange` = '0-3' AND `typeid` = 2 AND `status` = 1 ORDER BY date DESC LIMIT 1   [ RunTime:0.0000s ]
SQL: SELECT `id`,`title`,`type`,`url`,`thumb` FROM `app_adver` WHERE `agerange` = '0-3' AND `typeid` = 3 AND `status` = 1 ORDER BY date DESC LIMIT 1   [ RunTime:0.0000s ]
NOTIC: [2] Missing argument 4 for Think\Controller::apiReturn(), called in D:\wamp\www\api\Application\Home\Controller\IndexController.class.php on line 42 and defined D:\wamp\www\api\ThinkPHP\Library\Think\Controller.class.php 第 244 行.
NOTIC: [8] Undefined variable: type D:\wamp\www\api\ThinkPHP\Library\Think\Controller.class.php 第 253 行.

[ 2016-10-07T14:26:10+08:00 ] 192.168.11.218 /api/index.php/Home/Index/indexApi
INFO: [ app_init ] --START--
INFO: Run Behavior\BuildLiteBehavior [ RunTime:0.000000s ]
INFO: [ app_init ] --END-- [ RunTime:0.000000s ]
INFO: [ app_begin ] --START--
INFO: Run Behavior\ReadHtmlCacheBehavior [ RunTime:0.000000s ]
INFO: [ app_begin ] --END-- [ RunTime:0.000000s ]
SQL: SHOW COLUMNS FROM `app_category` [ RunTime:0.0000s ]
SQL: SHOW COLUMNS FROM `app_adver` [ RunTime:0.0156s ]
SQL: SHOW COLUMNS FROM `app_user` [ RunTime:0.0000s ]
SQL: SELECT `id`,`name`,`thumb` FROM `app_category` WHERE `groupid` = 3 AND `pid` = 0 ORDER BY sort ASC LIMIT 8   [ RunTime:0.0000s ]
SQL: SELECT `id`,`title`,`type`,`url`,`thumb` FROM `app_adver` WHERE `typeid` = 1 AND `status` = 1 ORDER BY date DESC LIMIT 4   [ RunTime:0.0000s ]
SQL: SELECT `birthday` FROM `app_user` WHERE `id` = 0 LIMIT 1   [ RunTime:0.0000s ]
NOTIC: [8] Undefined variable: date2 D:\wamp\www\api\Application\Common\Common\function.php 第 176 行.
NOTIC: [8] Undefined offset: 2 D:\wamp\www\api\Application\Common\Common\function.php 第 176 行.
NOTIC: [8] Undefined offset: 1 D:\wamp\www\api\Application\Common\Common\function.php 第 176 行.
NOTIC: [8] Undefined variable: date2 D:\wamp\www\api\Application\Common\Common\function.php 第 181 行.
SQL: SELECT `id`,`title`,`type`,`url`,`thumb` FROM `app_adver` WHERE `agerange` = '0-3' AND `typeid` = 2 AND `status` = 1 ORDER BY date DESC LIMIT 1   [ RunTime:0.0000s ]
SQL: SELECT `id`,`title`,`type`,`url`,`thumb` FROM `app_adver` WHERE `agerange` = '0-3' AND `typeid` = 3 AND `status` = 1 ORDER BY date DESC LIMIT 1   [ RunTime:0.0000s ]
SQL: SELECT `id`,`title`,`type`,`url`,`thumb` FROM `app_adver` WHERE `agerange` = '0-3' AND `typeid` = 4 AND `status` = 1 ORDER BY date DESC LIMIT 2   [ RunTime:0.0000s ]
SQL: SELECT `id`,`title`,`type`,`url`,`thumb` FROM `app_adver` WHERE `agerange` = '0-3' AND `typeid` = 2 AND `status` = 1 ORDER BY date DESC LIMIT 1   [ RunTime:0.0000s ]
SQL: SELECT `id`,`title`,`type`,`url`,`thumb` FROM `app_adver` WHERE `agerange` = '0-3' AND `typeid` = 3 AND `status` = 1 ORDER BY date DESC LIMIT 1   [ RunTime:0.0000s ]
NOTIC: [2] Missing argument 4 for Think\Controller::apiReturn(), called in D:\wamp\www\api\Application\Home\Controller\IndexController.class.php on line 42 and defined D:\wamp\www\api\ThinkPHP\Library\Think\Controller.class.php 第 244 行.
NOTIC: [8] Undefined variable: type D:\wamp\www\api\ThinkPHP\Library\Think\Controller.class.php 第 253 行.

[ 2016-10-07T14:26:12+08:00 ] 192.168.11.218 /api/index.php/Home/Index/indexApi
INFO: [ app_init ] --START--
INFO: Run Behavior\BuildLiteBehavior [ RunTime:0.000000s ]
INFO: [ app_init ] --END-- [ RunTime:0.000000s ]
INFO: [ app_begin ] --START--
INFO: Run Behavior\ReadHtmlCacheBehavior [ RunTime:0.000000s ]
INFO: [ app_begin ] --END-- [ RunTime:0.000000s ]
SQL: SHOW COLUMNS FROM `app_category` [ RunTime:0.0000s ]
SQL: SHOW COLUMNS FROM `app_adver` [ RunTime:0.0000s ]
SQL: SHOW COLUMNS FROM `app_user` [ RunTime:0.0000s ]
SQL: SELECT `id`,`name`,`thumb` FROM `app_category` WHERE `groupid` = 3 AND `pid` = 0 ORDER BY sort ASC LIMIT 8   [ RunTime:0.0000s ]
SQL: SELECT `id`,`title`,`type`,`url`,`thumb` FROM `app_adver` WHERE `typeid` = 1 AND `status` = 1 ORDER BY date DESC LIMIT 4   [ RunTime:0.0000s ]
SQL: SELECT `birthday` FROM `app_user` WHERE `id` = 0 LIMIT 1   [ RunTime:0.0000s ]
NOTIC: [8] Undefined variable: date2 D:\wamp\www\api\Application\Common\Common\function.php 第 176 行.
NOTIC: [8] Undefined offset: 2 D:\wamp\www\api\Application\Common\Common\function.php 第 176 行.
NOTIC: [8] Undefined offset: 1 D:\wamp\www\api\Application\Common\Common\function.php 第 176 行.
NOTIC: [8] Undefined variable: date2 D:\wamp\www\api\Application\Common\Common\function.php 第 181 行.
SQL: SELECT `id`,`title`,`type`,`url`,`thumb` FROM `app_adver` WHERE `agerange` = '0-3' AND `typeid` = 2 AND `status` = 1 ORDER BY date DESC LIMIT 1   [ RunTime:0.0000s ]
SQL: SELECT `id`,`title`,`type`,`url`,`thumb` FROM `app_adver` WHERE `agerange` = '0-3' AND `typeid` = 3 AND `status` = 1 ORDER BY date DESC LIMIT 1   [ RunTime:0.0000s ]
SQL: SELECT `id`,`title`,`type`,`url`,`thumb` FROM `app_adver` WHERE `agerange` = '0-3' AND `typeid` = 4 AND `status` = 1 ORDER BY date DESC LIMIT 2   [ RunTime:0.0000s ]
SQL: SELECT `id`,`title`,`type`,`url`,`thumb` FROM `app_adver` WHERE `agerange` = '0-3' AND `typeid` = 2 AND `status` = 1 ORDER BY date DESC LIMIT 1   [ RunTime:0.0000s ]
SQL: SELECT `id`,`title`,`type`,`url`,`thumb` FROM `app_adver` WHERE `agerange` = '0-3' AND `typeid` = 3 AND `status` = 1 ORDER BY date DESC LIMIT 1   [ RunTime:0.0000s ]
NOTIC: [2] Missing argument 4 for Think\Controller::apiReturn(), called in D:\wamp\www\api\Application\Home\Controller\IndexController.class.php on line 42 and defined D:\wamp\www\api\ThinkPHP\Library\Think\Controller.class.php 第 244 行.
NOTIC: [8] Undefined variable: type D:\wamp\www\api\ThinkPHP\Library\Think\Controller.class.php 第 253 行.

[ 2016-10-07T14:26:32+08:00 ] 192.168.11.231 /api/index.php/Home/Index/indexApi
INFO: [ app_init ] --START--
INFO: Run Behavior\BuildLiteBehavior [ RunTime:0.000000s ]
INFO: [ app_init ] --END-- [ RunTime:0.015600s ]
INFO: [ app_begin ] --START--
INFO: Run Behavior\ReadHtmlCacheBehavior [ RunTime:0.000000s ]
INFO: [ app_begin ] --END-- [ RunTime:0.000000s ]
SQL: SHOW COLUMNS FROM `app_category` [ RunTime:0.0000s ]
SQL: SHOW COLUMNS FROM `app_adver` [ RunTime:0.0000s ]
SQL: SHOW COLUMNS FROM `app_user` [ RunTime:0.0156s ]
SQL: SELECT `id`,`name`,`thumb` FROM `app_category` WHERE `groupid` = 3 AND `pid` = 0 ORDER BY sort ASC LIMIT 8   [ RunTime:0.0000s ]
SQL: SELECT `id`,`title`,`type`,`url`,`thumb` FROM `app_adver` WHERE `typeid` = 1 AND `status` = 1 ORDER BY date DESC LIMIT 4   [ RunTime:0.0000s ]
SQL: SELECT `birthday` FROM `app_user` WHERE `id` = 0 LIMIT 1   [ RunTime:0.0000s ]
NOTIC: [8] Undefined variable: date2 D:\wamp\www\api\Application\Common\Common\function.php 第 176 行.
NOTIC: [8] Undefined offset: 2 D:\wamp\www\api\Application\Common\Common\function.php 第 176 行.
NOTIC: [8] Undefined offset: 1 D:\wamp\www\api\Application\Common\Common\function.php 第 176 行.
NOTIC: [8] Undefined variable: date2 D:\wamp\www\api\Application\Common\Common\function.php 第 181 行.
SQL: SELECT `id`,`title`,`type`,`url`,`thumb` FROM `app_adver` WHERE `agerange` = '0-3' AND `typeid` = 2 AND `status` = 1 ORDER BY date DESC LIMIT 1   [ RunTime:0.0000s ]
SQL: SELECT `id`,`title`,`type`,`url`,`thumb` FROM `app_adver` WHERE `agerange` = '0-3' AND `typeid` = 3 AND `status` = 1 ORDER BY date DESC LIMIT 1   [ RunTime:0.0000s ]
SQL: SELECT `id`,`title`,`type`,`url`,`thumb` FROM `app_adver` WHERE `agerange` = '0-3' AND `typeid` = 4 AND `status` = 1 ORDER BY date DESC LIMIT 2   [ RunTime:0.0000s ]
SQL: SELECT `id`,`title`,`type`,`url`,`thumb` FROM `app_adver` WHERE `agerange` = '0-3' AND `typeid` = 2 AND `status` = 1 ORDER BY date DESC LIMIT 1   [ RunTime:0.0000s ]
SQL: SELECT `id`,`title`,`type`,`url`,`thumb` FROM `app_adver` WHERE `agerange` = '0-3' AND `typeid` = 3 AND `status` = 1 ORDER BY date DESC LIMIT 1   [ RunTime:0.0000s ]
NOTIC: [2] Missing argument 4 for Think\Controller::apiReturn(), called in D:\wamp\www\api\Application\Home\Controller\IndexController.class.php on line 42 and defined D:\wamp\www\api\ThinkPHP\Library\Think\Controller.class.php 第 244 行.
NOTIC: [8] Undefined variable: type D:\wamp\www\api\ThinkPHP\Library\Think\Controller.class.php 第 253 行.

[ 2016-10-07T14:26:58+08:00 ] 192.168.11.231 /api/index.php/Home/Index/indexApi
INFO: [ app_init ] --START--
INFO: Run Behavior\BuildLiteBehavior [ RunTime:0.000000s ]
INFO: [ app_init ] --END-- [ RunTime:0.000000s ]
INFO: [ app_begin ] --START--
INFO: Run Behavior\ReadHtmlCacheBehavior [ RunTime:0.000000s ]
INFO: [ app_begin ] --END-- [ RunTime:0.000000s ]
SQL: SHOW COLUMNS FROM `app_category` [ RunTime:0.0156s ]
SQL: SHOW COLUMNS FROM `app_adver` [ RunTime:0.0000s ]
SQL: SHOW COLUMNS FROM `app_user` [ RunTime:0.0000s ]
SQL: SELECT `id`,`name`,`thumb` FROM `app_category` WHERE `groupid` = 3 AND `pid` = 0 ORDER BY sort ASC LIMIT 8   [ RunTime:0.0000s ]
SQL: SELECT `id`,`title`,`type`,`url`,`thumb` FROM `app_adver` WHERE `typeid` = 1 AND `status` = 1 ORDER BY date DESC LIMIT 4   [ RunTime:0.0000s ]
SQL: SELECT `birthday` FROM `app_user` WHERE `id` = 0 LIMIT 1   [ RunTime:0.0000s ]
NOTIC: [8] Undefined variable: date2 D:\wamp\www\api\Application\Common\Common\function.php 第 176 行.
NOTIC: [8] Undefined offset: 2 D:\wamp\www\api\Application\Common\Common\function.php 第 176 行.
NOTIC: [8] Undefined offset: 1 D:\wamp\www\api\Application\Common\Common\function.php 第 176 行.
NOTIC: [8] Undefined variable: date2 D:\wamp\www\api\Application\Common\Common\function.php 第 181 行.
SQL: SELECT `id`,`title`,`type`,`url`,`thumb` FROM `app_adver` WHERE `agerange` = '0-3' AND `typeid` = 2 AND `status` = 1 ORDER BY date DESC LIMIT 1   [ RunTime:0.0000s ]
SQL: SELECT `id`,`title`,`type`,`url`,`thumb` FROM `app_adver` WHERE `agerange` = '0-3' AND `typeid` = 3 AND `status` = 1 ORDER BY date DESC LIMIT 1   [ RunTime:0.0000s ]
SQL: SELECT `id`,`title`,`type`,`url`,`thumb` FROM `app_adver` WHERE `agerange` = '0-3' AND `typeid` = 4 AND `status` = 1 ORDER BY date DESC LIMIT 2   [ RunTime:0.0000s ]
SQL: SELECT `id`,`title`,`type`,`url`,`thumb` FROM `app_adver` WHERE `agerange` = '0-3' AND `typeid` = 2 AND `status` = 1 ORDER BY date DESC LIMIT 1   [ RunTime:0.0000s ]
SQL: SELECT `id`,`title`,`type`,`url`,`thumb` FROM `app_adver` WHERE `agerange` = '0-3' AND `typeid` = 3 AND `status` = 1 ORDER BY date DESC LIMIT 1   [ RunTime:0.0000s ]
NOTIC: [2] Missing argument 4 for Think\Controller::apiReturn(), called in D:\wamp\www\api\Application\Home\Controller\IndexController.class.php on line 42 and defined D:\wamp\www\api\ThinkPHP\Library\Think\Controller.class.php 第 244 行.
NOTIC: [8] Undefined variable: type D:\wamp\www\api\ThinkPHP\Library\Think\Controller.class.php 第 253 行.

[ 2016-10-07T14:27:06+08:00 ] 192.168.11.231 /api/index.php/Home/Index/indexApi
INFO: [ app_init ] --START--
INFO: Run Behavior\BuildLiteBehavior [ RunTime:0.000000s ]
INFO: [ app_init ] --END-- [ RunTime:0.000000s ]
INFO: [ app_begin ] --START--
INFO: Run Behavior\ReadHtmlCacheBehavior [ RunTime:0.000000s ]
INFO: [ app_begin ] --END-- [ RunTime:0.000000s ]
SQL: SHOW COLUMNS FROM `app_category` [ RunTime:0.0000s ]
SQL: SHOW COLUMNS FROM `app_adver` [ RunTime:0.0000s ]
SQL: SHOW COLUMNS FROM `app_user` [ RunTime:0.0000s ]
SQL: SELECT `id`,`name`,`thumb` FROM `app_category` WHERE `groupid` = 3 AND `pid` = 0 ORDER BY sort ASC LIMIT 8   [ RunTime:0.0000s ]
SQL: SELECT `id`,`title`,`type`,`url`,`thumb` FROM `app_adver` WHERE `typeid` = 1 AND `status` = 1 ORDER BY date DESC LIMIT 4   [ RunTime:0.0000s ]
SQL: SELECT `birthday` FROM `app_user` WHERE `id` = 0 LIMIT 1   [ RunTime:0.0000s ]
NOTIC: [8] Undefined variable: date2 D:\wamp\www\api\Application\Common\Common\function.php 第 176 行.
NOTIC: [8] Undefined offset: 2 D:\wamp\www\api\Application\Common\Common\function.php 第 176 行.
NOTIC: [8] Undefined offset: 1 D:\wamp\www\api\Application\Common\Common\function.php 第 176 行.
NOTIC: [8] Undefined variable: date2 D:\wamp\www\api\Application\Common\Common\function.php 第 181 行.
SQL: SELECT `id`,`title`,`type`,`url`,`thumb` FROM `app_adver` WHERE `agerange` = '0-3' AND `typeid` = 2 AND `status` = 1 ORDER BY date DESC LIMIT 1   [ RunTime:0.0000s ]
SQL: SELECT `id`,`title`,`type`,`url`,`thumb` FROM `app_adver` WHERE `agerange` = '0-3' AND `typeid` = 3 AND `status` = 1 ORDER BY date DESC LIMIT 1   [ RunTime:0.0000s ]
SQL: SELECT `id`,`title`,`type`,`url`,`thumb` FROM `app_adver` WHERE `agerange` = '0-3' AND `typeid` = 4 AND `status` = 1 ORDER BY date DESC LIMIT 2   [ RunTime:0.0000s ]
SQL: SELECT `id`,`title`,`type`,`url`,`thumb` FROM `app_adver` WHERE `agerange` = '0-3' AND `typeid` = 2 AND `status` = 1 ORDER BY date DESC LIMIT 1   [ RunTime:0.0000s ]
SQL: SELECT `id`,`title`,`type`,`url`,`thumb` FROM `app_adver` WHERE `agerange` = '0-3' AND `typeid` = 3 AND `status` = 1 ORDER BY date DESC LIMIT 1   [ RunTime:0.0000s ]
NOTIC: [2] Missing argument 4 for Think\Controller::apiReturn(), called in D:\wamp\www\api\Application\Home\Controller\IndexController.class.php on line 42 and defined D:\wamp\www\api\ThinkPHP\Library\Think\Controller.class.php 第 244 行.
NOTIC: [8] Undefined variable: type D:\wamp\www\api\ThinkPHP\Library\Think\Controller.class.php 第 253 行.

[ 2016-10-07T14:28:44+08:00 ] 192.168.11.231 /api/index.php/Home/Service/releaseService
INFO: [ app_init ] --START--
INFO: Run Behavior\BuildLiteBehavior [ RunTime:0.000000s ]
INFO: [ app_init ] --END-- [ RunTime:0.000000s ]
INFO: [ app_begin ] --START--
INFO: Run Behavior\ReadHtmlCacheBehavior [ RunTime:0.000000s ]
INFO: [ app_begin ] --END-- [ RunTime:0.000000s ]

[ 2016-10-07T14:29:21+08:00 ] 192.168.11.231 /api/index.php/Home/Service/releaseService
INFO: [ app_init ] --START--
INFO: Run Behavior\BuildLiteBehavior [ RunTime:0.000000s ]
INFO: [ app_init ] --END-- [ RunTime:0.000000s ]
INFO: [ app_begin ] --START--
INFO: Run Behavior\ReadHtmlCacheBehavior [ RunTime:0.000000s ]
INFO: [ app_begin ] --END-- [ RunTime:0.000000s ]

[ 2016-10-07T14:29:43+08:00 ] 192.168.11.231 /api/index.php/Home/Service/releaseService
INFO: [ app_init ] --START--
INFO: Run Behavior\BuildLiteBehavior [ RunTime:0.000000s ]
INFO: [ app_init ] --END-- [ RunTime:0.000000s ]
INFO: [ app_begin ] --START--
INFO: Run Behavior\ReadHtmlCacheBehavior [ RunTime:0.000000s ]
INFO: [ app_begin ] --END-- [ RunTime:0.000000s ]
SQL: SHOW COLUMNS FROM `app_service` [ RunTime:0.0156s ]
NOTIC: [8] Undefined index: file D:\wamp\www\api\Application\Home\Controller\ServiceController.class.php 第 13 行.
NOTIC: [2] Missing argument 3 for Think\Controller::apiNotice(), called in D:\wamp\www\api\Application\Home\Controller\ServiceController.class.php on line 30 and defined D:\wamp\www\api\ThinkPHP\Library\Think\Controller.class.php 第 267 行.
NOTIC: [8] Undefined variable: type D:\wamp\www\api\ThinkPHP\Library\Think\Controller.class.php 第 275 行.

[ 2016-10-07T17:40:15+08:00 ] 192.168.11.218 /api/index.php/Home/Index/indexApi
INFO: [ app_init ] --START--
INFO: Run Behavior\BuildLiteBehavior [ RunTime:0.000000s ]
INFO: [ app_init ] --END-- [ RunTime:0.001000s ]
INFO: [ app_begin ] --START--
INFO: Run Behavior\ReadHtmlCacheBehavior [ RunTime:0.001000s ]
INFO: [ app_begin ] --END-- [ RunTime:0.002000s ]
SQL: SHOW COLUMNS FROM `app_category` [ RunTime:0.0020s ]
SQL: SHOW COLUMNS FROM `app_adver` [ RunTime:0.0020s ]
SQL: SHOW COLUMNS FROM `app_user` [ RunTime:0.0030s ]
SQL: SELECT `id`,`name`,`thumb` FROM `app_category` WHERE `groupid` = 3 AND `pid` = 0 ORDER BY sort ASC LIMIT 8   [ RunTime:0.0000s ]
SQL: SELECT `id`,`title`,`type`,`url`,`thumb` FROM `app_adver` WHERE `typeid` = 1 AND `status` = 1 ORDER BY date DESC LIMIT 4   [ RunTime:0.0000s ]
SQL: SELECT `birthday` FROM `app_user` WHERE `id` = 0 LIMIT 1   [ RunTime:0.0000s ]
NOTIC: [8] Undefined variable: date2 D:\wamp\www\api\Application\Common\Common\function.php 第 176 行.
NOTIC: [8] Undefined offset: 2 D:\wamp\www\api\Application\Common\Common\function.php 第 176 行.
NOTIC: [8] Undefined offset: 1 D:\wamp\www\api\Application\Common\Common\function.php 第 176 行.
NOTIC: [8] Undefined variable: date2 D:\wamp\www\api\Application\Common\Common\function.php 第 181 行.
SQL: SELECT `id`,`title`,`type`,`url`,`thumb` FROM `app_adver` WHERE `agerange` = '0-3' AND `typeid` = 2 AND `status` = 1 ORDER BY date DESC LIMIT 1   [ RunTime:0.0000s ]
SQL: SELECT `id`,`title`,`type`,`url`,`thumb` FROM `app_adver` WHERE `agerange` = '0-3' AND `typeid` = 3 AND `status` = 1 ORDER BY date DESC LIMIT 1   [ RunTime:0.0000s ]
SQL: SELECT `id`,`title`,`type`,`url`,`thumb` FROM `app_adver` WHERE `agerange` = '0-3' AND `typeid` = 4 AND `status` = 1 ORDER BY date DESC LIMIT 2   [ RunTime:0.0000s ]
SQL: SELECT `id`,`title`,`type`,`url`,`thumb` FROM `app_adver` WHERE `agerange` = '0-3' AND `typeid` = 2 AND `status` = 1 ORDER BY date DESC LIMIT 1   [ RunTime:0.0000s ]
SQL: SELECT `id`,`title`,`type`,`url`,`thumb` FROM `app_adver` WHERE `agerange` = '0-3' AND `typeid` = 3 AND `status` = 1 ORDER BY date DESC LIMIT 1   [ RunTime:0.0000s ]
NOTIC: [2] Missing argument 4 for Think\Controller::apiReturn(), called in D:\wamp\www\api\Application\Home\Controller\IndexController.class.php on line 42 and defined D:\wamp\www\api\ThinkPHP\Library\Think\Controller.class.php 第 244 行.
NOTIC: [8] Undefined variable: type D:\wamp\www\api\ThinkPHP\Library\Think\Controller.class.php 第 253 行.

