[ 2016-11-02T11:04:22+08:00 ] 127.0.0.1 /api/index.php?s=/Admin/Withdraw/setStatus
INFO: [ app_begin ] --START--
INFO: Run Behavior\ReadHtmlCacheBehavior [ RunTime:0.000000s ]
INFO: [ app_begin ] --END-- [ RunTime:0.000000s ]
SQL: SHOW COLUMNS FROM `app_group` [ RunTime:0.0000s ]
SQL: SHOW COLUMNS FROM `app_auth` [ RunTime:0.0100s ]
SQL: SHOW COLUMNS FROM `app_manage` [ RunTime:0.0000s ]
SQL: SHOW COLUMNS FROM `app_article` [ RunTime:0.0100s ]
SQL: SHOW COLUMNS FROM `app_adver` [ RunTime:0.0100s ]
SQL: SELECT `auth` FROM `app_group` WHERE `id` = 1 LIMIT 1   [ RunTime:0.0000s ]
SQL: SELECT * FROM `app_auth` WHERE `status` = 1 ORDER BY sort ASC  [ RunTime:0.0000s ]
NOTIC: [8] Undefined offset: 19 D:\wamp\www\api\Application\Admin\Model\AuthModel.class.php 第 57 行.
SQL: SHOW COLUMNS FROM `app_config` [ RunTime:0.0100s ]
SQL: SELECT * FROM `app_config` WHERE `conf_group` = 2  [ RunTime:0.0000s ]
SQL: SELECT `id`,`pid`,`url` FROM `app_auth` WHERE `url` = 'Withdraw/setStatus' LIMIT 1   [ RunTime:0.0000s ]
SQL: SHOW COLUMNS FROM `app_withdraw` [ RunTime:0.0100s ]
SQL: SELECT * FROM `app_withdraw` WHERE `id` = 1 LIMIT 1   [ RunTime:0.0000s ]
SQL: UPDATE `app_withdraw` SET `status`='1' WHERE `id` = 1 [ RunTime:0.0300s ]

[ 2016-11-02T11:04:24+08:00 ] 127.0.0.1 /api/index.php?s=/Admin/Withdraw/setStatus
INFO: [ app_begin ] --START--
INFO: Run Behavior\ReadHtmlCacheBehavior [ RunTime:0.000000s ]
INFO: [ app_begin ] --END-- [ RunTime:0.000000s ]
SQL: SHOW COLUMNS FROM `app_group` [ RunTime:0.0000s ]
SQL: SHOW COLUMNS FROM `app_auth` [ RunTime:0.0100s ]
SQL: SHOW COLUMNS FROM `app_manage` [ RunTime:0.0000s ]
SQL: SHOW COLUMNS FROM `app_article` [ RunTime:0.0100s ]
SQL: SHOW COLUMNS FROM `app_adver` [ RunTime:0.0000s ]
SQL: SELECT `auth` FROM `app_group` WHERE `id` = 1 LIMIT 1   [ RunTime:0.0000s ]
SQL: SELECT * FROM `app_auth` WHERE `status` = 1 ORDER BY sort ASC  [ RunTime:0.0000s ]
NOTIC: [8] Undefined offset: 19 D:\wamp\www\api\Application\Admin\Model\AuthModel.class.php 第 57 行.
SQL: SHOW COLUMNS FROM `app_config` [ RunTime:0.0000s ]
SQL: SELECT * FROM `app_config` WHERE `conf_group` = 2  [ RunTime:0.0000s ]
SQL: SELECT `id`,`pid`,`url` FROM `app_auth` WHERE `url` = 'Withdraw/setStatus' LIMIT 1   [ RunTime:0.0000s ]
SQL: SHOW COLUMNS FROM `app_withdraw` [ RunTime:0.0100s ]
SQL: SELECT * FROM `app_withdraw` WHERE `id` = 1 LIMIT 1   [ RunTime:0.0000s ]
SQL: UPDATE `app_withdraw` SET `status`='0' WHERE `id` = 1 [ RunTime:0.0200s ]

