[ 2016-10-13T14:51:46+08:00 ] 127.0.0.1 /api/admin
INFO: [ app_init ] --START--
INFO: Run Behavior\BuildLiteBehavior [ RunTime:0.000000s ]
INFO: [ app_init ] --END-- [ RunTime:0.001000s ]
INFO: [ app_begin ] --START--
INFO: Run Behavior\ReadHtmlCacheBehavior [ RunTime:0.001000s ]
INFO: [ app_begin ] --END-- [ RunTime:0.001000s ]

[ 2016-10-13T14:51:46+08:00 ] 127.0.0.1 /api/index.php?s=/Admin/Login/index.html
INFO: [ app_init ] --START--
INFO: Run Behavior\BuildLiteBehavior [ RunTime:0.000000s ]
INFO: [ app_init ] --END-- [ RunTime:0.001000s ]
INFO: [ app_begin ] --START--
INFO: Run Behavior\ReadHtmlCacheBehavior [ RunTime:0.001000s ]
INFO: [ app_begin ] --END-- [ RunTime:0.001000s ]
SQL: SHOW COLUMNS FROM `app_manage` [ RunTime:0.0020s ]
INFO: [ view_parse ] --START--
INFO: [ template_filter ] --START--
INFO: Run Behavior\ContentReplaceBehavior [ RunTime:0.000000s ]
INFO: [ template_filter ] --END-- [ RunTime:0.000000s ]
INFO: Run Behavior\ParseTemplateBehavior [ RunTime:0.021001s ]
INFO: [ view_parse ] --END-- [ RunTime:0.021001s ]
INFO: [ view_filter ] --START--
INFO: Run Behavior\WriteHtmlCacheBehavior [ RunTime:0.009001s ]
INFO: [ view_filter ] --END-- [ RunTime:0.009001s ]
INFO: [ app_end ] --START--
INFO: Run Behavior\ShowPageTraceBehavior [ RunTime:0.001000s ]
INFO: [ app_end ] --END-- [ RunTime:0.001000s ]

[ 2016-10-13T14:51:49+08:00 ] 127.0.0.1 /api/index.php?s=/Admin/Login/index.html
INFO: [ app_init ] --START--
INFO: Run Behavior\BuildLiteBehavior [ RunTime:0.000000s ]
INFO: [ app_init ] --END-- [ RunTime:0.000000s ]
INFO: [ app_begin ] --START--
INFO: Run Behavior\ReadHtmlCacheBehavior [ RunTime:0.001000s ]
INFO: [ app_begin ] --END-- [ RunTime:0.001000s ]
SQL: SHOW COLUMNS FROM `app_manage` [ RunTime:0.0030s ]
NOTIC: [8] Undefined index: validate D:\wamp\www\api\ThinkPHP\Library\Think\Model.class.php 第 1185 行.
NOTIC: [8] Undefined index: auto D:\wamp\www\api\ThinkPHP\Library\Think\Model.class.php 第 1128 行.
SQL: SELECT * FROM `app_manage` WHERE `username` = 'admin' LIMIT 1   [ RunTime:0.0010s ]
INFO: [ view_parse ] --START--
INFO: [ template_filter ] --START--
INFO: Run Behavior\ContentReplaceBehavior [ RunTime:0.000000s ]
INFO: [ template_filter ] --END-- [ RunTime:0.000000s ]
INFO: Run Behavior\ParseTemplateBehavior [ RunTime:0.014001s ]
INFO: [ view_parse ] --END-- [ RunTime:0.014001s ]
INFO: [ view_filter ] --START--
INFO: Run Behavior\WriteHtmlCacheBehavior [ RunTime:0.000000s ]
INFO: [ view_filter ] --END-- [ RunTime:0.001000s ]
INFO: [ app_end ] --START--
INFO: Run Behavior\ShowPageTraceBehavior [ RunTime:0.001000s ]
INFO: [ app_end ] --END-- [ RunTime:0.001000s ]

[ 2016-10-13T14:51:51+08:00 ] 127.0.0.1 /api/index.php?s=/Admin/Index/index.html
INFO: [ app_init ] --START--
INFO: Run Behavior\BuildLiteBehavior [ RunTime:0.000000s ]
INFO: [ app_init ] --END-- [ RunTime:0.001000s ]
INFO: [ app_begin ] --START--
INFO: Run Behavior\ReadHtmlCacheBehavior [ RunTime:0.002000s ]
INFO: [ app_begin ] --END-- [ RunTime:0.002000s ]
SQL: SHOW COLUMNS FROM `app_group` [ RunTime:0.0030s ]
SQL: SHOW COLUMNS FROM `app_auth` [ RunTime:0.0030s ]
SQL: SHOW COLUMNS FROM `app_manage` [ RunTime:0.0020s ]
SQL: SHOW COLUMNS FROM `app_article` [ RunTime:0.0020s ]
SQL: SHOW COLUMNS FROM `app_adver` [ RunTime:0.0020s ]
SQL: SELECT `auth` FROM `app_group` WHERE `id` = 1 LIMIT 1   [ RunTime:0.0000s ]
SQL: SELECT * FROM `app_auth` WHERE `status` = 1 ORDER BY sort ASC  [ RunTime:0.0010s ]
NOTIC: [8] Undefined offset: 15 D:\wamp\www\api\Application\Admin\Model\AuthModel.class.php 第 57 行.
SQL: SHOW COLUMNS FROM `app_config` [ RunTime:0.0020s ]
SQL: SELECT * FROM `app_config` WHERE `conf_group` = 2  [ RunTime:0.0000s ]
SQL: SELECT `id`,`pid`,`url` FROM `app_auth` WHERE `url` = 'Index/index' LIMIT 1   [ RunTime:0.0000s ]
INFO: [ view_parse ] --START--
INFO: [ template_filter ] --START--
INFO: Run Behavior\ContentReplaceBehavior [ RunTime:0.000000s ]
INFO: [ template_filter ] --END-- [ RunTime:0.000000s ]
NOTIC: [8] Undefined variable: curAuth D:\wamp\www\api\Application\Runtime\Cache\Admin\085b574956cdc611cfedaace62cf4e64.php 第 51 行.
NOTIC: [8] Undefined variable: curAuth D:\wamp\www\api\Application\Runtime\Cache\Admin\085b574956cdc611cfedaace62cf4e64.php 第 54 行.
NOTIC: [8] Undefined variable: curAuth D:\wamp\www\api\Application\Runtime\Cache\Admin\085b574956cdc611cfedaace62cf4e64.php 第 51 行.
NOTIC: [8] Undefined variable: curAuth D:\wamp\www\api\Application\Runtime\Cache\Admin\085b574956cdc611cfedaace62cf4e64.php 第 54 行.
NOTIC: [8] Undefined variable: curAuth D:\wamp\www\api\Application\Runtime\Cache\Admin\085b574956cdc611cfedaace62cf4e64.php 第 54 行.
NOTIC: [8] Undefined variable: curAuth D:\wamp\www\api\Application\Runtime\Cache\Admin\085b574956cdc611cfedaace62cf4e64.php 第 51 行.
NOTIC: [8] Undefined variable: curAuth D:\wamp\www\api\Application\Runtime\Cache\Admin\085b574956cdc611cfedaace62cf4e64.php 第 54 行.
NOTIC: [8] Undefined variable: curAuth D:\wamp\www\api\Application\Runtime\Cache\Admin\085b574956cdc611cfedaace62cf4e64.php 第 54 行.
NOTIC: [8] Undefined variable: curAuth D:\wamp\www\api\Application\Runtime\Cache\Admin\085b574956cdc611cfedaace62cf4e64.php 第 51 行.
NOTIC: [8] Undefined variable: curAuth D:\wamp\www\api\Application\Runtime\Cache\Admin\085b574956cdc611cfedaace62cf4e64.php 第 54 行.
NOTIC: [8] Undefined variable: curAuth D:\wamp\www\api\Application\Runtime\Cache\Admin\085b574956cdc611cfedaace62cf4e64.php 第 54 行.
NOTIC: [8] Undefined variable: curAuth D:\wamp\www\api\Application\Runtime\Cache\Admin\085b574956cdc611cfedaace62cf4e64.php 第 51 行.
NOTIC: [8] Undefined variable: curAuth D:\wamp\www\api\Application\Runtime\Cache\Admin\085b574956cdc611cfedaace62cf4e64.php 第 54 行.
NOTIC: [8] Undefined variable: curAuth D:\wamp\www\api\Application\Runtime\Cache\Admin\085b574956cdc611cfedaace62cf4e64.php 第 54 行.
NOTIC: [8] Undefined variable: curAuth D:\wamp\www\api\Application\Runtime\Cache\Admin\085b574956cdc611cfedaace62cf4e64.php 第 54 行.
NOTIC: [8] Undefined variable: curAuth D:\wamp\www\api\Application\Runtime\Cache\Admin\085b574956cdc611cfedaace62cf4e64.php 第 54 行.
NOTIC: [8] Undefined variable: curAuth D:\wamp\www\api\Application\Runtime\Cache\Admin\085b574956cdc611cfedaace62cf4e64.php 第 51 行.
NOTIC: [8] Undefined variable: curAuth D:\wamp\www\api\Application\Runtime\Cache\Admin\085b574956cdc611cfedaace62cf4e64.php 第 54 行.
NOTIC: [8] Undefined variable: curAuth D:\wamp\www\api\Application\Runtime\Cache\Admin\085b574956cdc611cfedaace62cf4e64.php 第 54 行.
NOTIC: [8] Undefined variable: curAuth D:\wamp\www\api\Application\Runtime\Cache\Admin\085b574956cdc611cfedaace62cf4e64.php 第 51 行.
NOTIC: [8] Undefined variable: curAuth D:\wamp\www\api\Application\Runtime\Cache\Admin\085b574956cdc611cfedaace62cf4e64.php 第 54 行.
NOTIC: [8] Undefined variable: curAuth D:\wamp\www\api\Application\Runtime\Cache\Admin\085b574956cdc611cfedaace62cf4e64.php 第 54 行.
NOTIC: [8] Undefined variable: curAuth D:\wamp\www\api\Application\Runtime\Cache\Admin\085b574956cdc611cfedaace62cf4e64.php 第 51 行.
NOTIC: [8] Undefined variable: curAuth D:\wamp\www\api\Application\Runtime\Cache\Admin\085b574956cdc611cfedaace62cf4e64.php 第 54 行.
NOTIC: [8] Undefined variable: curAuth D:\wamp\www\api\Application\Runtime\Cache\Admin\085b574956cdc611cfedaace62cf4e64.php 第 54 行.
NOTIC: [8] Undefined variable: curAuth D:\wamp\www\api\Application\Runtime\Cache\Admin\085b574956cdc611cfedaace62cf4e64.php 第 54 行.
NOTIC: [8] Undefined variable: curAuth D:\wamp\www\api\Application\Runtime\Cache\Admin\085b574956cdc611cfedaace62cf4e64.php 第 51 行.
NOTIC: [8] Undefined variable: curAuth D:\wamp\www\api\Application\Runtime\Cache\Admin\085b574956cdc611cfedaace62cf4e64.php 第 54 行.
NOTIC: [8] Undefined variable: curAuth D:\wamp\www\api\Application\Runtime\Cache\Admin\085b574956cdc611cfedaace62cf4e64.php 第 54 行.
NOTIC: [8] Undefined variable: curAuth D:\wamp\www\api\Application\Runtime\Cache\Admin\085b574956cdc611cfedaace62cf4e64.php 第 54 行.
NOTIC: [8] Undefined variable: curAuth D:\wamp\www\api\Application\Runtime\Cache\Admin\085b574956cdc611cfedaace62cf4e64.php 第 54 行.
NOTIC: [8] Undefined variable: curAuth D:\wamp\www\api\Application\Runtime\Cache\Admin\085b574956cdc611cfedaace62cf4e64.php 第 51 行.
NOTIC: [8] Undefined variable: curAuth D:\wamp\www\api\Application\Runtime\Cache\Admin\085b574956cdc611cfedaace62cf4e64.php 第 54 行.
NOTIC: [8] Undefined variable: curAuth D:\wamp\www\api\Application\Runtime\Cache\Admin\085b574956cdc611cfedaace62cf4e64.php 第 54 行.
NOTIC: [8] Undefined variable: curAuth D:\wamp\www\api\Application\Runtime\Cache\Admin\085b574956cdc611cfedaace62cf4e64.php 第 51 行.
NOTIC: [8] Undefined variable: curAuth D:\wamp\www\api\Application\Runtime\Cache\Admin\085b574956cdc611cfedaace62cf4e64.php 第 54 行.
NOTIC: [8] Undefined variable: curAuth D:\wamp\www\api\Application\Runtime\Cache\Admin\085b574956cdc611cfedaace62cf4e64.php 第 54 行.
NOTIC: [8] Undefined variable: curAuth D:\wamp\www\api\Application\Runtime\Cache\Admin\085b574956cdc611cfedaace62cf4e64.php 第 51 行.
NOTIC: [8] Undefined variable: curAuth D:\wamp\www\api\Application\Runtime\Cache\Admin\085b574956cdc611cfedaace62cf4e64.php 第 54 行.
NOTIC: [8] Undefined variable: curAuth D:\wamp\www\api\Application\Runtime\Cache\Admin\085b574956cdc611cfedaace62cf4e64.php 第 54 行.
NOTIC: [8] Undefined variable: curAuth D:\wamp\www\api\Application\Runtime\Cache\Admin\085b574956cdc611cfedaace62cf4e64.php 第 51 行.
NOTIC: [8] Undefined variable: curAuth D:\wamp\www\api\Application\Runtime\Cache\Admin\085b574956cdc611cfedaace62cf4e64.php 第 54 行.
NOTIC: [8] Undefined variable: curAuth D:\wamp\www\api\Application\Runtime\Cache\Admin\085b574956cdc611cfedaace62cf4e64.php 第 54 行.
NOTIC: [8] Undefined variable: curAuth D:\wamp\www\api\Application\Runtime\Cache\Admin\085b574956cdc611cfedaace62cf4e64.php 第 51 行.
NOTIC: [8] Undefined variable: curAuth D:\wamp\www\api\Application\Runtime\Cache\Admin\085b574956cdc611cfedaace62cf4e64.php 第 54 行.
NOTIC: [8] Undefined variable: curAuth D:\wamp\www\api\Application\Runtime\Cache\Admin\085b574956cdc611cfedaace62cf4e64.php 第 54 行.
NOTIC: [8] Undefined variable: curAuth D:\wamp\www\api\Application\Runtime\Cache\Admin\085b574956cdc611cfedaace62cf4e64.php 第 51 行.
NOTIC: [8] Undefined variable: curAuth D:\wamp\www\api\Application\Runtime\Cache\Admin\085b574956cdc611cfedaace62cf4e64.php 第 54 行.
NOTIC: [8] Undefined variable: curAuth D:\wamp\www\api\Application\Runtime\Cache\Admin\085b574956cdc611cfedaace62cf4e64.php 第 54 行.
INFO: Run Behavior\ParseTemplateBehavior [ RunTime:0.031002s ]
INFO: [ view_parse ] --END-- [ RunTime:0.031002s ]
INFO: [ view_filter ] --START--
INFO: Run Behavior\WriteHtmlCacheBehavior [ RunTime:0.000000s ]
INFO: [ view_filter ] --END-- [ RunTime:0.000000s ]
INFO: [ app_end ] --START--
INFO: Run Behavior\ShowPageTraceBehavior [ RunTime:0.001000s ]
INFO: [ app_end ] --END-- [ RunTime:0.001000s ]

[ 2016-10-13T14:51:54+08:00 ] 127.0.0.1 /api/index.php?s=/Admin/Index/index.html
INFO: [ app_init ] --START--
INFO: Run Behavior\BuildLiteBehavior [ RunTime:0.000000s ]
INFO: [ app_init ] --END-- [ RunTime:0.000000s ]
INFO: [ app_begin ] --START--
INFO: Run Behavior\ReadHtmlCacheBehavior [ RunTime:0.000000s ]
INFO: [ app_begin ] --END-- [ RunTime:0.001000s ]
SQL: SHOW COLUMNS FROM `app_group` [ RunTime:0.0030s ]
SQL: SHOW COLUMNS FROM `app_auth` [ RunTime:0.0030s ]
SQL: SHOW COLUMNS FROM `app_manage` [ RunTime:0.0020s ]
SQL: SHOW COLUMNS FROM `app_article` [ RunTime:0.0020s ]
SQL: SHOW COLUMNS FROM `app_adver` [ RunTime:0.0020s ]
SQL: SELECT `auth` FROM `app_group` WHERE `id` = 1 LIMIT 1   [ RunTime:0.0000s ]
SQL: SELECT * FROM `app_auth` WHERE `status` = 1 ORDER BY sort ASC  [ RunTime:0.0010s ]
NOTIC: [8] Undefined offset: 15 D:\wamp\www\api\Application\Admin\Model\AuthModel.class.php 第 57 行.
SQL: SHOW COLUMNS FROM `app_config` [ RunTime:0.0030s ]
SQL: SELECT * FROM `app_config` WHERE `conf_group` = 2  [ RunTime:0.0010s ]
SQL: SELECT `id`,`pid`,`url` FROM `app_auth` WHERE `url` = 'Index/index' LIMIT 1   [ RunTime:0.0000s ]
INFO: [ view_parse ] --START--
INFO: [ template_filter ] --START--
INFO: Run Behavior\ContentReplaceBehavior [ RunTime:0.001000s ]
INFO: [ template_filter ] --END-- [ RunTime:0.001000s ]
NOTIC: [8] Undefined variable: curAuth D:\wamp\www\api\Application\Runtime\Cache\Admin\085b574956cdc611cfedaace62cf4e64.php 第 51 行.
NOTIC: [8] Undefined variable: curAuth D:\wamp\www\api\Application\Runtime\Cache\Admin\085b574956cdc611cfedaace62cf4e64.php 第 54 行.
NOTIC: [8] Undefined variable: curAuth D:\wamp\www\api\Application\Runtime\Cache\Admin\085b574956cdc611cfedaace62cf4e64.php 第 51 行.
NOTIC: [8] Undefined variable: curAuth D:\wamp\www\api\Application\Runtime\Cache\Admin\085b574956cdc611cfedaace62cf4e64.php 第 54 行.
NOTIC: [8] Undefined variable: curAuth D:\wamp\www\api\Application\Runtime\Cache\Admin\085b574956cdc611cfedaace62cf4e64.php 第 54 行.
NOTIC: [8] Undefined variable: curAuth D:\wamp\www\api\Application\Runtime\Cache\Admin\085b574956cdc611cfedaace62cf4e64.php 第 51 行.
NOTIC: [8] Undefined variable: curAuth D:\wamp\www\api\Application\Runtime\Cache\Admin\085b574956cdc611cfedaace62cf4e64.php 第 54 行.
NOTIC: [8] Undefined variable: curAuth D:\wamp\www\api\Application\Runtime\Cache\Admin\085b574956cdc611cfedaace62cf4e64.php 第 54 行.
NOTIC: [8] Undefined variable: curAuth D:\wamp\www\api\Application\Runtime\Cache\Admin\085b574956cdc611cfedaace62cf4e64.php 第 51 行.
NOTIC: [8] Undefined variable: curAuth D:\wamp\www\api\Application\Runtime\Cache\Admin\085b574956cdc611cfedaace62cf4e64.php 第 54 行.
NOTIC: [8] Undefined variable: curAuth D:\wamp\www\api\Application\Runtime\Cache\Admin\085b574956cdc611cfedaace62cf4e64.php 第 54 行.
NOTIC: [8] Undefined variable: curAuth D:\wamp\www\api\Application\Runtime\Cache\Admin\085b574956cdc611cfedaace62cf4e64.php 第 51 行.
NOTIC: [8] Undefined variable: curAuth D:\wamp\www\api\Application\Runtime\Cache\Admin\085b574956cdc611cfedaace62cf4e64.php 第 54 行.
NOTIC: [8] Undefined variable: curAuth D:\wamp\www\api\Application\Runtime\Cache\Admin\085b574956cdc611cfedaace62cf4e64.php 第 54 行.
NOTIC: [8] Undefined variable: curAuth D:\wamp\www\api\Application\Runtime\Cache\Admin\085b574956cdc611cfedaace62cf4e64.php 第 54 行.
NOTIC: [8] Undefined variable: curAuth D:\wamp\www\api\Application\Runtime\Cache\Admin\085b574956cdc611cfedaace62cf4e64.php 第 54 行.
NOTIC: [8] Undefined variable: curAuth D:\wamp\www\api\Application\Runtime\Cache\Admin\085b574956cdc611cfedaace62cf4e64.php 第 51 行.
NOTIC: [8] Undefined variable: curAuth D:\wamp\www\api\Application\Runtime\Cache\Admin\085b574956cdc611cfedaace62cf4e64.php 第 54 行.
NOTIC: [8] Undefined variable: curAuth D:\wamp\www\api\Application\Runtime\Cache\Admin\085b574956cdc611cfedaace62cf4e64.php 第 54 行.
NOTIC: [8] Undefined variable: curAuth D:\wamp\www\api\Application\Runtime\Cache\Admin\085b574956cdc611cfedaace62cf4e64.php 第 51 行.
NOTIC: [8] Undefined variable: curAuth D:\wamp\www\api\Application\Runtime\Cache\Admin\085b574956cdc611cfedaace62cf4e64.php 第 54 行.
NOTIC: [8] Undefined variable: curAuth D:\wamp\www\api\Application\Runtime\Cache\Admin\085b574956cdc611cfedaace62cf4e64.php 第 54 行.
NOTIC: [8] Undefined variable: curAuth D:\wamp\www\api\Application\Runtime\Cache\Admin\085b574956cdc611cfedaace62cf4e64.php 第 51 行.
NOTIC: [8] Undefined variable: curAuth D:\wamp\www\api\Application\Runtime\Cache\Admin\085b574956cdc611cfedaace62cf4e64.php 第 54 行.
NOTIC: [8] Undefined variable: curAuth D:\wamp\www\api\Application\Runtime\Cache\Admin\085b574956cdc611cfedaace62cf4e64.php 第 54 行.
NOTIC: [8] Undefined variable: curAuth D:\wamp\www\api\Application\Runtime\Cache\Admin\085b574956cdc611cfedaace62cf4e64.php 第 54 行.
NOTIC: [8] Undefined variable: curAuth D:\wamp\www\api\Application\Runtime\Cache\Admin\085b574956cdc611cfedaace62cf4e64.php 第 51 行.
NOTIC: [8] Undefined variable: curAuth D:\wamp\www\api\Application\Runtime\Cache\Admin\085b574956cdc611cfedaace62cf4e64.php 第 54 行.
NOTIC: [8] Undefined variable: curAuth D:\wamp\www\api\Application\Runtime\Cache\Admin\085b574956cdc611cfedaace62cf4e64.php 第 54 行.
NOTIC: [8] Undefined variable: curAuth D:\wamp\www\api\Application\Runtime\Cache\Admin\085b574956cdc611cfedaace62cf4e64.php 第 54 行.
NOTIC: [8] Undefined variable: curAuth D:\wamp\www\api\Application\Runtime\Cache\Admin\085b574956cdc611cfedaace62cf4e64.php 第 54 行.
NOTIC: [8] Undefined variable: curAuth D:\wamp\www\api\Application\Runtime\Cache\Admin\085b574956cdc611cfedaace62cf4e64.php 第 51 行.
NOTIC: [8] Undefined variable: curAuth D:\wamp\www\api\Application\Runtime\Cache\Admin\085b574956cdc611cfedaace62cf4e64.php 第 54 行.
NOTIC: [8] Undefined variable: curAuth D:\wamp\www\api\Application\Runtime\Cache\Admin\085b574956cdc611cfedaace62cf4e64.php 第 54 行.
NOTIC: [8] Undefined variable: curAuth D:\wamp\www\api\Application\Runtime\Cache\Admin\085b574956cdc611cfedaace62cf4e64.php 第 51 行.
NOTIC: [8] Undefined variable: curAuth D:\wamp\www\api\Application\Runtime\Cache\Admin\085b574956cdc611cfedaace62cf4e64.php 第 54 行.
NOTIC: [8] Undefined variable: curAuth D:\wamp\www\api\Application\Runtime\Cache\Admin\085b574956cdc611cfedaace62cf4e64.php 第 54 行.
NOTIC: [8] Undefined variable: curAuth D:\wamp\www\api\Application\Runtime\Cache\Admin\085b574956cdc611cfedaace62cf4e64.php 第 51 行.
NOTIC: [8] Undefined variable: curAuth D:\wamp\www\api\Application\Runtime\Cache\Admin\085b574956cdc611cfedaace62cf4e64.php 第 54 行.
NOTIC: [8] Undefined variable: curAuth D:\wamp\www\api\Application\Runtime\Cache\Admin\085b574956cdc611cfedaace62cf4e64.php 第 54 行.
NOTIC: [8] Undefined variable: curAuth D:\wamp\www\api\Application\Runtime\Cache\Admin\085b574956cdc611cfedaace62cf4e64.php 第 51 行.
NOTIC: [8] Undefined variable: curAuth D:\wamp\www\api\Application\Runtime\Cache\Admin\085b574956cdc611cfedaace62cf4e64.php 第 54 行.
NOTIC: [8] Undefined variable: curAuth D:\wamp\www\api\Application\Runtime\Cache\Admin\085b574956cdc611cfedaace62cf4e64.php 第 54 行.
NOTIC: [8] Undefined variable: curAuth D:\wamp\www\api\Application\Runtime\Cache\Admin\085b574956cdc611cfedaace62cf4e64.php 第 51 行.
NOTIC: [8] Undefined variable: curAuth D:\wamp\www\api\Application\Runtime\Cache\Admin\085b574956cdc611cfedaace62cf4e64.php 第 54 行.
NOTIC: [8] Undefined variable: curAuth D:\wamp\www\api\Application\Runtime\Cache\Admin\085b574956cdc611cfedaace62cf4e64.php 第 54 行.
NOTIC: [8] Undefined variable: curAuth D:\wamp\www\api\Application\Runtime\Cache\Admin\085b574956cdc611cfedaace62cf4e64.php 第 51 行.
NOTIC: [8] Undefined variable: curAuth D:\wamp\www\api\Application\Runtime\Cache\Admin\085b574956cdc611cfedaace62cf4e64.php 第 54 行.
NOTIC: [8] Undefined variable: curAuth D:\wamp\www\api\Application\Runtime\Cache\Admin\085b574956cdc611cfedaace62cf4e64.php 第 54 行.
INFO: Run Behavior\ParseTemplateBehavior [ RunTime:0.019001s ]
INFO: [ view_parse ] --END-- [ RunTime:0.019001s ]
INFO: [ view_filter ] --START--
INFO: Run Behavior\WriteHtmlCacheBehavior [ RunTime:0.001000s ]
INFO: [ view_filter ] --END-- [ RunTime:0.001000s ]
INFO: [ app_end ] --START--
INFO: Run Behavior\ShowPageTraceBehavior [ RunTime:0.001000s ]
INFO: [ app_end ] --END-- [ RunTime:0.001000s ]

[ 2016-10-13T14:51:58+08:00 ] 127.0.0.1 /api/index.php?s=/Admin/Index/index.html
INFO: [ app_init ] --START--
INFO: Run Behavior\BuildLiteBehavior [ RunTime:0.000000s ]
INFO: [ app_init ] --END-- [ RunTime:0.000000s ]
INFO: [ app_begin ] --START--
INFO: Run Behavior\ReadHtmlCacheBehavior [ RunTime:0.000000s ]
INFO: [ app_begin ] --END-- [ RunTime:0.000000s ]
SQL: SHOW COLUMNS FROM `app_group` [ RunTime:0.0030s ]
SQL: SHOW COLUMNS FROM `app_auth` [ RunTime:0.0020s ]
SQL: SHOW COLUMNS FROM `app_manage` [ RunTime:0.0030s ]
SQL: SHOW COLUMNS FROM `app_article` [ RunTime:0.0030s ]
SQL: SHOW COLUMNS FROM `app_adver` [ RunTime:0.0030s ]
SQL: SELECT `auth` FROM `app_group` WHERE `id` = 1 LIMIT 1   [ RunTime:0.0000s ]
SQL: SELECT * FROM `app_auth` WHERE `status` = 1 ORDER BY sort ASC  [ RunTime:0.0010s ]
NOTIC: [8] Undefined offset: 15 D:\wamp\www\api\Application\Admin\Model\AuthModel.class.php 第 57 行.
SQL: SHOW COLUMNS FROM `app_config` [ RunTime:0.0020s ]
SQL: SELECT * FROM `app_config` WHERE `conf_group` = 2  [ RunTime:0.0010s ]
SQL: SELECT `id`,`pid`,`url` FROM `app_auth` WHERE `url` = 'Index/index' LIMIT 1   [ RunTime:0.0010s ]
INFO: [ view_parse ] --START--
INFO: [ template_filter ] --START--
INFO: Run Behavior\ContentReplaceBehavior [ RunTime:0.000000s ]
INFO: [ template_filter ] --END-- [ RunTime:0.000000s ]
NOTIC: [8] Undefined variable: curAuth D:\wamp\www\api\Application\Runtime\Cache\Admin\085b574956cdc611cfedaace62cf4e64.php 第 51 行.
NOTIC: [8] Undefined variable: curAuth D:\wamp\www\api\Application\Runtime\Cache\Admin\085b574956cdc611cfedaace62cf4e64.php 第 54 行.
NOTIC: [8] Undefined variable: curAuth D:\wamp\www\api\Application\Runtime\Cache\Admin\085b574956cdc611cfedaace62cf4e64.php 第 51 行.
NOTIC: [8] Undefined variable: curAuth D:\wamp\www\api\Application\Runtime\Cache\Admin\085b574956cdc611cfedaace62cf4e64.php 第 54 行.
NOTIC: [8] Undefined variable: curAuth D:\wamp\www\api\Application\Runtime\Cache\Admin\085b574956cdc611cfedaace62cf4e64.php 第 54 行.
NOTIC: [8] Undefined variable: curAuth D:\wamp\www\api\Application\Runtime\Cache\Admin\085b574956cdc611cfedaace62cf4e64.php 第 51 行.
NOTIC: [8] Undefined variable: curAuth D:\wamp\www\api\Application\Runtime\Cache\Admin\085b574956cdc611cfedaace62cf4e64.php 第 54 行.
NOTIC: [8] Undefined variable: curAuth D:\wamp\www\api\Application\Runtime\Cache\Admin\085b574956cdc611cfedaace62cf4e64.php 第 54 行.
NOTIC: [8] Undefined variable: curAuth D:\wamp\www\api\Application\Runtime\Cache\Admin\085b574956cdc611cfedaace62cf4e64.php 第 51 行.
NOTIC: [8] Undefined variable: curAuth D:\wamp\www\api\Application\Runtime\Cache\Admin\085b574956cdc611cfedaace62cf4e64.php 第 54 行.
NOTIC: [8] Undefined variable: curAuth D:\wamp\www\api\Application\Runtime\Cache\Admin\085b574956cdc611cfedaace62cf4e64.php 第 54 行.
NOTIC: [8] Undefined variable: curAuth D:\wamp\www\api\Application\Runtime\Cache\Admin\085b574956cdc611cfedaace62cf4e64.php 第 51 行.
NOTIC: [8] Undefined variable: curAuth D:\wamp\www\api\Application\Runtime\Cache\Admin\085b574956cdc611cfedaace62cf4e64.php 第 54 行.
NOTIC: [8] Undefined variable: curAuth D:\wamp\www\api\Application\Runtime\Cache\Admin\085b574956cdc611cfedaace62cf4e64.php 第 54 行.
NOTIC: [8] Undefined variable: curAuth D:\wamp\www\api\Application\Runtime\Cache\Admin\085b574956cdc611cfedaace62cf4e64.php 第 54 行.
NOTIC: [8] Undefined variable: curAuth D:\wamp\www\api\Application\Runtime\Cache\Admin\085b574956cdc611cfedaace62cf4e64.php 第 54 行.
NOTIC: [8] Undefined variable: curAuth D:\wamp\www\api\Application\Runtime\Cache\Admin\085b574956cdc611cfedaace62cf4e64.php 第 51 行.
NOTIC: [8] Undefined variable: curAuth D:\wamp\www\api\Application\Runtime\Cache\Admin\085b574956cdc611cfedaace62cf4e64.php 第 54 行.
NOTIC: [8] Undefined variable: curAuth D:\wamp\www\api\Application\Runtime\Cache\Admin\085b574956cdc611cfedaace62cf4e64.php 第 54 行.
NOTIC: [8] Undefined variable: curAuth D:\wamp\www\api\Application\Runtime\Cache\Admin\085b574956cdc611cfedaace62cf4e64.php 第 51 行.
NOTIC: [8] Undefined variable: curAuth D:\wamp\www\api\Application\Runtime\Cache\Admin\085b574956cdc611cfedaace62cf4e64.php 第 54 行.
NOTIC: [8] Undefined variable: curAuth D:\wamp\www\api\Application\Runtime\Cache\Admin\085b574956cdc611cfedaace62cf4e64.php 第 54 行.
NOTIC: [8] Undefined variable: curAuth D:\wamp\www\api\Application\Runtime\Cache\Admin\085b574956cdc611cfedaace62cf4e64.php 第 51 行.
NOTIC: [8] Undefined variable: curAuth D:\wamp\www\api\Application\Runtime\Cache\Admin\085b574956cdc611cfedaace62cf4e64.php 第 54 行.
NOTIC: [8] Undefined variable: curAuth D:\wamp\www\api\Application\Runtime\Cache\Admin\085b574956cdc611cfedaace62cf4e64.php 第 54 行.
NOTIC: [8] Undefined variable: curAuth D:\wamp\www\api\Application\Runtime\Cache\Admin\085b574956cdc611cfedaace62cf4e64.php 第 54 行.
NOTIC: [8] Undefined variable: curAuth D:\wamp\www\api\Application\Runtime\Cache\Admin\085b574956cdc611cfedaace62cf4e64.php 第 51 行.
NOTIC: [8] Undefined variable: curAuth D:\wamp\www\api\Application\Runtime\Cache\Admin\085b574956cdc611cfedaace62cf4e64.php 第 54 行.
NOTIC: [8] Undefined variable: curAuth D:\wamp\www\api\Application\Runtime\Cache\Admin\085b574956cdc611cfedaace62cf4e64.php 第 54 行.
NOTIC: [8] Undefined variable: curAuth D:\wamp\www\api\Application\Runtime\Cache\Admin\085b574956cdc611cfedaace62cf4e64.php 第 54 行.
NOTIC: [8] Undefined variable: curAuth D:\wamp\www\api\Application\Runtime\Cache\Admin\085b574956cdc611cfedaace62cf4e64.php 第 54 行.
NOTIC: [8] Undefined variable: curAuth D:\wamp\www\api\Application\Runtime\Cache\Admin\085b574956cdc611cfedaace62cf4e64.php 第 51 行.
NOTIC: [8] Undefined variable: curAuth D:\wamp\www\api\Application\Runtime\Cache\Admin\085b574956cdc611cfedaace62cf4e64.php 第 54 行.
NOTIC: [8] Undefined variable: curAuth D:\wamp\www\api\Application\Runtime\Cache\Admin\085b574956cdc611cfedaace62cf4e64.php 第 54 行.
NOTIC: [8] Undefined variable: curAuth D:\wamp\www\api\Application\Runtime\Cache\Admin\085b574956cdc611cfedaace62cf4e64.php 第 51 行.
NOTIC: [8] Undefined variable: curAuth D:\wamp\www\api\Application\Runtime\Cache\Admin\085b574956cdc611cfedaace62cf4e64.php 第 54 行.
NOTIC: [8] Undefined variable: curAuth D:\wamp\www\api\Application\Runtime\Cache\Admin\085b574956cdc611cfedaace62cf4e64.php 第 54 行.
NOTIC: [8] Undefined variable: curAuth D:\wamp\www\api\Application\Runtime\Cache\Admin\085b574956cdc611cfedaace62cf4e64.php 第 51 行.
NOTIC: [8] Undefined variable: curAuth D:\wamp\www\api\Application\Runtime\Cache\Admin\085b574956cdc611cfedaace62cf4e64.php 第 54 行.
NOTIC: [8] Undefined variable: curAuth D:\wamp\www\api\Application\Runtime\Cache\Admin\085b574956cdc611cfedaace62cf4e64.php 第 54 行.
NOTIC: [8] Undefined variable: curAuth D:\wamp\www\api\Application\Runtime\Cache\Admin\085b574956cdc611cfedaace62cf4e64.php 第 51 行.
NOTIC: [8] Undefined variable: curAuth D:\wamp\www\api\Application\Runtime\Cache\Admin\085b574956cdc611cfedaace62cf4e64.php 第 54 行.
NOTIC: [8] Undefined variable: curAuth D:\wamp\www\api\Application\Runtime\Cache\Admin\085b574956cdc611cfedaace62cf4e64.php 第 54 行.
NOTIC: [8] Undefined variable: curAuth D:\wamp\www\api\Application\Runtime\Cache\Admin\085b574956cdc611cfedaace62cf4e64.php 第 51 行.
NOTIC: [8] Undefined variable: curAuth D:\wamp\www\api\Application\Runtime\Cache\Admin\085b574956cdc611cfedaace62cf4e64.php 第 54 行.
NOTIC: [8] Undefined variable: curAuth D:\wamp\www\api\Application\Runtime\Cache\Admin\085b574956cdc611cfedaace62cf4e64.php 第 54 行.
NOTIC: [8] Undefined variable: curAuth D:\wamp\www\api\Application\Runtime\Cache\Admin\085b574956cdc611cfedaace62cf4e64.php 第 51 行.
NOTIC: [8] Undefined variable: curAuth D:\wamp\www\api\Application\Runtime\Cache\Admin\085b574956cdc611cfedaace62cf4e64.php 第 54 行.
NOTIC: [8] Undefined variable: curAuth D:\wamp\www\api\Application\Runtime\Cache\Admin\085b574956cdc611cfedaace62cf4e64.php 第 54 行.
INFO: Run Behavior\ParseTemplateBehavior [ RunTime:0.020001s ]
INFO: [ view_parse ] --END-- [ RunTime:0.020001s ]
INFO: [ view_filter ] --START--
INFO: Run Behavior\WriteHtmlCacheBehavior [ RunTime:0.000000s ]
INFO: [ view_filter ] --END-- [ RunTime:0.000000s ]
INFO: [ app_end ] --START--
INFO: Run Behavior\ShowPageTraceBehavior [ RunTime:0.001000s ]
INFO: [ app_end ] --END-- [ RunTime:0.001000s ]

[ 2016-10-13T14:52:10+08:00 ] 127.0.0.1 /api/index.php?s=/Admin/Service/index
INFO: [ app_init ] --START--
INFO: Run Behavior\BuildLiteBehavior [ RunTime:0.000000s ]
INFO: [ app_init ] --END-- [ RunTime:0.002000s ]
INFO: [ app_begin ] --START--
INFO: Run Behavior\ReadHtmlCacheBehavior [ RunTime:0.001000s ]
INFO: [ app_begin ] --END-- [ RunTime:0.001000s ]
SQL: SHOW COLUMNS FROM `app_group` [ RunTime:0.0030s ]
SQL: SHOW COLUMNS FROM `app_auth` [ RunTime:0.0030s ]
SQL: SHOW COLUMNS FROM `app_manage` [ RunTime:0.0030s ]
SQL: SHOW COLUMNS FROM `app_article` [ RunTime:0.0020s ]
SQL: SHOW COLUMNS FROM `app_adver` [ RunTime:0.0020s ]
SQL: SELECT `auth` FROM `app_group` WHERE `id` = 1 LIMIT 1   [ RunTime:0.0010s ]
SQL: SELECT * FROM `app_auth` WHERE `status` = 1 ORDER BY sort ASC  [ RunTime:0.0010s ]
NOTIC: [8] Undefined offset: 15 D:\wamp\www\api\Application\Admin\Model\AuthModel.class.php 第 57 行.
SQL: SHOW COLUMNS FROM `app_config` [ RunTime:0.0030s ]
SQL: SELECT * FROM `app_config` WHERE `conf_group` = 2  [ RunTime:0.0010s ]
SQL: SELECT `id`,`pid`,`url` FROM `app_auth` WHERE `url` = 'Service/index' LIMIT 1   [ RunTime:0.0010s ]
SQL: SHOW COLUMNS FROM `app_service` [ RunTime:0.0040s ]
SQL: SHOW COLUMNS FROM `app_category` [ RunTime:0.0030s ]
SQL: SELECT `id`,`name` FROM `app_category` WHERE `pid` = 0 AND `groupid` = 3 AND `type` = 1  [ RunTime:0.0010s ]
SQL: SELECT * FROM `app_category`  [ RunTime:0.0010s ]
SQL: SELECT COUNT(*) AS tp_count FROM `app_service` WHERE `cateid` IN ('13','1') LIMIT 1   [ RunTime:0.0000s ]
SQL: SELECT a.id,a.title,a.mainpic,a.thumbpic,a.tags,a.price,a.location,a.phone,a.sort,a.status,a.isrec,a.collectnum,a.admirenum,b.name as typename FROM app_service a INNER JOIN app_category as b ON a.cateid=b.id  WHERE `cateid` IN ('13','1') ORDER BY sort LIMIT 0,20   [ RunTime:0.0010s ]
INFO: [ view_parse ] --START--
INFO: [ template_filter ] --START--
INFO: Run Behavior\ContentReplaceBehavior [ RunTime:0.000000s ]
INFO: [ template_filter ] --END-- [ RunTime:0.001000s ]
INFO: Run Behavior\ParseTemplateBehavior [ RunTime:0.040002s ]
INFO: [ view_parse ] --END-- [ RunTime:0.040002s ]
INFO: [ view_filter ] --START--
INFO: Run Behavior\WriteHtmlCacheBehavior [ RunTime:0.000000s ]
INFO: [ view_filter ] --END-- [ RunTime:0.000000s ]
INFO: [ app_end ] --START--
INFO: Run Behavior\ShowPageTraceBehavior [ RunTime:0.001000s ]
INFO: [ app_end ] --END-- [ RunTime:0.001000s ]

[ 2016-10-13T14:52:15+08:00 ] 127.0.0.1 /api/index.php?s=/Admin/Service/index/cid/18
INFO: [ app_init ] --START--
INFO: Run Behavior\BuildLiteBehavior [ RunTime:0.000000s ]
INFO: [ app_init ] --END-- [ RunTime:0.001000s ]
INFO: [ app_begin ] --START--
INFO: Run Behavior\ReadHtmlCacheBehavior [ RunTime:0.001000s ]
INFO: [ app_begin ] --END-- [ RunTime:0.001000s ]
SQL: SHOW COLUMNS FROM `app_group` [ RunTime:0.0020s ]
SQL: SHOW COLUMNS FROM `app_auth` [ RunTime:0.0020s ]
SQL: SHOW COLUMNS FROM `app_manage` [ RunTime:0.0030s ]
SQL: SHOW COLUMNS FROM `app_article` [ RunTime:0.0030s ]
SQL: SHOW COLUMNS FROM `app_adver` [ RunTime:0.0030s ]
SQL: SELECT `auth` FROM `app_group` WHERE `id` = 1 LIMIT 1   [ RunTime:0.0000s ]
SQL: SELECT * FROM `app_auth` WHERE `status` = 1 ORDER BY sort ASC  [ RunTime:0.0010s ]
NOTIC: [8] Undefined offset: 15 D:\wamp\www\api\Application\Admin\Model\AuthModel.class.php 第 57 行.
SQL: SHOW COLUMNS FROM `app_config` [ RunTime:0.0020s ]
SQL: SELECT * FROM `app_config` WHERE `conf_group` = 2  [ RunTime:0.0000s ]
SQL: SELECT `id`,`pid`,`url` FROM `app_auth` WHERE `url` = 'Service/index' LIMIT 1   [ RunTime:0.0000s ]
SQL: SHOW COLUMNS FROM `app_service` [ RunTime:0.0020s ]
SQL: SHOW COLUMNS FROM `app_category` [ RunTime:0.0020s ]
SQL: SELECT `id`,`name` FROM `app_category` WHERE `pid` = 0 AND `groupid` = 3 AND `type` = 1  [ RunTime:0.0000s ]
SQL: SELECT * FROM `app_category`  [ RunTime:0.0000s ]
SQL: SELECT COUNT(*) AS tp_count FROM `app_service` WHERE `cateid` IN ('18') LIMIT 1   [ RunTime:0.0000s ]
SQL: SELECT a.id,a.title,a.mainpic,a.thumbpic,a.tags,a.price,a.location,a.phone,a.sort,a.status,a.isrec,a.collectnum,a.admirenum,b.name as typename FROM app_service a INNER JOIN app_category as b ON a.cateid=b.id  WHERE `cateid` IN ('18') ORDER BY sort LIMIT 0,20   [ RunTime:0.0000s ]
NOTIC: [8] Undefined variable: servicelist D:\wamp\www\api\Application\Admin\Controller\ServiceController.class.php 第 81 行.
INFO: [ view_parse ] --START--
INFO: [ template_filter ] --START--
INFO: Run Behavior\ContentReplaceBehavior [ RunTime:0.000000s ]
INFO: [ template_filter ] --END-- [ RunTime:0.000000s ]
INFO: Run Behavior\ParseTemplateBehavior [ RunTime:0.024001s ]
INFO: [ view_parse ] --END-- [ RunTime:0.025001s ]
INFO: [ view_filter ] --START--
INFO: Run Behavior\WriteHtmlCacheBehavior [ RunTime:0.001000s ]
INFO: [ view_filter ] --END-- [ RunTime:0.001000s ]
INFO: [ app_end ] --START--
INFO: Run Behavior\ShowPageTraceBehavior [ RunTime:0.001000s ]
INFO: [ app_end ] --END-- [ RunTime:0.001000s ]

[ 2016-10-13T14:52:16+08:00 ] 127.0.0.1 /api/index.php?s=/Admin/Service/index/cid/1
INFO: [ app_init ] --START--
INFO: Run Behavior\BuildLiteBehavior [ RunTime:0.000000s ]
INFO: [ app_init ] --END-- [ RunTime:0.001000s ]
INFO: [ app_begin ] --START--
INFO: Run Behavior\ReadHtmlCacheBehavior [ RunTime:0.001000s ]
INFO: [ app_begin ] --END-- [ RunTime:0.001000s ]
SQL: SHOW COLUMNS FROM `app_group` [ RunTime:0.0040s ]
SQL: SHOW COLUMNS FROM `app_auth` [ RunTime:0.0030s ]
SQL: SHOW COLUMNS FROM `app_manage` [ RunTime:0.0040s ]
SQL: SHOW COLUMNS FROM `app_article` [ RunTime:0.0030s ]
SQL: SHOW COLUMNS FROM `app_adver` [ RunTime:0.0040s ]
SQL: SELECT `auth` FROM `app_group` WHERE `id` = 1 LIMIT 1   [ RunTime:0.0000s ]
SQL: SELECT * FROM `app_auth` WHERE `status` = 1 ORDER BY sort ASC  [ RunTime:0.0010s ]
NOTIC: [8] Undefined offset: 15 D:\wamp\www\api\Application\Admin\Model\AuthModel.class.php 第 57 行.
SQL: SHOW COLUMNS FROM `app_config` [ RunTime:0.0030s ]
SQL: SELECT * FROM `app_config` WHERE `conf_group` = 2  [ RunTime:0.0010s ]
SQL: SELECT `id`,`pid`,`url` FROM `app_auth` WHERE `url` = 'Service/index' LIMIT 1   [ RunTime:0.0010s ]
SQL: SHOW COLUMNS FROM `app_service` [ RunTime:0.0040s ]
SQL: SHOW COLUMNS FROM `app_category` [ RunTime:0.0040s ]
SQL: SELECT `id`,`name` FROM `app_category` WHERE `pid` = 0 AND `groupid` = 3 AND `type` = 1  [ RunTime:0.0010s ]
SQL: SELECT * FROM `app_category`  [ RunTime:0.0010s ]
SQL: SELECT COUNT(*) AS tp_count FROM `app_service` WHERE `cateid` IN ('13','1') LIMIT 1   [ RunTime:0.0000s ]
SQL: SELECT a.id,a.title,a.mainpic,a.thumbpic,a.tags,a.price,a.location,a.phone,a.sort,a.status,a.isrec,a.collectnum,a.admirenum,b.name as typename FROM app_service a INNER JOIN app_category as b ON a.cateid=b.id  WHERE `cateid` IN ('13','1') ORDER BY sort LIMIT 0,20   [ RunTime:0.0000s ]
INFO: [ view_parse ] --START--
INFO: [ template_filter ] --START--
INFO: Run Behavior\ContentReplaceBehavior [ RunTime:0.000000s ]
INFO: [ template_filter ] --END-- [ RunTime:0.000000s ]
INFO: Run Behavior\ParseTemplateBehavior [ RunTime:0.027002s ]
INFO: [ view_parse ] --END-- [ RunTime:0.027002s ]
INFO: [ view_filter ] --START--
INFO: Run Behavior\WriteHtmlCacheBehavior [ RunTime:0.000000s ]
INFO: [ view_filter ] --END-- [ RunTime:0.001000s ]
INFO: [ app_end ] --START--
INFO: Run Behavior\ShowPageTraceBehavior [ RunTime:0.001000s ]
INFO: [ app_end ] --END-- [ RunTime:0.001000s ]

[ 2016-10-13T14:52:34+08:00 ] 127.0.0.1 /api/index.php?s=/Admin/Event/index
INFO: [ app_init ] --START--
INFO: Run Behavior\BuildLiteBehavior [ RunTime:0.000000s ]
INFO: [ app_init ] --END-- [ RunTime:0.001000s ]
INFO: [ app_begin ] --START--
INFO: Run Behavior\ReadHtmlCacheBehavior [ RunTime:0.001000s ]
INFO: [ app_begin ] --END-- [ RunTime:0.001000s ]
SQL: SHOW COLUMNS FROM `app_group` [ RunTime:0.0040s ]
SQL: SHOW COLUMNS FROM `app_auth` [ RunTime:0.0040s ]
SQL: SHOW COLUMNS FROM `app_manage` [ RunTime:0.0030s ]
SQL: SHOW COLUMNS FROM `app_article` [ RunTime:0.0030s ]
SQL: SHOW COLUMNS FROM `app_adver` [ RunTime:0.0030s ]
SQL: SELECT `auth` FROM `app_group` WHERE `id` = 1 LIMIT 1   [ RunTime:0.0010s ]
SQL: SELECT * FROM `app_auth` WHERE `status` = 1 ORDER BY sort ASC  [ RunTime:0.0000s ]
NOTIC: [8] Undefined offset: 15 D:\wamp\www\api\Application\Admin\Model\AuthModel.class.php 第 57 行.
SQL: SHOW COLUMNS FROM `app_config` [ RunTime:0.0030s ]
SQL: SELECT * FROM `app_config` WHERE `conf_group` = 2  [ RunTime:0.0000s ]
SQL: SELECT `id`,`pid`,`url` FROM `app_auth` WHERE `url` = 'Event/index' LIMIT 1   [ RunTime:0.0000s ]
SQL: SHOW COLUMNS FROM `app_event` [ RunTime:0.0040s ]
SQL: SHOW COLUMNS FROM `app_category` [ RunTime:0.0030s ]
SQL: SELECT `id`,`name` FROM `app_category` WHERE `pid` = 0 AND `groupid` = 4 AND `type` = 1  [ RunTime:0.0000s ]
SQL: SELECT * FROM `app_category`  [ RunTime:0.0010s ]
SQL: SELECT COUNT(*) AS tp_count FROM `app_event` WHERE `cateid` IN ('17','16') LIMIT 1   [ RunTime:0.0000s ]
SQL: SELECT a.id,a.title,a.thumbpic,a.tags,a.price,a.place,a.phone,a.agerange,a.starttime,a.endtime,a.sort,a.status,a.isrec,a.commentnum,b.name as typename FROM app_event a INNER JOIN app_category as b ON a.cateid=b.id  WHERE `cateid` IN ('17','16') ORDER BY a.sort LIMIT 0,20   [ RunTime:0.0000s ]
INFO: [ view_parse ] --START--
INFO: [ template_filter ] --START--
INFO: Run Behavior\ContentReplaceBehavior [ RunTime:0.000000s ]
INFO: [ template_filter ] --END-- [ RunTime:0.000000s ]
INFO: Run Behavior\ParseTemplateBehavior [ RunTime:0.051003s ]
INFO: [ view_parse ] --END-- [ RunTime:0.052003s ]
INFO: [ view_filter ] --START--
INFO: Run Behavior\WriteHtmlCacheBehavior [ RunTime:0.000000s ]
INFO: [ view_filter ] --END-- [ RunTime:0.000000s ]
INFO: [ app_end ] --START--
INFO: Run Behavior\ShowPageTraceBehavior [ RunTime:0.001000s ]
INFO: [ app_end ] --END-- [ RunTime:0.001000s ]

[ 2016-10-13T16:23:33+08:00 ] 127.0.0.1 /api/index.php?s=/Admin/Event/index
INFO: [ app_init ] --START--
INFO: Run Behavior\BuildLiteBehavior [ RunTime:0.000000s ]
INFO: [ app_init ] --END-- [ RunTime:0.000000s ]
INFO: [ app_begin ] --START--
INFO: Run Behavior\ReadHtmlCacheBehavior [ RunTime:0.015600s ]
INFO: [ app_begin ] --END-- [ RunTime:0.015600s ]
SQL: SHOW COLUMNS FROM `app_group` [ RunTime:0.0000s ]
SQL: SHOW COLUMNS FROM `app_auth` [ RunTime:0.0000s ]
SQL: SHOW COLUMNS FROM `app_manage` [ RunTime:0.0156s ]
SQL: SHOW COLUMNS FROM `app_article` [ RunTime:0.0000s ]
SQL: SHOW COLUMNS FROM `app_adver` [ RunTime:0.0156s ]
SQL: SELECT `auth` FROM `app_group` WHERE `id` = 1 LIMIT 1   [ RunTime:0.0000s ]
SQL: SELECT * FROM `app_auth` WHERE `status` = 1 ORDER BY sort ASC  [ RunTime:0.0000s ]
NOTIC: [8] Undefined offset: 15 D:\wamp\www\api\Application\Admin\Model\AuthModel.class.php 第 57 行.
SQL: SHOW COLUMNS FROM `app_config` [ RunTime:0.0000s ]
SQL: SELECT * FROM `app_config` WHERE `conf_group` = 2  [ RunTime:0.0156s ]
SQL: SELECT `id`,`pid`,`url` FROM `app_auth` WHERE `url` = 'Event/index' LIMIT 1   [ RunTime:0.0000s ]
SQL: SHOW COLUMNS FROM `app_event` [ RunTime:0.0000s ]
SQL: SHOW COLUMNS FROM `app_category` [ RunTime:0.0156s ]
SQL: SELECT `id`,`name` FROM `app_category` WHERE `pid` = 0 AND `groupid` = 4 AND `type` = 1  [ RunTime:0.0000s ]
SQL: SELECT * FROM `app_category`  [ RunTime:0.0000s ]
SQL: SELECT COUNT(*) AS tp_count FROM `app_event` WHERE `cateid` IN ('17','16') LIMIT 1   [ RunTime:0.0000s ]
SQL: SELECT a.id,a.title,a.thumbpic,a.tags,a.price,a.place,a.phone,a.agerange,a.starttime,a.endtime,a.sort,a.status,a.isrec,a.commentnum,b.name as typename FROM app_event a INNER JOIN app_category as b ON a.cateid=b.id  WHERE `cateid` IN ('17','16') ORDER BY a.sort LIMIT 0,20   [ RunTime:0.0000s ]
INFO: [ view_parse ] --START--
INFO: [ template_filter ] --START--
INFO: Run Behavior\ContentReplaceBehavior [ RunTime:0.000000s ]
INFO: [ template_filter ] --END-- [ RunTime:0.000000s ]
INFO: Run Behavior\ParseTemplateBehavior [ RunTime:0.046800s ]
INFO: [ view_parse ] --END-- [ RunTime:0.046800s ]
INFO: [ view_filter ] --START--
INFO: Run Behavior\WriteHtmlCacheBehavior [ RunTime:0.000000s ]
INFO: [ view_filter ] --END-- [ RunTime:0.000000s ]
INFO: [ app_end ] --START--
INFO: Run Behavior\ShowPageTraceBehavior [ RunTime:0.000000s ]
INFO: [ app_end ] --END-- [ RunTime:0.000000s ]

[ 2016-10-13T16:48:40+08:00 ] 127.0.0.1 /api/index.php?s=/Admin/Index/index
INFO: [ app_init ] --START--
INFO: Run Behavior\BuildLiteBehavior [ RunTime:0.000000s ]
INFO: [ app_init ] --END-- [ RunTime:0.001000s ]
INFO: [ app_begin ] --START--
INFO: Run Behavior\ReadHtmlCacheBehavior [ RunTime:0.001000s ]
INFO: [ app_begin ] --END-- [ RunTime:0.001000s ]
SQL: SHOW COLUMNS FROM `app_group` [ RunTime:0.0030s ]
SQL: SHOW COLUMNS FROM `app_auth` [ RunTime:0.0030s ]
SQL: SHOW COLUMNS FROM `app_manage` [ RunTime:0.0040s ]
SQL: SHOW COLUMNS FROM `app_article` [ RunTime:0.0030s ]
SQL: SHOW COLUMNS FROM `app_adver` [ RunTime:0.0040s ]
SQL: SELECT `auth` FROM `app_group` WHERE `id` = 1 LIMIT 1   [ RunTime:0.0010s ]
SQL: SELECT * FROM `app_auth` WHERE `status` = 1 ORDER BY sort ASC  [ RunTime:0.0010s ]
NOTIC: [8] Undefined offset: 15 D:\wamp\www\api\Application\Admin\Model\AuthModel.class.php 第 57 行.
SQL: SHOW COLUMNS FROM `app_config` [ RunTime:0.0030s ]
SQL: SELECT * FROM `app_config` WHERE `conf_group` = 2  [ RunTime:0.0000s ]
SQL: SELECT `id`,`pid`,`url` FROM `app_auth` WHERE `url` = 'Index/index' LIMIT 1   [ RunTime:0.0000s ]
INFO: [ view_parse ] --START--
INFO: [ template_filter ] --START--
INFO: Run Behavior\ContentReplaceBehavior [ RunTime:0.000000s ]
INFO: [ template_filter ] --END-- [ RunTime:0.000000s ]
NOTIC: [8] Undefined variable: curAuth D:\wamp\www\api\Application\Runtime\Cache\Admin\085b574956cdc611cfedaace62cf4e64.php 第 51 行.
NOTIC: [8] Undefined variable: curAuth D:\wamp\www\api\Application\Runtime\Cache\Admin\085b574956cdc611cfedaace62cf4e64.php 第 54 行.
NOTIC: [8] Undefined variable: curAuth D:\wamp\www\api\Application\Runtime\Cache\Admin\085b574956cdc611cfedaace62cf4e64.php 第 51 行.
NOTIC: [8] Undefined variable: curAuth D:\wamp\www\api\Application\Runtime\Cache\Admin\085b574956cdc611cfedaace62cf4e64.php 第 54 行.
NOTIC: [8] Undefined variable: curAuth D:\wamp\www\api\Application\Runtime\Cache\Admin\085b574956cdc611cfedaace62cf4e64.php 第 54 行.
NOTIC: [8] Undefined variable: curAuth D:\wamp\www\api\Application\Runtime\Cache\Admin\085b574956cdc611cfedaace62cf4e64.php 第 51 行.
NOTIC: [8] Undefined variable: curAuth D:\wamp\www\api\Application\Runtime\Cache\Admin\085b574956cdc611cfedaace62cf4e64.php 第 54 行.
NOTIC: [8] Undefined variable: curAuth D:\wamp\www\api\Application\Runtime\Cache\Admin\085b574956cdc611cfedaace62cf4e64.php 第 54 行.
NOTIC: [8] Undefined variable: curAuth D:\wamp\www\api\Application\Runtime\Cache\Admin\085b574956cdc611cfedaace62cf4e64.php 第 51 行.
NOTIC: [8] Undefined variable: curAuth D:\wamp\www\api\Application\Runtime\Cache\Admin\085b574956cdc611cfedaace62cf4e64.php 第 54 行.
NOTIC: [8] Undefined variable: curAuth D:\wamp\www\api\Application\Runtime\Cache\Admin\085b574956cdc611cfedaace62cf4e64.php 第 54 行.
NOTIC: [8] Undefined variable: curAuth D:\wamp\www\api\Application\Runtime\Cache\Admin\085b574956cdc611cfedaace62cf4e64.php 第 51 行.
NOTIC: [8] Undefined variable: curAuth D:\wamp\www\api\Application\Runtime\Cache\Admin\085b574956cdc611cfedaace62cf4e64.php 第 54 行.
NOTIC: [8] Undefined variable: curAuth D:\wamp\www\api\Application\Runtime\Cache\Admin\085b574956cdc611cfedaace62cf4e64.php 第 54 行.
NOTIC: [8] Undefined variable: curAuth D:\wamp\www\api\Application\Runtime\Cache\Admin\085b574956cdc611cfedaace62cf4e64.php 第 54 行.
NOTIC: [8] Undefined variable: curAuth D:\wamp\www\api\Application\Runtime\Cache\Admin\085b574956cdc611cfedaace62cf4e64.php 第 54 行.
NOTIC: [8] Undefined variable: curAuth D:\wamp\www\api\Application\Runtime\Cache\Admin\085b574956cdc611cfedaace62cf4e64.php 第 51 行.
NOTIC: [8] Undefined variable: curAuth D:\wamp\www\api\Application\Runtime\Cache\Admin\085b574956cdc611cfedaace62cf4e64.php 第 54 行.
NOTIC: [8] Undefined variable: curAuth D:\wamp\www\api\Application\Runtime\Cache\Admin\085b574956cdc611cfedaace62cf4e64.php 第 54 行.
NOTIC: [8] Undefined variable: curAuth D:\wamp\www\api\Application\Runtime\Cache\Admin\085b574956cdc611cfedaace62cf4e64.php 第 51 行.
NOTIC: [8] Undefined variable: curAuth D:\wamp\www\api\Application\Runtime\Cache\Admin\085b574956cdc611cfedaace62cf4e64.php 第 54 行.
NOTIC: [8] Undefined variable: curAuth D:\wamp\www\api\Application\Runtime\Cache\Admin\085b574956cdc611cfedaace62cf4e64.php 第 54 行.
NOTIC: [8] Undefined variable: curAuth D:\wamp\www\api\Application\Runtime\Cache\Admin\085b574956cdc611cfedaace62cf4e64.php 第 51 行.
NOTIC: [8] Undefined variable: curAuth D:\wamp\www\api\Application\Runtime\Cache\Admin\085b574956cdc611cfedaace62cf4e64.php 第 54 行.
NOTIC: [8] Undefined variable: curAuth D:\wamp\www\api\Application\Runtime\Cache\Admin\085b574956cdc611cfedaace62cf4e64.php 第 54 行.
NOTIC: [8] Undefined variable: curAuth D:\wamp\www\api\Application\Runtime\Cache\Admin\085b574956cdc611cfedaace62cf4e64.php 第 54 行.
NOTIC: [8] Undefined variable: curAuth D:\wamp\www\api\Application\Runtime\Cache\Admin\085b574956cdc611cfedaace62cf4e64.php 第 51 行.
NOTIC: [8] Undefined variable: curAuth D:\wamp\www\api\Application\Runtime\Cache\Admin\085b574956cdc611cfedaace62cf4e64.php 第 54 行.
NOTIC: [8] Undefined variable: curAuth D:\wamp\www\api\Application\Runtime\Cache\Admin\085b574956cdc611cfedaace62cf4e64.php 第 54 行.
NOTIC: [8] Undefined variable: curAuth D:\wamp\www\api\Application\Runtime\Cache\Admin\085b574956cdc611cfedaace62cf4e64.php 第 54 行.
NOTIC: [8] Undefined variable: curAuth D:\wamp\www\api\Application\Runtime\Cache\Admin\085b574956cdc611cfedaace62cf4e64.php 第 54 行.
NOTIC: [8] Undefined variable: curAuth D:\wamp\www\api\Application\Runtime\Cache\Admin\085b574956cdc611cfedaace62cf4e64.php 第 51 行.
NOTIC: [8] Undefined variable: curAuth D:\wamp\www\api\Application\Runtime\Cache\Admin\085b574956cdc611cfedaace62cf4e64.php 第 54 行.
NOTIC: [8] Undefined variable: curAuth D:\wamp\www\api\Application\Runtime\Cache\Admin\085b574956cdc611cfedaace62cf4e64.php 第 54 行.
NOTIC: [8] Undefined variable: curAuth D:\wamp\www\api\Application\Runtime\Cache\Admin\085b574956cdc611cfedaace62cf4e64.php 第 51 行.
NOTIC: [8] Undefined variable: curAuth D:\wamp\www\api\Application\Runtime\Cache\Admin\085b574956cdc611cfedaace62cf4e64.php 第 54 行.
NOTIC: [8] Undefined variable: curAuth D:\wamp\www\api\Application\Runtime\Cache\Admin\085b574956cdc611cfedaace62cf4e64.php 第 54 行.
NOTIC: [8] Undefined variable: curAuth D:\wamp\www\api\Application\Runtime\Cache\Admin\085b574956cdc611cfedaace62cf4e64.php 第 51 行.
NOTIC: [8] Undefined variable: curAuth D:\wamp\www\api\Application\Runtime\Cache\Admin\085b574956cdc611cfedaace62cf4e64.php 第 54 行.
NOTIC: [8] Undefined variable: curAuth D:\wamp\www\api\Application\Runtime\Cache\Admin\085b574956cdc611cfedaace62cf4e64.php 第 54 行.
NOTIC: [8] Undefined variable: curAuth D:\wamp\www\api\Application\Runtime\Cache\Admin\085b574956cdc611cfedaace62cf4e64.php 第 51 行.
NOTIC: [8] Undefined variable: curAuth D:\wamp\www\api\Application\Runtime\Cache\Admin\085b574956cdc611cfedaace62cf4e64.php 第 54 行.
NOTIC: [8] Undefined variable: curAuth D:\wamp\www\api\Application\Runtime\Cache\Admin\085b574956cdc611cfedaace62cf4e64.php 第 54 行.
NOTIC: [8] Undefined variable: curAuth D:\wamp\www\api\Application\Runtime\Cache\Admin\085b574956cdc611cfedaace62cf4e64.php 第 51 行.
NOTIC: [8] Undefined variable: curAuth D:\wamp\www\api\Application\Runtime\Cache\Admin\085b574956cdc611cfedaace62cf4e64.php 第 54 行.
NOTIC: [8] Undefined variable: curAuth D:\wamp\www\api\Application\Runtime\Cache\Admin\085b574956cdc611cfedaace62cf4e64.php 第 54 行.
NOTIC: [8] Undefined variable: curAuth D:\wamp\www\api\Application\Runtime\Cache\Admin\085b574956cdc611cfedaace62cf4e64.php 第 51 行.
NOTIC: [8] Undefined variable: curAuth D:\wamp\www\api\Application\Runtime\Cache\Admin\085b574956cdc611cfedaace62cf4e64.php 第 54 行.
NOTIC: [8] Undefined variable: curAuth D:\wamp\www\api\Application\Runtime\Cache\Admin\085b574956cdc611cfedaace62cf4e64.php 第 54 行.
INFO: Run Behavior\ParseTemplateBehavior [ RunTime:0.029001s ]
INFO: [ view_parse ] --END-- [ RunTime:0.030001s ]
INFO: [ view_filter ] --START--
INFO: Run Behavior\WriteHtmlCacheBehavior [ RunTime:0.001001s ]
INFO: [ view_filter ] --END-- [ RunTime:0.001001s ]
INFO: [ app_end ] --START--
INFO: Run Behavior\ShowPageTraceBehavior [ RunTime:0.001000s ]
INFO: [ app_end ] --END-- [ RunTime:0.001000s ]

[ 2016-10-13T17:40:20+08:00 ] 127.0.0.1 /api/index.php?s=/Admin/Service/index
INFO: [ app_init ] --START--
INFO: Run Behavior\BuildLiteBehavior [ RunTime:0.000000s ]
INFO: [ app_init ] --END-- [ RunTime:0.000000s ]
INFO: [ app_begin ] --START--
INFO: Run Behavior\ReadHtmlCacheBehavior [ RunTime:0.000000s ]
INFO: [ app_begin ] --END-- [ RunTime:0.000000s ]
SQL: SHOW COLUMNS FROM `app_group` [ RunTime:0.0000s ]
SQL: SHOW COLUMNS FROM `app_auth` [ RunTime:0.0000s ]
SQL: SHOW COLUMNS FROM `app_manage` [ RunTime:0.0156s ]
SQL: SHOW COLUMNS FROM `app_article` [ RunTime:0.0000s ]
SQL: SHOW COLUMNS FROM `app_adver` [ RunTime:0.0000s ]
SQL: SELECT `auth` FROM `app_group` WHERE `id` = 1 LIMIT 1   [ RunTime:0.0000s ]
SQL: SELECT * FROM `app_auth` WHERE `status` = 1 ORDER BY sort ASC  [ RunTime:0.0000s ]
NOTIC: [8] Undefined offset: 15 D:\wamp\www\api\Application\Admin\Model\AuthModel.class.php 第 57 行.
SQL: SHOW COLUMNS FROM `app_config` [ RunTime:0.0156s ]
SQL: SELECT * FROM `app_config` WHERE `conf_group` = 2  [ RunTime:0.0000s ]
SQL: SELECT `id`,`pid`,`url` FROM `app_auth` WHERE `url` = 'Service/index' LIMIT 1   [ RunTime:0.0000s ]
SQL: SHOW COLUMNS FROM `app_service` [ RunTime:0.0000s ]
SQL: SHOW COLUMNS FROM `app_category` [ RunTime:0.0000s ]
SQL: SELECT `id`,`name` FROM `app_category` WHERE `pid` = 0 AND `groupid` = 3 AND `type` = 1  [ RunTime:0.0000s ]
SQL: SELECT * FROM `app_category`  [ RunTime:0.0000s ]
SQL: SELECT COUNT(*) AS tp_count FROM `app_service` WHERE `cateid` IN ('13','1') LIMIT 1   [ RunTime:0.0000s ]
SQL: SELECT a.id,a.title,a.mainpic,a.thumbpic,a.tags,a.price,a.location,a.phone,a.sort,a.status,a.isrec,a.collectnum,a.admirenum,b.name as typename FROM app_service a INNER JOIN app_category as b ON a.cateid=b.id  WHERE `cateid` IN ('13','1') ORDER BY sort LIMIT 0,20   [ RunTime:0.0000s ]
INFO: [ view_parse ] --START--
INFO: [ template_filter ] --START--
INFO: Run Behavior\ContentReplaceBehavior [ RunTime:0.000000s ]
INFO: [ template_filter ] --END-- [ RunTime:0.000000s ]
INFO: Run Behavior\ParseTemplateBehavior [ RunTime:0.031200s ]
INFO: [ view_parse ] --END-- [ RunTime:0.031200s ]
INFO: [ view_filter ] --START--
INFO: Run Behavior\WriteHtmlCacheBehavior [ RunTime:0.000000s ]
INFO: [ view_filter ] --END-- [ RunTime:0.000000s ]
INFO: [ app_end ] --START--
INFO: Run Behavior\ShowPageTraceBehavior [ RunTime:0.000000s ]
INFO: [ app_end ] --END-- [ RunTime:0.000000s ]

[ 2016-10-13T18:10:53+08:00 ] 127.0.0.1 /api/index.php?s=/Admin/Index/index
INFO: [ app_init ] --START--
INFO: Run Behavior\BuildLiteBehavior [ RunTime:0.000000s ]
INFO: [ app_init ] --END-- [ RunTime:0.001000s ]
INFO: [ app_begin ] --START--
INFO: Run Behavior\ReadHtmlCacheBehavior [ RunTime:0.001001s ]
INFO: [ app_begin ] --END-- [ RunTime:0.001001s ]
SQL: SHOW COLUMNS FROM `app_group` [ RunTime:0.0030s ]
SQL: SHOW COLUMNS FROM `app_auth` [ RunTime:0.0030s ]
SQL: SHOW COLUMNS FROM `app_manage` [ RunTime:0.0020s ]
SQL: SHOW COLUMNS FROM `app_article` [ RunTime:0.0040s ]
SQL: SHOW COLUMNS FROM `app_adver` [ RunTime:0.0030s ]
SQL: SELECT `auth` FROM `app_group` WHERE `id` = 1 LIMIT 1   [ RunTime:0.0000s ]
SQL: SELECT * FROM `app_auth` WHERE `status` = 1 ORDER BY sort ASC  [ RunTime:0.0010s ]
NOTIC: [8] Undefined offset: 15 D:\wamp\www\api\Application\Admin\Model\AuthModel.class.php 第 57 行.
SQL: SHOW COLUMNS FROM `app_config` [ RunTime:0.0030s ]
SQL: SELECT * FROM `app_config` WHERE `conf_group` = 2  [ RunTime:0.0000s ]
SQL: SELECT `id`,`pid`,`url` FROM `app_auth` WHERE `url` = 'Index/index' LIMIT 1   [ RunTime:0.0000s ]
INFO: [ view_parse ] --START--
INFO: [ template_filter ] --START--
INFO: Run Behavior\ContentReplaceBehavior [ RunTime:0.000000s ]
INFO: [ template_filter ] --END-- [ RunTime:0.001000s ]
NOTIC: [8] Undefined variable: curAuth D:\wamp\www\api\Application\Runtime\Cache\Admin\085b574956cdc611cfedaace62cf4e64.php 第 51 行.
NOTIC: [8] Undefined variable: curAuth D:\wamp\www\api\Application\Runtime\Cache\Admin\085b574956cdc611cfedaace62cf4e64.php 第 54 行.
NOTIC: [8] Undefined variable: curAuth D:\wamp\www\api\Application\Runtime\Cache\Admin\085b574956cdc611cfedaace62cf4e64.php 第 51 行.
NOTIC: [8] Undefined variable: curAuth D:\wamp\www\api\Application\Runtime\Cache\Admin\085b574956cdc611cfedaace62cf4e64.php 第 54 行.
NOTIC: [8] Undefined variable: curAuth D:\wamp\www\api\Application\Runtime\Cache\Admin\085b574956cdc611cfedaace62cf4e64.php 第 54 行.
NOTIC: [8] Undefined variable: curAuth D:\wamp\www\api\Application\Runtime\Cache\Admin\085b574956cdc611cfedaace62cf4e64.php 第 51 行.
NOTIC: [8] Undefined variable: curAuth D:\wamp\www\api\Application\Runtime\Cache\Admin\085b574956cdc611cfedaace62cf4e64.php 第 54 行.
NOTIC: [8] Undefined variable: curAuth D:\wamp\www\api\Application\Runtime\Cache\Admin\085b574956cdc611cfedaace62cf4e64.php 第 54 行.
NOTIC: [8] Undefined variable: curAuth D:\wamp\www\api\Application\Runtime\Cache\Admin\085b574956cdc611cfedaace62cf4e64.php 第 51 行.
NOTIC: [8] Undefined variable: curAuth D:\wamp\www\api\Application\Runtime\Cache\Admin\085b574956cdc611cfedaace62cf4e64.php 第 54 行.
NOTIC: [8] Undefined variable: curAuth D:\wamp\www\api\Application\Runtime\Cache\Admin\085b574956cdc611cfedaace62cf4e64.php 第 54 行.
NOTIC: [8] Undefined variable: curAuth D:\wamp\www\api\Application\Runtime\Cache\Admin\085b574956cdc611cfedaace62cf4e64.php 第 51 行.
NOTIC: [8] Undefined variable: curAuth D:\wamp\www\api\Application\Runtime\Cache\Admin\085b574956cdc611cfedaace62cf4e64.php 第 54 行.
NOTIC: [8] Undefined variable: curAuth D:\wamp\www\api\Application\Runtime\Cache\Admin\085b574956cdc611cfedaace62cf4e64.php 第 54 行.
NOTIC: [8] Undefined variable: curAuth D:\wamp\www\api\Application\Runtime\Cache\Admin\085b574956cdc611cfedaace62cf4e64.php 第 54 行.
NOTIC: [8] Undefined variable: curAuth D:\wamp\www\api\Application\Runtime\Cache\Admin\085b574956cdc611cfedaace62cf4e64.php 第 54 行.
NOTIC: [8] Undefined variable: curAuth D:\wamp\www\api\Application\Runtime\Cache\Admin\085b574956cdc611cfedaace62cf4e64.php 第 51 行.
NOTIC: [8] Undefined variable: curAuth D:\wamp\www\api\Application\Runtime\Cache\Admin\085b574956cdc611cfedaace62cf4e64.php 第 54 行.
NOTIC: [8] Undefined variable: curAuth D:\wamp\www\api\Application\Runtime\Cache\Admin\085b574956cdc611cfedaace62cf4e64.php 第 54 行.
NOTIC: [8] Undefined variable: curAuth D:\wamp\www\api\Application\Runtime\Cache\Admin\085b574956cdc611cfedaace62cf4e64.php 第 51 行.
NOTIC: [8] Undefined variable: curAuth D:\wamp\www\api\Application\Runtime\Cache\Admin\085b574956cdc611cfedaace62cf4e64.php 第 54 行.
NOTIC: [8] Undefined variable: curAuth D:\wamp\www\api\Application\Runtime\Cache\Admin\085b574956cdc611cfedaace62cf4e64.php 第 54 行.
NOTIC: [8] Undefined variable: curAuth D:\wamp\www\api\Application\Runtime\Cache\Admin\085b574956cdc611cfedaace62cf4e64.php 第 51 行.
NOTIC: [8] Undefined variable: curAuth D:\wamp\www\api\Application\Runtime\Cache\Admin\085b574956cdc611cfedaace62cf4e64.php 第 54 行.
NOTIC: [8] Undefined variable: curAuth D:\wamp\www\api\Application\Runtime\Cache\Admin\085b574956cdc611cfedaace62cf4e64.php 第 54 行.
NOTIC: [8] Undefined variable: curAuth D:\wamp\www\api\Application\Runtime\Cache\Admin\085b574956cdc611cfedaace62cf4e64.php 第 54 行.
NOTIC: [8] Undefined variable: curAuth D:\wamp\www\api\Application\Runtime\Cache\Admin\085b574956cdc611cfedaace62cf4e64.php 第 51 行.
NOTIC: [8] Undefined variable: curAuth D:\wamp\www\api\Application\Runtime\Cache\Admin\085b574956cdc611cfedaace62cf4e64.php 第 54 行.
NOTIC: [8] Undefined variable: curAuth D:\wamp\www\api\Application\Runtime\Cache\Admin\085b574956cdc611cfedaace62cf4e64.php 第 54 行.
NOTIC: [8] Undefined variable: curAuth D:\wamp\www\api\Application\Runtime\Cache\Admin\085b574956cdc611cfedaace62cf4e64.php 第 54 行.
NOTIC: [8] Undefined variable: curAuth D:\wamp\www\api\Application\Runtime\Cache\Admin\085b574956cdc611cfedaace62cf4e64.php 第 54 行.
NOTIC: [8] Undefined variable: curAuth D:\wamp\www\api\Application\Runtime\Cache\Admin\085b574956cdc611cfedaace62cf4e64.php 第 51 行.
NOTIC: [8] Undefined variable: curAuth D:\wamp\www\api\Application\Runtime\Cache\Admin\085b574956cdc611cfedaace62cf4e64.php 第 54 行.
NOTIC: [8] Undefined variable: curAuth D:\wamp\www\api\Application\Runtime\Cache\Admin\085b574956cdc611cfedaace62cf4e64.php 第 54 行.
NOTIC: [8] Undefined variable: curAuth D:\wamp\www\api\Application\Runtime\Cache\Admin\085b574956cdc611cfedaace62cf4e64.php 第 51 行.
NOTIC: [8] Undefined variable: curAuth D:\wamp\www\api\Application\Runtime\Cache\Admin\085b574956cdc611cfedaace62cf4e64.php 第 54 行.
NOTIC: [8] Undefined variable: curAuth D:\wamp\www\api\Application\Runtime\Cache\Admin\085b574956cdc611cfedaace62cf4e64.php 第 54 行.
NOTIC: [8] Undefined variable: curAuth D:\wamp\www\api\Application\Runtime\Cache\Admin\085b574956cdc611cfedaace62cf4e64.php 第 51 行.
NOTIC: [8] Undefined variable: curAuth D:\wamp\www\api\Application\Runtime\Cache\Admin\085b574956cdc611cfedaace62cf4e64.php 第 54 行.
NOTIC: [8] Undefined variable: curAuth D:\wamp\www\api\Application\Runtime\Cache\Admin\085b574956cdc611cfedaace62cf4e64.php 第 54 行.
NOTIC: [8] Undefined variable: curAuth D:\wamp\www\api\Application\Runtime\Cache\Admin\085b574956cdc611cfedaace62cf4e64.php 第 51 行.
NOTIC: [8] Undefined variable: curAuth D:\wamp\www\api\Application\Runtime\Cache\Admin\085b574956cdc611cfedaace62cf4e64.php 第 54 行.
NOTIC: [8] Undefined variable: curAuth D:\wamp\www\api\Application\Runtime\Cache\Admin\085b574956cdc611cfedaace62cf4e64.php 第 54 行.
NOTIC: [8] Undefined variable: curAuth D:\wamp\www\api\Application\Runtime\Cache\Admin\085b574956cdc611cfedaace62cf4e64.php 第 51 行.
NOTIC: [8] Undefined variable: curAuth D:\wamp\www\api\Application\Runtime\Cache\Admin\085b574956cdc611cfedaace62cf4e64.php 第 54 行.
NOTIC: [8] Undefined variable: curAuth D:\wamp\www\api\Application\Runtime\Cache\Admin\085b574956cdc611cfedaace62cf4e64.php 第 54 行.
NOTIC: [8] Undefined variable: curAuth D:\wamp\www\api\Application\Runtime\Cache\Admin\085b574956cdc611cfedaace62cf4e64.php 第 51 行.
NOTIC: [8] Undefined variable: curAuth D:\wamp\www\api\Application\Runtime\Cache\Admin\085b574956cdc611cfedaace62cf4e64.php 第 54 行.
NOTIC: [8] Undefined variable: curAuth D:\wamp\www\api\Application\Runtime\Cache\Admin\085b574956cdc611cfedaace62cf4e64.php 第 54 行.
INFO: Run Behavior\ParseTemplateBehavior [ RunTime:0.018001s ]
INFO: [ view_parse ] --END-- [ RunTime:0.019001s ]
INFO: [ view_filter ] --START--
INFO: Run Behavior\WriteHtmlCacheBehavior [ RunTime:0.000000s ]
INFO: [ view_filter ] --END-- [ RunTime:0.000000s ]
INFO: [ app_end ] --START--
INFO: Run Behavior\ShowPageTraceBehavior [ RunTime:0.000000s ]
INFO: [ app_end ] --END-- [ RunTime:0.000000s ]

