[ 2016-10-15T08:40:58+08:00 ] 127.0.0.1 /api/admin
INFO: [ app_init ] --START--
INFO: Run Behavior\BuildLiteBehavior [ RunTime:0.000000s ]
INFO: [ app_init ] --END-- [ RunTime:0.000000s ]
INFO: [ app_begin ] --START--
INFO: Run Behavior\ReadHtmlCacheBehavior [ RunTime:0.000000s ]
INFO: [ app_begin ] --END-- [ RunTime:0.001000s ]

[ 2016-10-15T08:40:58+08:00 ] 127.0.0.1 /api/index.php?s=/Admin/Login/index.html
INFO: [ app_init ] --START--
INFO: Run Behavior\BuildLiteBehavior [ RunTime:0.000000s ]
INFO: [ app_init ] --END-- [ RunTime:0.000000s ]
INFO: [ app_begin ] --START--
INFO: Run Behavior\ReadHtmlCacheBehavior [ RunTime:0.000000s ]
INFO: [ app_begin ] --END-- [ RunTime:0.001000s ]
SQL: SHOW COLUMNS FROM `app_manage` [ RunTime:0.0030s ]
INFO: [ view_parse ] --START--
INFO: [ template_filter ] --START--
INFO: Run Behavior\ContentReplaceBehavior [ RunTime:0.000000s ]
INFO: [ template_filter ] --END-- [ RunTime:0.000000s ]
INFO: Run Behavior\ParseTemplateBehavior [ RunTime:0.013001s ]
INFO: [ view_parse ] --END-- [ RunTime:0.013001s ]
INFO: [ view_filter ] --START--
INFO: Run Behavior\WriteHtmlCacheBehavior [ RunTime:0.001000s ]
INFO: [ view_filter ] --END-- [ RunTime:0.001000s ]
INFO: [ app_end ] --START--
INFO: Run Behavior\ShowPageTraceBehavior [ RunTime:0.001000s ]
INFO: [ app_end ] --END-- [ RunTime:0.001000s ]

[ 2016-10-15T08:41:01+08:00 ] 127.0.0.1 /api/index.php?s=/Admin/Login/index.html
INFO: [ app_init ] --START--
INFO: Run Behavior\BuildLiteBehavior [ RunTime:0.000000s ]
INFO: [ app_init ] --END-- [ RunTime:0.001000s ]
INFO: [ app_begin ] --START--
INFO: Run Behavior\ReadHtmlCacheBehavior [ RunTime:0.001000s ]
INFO: [ app_begin ] --END-- [ RunTime:0.001000s ]
SQL: SHOW COLUMNS FROM `app_manage` [ RunTime:0.0030s ]
NOTIC: [8] Undefined index: validate D:\wamp\www\api\ThinkPHP\Library\Think\Model.class.php 第 1185 行.
NOTIC: [8] Undefined index: auto D:\wamp\www\api\ThinkPHP\Library\Think\Model.class.php 第 1128 行.
SQL: SELECT * FROM `app_manage` WHERE `username` = 'admin' LIMIT 1   [ RunTime:0.0010s ]
INFO: [ view_parse ] --START--
INFO: [ template_filter ] --START--
INFO: Run Behavior\ContentReplaceBehavior [ RunTime:0.000000s ]
INFO: [ template_filter ] --END-- [ RunTime:0.000000s ]
INFO: Run Behavior\ParseTemplateBehavior [ RunTime:0.007000s ]
INFO: [ view_parse ] --END-- [ RunTime:0.007000s ]
INFO: [ view_filter ] --START--
INFO: Run Behavior\WriteHtmlCacheBehavior [ RunTime:0.000000s ]
INFO: [ view_filter ] --END-- [ RunTime:0.000000s ]
INFO: [ app_end ] --START--
INFO: Run Behavior\ShowPageTraceBehavior [ RunTime:0.000000s ]
INFO: [ app_end ] --END-- [ RunTime:0.001000s ]

[ 2016-10-15T08:41:03+08:00 ] 127.0.0.1 /api/index.php?s=/Admin/Index/index.html
INFO: [ app_init ] --START--
INFO: Run Behavior\BuildLiteBehavior [ RunTime:0.000000s ]
INFO: [ app_init ] --END-- [ RunTime:0.001001s ]
INFO: [ app_begin ] --START--
INFO: Run Behavior\ReadHtmlCacheBehavior [ RunTime:0.002000s ]
INFO: [ app_begin ] --END-- [ RunTime:0.002000s ]
SQL: SHOW COLUMNS FROM `app_group` [ RunTime:0.0040s ]
SQL: SHOW COLUMNS FROM `app_auth` [ RunTime:0.0040s ]
SQL: SHOW COLUMNS FROM `app_manage` [ RunTime:0.0040s ]
SQL: SHOW COLUMNS FROM `app_article` [ RunTime:0.0040s ]
SQL: SHOW COLUMNS FROM `app_adver` [ RunTime:0.0050s ]
SQL: SELECT `auth` FROM `app_group` WHERE `id` = 1 LIMIT 1   [ RunTime:0.0010s ]
SQL: SELECT * FROM `app_auth` WHERE `status` = 1 ORDER BY sort ASC  [ RunTime:0.0010s ]
NOTIC: [8] Undefined offset: 15 D:\wamp\www\api\Application\Admin\Model\AuthModel.class.php 第 57 行.
SQL: SHOW COLUMNS FROM `app_config` [ RunTime:0.0040s ]
SQL: SELECT * FROM `app_config` WHERE `conf_group` = 2  [ RunTime:0.0000s ]
SQL: SELECT `id`,`pid`,`url` FROM `app_auth` WHERE `url` = 'Index/index' LIMIT 1   [ RunTime:0.0010s ]
INFO: [ view_parse ] --START--
INFO: [ template_filter ] --START--
INFO: Run Behavior\ContentReplaceBehavior [ RunTime:0.000000s ]
INFO: [ template_filter ] --END-- [ RunTime:0.000000s ]
NOTIC: [8] Undefined variable: curAuth D:\wamp\www\api\Application\Runtime\Cache\Admin\085b574956cdc611cfedaace62cf4e64.php 第 51 行.
NOTIC: [8] Undefined variable: curAuth D:\wamp\www\api\Application\Runtime\Cache\Admin\085b574956cdc611cfedaace62cf4e64.php 第 54 行.
NOTIC: [8] Undefined variable: curAuth D:\wamp\www\api\Application\Runtime\Cache\Admin\085b574956cdc611cfedaace62cf4e64.php 第 51 行.
NOTIC: [8] Undefined variable: curAuth D:\wamp\www\api\Application\Runtime\Cache\Admin\085b574956cdc611cfedaace62cf4e64.php 第 54 行.
NOTIC: [8] Undefined variable: curAuth D:\wamp\www\api\Application\Runtime\Cache\Admin\085b574956cdc611cfedaace62cf4e64.php 第 54 行.
NOTIC: [8] Undefined variable: curAuth D:\wamp\www\api\Application\Runtime\Cache\Admin\085b574956cdc611cfedaace62cf4e64.php 第 51 行.
NOTIC: [8] Undefined variable: curAuth D:\wamp\www\api\Application\Runtime\Cache\Admin\085b574956cdc611cfedaace62cf4e64.php 第 54 行.
NOTIC: [8] Undefined variable: curAuth D:\wamp\www\api\Application\Runtime\Cache\Admin\085b574956cdc611cfedaace62cf4e64.php 第 54 行.
NOTIC: [8] Undefined variable: curAuth D:\wamp\www\api\Application\Runtime\Cache\Admin\085b574956cdc611cfedaace62cf4e64.php 第 51 行.
NOTIC: [8] Undefined variable: curAuth D:\wamp\www\api\Application\Runtime\Cache\Admin\085b574956cdc611cfedaace62cf4e64.php 第 54 行.
NOTIC: [8] Undefined variable: curAuth D:\wamp\www\api\Application\Runtime\Cache\Admin\085b574956cdc611cfedaace62cf4e64.php 第 54 行.
NOTIC: [8] Undefined variable: curAuth D:\wamp\www\api\Application\Runtime\Cache\Admin\085b574956cdc611cfedaace62cf4e64.php 第 51 行.
NOTIC: [8] Undefined variable: curAuth D:\wamp\www\api\Application\Runtime\Cache\Admin\085b574956cdc611cfedaace62cf4e64.php 第 54 行.
NOTIC: [8] Undefined variable: curAuth D:\wamp\www\api\Application\Runtime\Cache\Admin\085b574956cdc611cfedaace62cf4e64.php 第 54 行.
NOTIC: [8] Undefined variable: curAuth D:\wamp\www\api\Application\Runtime\Cache\Admin\085b574956cdc611cfedaace62cf4e64.php 第 54 行.
NOTIC: [8] Undefined variable: curAuth D:\wamp\www\api\Application\Runtime\Cache\Admin\085b574956cdc611cfedaace62cf4e64.php 第 54 行.
NOTIC: [8] Undefined variable: curAuth D:\wamp\www\api\Application\Runtime\Cache\Admin\085b574956cdc611cfedaace62cf4e64.php 第 51 行.
NOTIC: [8] Undefined variable: curAuth D:\wamp\www\api\Application\Runtime\Cache\Admin\085b574956cdc611cfedaace62cf4e64.php 第 54 行.
NOTIC: [8] Undefined variable: curAuth D:\wamp\www\api\Application\Runtime\Cache\Admin\085b574956cdc611cfedaace62cf4e64.php 第 54 行.
NOTIC: [8] Undefined variable: curAuth D:\wamp\www\api\Application\Runtime\Cache\Admin\085b574956cdc611cfedaace62cf4e64.php 第 51 行.
NOTIC: [8] Undefined variable: curAuth D:\wamp\www\api\Application\Runtime\Cache\Admin\085b574956cdc611cfedaace62cf4e64.php 第 54 行.
NOTIC: [8] Undefined variable: curAuth D:\wamp\www\api\Application\Runtime\Cache\Admin\085b574956cdc611cfedaace62cf4e64.php 第 54 行.
NOTIC: [8] Undefined variable: curAuth D:\wamp\www\api\Application\Runtime\Cache\Admin\085b574956cdc611cfedaace62cf4e64.php 第 51 行.
NOTIC: [8] Undefined variable: curAuth D:\wamp\www\api\Application\Runtime\Cache\Admin\085b574956cdc611cfedaace62cf4e64.php 第 54 行.
NOTIC: [8] Undefined variable: curAuth D:\wamp\www\api\Application\Runtime\Cache\Admin\085b574956cdc611cfedaace62cf4e64.php 第 54 行.
NOTIC: [8] Undefined variable: curAuth D:\wamp\www\api\Application\Runtime\Cache\Admin\085b574956cdc611cfedaace62cf4e64.php 第 54 行.
NOTIC: [8] Undefined variable: curAuth D:\wamp\www\api\Application\Runtime\Cache\Admin\085b574956cdc611cfedaace62cf4e64.php 第 51 行.
NOTIC: [8] Undefined variable: curAuth D:\wamp\www\api\Application\Runtime\Cache\Admin\085b574956cdc611cfedaace62cf4e64.php 第 54 行.
NOTIC: [8] Undefined variable: curAuth D:\wamp\www\api\Application\Runtime\Cache\Admin\085b574956cdc611cfedaace62cf4e64.php 第 54 行.
NOTIC: [8] Undefined variable: curAuth D:\wamp\www\api\Application\Runtime\Cache\Admin\085b574956cdc611cfedaace62cf4e64.php 第 54 行.
NOTIC: [8] Undefined variable: curAuth D:\wamp\www\api\Application\Runtime\Cache\Admin\085b574956cdc611cfedaace62cf4e64.php 第 54 行.
NOTIC: [8] Undefined variable: curAuth D:\wamp\www\api\Application\Runtime\Cache\Admin\085b574956cdc611cfedaace62cf4e64.php 第 51 行.
NOTIC: [8] Undefined variable: curAuth D:\wamp\www\api\Application\Runtime\Cache\Admin\085b574956cdc611cfedaace62cf4e64.php 第 54 行.
NOTIC: [8] Undefined variable: curAuth D:\wamp\www\api\Application\Runtime\Cache\Admin\085b574956cdc611cfedaace62cf4e64.php 第 54 行.
NOTIC: [8] Undefined variable: curAuth D:\wamp\www\api\Application\Runtime\Cache\Admin\085b574956cdc611cfedaace62cf4e64.php 第 51 行.
NOTIC: [8] Undefined variable: curAuth D:\wamp\www\api\Application\Runtime\Cache\Admin\085b574956cdc611cfedaace62cf4e64.php 第 54 行.
NOTIC: [8] Undefined variable: curAuth D:\wamp\www\api\Application\Runtime\Cache\Admin\085b574956cdc611cfedaace62cf4e64.php 第 54 行.
NOTIC: [8] Undefined variable: curAuth D:\wamp\www\api\Application\Runtime\Cache\Admin\085b574956cdc611cfedaace62cf4e64.php 第 51 行.
NOTIC: [8] Undefined variable: curAuth D:\wamp\www\api\Application\Runtime\Cache\Admin\085b574956cdc611cfedaace62cf4e64.php 第 54 行.
NOTIC: [8] Undefined variable: curAuth D:\wamp\www\api\Application\Runtime\Cache\Admin\085b574956cdc611cfedaace62cf4e64.php 第 54 行.
NOTIC: [8] Undefined variable: curAuth D:\wamp\www\api\Application\Runtime\Cache\Admin\085b574956cdc611cfedaace62cf4e64.php 第 51 行.
NOTIC: [8] Undefined variable: curAuth D:\wamp\www\api\Application\Runtime\Cache\Admin\085b574956cdc611cfedaace62cf4e64.php 第 54 行.
NOTIC: [8] Undefined variable: curAuth D:\wamp\www\api\Application\Runtime\Cache\Admin\085b574956cdc611cfedaace62cf4e64.php 第 54 行.
NOTIC: [8] Undefined variable: curAuth D:\wamp\www\api\Application\Runtime\Cache\Admin\085b574956cdc611cfedaace62cf4e64.php 第 51 行.
NOTIC: [8] Undefined variable: curAuth D:\wamp\www\api\Application\Runtime\Cache\Admin\085b574956cdc611cfedaace62cf4e64.php 第 54 行.
NOTIC: [8] Undefined variable: curAuth D:\wamp\www\api\Application\Runtime\Cache\Admin\085b574956cdc611cfedaace62cf4e64.php 第 54 行.
NOTIC: [8] Undefined variable: curAuth D:\wamp\www\api\Application\Runtime\Cache\Admin\085b574956cdc611cfedaace62cf4e64.php 第 51 行.
NOTIC: [8] Undefined variable: curAuth D:\wamp\www\api\Application\Runtime\Cache\Admin\085b574956cdc611cfedaace62cf4e64.php 第 54 行.
NOTIC: [8] Undefined variable: curAuth D:\wamp\www\api\Application\Runtime\Cache\Admin\085b574956cdc611cfedaace62cf4e64.php 第 54 行.
INFO: Run Behavior\ParseTemplateBehavior [ RunTime:0.030002s ]
INFO: [ view_parse ] --END-- [ RunTime:0.030002s ]
INFO: [ view_filter ] --START--
INFO: Run Behavior\WriteHtmlCacheBehavior [ RunTime:0.000000s ]
INFO: [ view_filter ] --END-- [ RunTime:0.000000s ]
INFO: [ app_end ] --START--
INFO: Run Behavior\ShowPageTraceBehavior [ RunTime:0.001000s ]
INFO: [ app_end ] --END-- [ RunTime:0.001000s ]

[ 2016-10-15T08:45:53+08:00 ] 127.0.0.1 /api/index.php?s=/Admin/Auth/index.html
INFO: [ app_init ] --START--
INFO: Run Behavior\BuildLiteBehavior [ RunTime:0.000000s ]
INFO: [ app_init ] --END-- [ RunTime:0.001000s ]
INFO: [ app_begin ] --START--
INFO: Run Behavior\ReadHtmlCacheBehavior [ RunTime:0.001000s ]
INFO: [ app_begin ] --END-- [ RunTime:0.001000s ]

[ 2016-10-15T08:45:53+08:00 ] 127.0.0.1 /api/index.php?s=/Admin/Login/index.html
INFO: [ app_init ] --START--
INFO: Run Behavior\BuildLiteBehavior [ RunTime:0.000000s ]
INFO: [ app_init ] --END-- [ RunTime:0.000000s ]
INFO: [ app_begin ] --START--
INFO: Run Behavior\ReadHtmlCacheBehavior [ RunTime:0.000000s ]
INFO: [ app_begin ] --END-- [ RunTime:0.001000s ]
SQL: SHOW COLUMNS FROM `app_manage` [ RunTime:0.0020s ]
INFO: [ view_parse ] --START--
INFO: [ template_filter ] --START--
INFO: Run Behavior\ContentReplaceBehavior [ RunTime:0.000000s ]
INFO: [ template_filter ] --END-- [ RunTime:0.001000s ]
INFO: Run Behavior\ParseTemplateBehavior [ RunTime:0.011001s ]
INFO: [ view_parse ] --END-- [ RunTime:0.012001s ]
INFO: [ view_filter ] --START--
INFO: Run Behavior\WriteHtmlCacheBehavior [ RunTime:0.000000s ]
INFO: [ view_filter ] --END-- [ RunTime:0.000000s ]
INFO: [ app_end ] --START--
INFO: Run Behavior\ShowPageTraceBehavior [ RunTime:0.001000s ]
INFO: [ app_end ] --END-- [ RunTime:0.001000s ]

[ 2016-10-15T16:18:55+08:00 ] 127.0.0.1 /api/index.php?s=/Admin/Event/index
INFO: [ app_init ] --START--
INFO: Run Behavior\BuildLiteBehavior [ RunTime:0.000000s ]
INFO: [ app_init ] --END-- [ RunTime:0.001000s ]
INFO: [ app_begin ] --START--
INFO: Run Behavior\ReadHtmlCacheBehavior [ RunTime:0.001000s ]
INFO: [ app_begin ] --END-- [ RunTime:0.001000s ]

[ 2016-10-15T16:18:55+08:00 ] 127.0.0.1 /api/index.php?s=/Admin/Login/index.html
INFO: [ app_init ] --START--
INFO: Run Behavior\BuildLiteBehavior [ RunTime:0.000000s ]
INFO: [ app_init ] --END-- [ RunTime:0.001000s ]
INFO: [ app_begin ] --START--
INFO: Run Behavior\ReadHtmlCacheBehavior [ RunTime:0.000000s ]
INFO: [ app_begin ] --END-- [ RunTime:0.000000s ]
SQL: SHOW COLUMNS FROM `app_manage` [ RunTime:0.0030s ]
INFO: [ view_parse ] --START--
INFO: [ template_filter ] --START--
INFO: Run Behavior\ContentReplaceBehavior [ RunTime:0.001000s ]
INFO: [ template_filter ] --END-- [ RunTime:0.001000s ]
INFO: Run Behavior\ParseTemplateBehavior [ RunTime:0.006000s ]
INFO: [ view_parse ] --END-- [ RunTime:0.006000s ]
INFO: [ view_filter ] --START--
INFO: Run Behavior\WriteHtmlCacheBehavior [ RunTime:0.000000s ]
INFO: [ view_filter ] --END-- [ RunTime:0.000000s ]
INFO: [ app_end ] --START--
INFO: Run Behavior\ShowPageTraceBehavior [ RunTime:0.000000s ]
INFO: [ app_end ] --END-- [ RunTime:0.001000s ]

[ 2016-10-15T16:18:58+08:00 ] 127.0.0.1 /api/index.php?s=/Admin/Login/index.html
INFO: [ app_init ] --START--
INFO: Run Behavior\BuildLiteBehavior [ RunTime:0.000000s ]
INFO: [ app_init ] --END-- [ RunTime:0.001000s ]
INFO: [ app_begin ] --START--
INFO: Run Behavior\ReadHtmlCacheBehavior [ RunTime:0.000000s ]
INFO: [ app_begin ] --END-- [ RunTime:0.000000s ]
SQL: SHOW COLUMNS FROM `app_manage` [ RunTime:0.0040s ]
NOTIC: [8] Undefined index: validate D:\wamp\www\api\ThinkPHP\Library\Think\Model.class.php 第 1185 行.
NOTIC: [8] Undefined index: auto D:\wamp\www\api\ThinkPHP\Library\Think\Model.class.php 第 1128 行.
SQL: SELECT * FROM `app_manage` WHERE `username` = 'admin' LIMIT 1   [ RunTime:0.0000s ]
INFO: [ view_parse ] --START--
INFO: [ template_filter ] --START--
INFO: Run Behavior\ContentReplaceBehavior [ RunTime:0.000000s ]
INFO: [ template_filter ] --END-- [ RunTime:0.000000s ]
INFO: Run Behavior\ParseTemplateBehavior [ RunTime:0.006001s ]
INFO: [ view_parse ] --END-- [ RunTime:0.006001s ]
INFO: [ view_filter ] --START--
INFO: Run Behavior\WriteHtmlCacheBehavior [ RunTime:0.001000s ]
INFO: [ view_filter ] --END-- [ RunTime:0.001000s ]
INFO: [ app_end ] --START--
INFO: Run Behavior\ShowPageTraceBehavior [ RunTime:0.001000s ]
INFO: [ app_end ] --END-- [ RunTime:0.001000s ]

[ 2016-10-15T16:19:00+08:00 ] 127.0.0.1 /api/index.php?s=/Admin/Index/index.html
INFO: [ app_init ] --START--
INFO: Run Behavior\BuildLiteBehavior [ RunTime:0.000000s ]
INFO: [ app_init ] --END-- [ RunTime:0.001000s ]
INFO: [ app_begin ] --START--
INFO: Run Behavior\ReadHtmlCacheBehavior [ RunTime:0.002000s ]
INFO: [ app_begin ] --END-- [ RunTime:0.002000s ]
SQL: SHOW COLUMNS FROM `app_group` [ RunTime:0.0040s ]
SQL: SHOW COLUMNS FROM `app_auth` [ RunTime:0.0040s ]
SQL: SHOW COLUMNS FROM `app_manage` [ RunTime:0.0040s ]
SQL: SHOW COLUMNS FROM `app_article` [ RunTime:0.0040s ]
SQL: SHOW COLUMNS FROM `app_adver` [ RunTime:0.0040s ]
SQL: SELECT `auth` FROM `app_group` WHERE `id` = 1 LIMIT 1   [ RunTime:0.0010s ]
SQL: SELECT * FROM `app_auth` WHERE `status` = 1 ORDER BY sort ASC  [ RunTime:0.0000s ]
NOTIC: [8] Undefined offset: 15 D:\wamp\www\api\Application\Admin\Model\AuthModel.class.php 第 57 行.
SQL: SHOW COLUMNS FROM `app_config` [ RunTime:0.0040s ]
SQL: SELECT * FROM `app_config` WHERE `conf_group` = 2  [ RunTime:0.0000s ]
SQL: SELECT `id`,`pid`,`url` FROM `app_auth` WHERE `url` = 'Index/index' LIMIT 1   [ RunTime:0.0010s ]
INFO: [ view_parse ] --START--
INFO: [ template_filter ] --START--
INFO: Run Behavior\ContentReplaceBehavior [ RunTime:0.000000s ]
INFO: [ template_filter ] --END-- [ RunTime:0.001001s ]
NOTIC: [8] Undefined variable: curAuth D:\wamp\www\api\Application\Runtime\Cache\Admin\085b574956cdc611cfedaace62cf4e64.php 第 51 行.
NOTIC: [8] Undefined variable: curAuth D:\wamp\www\api\Application\Runtime\Cache\Admin\085b574956cdc611cfedaace62cf4e64.php 第 54 行.
NOTIC: [8] Undefined variable: curAuth D:\wamp\www\api\Application\Runtime\Cache\Admin\085b574956cdc611cfedaace62cf4e64.php 第 51 行.
NOTIC: [8] Undefined variable: curAuth D:\wamp\www\api\Application\Runtime\Cache\Admin\085b574956cdc611cfedaace62cf4e64.php 第 54 行.
NOTIC: [8] Undefined variable: curAuth D:\wamp\www\api\Application\Runtime\Cache\Admin\085b574956cdc611cfedaace62cf4e64.php 第 54 行.
NOTIC: [8] Undefined variable: curAuth D:\wamp\www\api\Application\Runtime\Cache\Admin\085b574956cdc611cfedaace62cf4e64.php 第 51 行.
NOTIC: [8] Undefined variable: curAuth D:\wamp\www\api\Application\Runtime\Cache\Admin\085b574956cdc611cfedaace62cf4e64.php 第 54 行.
NOTIC: [8] Undefined variable: curAuth D:\wamp\www\api\Application\Runtime\Cache\Admin\085b574956cdc611cfedaace62cf4e64.php 第 54 行.
NOTIC: [8] Undefined variable: curAuth D:\wamp\www\api\Application\Runtime\Cache\Admin\085b574956cdc611cfedaace62cf4e64.php 第 51 行.
NOTIC: [8] Undefined variable: curAuth D:\wamp\www\api\Application\Runtime\Cache\Admin\085b574956cdc611cfedaace62cf4e64.php 第 54 行.
NOTIC: [8] Undefined variable: curAuth D:\wamp\www\api\Application\Runtime\Cache\Admin\085b574956cdc611cfedaace62cf4e64.php 第 54 行.
NOTIC: [8] Undefined variable: curAuth D:\wamp\www\api\Application\Runtime\Cache\Admin\085b574956cdc611cfedaace62cf4e64.php 第 51 行.
NOTIC: [8] Undefined variable: curAuth D:\wamp\www\api\Application\Runtime\Cache\Admin\085b574956cdc611cfedaace62cf4e64.php 第 54 行.
NOTIC: [8] Undefined variable: curAuth D:\wamp\www\api\Application\Runtime\Cache\Admin\085b574956cdc611cfedaace62cf4e64.php 第 54 行.
NOTIC: [8] Undefined variable: curAuth D:\wamp\www\api\Application\Runtime\Cache\Admin\085b574956cdc611cfedaace62cf4e64.php 第 54 行.
NOTIC: [8] Undefined variable: curAuth D:\wamp\www\api\Application\Runtime\Cache\Admin\085b574956cdc611cfedaace62cf4e64.php 第 54 行.
NOTIC: [8] Undefined variable: curAuth D:\wamp\www\api\Application\Runtime\Cache\Admin\085b574956cdc611cfedaace62cf4e64.php 第 51 行.
NOTIC: [8] Undefined variable: curAuth D:\wamp\www\api\Application\Runtime\Cache\Admin\085b574956cdc611cfedaace62cf4e64.php 第 54 行.
NOTIC: [8] Undefined variable: curAuth D:\wamp\www\api\Application\Runtime\Cache\Admin\085b574956cdc611cfedaace62cf4e64.php 第 54 行.
NOTIC: [8] Undefined variable: curAuth D:\wamp\www\api\Application\Runtime\Cache\Admin\085b574956cdc611cfedaace62cf4e64.php 第 51 行.
NOTIC: [8] Undefined variable: curAuth D:\wamp\www\api\Application\Runtime\Cache\Admin\085b574956cdc611cfedaace62cf4e64.php 第 54 行.
NOTIC: [8] Undefined variable: curAuth D:\wamp\www\api\Application\Runtime\Cache\Admin\085b574956cdc611cfedaace62cf4e64.php 第 54 行.
NOTIC: [8] Undefined variable: curAuth D:\wamp\www\api\Application\Runtime\Cache\Admin\085b574956cdc611cfedaace62cf4e64.php 第 51 行.
NOTIC: [8] Undefined variable: curAuth D:\wamp\www\api\Application\Runtime\Cache\Admin\085b574956cdc611cfedaace62cf4e64.php 第 54 行.
NOTIC: [8] Undefined variable: curAuth D:\wamp\www\api\Application\Runtime\Cache\Admin\085b574956cdc611cfedaace62cf4e64.php 第 54 行.
NOTIC: [8] Undefined variable: curAuth D:\wamp\www\api\Application\Runtime\Cache\Admin\085b574956cdc611cfedaace62cf4e64.php 第 54 行.
NOTIC: [8] Undefined variable: curAuth D:\wamp\www\api\Application\Runtime\Cache\Admin\085b574956cdc611cfedaace62cf4e64.php 第 51 行.
NOTIC: [8] Undefined variable: curAuth D:\wamp\www\api\Application\Runtime\Cache\Admin\085b574956cdc611cfedaace62cf4e64.php 第 54 行.
NOTIC: [8] Undefined variable: curAuth D:\wamp\www\api\Application\Runtime\Cache\Admin\085b574956cdc611cfedaace62cf4e64.php 第 54 行.
NOTIC: [8] Undefined variable: curAuth D:\wamp\www\api\Application\Runtime\Cache\Admin\085b574956cdc611cfedaace62cf4e64.php 第 54 行.
NOTIC: [8] Undefined variable: curAuth D:\wamp\www\api\Application\Runtime\Cache\Admin\085b574956cdc611cfedaace62cf4e64.php 第 54 行.
NOTIC: [8] Undefined variable: curAuth D:\wamp\www\api\Application\Runtime\Cache\Admin\085b574956cdc611cfedaace62cf4e64.php 第 51 行.
NOTIC: [8] Undefined variable: curAuth D:\wamp\www\api\Application\Runtime\Cache\Admin\085b574956cdc611cfedaace62cf4e64.php 第 54 行.
NOTIC: [8] Undefined variable: curAuth D:\wamp\www\api\Application\Runtime\Cache\Admin\085b574956cdc611cfedaace62cf4e64.php 第 54 行.
NOTIC: [8] Undefined variable: curAuth D:\wamp\www\api\Application\Runtime\Cache\Admin\085b574956cdc611cfedaace62cf4e64.php 第 51 行.
NOTIC: [8] Undefined variable: curAuth D:\wamp\www\api\Application\Runtime\Cache\Admin\085b574956cdc611cfedaace62cf4e64.php 第 54 行.
NOTIC: [8] Undefined variable: curAuth D:\wamp\www\api\Application\Runtime\Cache\Admin\085b574956cdc611cfedaace62cf4e64.php 第 54 行.
NOTIC: [8] Undefined variable: curAuth D:\wamp\www\api\Application\Runtime\Cache\Admin\085b574956cdc611cfedaace62cf4e64.php 第 51 行.
NOTIC: [8] Undefined variable: curAuth D:\wamp\www\api\Application\Runtime\Cache\Admin\085b574956cdc611cfedaace62cf4e64.php 第 54 行.
NOTIC: [8] Undefined variable: curAuth D:\wamp\www\api\Application\Runtime\Cache\Admin\085b574956cdc611cfedaace62cf4e64.php 第 54 行.
NOTIC: [8] Undefined variable: curAuth D:\wamp\www\api\Application\Runtime\Cache\Admin\085b574956cdc611cfedaace62cf4e64.php 第 51 行.
NOTIC: [8] Undefined variable: curAuth D:\wamp\www\api\Application\Runtime\Cache\Admin\085b574956cdc611cfedaace62cf4e64.php 第 54 行.
NOTIC: [8] Undefined variable: curAuth D:\wamp\www\api\Application\Runtime\Cache\Admin\085b574956cdc611cfedaace62cf4e64.php 第 54 行.
NOTIC: [8] Undefined variable: curAuth D:\wamp\www\api\Application\Runtime\Cache\Admin\085b574956cdc611cfedaace62cf4e64.php 第 51 行.
NOTIC: [8] Undefined variable: curAuth D:\wamp\www\api\Application\Runtime\Cache\Admin\085b574956cdc611cfedaace62cf4e64.php 第 54 行.
NOTIC: [8] Undefined variable: curAuth D:\wamp\www\api\Application\Runtime\Cache\Admin\085b574956cdc611cfedaace62cf4e64.php 第 54 行.
NOTIC: [8] Undefined variable: curAuth D:\wamp\www\api\Application\Runtime\Cache\Admin\085b574956cdc611cfedaace62cf4e64.php 第 51 行.
NOTIC: [8] Undefined variable: curAuth D:\wamp\www\api\Application\Runtime\Cache\Admin\085b574956cdc611cfedaace62cf4e64.php 第 54 行.
NOTIC: [8] Undefined variable: curAuth D:\wamp\www\api\Application\Runtime\Cache\Admin\085b574956cdc611cfedaace62cf4e64.php 第 54 行.
INFO: Run Behavior\ParseTemplateBehavior [ RunTime:0.027001s ]
INFO: [ view_parse ] --END-- [ RunTime:0.027001s ]
INFO: [ view_filter ] --START--
INFO: Run Behavior\WriteHtmlCacheBehavior [ RunTime:0.001000s ]
INFO: [ view_filter ] --END-- [ RunTime:0.001000s ]
INFO: [ app_end ] --START--
INFO: Run Behavior\ShowPageTraceBehavior [ RunTime:0.001000s ]
INFO: [ app_end ] --END-- [ RunTime:0.001000s ]

[ 2016-10-15T16:19:05+08:00 ] 127.0.0.1 /api/index.php?s=/Admin/Event/index
INFO: [ app_init ] --START--
INFO: Run Behavior\BuildLiteBehavior [ RunTime:0.000000s ]
INFO: [ app_init ] --END-- [ RunTime:0.001000s ]
INFO: [ app_begin ] --START--
INFO: Run Behavior\ReadHtmlCacheBehavior [ RunTime:0.001000s ]
INFO: [ app_begin ] --END-- [ RunTime:0.001000s ]
SQL: SHOW COLUMNS FROM `app_group` [ RunTime:0.0030s ]
SQL: SHOW COLUMNS FROM `app_auth` [ RunTime:0.0030s ]
SQL: SHOW COLUMNS FROM `app_manage` [ RunTime:0.0030s ]
SQL: SHOW COLUMNS FROM `app_article` [ RunTime:0.0020s ]
SQL: SHOW COLUMNS FROM `app_adver` [ RunTime:0.0030s ]
SQL: SELECT `auth` FROM `app_group` WHERE `id` = 1 LIMIT 1   [ RunTime:0.0000s ]
SQL: SELECT * FROM `app_auth` WHERE `status` = 1 ORDER BY sort ASC  [ RunTime:0.0000s ]
NOTIC: [8] Undefined offset: 15 D:\wamp\www\api\Application\Admin\Model\AuthModel.class.php 第 57 行.
SQL: SHOW COLUMNS FROM `app_config` [ RunTime:0.0030s ]
SQL: SELECT * FROM `app_config` WHERE `conf_group` = 2  [ RunTime:0.0000s ]
SQL: SELECT `id`,`pid`,`url` FROM `app_auth` WHERE `url` = 'Event/index' LIMIT 1   [ RunTime:0.0010s ]
SQL: SHOW COLUMNS FROM `app_event` [ RunTime:0.0040s ]
SQL: SHOW COLUMNS FROM `app_category` [ RunTime:0.0020s ]
SQL: SELECT `id`,`name` FROM `app_category` WHERE `pid` = 0 AND `groupid` = 4 AND `type` = 1  [ RunTime:0.0010s ]
SQL: SELECT * FROM `app_category`  [ RunTime:0.0010s ]
SQL: SELECT COUNT(*) AS tp_count FROM `app_event` WHERE `cateid` IN ('17','16') LIMIT 1   [ RunTime:0.0000s ]
ERR: 1054:Champ 'a.agerange' inconnu dans field list
 [ SQL语句 ] : SELECT a.id,a.title,a.thumbpic,a.tags,a.price,a.place,a.phone,a.agerange,a.starttime,a.endtime,a.sort,a.status,a.isrec,a.commentnum,b.name as typename FROM app_event a INNER JOIN app_category as b ON a.cateid=b.id  WHERE `cateid` IN ('17','16') ORDER BY a.sort LIMIT 0,20  
ERR: 1054:Champ 'a.agerange' inconnu dans field list
 [ SQL语句 ] : SELECT a.id,a.title,a.thumbpic,a.tags,a.price,a.place,a.phone,a.agerange,a.starttime,a.endtime,a.sort,a.status,a.isrec,a.commentnum,b.name as typename FROM app_event a INNER JOIN app_category as b ON a.cateid=b.id  WHERE `cateid` IN ('17','16') ORDER BY a.sort LIMIT 0,20  

[ 2016-10-15T16:20:19+08:00 ] 127.0.0.1 /api/index.php?s=/Admin/Event/index
INFO: [ app_init ] --START--
INFO: Run Behavior\BuildLiteBehavior [ RunTime:0.000000s ]
INFO: [ app_init ] --END-- [ RunTime:0.001000s ]
INFO: [ app_begin ] --START--
INFO: Run Behavior\ReadHtmlCacheBehavior [ RunTime:0.001000s ]
INFO: [ app_begin ] --END-- [ RunTime:0.001000s ]
SQL: SHOW COLUMNS FROM `app_group` [ RunTime:0.0050s ]
SQL: SHOW COLUMNS FROM `app_auth` [ RunTime:0.0030s ]
SQL: SHOW COLUMNS FROM `app_manage` [ RunTime:0.0030s ]
SQL: SHOW COLUMNS FROM `app_article` [ RunTime:0.0030s ]
SQL: SHOW COLUMNS FROM `app_adver` [ RunTime:0.0030s ]
SQL: SELECT `auth` FROM `app_group` WHERE `id` = 1 LIMIT 1   [ RunTime:0.0000s ]
SQL: SELECT * FROM `app_auth` WHERE `status` = 1 ORDER BY sort ASC  [ RunTime:0.0010s ]
NOTIC: [8] Undefined offset: 15 D:\wamp\www\api\Application\Admin\Model\AuthModel.class.php 第 57 行.
SQL: SHOW COLUMNS FROM `app_config` [ RunTime:0.0030s ]
SQL: SELECT * FROM `app_config` WHERE `conf_group` = 2  [ RunTime:0.0000s ]
SQL: SELECT `id`,`pid`,`url` FROM `app_auth` WHERE `url` = 'Event/index' LIMIT 1   [ RunTime:0.0000s ]
SQL: SHOW COLUMNS FROM `app_event` [ RunTime:0.0030s ]
SQL: SHOW COLUMNS FROM `app_category` [ RunTime:0.0040s ]
SQL: SELECT `id`,`name` FROM `app_category` WHERE `pid` = 0 AND `groupid` = 4 AND `type` = 1  [ RunTime:0.0000s ]
SQL: SELECT * FROM `app_category`  [ RunTime:0.0010s ]
SQL: SELECT COUNT(*) AS tp_count FROM `app_event` WHERE `cateid` IN ('17','16') LIMIT 1   [ RunTime:0.0010s ]
SQL: SELECT a.id,a.title,a.thumbpic,a.tags,a.price,a.place,a.phone,a.starttime,a.endtime,a.sort,a.status,a.isrec,a.commentnum,b.name as typename FROM app_event a INNER JOIN app_category as b ON a.cateid=b.id  WHERE `cateid` IN ('17','16') ORDER BY a.sort LIMIT 0,20   [ RunTime:0.0010s ]
INFO: [ view_parse ] --START--
INFO: [ template_filter ] --START--
INFO: Run Behavior\ContentReplaceBehavior [ RunTime:0.000000s ]
INFO: [ template_filter ] --END-- [ RunTime:0.000000s ]
NOTIC: [8] Undefined index: agerange D:\wamp\www\api\Application\Runtime\Cache\Admin\5cccdaf1a70564102b8cc5978a711588.php 第 96 行.
INFO: Run Behavior\ParseTemplateBehavior [ RunTime:0.052003s ]
INFO: [ view_parse ] --END-- [ RunTime:0.054003s ]
INFO: [ view_filter ] --START--
INFO: Run Behavior\WriteHtmlCacheBehavior [ RunTime:0.000000s ]
INFO: [ view_filter ] --END-- [ RunTime:0.000000s ]
INFO: [ app_end ] --START--
INFO: Run Behavior\ShowPageTraceBehavior [ RunTime:0.000000s ]
INFO: [ app_end ] --END-- [ RunTime:0.000000s ]

[ 2016-10-15T16:20:22+08:00 ] 127.0.0.1 /api/index.php?s=/Admin/Event/index
INFO: [ app_init ] --START--
INFO: Run Behavior\BuildLiteBehavior [ RunTime:0.000000s ]
INFO: [ app_init ] --END-- [ RunTime:0.001000s ]
INFO: [ app_begin ] --START--
INFO: Run Behavior\ReadHtmlCacheBehavior [ RunTime:0.001000s ]
INFO: [ app_begin ] --END-- [ RunTime:0.001000s ]
SQL: SHOW COLUMNS FROM `app_group` [ RunTime:0.0040s ]
SQL: SHOW COLUMNS FROM `app_auth` [ RunTime:0.0040s ]
SQL: SHOW COLUMNS FROM `app_manage` [ RunTime:0.0040s ]
SQL: SHOW COLUMNS FROM `app_article` [ RunTime:0.0040s ]
SQL: SHOW COLUMNS FROM `app_adver` [ RunTime:0.0040s ]
SQL: SELECT `auth` FROM `app_group` WHERE `id` = 1 LIMIT 1   [ RunTime:0.0010s ]
SQL: SELECT * FROM `app_auth` WHERE `status` = 1 ORDER BY sort ASC  [ RunTime:0.0000s ]
NOTIC: [8] Undefined offset: 15 D:\wamp\www\api\Application\Admin\Model\AuthModel.class.php 第 57 行.
SQL: SHOW COLUMNS FROM `app_config` [ RunTime:0.0030s ]
SQL: SELECT * FROM `app_config` WHERE `conf_group` = 2  [ RunTime:0.0010s ]
SQL: SELECT `id`,`pid`,`url` FROM `app_auth` WHERE `url` = 'Event/index' LIMIT 1   [ RunTime:0.0000s ]
SQL: SHOW COLUMNS FROM `app_event` [ RunTime:0.0040s ]
SQL: SHOW COLUMNS FROM `app_category` [ RunTime:0.0050s ]
SQL: SELECT `id`,`name` FROM `app_category` WHERE `pid` = 0 AND `groupid` = 4 AND `type` = 1  [ RunTime:0.0010s ]
SQL: SELECT * FROM `app_category`  [ RunTime:0.0010s ]
SQL: SELECT COUNT(*) AS tp_count FROM `app_event` WHERE `cateid` IN ('17','16') LIMIT 1   [ RunTime:0.0000s ]
SQL: SELECT a.id,a.title,a.thumbpic,a.tags,a.price,a.place,a.phone,a.starttime,a.endtime,a.sort,a.status,a.isrec,a.commentnum,b.name as typename FROM app_event a INNER JOIN app_category as b ON a.cateid=b.id  WHERE `cateid` IN ('17','16') ORDER BY a.sort LIMIT 0,20   [ RunTime:0.0000s ]
INFO: [ view_parse ] --START--
INFO: [ template_filter ] --START--
INFO: Run Behavior\ContentReplaceBehavior [ RunTime:0.000000s ]
INFO: [ template_filter ] --END-- [ RunTime:0.000000s ]
NOTIC: [8] Undefined index: agerange D:\wamp\www\api\Application\Runtime\Cache\Admin\5cccdaf1a70564102b8cc5978a711588.php 第 96 行.
INFO: Run Behavior\ParseTemplateBehavior [ RunTime:0.029002s ]
INFO: [ view_parse ] --END-- [ RunTime:0.029002s ]
INFO: [ view_filter ] --START--
INFO: Run Behavior\WriteHtmlCacheBehavior [ RunTime:0.001000s ]
INFO: [ view_filter ] --END-- [ RunTime:0.001000s ]
INFO: [ app_end ] --START--
INFO: Run Behavior\ShowPageTraceBehavior [ RunTime:0.001000s ]
INFO: [ app_end ] --END-- [ RunTime:0.001000s ]

[ 2016-10-15T16:20:30+08:00 ] 127.0.0.1 /api/index.php?s=/Admin/Event/isRec
INFO: [ app_init ] --START--
INFO: Run Behavior\BuildLiteBehavior [ RunTime:0.000000s ]
INFO: [ app_init ] --END-- [ RunTime:0.000000s ]
INFO: [ app_begin ] --START--
INFO: Run Behavior\ReadHtmlCacheBehavior [ RunTime:0.001000s ]
INFO: [ app_begin ] --END-- [ RunTime:0.001000s ]
SQL: SHOW COLUMNS FROM `app_group` [ RunTime:0.0050s ]
SQL: SHOW COLUMNS FROM `app_auth` [ RunTime:0.0050s ]
SQL: SHOW COLUMNS FROM `app_manage` [ RunTime:0.0060s ]
SQL: SHOW COLUMNS FROM `app_article` [ RunTime:0.0050s ]
SQL: SHOW COLUMNS FROM `app_adver` [ RunTime:0.0050s ]
SQL: SELECT `auth` FROM `app_group` WHERE `id` = 1 LIMIT 1   [ RunTime:0.0000s ]
SQL: SELECT * FROM `app_auth` WHERE `status` = 1 ORDER BY sort ASC  [ RunTime:0.0010s ]
NOTIC: [8] Undefined offset: 15 D:\wamp\www\api\Application\Admin\Model\AuthModel.class.php 第 57 行.
SQL: SHOW COLUMNS FROM `app_config` [ RunTime:0.0050s ]
SQL: SELECT * FROM `app_config` WHERE `conf_group` = 2  [ RunTime:0.0010s ]
SQL: SELECT `id`,`pid`,`url` FROM `app_auth` WHERE `url` = 'Event/isRec' LIMIT 1   [ RunTime:0.0010s ]
SQL: SHOW COLUMNS FROM `app_event` [ RunTime:0.0050s ]
SQL: SHOW COLUMNS FROM `app_category` [ RunTime:0.0050s ]
SQL: SELECT * FROM `app_event` WHERE `id` = 1 LIMIT 1   [ RunTime:0.0010s ]
SQL: UPDATE `app_event` SET `isrec`='1' WHERE `id` = 1 [ RunTime:0.0440s ]

[ 2016-10-15T16:21:39+08:00 ] 127.0.0.1 /api/index.php?s=/Admin/Service/index
INFO: [ app_init ] --START--
INFO: Run Behavior\BuildLiteBehavior [ RunTime:0.000000s ]
INFO: [ app_init ] --END-- [ RunTime:0.001000s ]
INFO: [ app_begin ] --START--
INFO: Run Behavior\ReadHtmlCacheBehavior [ RunTime:0.001000s ]
INFO: [ app_begin ] --END-- [ RunTime:0.001000s ]
SQL: SHOW COLUMNS FROM `app_group` [ RunTime:0.0040s ]
SQL: SHOW COLUMNS FROM `app_auth` [ RunTime:0.0050s ]
SQL: SHOW COLUMNS FROM `app_manage` [ RunTime:0.0050s ]
SQL: SHOW COLUMNS FROM `app_article` [ RunTime:0.0040s ]
SQL: SHOW COLUMNS FROM `app_adver` [ RunTime:0.0040s ]
SQL: SELECT `auth` FROM `app_group` WHERE `id` = 1 LIMIT 1   [ RunTime:0.0010s ]
SQL: SELECT * FROM `app_auth` WHERE `status` = 1 ORDER BY sort ASC  [ RunTime:0.0010s ]
NOTIC: [8] Undefined offset: 15 D:\wamp\www\api\Application\Admin\Model\AuthModel.class.php 第 57 行.
SQL: SHOW COLUMNS FROM `app_config` [ RunTime:0.0050s ]
SQL: SELECT * FROM `app_config` WHERE `conf_group` = 2  [ RunTime:0.0000s ]
SQL: SELECT `id`,`pid`,`url` FROM `app_auth` WHERE `url` = 'Service/index' LIMIT 1   [ RunTime:0.0010s ]
SQL: SHOW COLUMNS FROM `app_service` [ RunTime:0.0050s ]
SQL: SHOW COLUMNS FROM `app_category` [ RunTime:0.0050s ]
SQL: SELECT `id`,`name` FROM `app_category` WHERE `pid` = 0 AND `groupid` = 3 AND `type` = 1  [ RunTime:0.0010s ]
SQL: SELECT * FROM `app_category`  [ RunTime:0.0010s ]
SQL: SELECT COUNT(*) AS tp_count FROM `app_service` WHERE `cateid` IN ('13','1') LIMIT 1   [ RunTime:0.0010s ]
SQL: SELECT a.id,a.title,a.mainpic,a.thumbpic,a.tags,a.price,a.location,a.phone,a.sort,a.status,a.isrec,a.collectnum,a.admirenum,b.name as typename FROM app_service a INNER JOIN app_category as b ON a.cateid=b.id  WHERE `cateid` IN ('13','1') ORDER BY sort LIMIT 0,20   [ RunTime:0.0000s ]
INFO: [ view_parse ] --START--
INFO: [ template_filter ] --START--
INFO: Run Behavior\ContentReplaceBehavior [ RunTime:0.000000s ]
INFO: [ template_filter ] --END-- [ RunTime:0.001000s ]
INFO: Run Behavior\ParseTemplateBehavior [ RunTime:0.048002s ]
INFO: [ view_parse ] --END-- [ RunTime:0.049003s ]
INFO: [ view_filter ] --START--
INFO: Run Behavior\WriteHtmlCacheBehavior [ RunTime:0.000000s ]
INFO: [ view_filter ] --END-- [ RunTime:0.000000s ]
INFO: [ app_end ] --START--
INFO: Run Behavior\ShowPageTraceBehavior [ RunTime:0.001000s ]
INFO: [ app_end ] --END-- [ RunTime:0.001000s ]

[ 2016-10-15T16:21:41+08:00 ] 127.0.0.1 /api/index.php?s=/Admin/Service/setStatus
INFO: [ app_init ] --START--
INFO: Run Behavior\BuildLiteBehavior [ RunTime:0.000000s ]
INFO: [ app_init ] --END-- [ RunTime:0.001000s ]
INFO: [ app_begin ] --START--
INFO: Run Behavior\ReadHtmlCacheBehavior [ RunTime:0.001000s ]
INFO: [ app_begin ] --END-- [ RunTime:0.001000s ]
SQL: SHOW COLUMNS FROM `app_group` [ RunTime:0.0030s ]
SQL: SHOW COLUMNS FROM `app_auth` [ RunTime:0.0020s ]
SQL: SHOW COLUMNS FROM `app_manage` [ RunTime:0.0030s ]
SQL: SHOW COLUMNS FROM `app_article` [ RunTime:0.0030s ]
SQL: SHOW COLUMNS FROM `app_adver` [ RunTime:0.0030s ]
SQL: SELECT `auth` FROM `app_group` WHERE `id` = 1 LIMIT 1   [ RunTime:0.0000s ]
SQL: SELECT * FROM `app_auth` WHERE `status` = 1 ORDER BY sort ASC  [ RunTime:0.0010s ]
NOTIC: [8] Undefined offset: 15 D:\wamp\www\api\Application\Admin\Model\AuthModel.class.php 第 57 行.
SQL: SHOW COLUMNS FROM `app_config` [ RunTime:0.0030s ]
SQL: SELECT * FROM `app_config` WHERE `conf_group` = 2  [ RunTime:0.0010s ]
SQL: SELECT `id`,`pid`,`url` FROM `app_auth` WHERE `url` = 'Service/setStatus' LIMIT 1   [ RunTime:0.0010s ]
SQL: SHOW COLUMNS FROM `app_service` [ RunTime:0.0050s ]
SQL: SHOW COLUMNS FROM `app_category` [ RunTime:0.0040s ]
SQL: SELECT * FROM `app_service` WHERE `id` = 54 LIMIT 1   [ RunTime:0.0000s ]
SQL: UPDATE `app_service` SET `status`='1' WHERE `id` = 54 [ RunTime:0.0410s ]

[ 2016-10-15T16:21:45+08:00 ] 127.0.0.1 /api/index.php?s=/Admin/Service/isRec
INFO: [ app_init ] --START--
INFO: Run Behavior\BuildLiteBehavior [ RunTime:0.000000s ]
INFO: [ app_init ] --END-- [ RunTime:0.001000s ]
INFO: [ app_begin ] --START--
INFO: Run Behavior\ReadHtmlCacheBehavior [ RunTime:0.002000s ]
INFO: [ app_begin ] --END-- [ RunTime:0.002000s ]
SQL: SHOW COLUMNS FROM `app_group` [ RunTime:0.0060s ]
SQL: SHOW COLUMNS FROM `app_auth` [ RunTime:0.0050s ]
SQL: SHOW COLUMNS FROM `app_manage` [ RunTime:0.0050s ]
SQL: SHOW COLUMNS FROM `app_article` [ RunTime:0.0060s ]
SQL: SHOW COLUMNS FROM `app_adver` [ RunTime:0.0070s ]
SQL: SELECT `auth` FROM `app_group` WHERE `id` = 1 LIMIT 1   [ RunTime:0.0000s ]
SQL: SELECT * FROM `app_auth` WHERE `status` = 1 ORDER BY sort ASC  [ RunTime:0.0010s ]
NOTIC: [8] Undefined offset: 15 D:\wamp\www\api\Application\Admin\Model\AuthModel.class.php 第 57 行.
SQL: SHOW COLUMNS FROM `app_config` [ RunTime:0.0080s ]
SQL: SELECT * FROM `app_config` WHERE `conf_group` = 2  [ RunTime:0.0010s ]
SQL: SELECT `id`,`pid`,`url` FROM `app_auth` WHERE `url` = 'Service/isRec' LIMIT 1   [ RunTime:0.0000s ]
SQL: SHOW COLUMNS FROM `app_service` [ RunTime:0.0070s ]
SQL: SHOW COLUMNS FROM `app_category` [ RunTime:0.0060s ]
SQL: SELECT `id`,`isrec` FROM `app_service` WHERE `id` = 54 LIMIT 1   [ RunTime:0.0000s ]
SQL: UPDATE `app_service` SET `isrec`='1' WHERE `id` = 54 [ RunTime:0.0260s ]

[ 2016-10-15T16:27:39+08:00 ] 127.0.0.1 /api/index.php?s=/Admin/Event/index
INFO: [ app_init ] --START--
INFO: Run Behavior\BuildLiteBehavior [ RunTime:0.000000s ]
INFO: [ app_init ] --END-- [ RunTime:0.001000s ]
INFO: [ app_begin ] --START--
INFO: Run Behavior\ReadHtmlCacheBehavior [ RunTime:0.000000s ]
INFO: [ app_begin ] --END-- [ RunTime:0.001000s ]
SQL: SHOW COLUMNS FROM `app_group` [ RunTime:0.0030s ]
SQL: SHOW COLUMNS FROM `app_auth` [ RunTime:0.0030s ]
SQL: SHOW COLUMNS FROM `app_manage` [ RunTime:0.0030s ]
SQL: SHOW COLUMNS FROM `app_article` [ RunTime:0.0030s ]
SQL: SHOW COLUMNS FROM `app_adver` [ RunTime:0.0030s ]
SQL: SELECT `auth` FROM `app_group` WHERE `id` = 1 LIMIT 1   [ RunTime:0.0000s ]
SQL: SELECT * FROM `app_auth` WHERE `status` = 1 ORDER BY sort ASC  [ RunTime:0.0000s ]
NOTIC: [8] Undefined offset: 15 D:\wamp\www\api\Application\Admin\Model\AuthModel.class.php 第 57 行.
SQL: SHOW COLUMNS FROM `app_config` [ RunTime:0.0020s ]
SQL: SELECT * FROM `app_config` WHERE `conf_group` = 2  [ RunTime:0.0000s ]
SQL: SELECT `id`,`pid`,`url` FROM `app_auth` WHERE `url` = 'Event/index' LIMIT 1   [ RunTime:0.0000s ]
SQL: SHOW COLUMNS FROM `app_event` [ RunTime:0.0030s ]
SQL: SHOW COLUMNS FROM `app_category` [ RunTime:0.0030s ]
SQL: SELECT `id`,`name` FROM `app_category` WHERE `pid` = 0 AND `groupid` = 4 AND `type` = 1  [ RunTime:0.0010s ]
SQL: SELECT * FROM `app_category`  [ RunTime:0.0000s ]
SQL: SELECT COUNT(*) AS tp_count FROM `app_event` WHERE `cateid` IN ('17','16') LIMIT 1   [ RunTime:0.0010s ]
SQL: SELECT a.id,a.title,a.thumbpic,a.tags,a.price,a.place,a.phone,a.starttime,a.endtime,a.sort,a.status,a.isrec,a.commentnum,b.name as typename FROM app_event a INNER JOIN app_category as b ON a.cateid=b.id  WHERE `cateid` IN ('17','16') ORDER BY a.sort LIMIT 0,20   [ RunTime:0.0010s ]
INFO: [ view_parse ] --START--
INFO: [ template_filter ] --START--
INFO: Run Behavior\ContentReplaceBehavior [ RunTime:0.000000s ]
INFO: [ template_filter ] --END-- [ RunTime:0.000000s ]
NOTIC: [8] Undefined index: agerange D:\wamp\www\api\Application\Runtime\Cache\Admin\5cccdaf1a70564102b8cc5978a711588.php 第 96 行.
NOTIC: [8] Undefined index: agerange D:\wamp\www\api\Application\Runtime\Cache\Admin\5cccdaf1a70564102b8cc5978a711588.php 第 96 行.
NOTIC: [8] Undefined index: agerange D:\wamp\www\api\Application\Runtime\Cache\Admin\5cccdaf1a70564102b8cc5978a711588.php 第 96 行.
INFO: Run Behavior\ParseTemplateBehavior [ RunTime:0.032002s ]
INFO: [ view_parse ] --END-- [ RunTime:0.033002s ]
INFO: [ view_filter ] --START--
INFO: Run Behavior\WriteHtmlCacheBehavior [ RunTime:0.001000s ]
INFO: [ view_filter ] --END-- [ RunTime:0.001000s ]
INFO: [ app_end ] --START--
INFO: Run Behavior\ShowPageTraceBehavior [ RunTime:0.001000s ]
INFO: [ app_end ] --END-- [ RunTime:0.001000s ]

[ 2016-10-15T16:28:26+08:00 ] 127.0.0.1 /api/index.php?s=/Admin/Event/index
INFO: [ app_init ] --START--
INFO: Run Behavior\BuildLiteBehavior [ RunTime:0.000000s ]
INFO: [ app_init ] --END-- [ RunTime:0.001000s ]
INFO: [ app_begin ] --START--
INFO: Run Behavior\ReadHtmlCacheBehavior [ RunTime:0.001001s ]
INFO: [ app_begin ] --END-- [ RunTime:0.001001s ]
SQL: SHOW COLUMNS FROM `app_group` [ RunTime:0.0030s ]
SQL: SHOW COLUMNS FROM `app_auth` [ RunTime:0.0030s ]
SQL: SHOW COLUMNS FROM `app_manage` [ RunTime:0.0030s ]
SQL: SHOW COLUMNS FROM `app_article` [ RunTime:0.0020s ]
SQL: SHOW COLUMNS FROM `app_adver` [ RunTime:0.0030s ]
SQL: SELECT `auth` FROM `app_group` WHERE `id` = 1 LIMIT 1   [ RunTime:0.0000s ]
SQL: SELECT * FROM `app_auth` WHERE `status` = 1 ORDER BY sort ASC  [ RunTime:0.0000s ]
NOTIC: [8] Undefined offset: 15 D:\wamp\www\api\Application\Admin\Model\AuthModel.class.php 第 57 行.
SQL: SHOW COLUMNS FROM `app_config` [ RunTime:0.0020s ]
SQL: SELECT * FROM `app_config` WHERE `conf_group` = 2  [ RunTime:0.0000s ]
SQL: SELECT `id`,`pid`,`url` FROM `app_auth` WHERE `url` = 'Event/index' LIMIT 1   [ RunTime:0.0000s ]
SQL: SHOW COLUMNS FROM `app_event` [ RunTime:0.0030s ]
SQL: SHOW COLUMNS FROM `app_category` [ RunTime:0.0020s ]
SQL: SELECT `id`,`name` FROM `app_category` WHERE `pid` = 0 AND `groupid` = 4 AND `type` = 1  [ RunTime:0.0010s ]
SQL: SELECT * FROM `app_category`  [ RunTime:0.0010s ]
SQL: SELECT COUNT(*) AS tp_count FROM `app_event` WHERE `cateid` IN ('17','16') LIMIT 1   [ RunTime:0.0000s ]
SQL: SELECT a.id,a.title,a.thumbpic,a.tags,a.price,a.place,a.phone,a.starttime,a.endtime,a.sort,a.status,a.isrec,a.commentnum,b.name as typename FROM app_event a INNER JOIN app_category as b ON a.cateid=b.id  WHERE `cateid` IN ('17','16') ORDER BY a.sort LIMIT 0,20   [ RunTime:0.0000s ]
INFO: [ view_parse ] --START--
INFO: [ template_filter ] --START--
INFO: Run Behavior\ContentReplaceBehavior [ RunTime:0.000000s ]
INFO: [ template_filter ] --END-- [ RunTime:0.000000s ]
NOTIC: [8] Undefined index: agerange D:\wamp\www\api\Application\Runtime\Cache\Admin\5cccdaf1a70564102b8cc5978a711588.php 第 96 行.
NOTIC: [8] Undefined index: agerange D:\wamp\www\api\Application\Runtime\Cache\Admin\5cccdaf1a70564102b8cc5978a711588.php 第 96 行.
NOTIC: [8] Undefined index: agerange D:\wamp\www\api\Application\Runtime\Cache\Admin\5cccdaf1a70564102b8cc5978a711588.php 第 96 行.
NOTIC: [8] Undefined index: agerange D:\wamp\www\api\Application\Runtime\Cache\Admin\5cccdaf1a70564102b8cc5978a711588.php 第 96 行.
NOTIC: [8] Undefined index: agerange D:\wamp\www\api\Application\Runtime\Cache\Admin\5cccdaf1a70564102b8cc5978a711588.php 第 96 行.
INFO: Run Behavior\ParseTemplateBehavior [ RunTime:0.025002s ]
INFO: [ view_parse ] --END-- [ RunTime:0.025002s ]
INFO: [ view_filter ] --START--
INFO: Run Behavior\WriteHtmlCacheBehavior [ RunTime:0.001000s ]
INFO: [ view_filter ] --END-- [ RunTime:0.001000s ]
INFO: [ app_end ] --START--
INFO: Run Behavior\ShowPageTraceBehavior [ RunTime:0.000000s ]
INFO: [ app_end ] --END-- [ RunTime:0.001000s ]

[ 2016-10-15T16:28:35+08:00 ] 127.0.0.1 /api/index.php?s=/Admin/Event/isRec
INFO: [ app_init ] --START--
INFO: Run Behavior\BuildLiteBehavior [ RunTime:0.000000s ]
INFO: [ app_init ] --END-- [ RunTime:0.001000s ]
INFO: [ app_begin ] --START--
INFO: Run Behavior\ReadHtmlCacheBehavior [ RunTime:0.001000s ]
INFO: [ app_begin ] --END-- [ RunTime:0.001000s ]
SQL: SHOW COLUMNS FROM `app_group` [ RunTime:0.0030s ]
SQL: SHOW COLUMNS FROM `app_auth` [ RunTime:0.0020s ]
SQL: SHOW COLUMNS FROM `app_manage` [ RunTime:0.0030s ]
SQL: SHOW COLUMNS FROM `app_article` [ RunTime:0.0030s ]
SQL: SHOW COLUMNS FROM `app_adver` [ RunTime:0.0020s ]
SQL: SELECT `auth` FROM `app_group` WHERE `id` = 1 LIMIT 1   [ RunTime:0.0000s ]
SQL: SELECT * FROM `app_auth` WHERE `status` = 1 ORDER BY sort ASC  [ RunTime:0.0000s ]
NOTIC: [8] Undefined offset: 15 D:\wamp\www\api\Application\Admin\Model\AuthModel.class.php 第 57 行.
SQL: SHOW COLUMNS FROM `app_config` [ RunTime:0.0030s ]
SQL: SELECT * FROM `app_config` WHERE `conf_group` = 2  [ RunTime:0.0010s ]
SQL: SELECT `id`,`pid`,`url` FROM `app_auth` WHERE `url` = 'Event/isRec' LIMIT 1   [ RunTime:0.0010s ]
SQL: SHOW COLUMNS FROM `app_event` [ RunTime:0.0040s ]
SQL: SHOW COLUMNS FROM `app_category` [ RunTime:0.0030s ]
SQL: SELECT * FROM `app_event` WHERE `id` = 2 LIMIT 1   [ RunTime:0.0000s ]
SQL: UPDATE `app_event` SET `isrec`='1' WHERE `id` = 2 [ RunTime:0.0370s ]

[ 2016-10-15T16:28:37+08:00 ] 127.0.0.1 /api/index.php?s=/Admin/Event/isRec
INFO: [ app_init ] --START--
INFO: Run Behavior\BuildLiteBehavior [ RunTime:0.000000s ]
INFO: [ app_init ] --END-- [ RunTime:0.000000s ]
INFO: [ app_begin ] --START--
INFO: Run Behavior\ReadHtmlCacheBehavior [ RunTime:0.001000s ]
INFO: [ app_begin ] --END-- [ RunTime:0.001000s ]
SQL: SHOW COLUMNS FROM `app_group` [ RunTime:0.0030s ]
SQL: SHOW COLUMNS FROM `app_auth` [ RunTime:0.0030s ]
SQL: SHOW COLUMNS FROM `app_manage` [ RunTime:0.0030s ]
SQL: SHOW COLUMNS FROM `app_article` [ RunTime:0.0030s ]
SQL: SHOW COLUMNS FROM `app_adver` [ RunTime:0.0030s ]
SQL: SELECT `auth` FROM `app_group` WHERE `id` = 1 LIMIT 1   [ RunTime:0.0000s ]
SQL: SELECT * FROM `app_auth` WHERE `status` = 1 ORDER BY sort ASC  [ RunTime:0.0000s ]
NOTIC: [8] Undefined offset: 15 D:\wamp\www\api\Application\Admin\Model\AuthModel.class.php 第 57 行.
SQL: SHOW COLUMNS FROM `app_config` [ RunTime:0.0020s ]
SQL: SELECT * FROM `app_config` WHERE `conf_group` = 2  [ RunTime:0.0000s ]
SQL: SELECT `id`,`pid`,`url` FROM `app_auth` WHERE `url` = 'Event/isRec' LIMIT 1   [ RunTime:0.0000s ]
SQL: SHOW COLUMNS FROM `app_event` [ RunTime:0.0030s ]
SQL: SHOW COLUMNS FROM `app_category` [ RunTime:0.0030s ]
SQL: SELECT * FROM `app_event` WHERE `id` = 3 LIMIT 1   [ RunTime:0.0000s ]
SQL: UPDATE `app_event` SET `isrec`='1' WHERE `id` = 3 [ RunTime:0.0270s ]

[ 2016-10-15T16:28:42+08:00 ] 127.0.0.1 /api/index.php?s=/Admin/Event/isRec
INFO: [ app_init ] --START--
INFO: Run Behavior\BuildLiteBehavior [ RunTime:0.000000s ]
INFO: [ app_init ] --END-- [ RunTime:0.001000s ]
INFO: [ app_begin ] --START--
INFO: Run Behavior\ReadHtmlCacheBehavior [ RunTime:0.001000s ]
INFO: [ app_begin ] --END-- [ RunTime:0.001000s ]
SQL: SHOW COLUMNS FROM `app_group` [ RunTime:0.0050s ]
SQL: SHOW COLUMNS FROM `app_auth` [ RunTime:0.0030s ]
SQL: SHOW COLUMNS FROM `app_manage` [ RunTime:0.0030s ]
SQL: SHOW COLUMNS FROM `app_article` [ RunTime:0.0040s ]
SQL: SHOW COLUMNS FROM `app_adver` [ RunTime:0.0030s ]
SQL: SELECT `auth` FROM `app_group` WHERE `id` = 1 LIMIT 1   [ RunTime:0.0000s ]
SQL: SELECT * FROM `app_auth` WHERE `status` = 1 ORDER BY sort ASC  [ RunTime:0.0010s ]
NOTIC: [8] Undefined offset: 15 D:\wamp\www\api\Application\Admin\Model\AuthModel.class.php 第 57 行.
SQL: SHOW COLUMNS FROM `app_config` [ RunTime:0.0030s ]
SQL: SELECT * FROM `app_config` WHERE `conf_group` = 2  [ RunTime:0.0000s ]
SQL: SELECT `id`,`pid`,`url` FROM `app_auth` WHERE `url` = 'Event/isRec' LIMIT 1   [ RunTime:0.0000s ]
SQL: SHOW COLUMNS FROM `app_event` [ RunTime:0.0040s ]
SQL: SHOW COLUMNS FROM `app_category` [ RunTime:0.0030s ]
SQL: SELECT * FROM `app_event` WHERE `id` = 5 LIMIT 1   [ RunTime:0.0000s ]
SQL: UPDATE `app_event` SET `isrec`='1' WHERE `id` = 5 [ RunTime:0.0180s ]

[ 2016-10-15T16:57:44+08:00 ] 127.0.0.1 /api/index.php?s=/Admin/Topic/index
INFO: [ app_init ] --START--
INFO: Run Behavior\BuildLiteBehavior [ RunTime:0.000000s ]
INFO: [ app_init ] --END-- [ RunTime:0.000000s ]
INFO: [ app_begin ] --START--
INFO: Run Behavior\ReadHtmlCacheBehavior [ RunTime:0.000000s ]
INFO: [ app_begin ] --END-- [ RunTime:0.000000s ]
SQL: SHOW COLUMNS FROM `app_group` [ RunTime:0.0000s ]
SQL: SHOW COLUMNS FROM `app_auth` [ RunTime:0.0000s ]
SQL: SHOW COLUMNS FROM `app_manage` [ RunTime:0.0000s ]
SQL: SHOW COLUMNS FROM `app_article` [ RunTime:0.0156s ]
SQL: SHOW COLUMNS FROM `app_adver` [ RunTime:0.0000s ]
SQL: SELECT `auth` FROM `app_group` WHERE `id` = 1 LIMIT 1   [ RunTime:0.0000s ]
SQL: SELECT * FROM `app_auth` WHERE `status` = 1 ORDER BY sort ASC  [ RunTime:0.0000s ]
NOTIC: [8] Undefined offset: 15 D:\wamp\www\api\Application\Admin\Model\AuthModel.class.php 第 57 行.
SQL: SHOW COLUMNS FROM `app_config` [ RunTime:0.0000s ]
SQL: SELECT * FROM `app_config` WHERE `conf_group` = 2  [ RunTime:0.0000s ]
SQL: SELECT `id`,`pid`,`url` FROM `app_auth` WHERE `url` = 'Topic/index' LIMIT 1   [ RunTime:0.0000s ]
SQL: SHOW COLUMNS FROM `app_topic` [ RunTime:0.0000s ]
SQL: SHOW COLUMNS FROM `app_category` [ RunTime:0.0000s ]
SQL: SELECT `id`,`name` FROM `app_category` WHERE `pid` = 0 AND `groupid` = 5 AND `type` = 1  [ RunTime:0.0000s ]
SQL: SELECT * FROM `app_category`  [ RunTime:0.0000s ]
SQL: SELECT COUNT(*) AS tp_count FROM `app_topic` WHERE `cateid` IN ('15','14') LIMIT 1   [ RunTime:0.0000s ]
SQL: SELECT a.id,a.title,a.tags,a.thumbpic,a.commentnum,a.isrec,a.status,b.name as typename FROM app_topic a INNER JOIN app_category as b ON a.cateid=b.id  WHERE `cateid` IN ('15','14') ORDER BY a.date DESC LIMIT 0,20   [ RunTime:0.0000s ]
INFO: [ view_parse ] --START--
INFO: [ template_filter ] --START--
INFO: Run Behavior\ContentReplaceBehavior [ RunTime:0.000000s ]
INFO: [ template_filter ] --END-- [ RunTime:0.000000s ]
INFO: Run Behavior\ParseTemplateBehavior [ RunTime:0.015600s ]
INFO: [ view_parse ] --END-- [ RunTime:0.015600s ]
INFO: [ view_filter ] --START--
INFO: Run Behavior\WriteHtmlCacheBehavior [ RunTime:0.015600s ]
INFO: [ view_filter ] --END-- [ RunTime:0.015600s ]
INFO: [ app_end ] --START--
INFO: Run Behavior\ShowPageTraceBehavior [ RunTime:0.000000s ]
INFO: [ app_end ] --END-- [ RunTime:0.000000s ]

[ 2016-10-15T16:57:48+08:00 ] 127.0.0.1 /api/index.php?s=/Admin/Event/index
INFO: [ app_init ] --START--
INFO: Run Behavior\BuildLiteBehavior [ RunTime:0.000000s ]
INFO: [ app_init ] --END-- [ RunTime:0.000000s ]
INFO: [ app_begin ] --START--
INFO: Run Behavior\ReadHtmlCacheBehavior [ RunTime:0.000000s ]
INFO: [ app_begin ] --END-- [ RunTime:0.000000s ]
SQL: SHOW COLUMNS FROM `app_group` [ RunTime:0.0156s ]
SQL: SHOW COLUMNS FROM `app_auth` [ RunTime:0.0000s ]
SQL: SHOW COLUMNS FROM `app_manage` [ RunTime:0.0000s ]
SQL: SHOW COLUMNS FROM `app_article` [ RunTime:0.0000s ]
SQL: SHOW COLUMNS FROM `app_adver` [ RunTime:0.0000s ]
SQL: SELECT `auth` FROM `app_group` WHERE `id` = 1 LIMIT 1   [ RunTime:0.0000s ]
SQL: SELECT * FROM `app_auth` WHERE `status` = 1 ORDER BY sort ASC  [ RunTime:0.0000s ]
NOTIC: [8] Undefined offset: 15 D:\wamp\www\api\Application\Admin\Model\AuthModel.class.php 第 57 行.
SQL: SHOW COLUMNS FROM `app_config` [ RunTime:0.0000s ]
SQL: SELECT * FROM `app_config` WHERE `conf_group` = 2  [ RunTime:0.0000s ]
SQL: SELECT `id`,`pid`,`url` FROM `app_auth` WHERE `url` = 'Event/index' LIMIT 1   [ RunTime:0.0000s ]
SQL: SHOW COLUMNS FROM `app_event` [ RunTime:0.0156s ]
SQL: SHOW COLUMNS FROM `app_category` [ RunTime:0.0000s ]
SQL: SELECT `id`,`name` FROM `app_category` WHERE `pid` = 0 AND `groupid` = 4 AND `type` = 1  [ RunTime:0.0000s ]
SQL: SELECT * FROM `app_category`  [ RunTime:0.0000s ]
SQL: SELECT COUNT(*) AS tp_count FROM `app_event` WHERE `cateid` IN ('17','16') LIMIT 1   [ RunTime:0.0000s ]
SQL: SELECT a.id,a.title,a.thumbpic,a.tags,a.price,a.place,a.phone,a.starttime,a.endtime,a.sort,a.status,a.isrec,a.commentnum,b.name as typename FROM app_event a INNER JOIN app_category as b ON a.cateid=b.id  WHERE `cateid` IN ('17','16') ORDER BY a.sort LIMIT 0,20   [ RunTime:0.0000s ]
INFO: [ view_parse ] --START--
INFO: [ template_filter ] --START--
INFO: Run Behavior\ContentReplaceBehavior [ RunTime:0.000000s ]
INFO: [ template_filter ] --END-- [ RunTime:0.000000s ]
NOTIC: [8] Undefined index: agerange D:\wamp\www\api\Application\Runtime\Cache\Admin\5cccdaf1a70564102b8cc5978a711588.php 第 96 行.
NOTIC: [8] Undefined index: agerange D:\wamp\www\api\Application\Runtime\Cache\Admin\5cccdaf1a70564102b8cc5978a711588.php 第 96 行.
NOTIC: [8] Undefined index: agerange D:\wamp\www\api\Application\Runtime\Cache\Admin\5cccdaf1a70564102b8cc5978a711588.php 第 96 行.
NOTIC: [8] Undefined index: agerange D:\wamp\www\api\Application\Runtime\Cache\Admin\5cccdaf1a70564102b8cc5978a711588.php 第 96 行.
NOTIC: [8] Undefined index: agerange D:\wamp\www\api\Application\Runtime\Cache\Admin\5cccdaf1a70564102b8cc5978a711588.php 第 96 行.
INFO: Run Behavior\ParseTemplateBehavior [ RunTime:0.031200s ]
INFO: [ view_parse ] --END-- [ RunTime:0.031200s ]
INFO: [ view_filter ] --START--
INFO: Run Behavior\WriteHtmlCacheBehavior [ RunTime:0.000000s ]
INFO: [ view_filter ] --END-- [ RunTime:0.000000s ]
INFO: [ app_end ] --START--
INFO: Run Behavior\ShowPageTraceBehavior [ RunTime:0.000000s ]
INFO: [ app_end ] --END-- [ RunTime:0.000000s ]

[ 2016-10-15T16:57:52+08:00 ] 127.0.0.1 /api/index.php?s=/Admin/Category/index
INFO: [ app_init ] --START--
INFO: Run Behavior\BuildLiteBehavior [ RunTime:0.000000s ]
INFO: [ app_init ] --END-- [ RunTime:0.000000s ]
INFO: [ app_begin ] --START--
INFO: Run Behavior\ReadHtmlCacheBehavior [ RunTime:0.000000s ]
INFO: [ app_begin ] --END-- [ RunTime:0.000000s ]
SQL: SHOW COLUMNS FROM `app_group` [ RunTime:0.0000s ]
SQL: SHOW COLUMNS FROM `app_auth` [ RunTime:0.0000s ]
SQL: SHOW COLUMNS FROM `app_manage` [ RunTime:0.0000s ]
SQL: SHOW COLUMNS FROM `app_article` [ RunTime:0.0000s ]
SQL: SHOW COLUMNS FROM `app_adver` [ RunTime:0.0000s ]
SQL: SELECT `auth` FROM `app_group` WHERE `id` = 1 LIMIT 1   [ RunTime:0.0000s ]
SQL: SELECT * FROM `app_auth` WHERE `status` = 1 ORDER BY sort ASC  [ RunTime:0.0000s ]
NOTIC: [8] Undefined offset: 15 D:\wamp\www\api\Application\Admin\Model\AuthModel.class.php 第 57 行.
SQL: SHOW COLUMNS FROM `app_config` [ RunTime:0.0000s ]
SQL: SELECT * FROM `app_config` WHERE `conf_group` = 2  [ RunTime:0.0000s ]
SQL: SELECT `id`,`pid`,`url` FROM `app_auth` WHERE `url` = 'Category/index' LIMIT 1   [ RunTime:0.0000s ]
SQL: SHOW COLUMNS FROM `app_category` [ RunTime:0.0156s ]
SQL: SHOW COLUMNS FROM `app_attr` [ RunTime:0.0000s ]
SQL: SHOW COLUMNS FROM `app_categroup` [ RunTime:0.0000s ]
SQL: SHOW COLUMNS FROM `app_brand` [ RunTime:0.0000s ]
SQL: SELECT * FROM `app_categroup`  [ RunTime:0.0000s ]
SQL: SELECT * FROM `app_category` WHERE `groupid` = 1 ORDER BY sort ASC  [ RunTime:0.0000s ]
SQL: SELECT `name` FROM `app_attr` WHERE `id` = 1 LIMIT 1   [ RunTime:0.0000s ]
SQL: SELECT `name` FROM `app_attr` WHERE `id` = 1 LIMIT 1   [ RunTime:0.0156s ]
INFO: [ view_parse ] --START--
INFO: [ template_filter ] --START--
INFO: Run Behavior\ContentReplaceBehavior [ RunTime:0.000000s ]
INFO: [ template_filter ] --END-- [ RunTime:0.000000s ]
NOTIC: [8] Undefined variable: page D:\wamp\www\api\Application\Runtime\Cache\Admin\758bcb3f33f57e8861a7e878bcb76941.php 第 99 行.
INFO: Run Behavior\ParseTemplateBehavior [ RunTime:0.031200s ]
INFO: [ view_parse ] --END-- [ RunTime:0.031200s ]
INFO: [ view_filter ] --START--
INFO: Run Behavior\WriteHtmlCacheBehavior [ RunTime:0.000000s ]
INFO: [ view_filter ] --END-- [ RunTime:0.000000s ]
INFO: [ app_end ] --START--
INFO: Run Behavior\ShowPageTraceBehavior [ RunTime:0.000000s ]
INFO: [ app_end ] --END-- [ RunTime:0.000000s ]

[ 2016-10-15T16:57:54+08:00 ] 127.0.0.1 /api/index.php?s=/Admin/Category/add
INFO: [ app_init ] --START--
INFO: Run Behavior\BuildLiteBehavior [ RunTime:0.000000s ]
INFO: [ app_init ] --END-- [ RunTime:0.000000s ]
INFO: [ app_begin ] --START--
INFO: Run Behavior\ReadHtmlCacheBehavior [ RunTime:0.000000s ]
INFO: [ app_begin ] --END-- [ RunTime:0.000000s ]
SQL: SHOW COLUMNS FROM `app_group` [ RunTime:0.0000s ]
SQL: SHOW COLUMNS FROM `app_auth` [ RunTime:0.0000s ]
SQL: SHOW COLUMNS FROM `app_manage` [ RunTime:0.0156s ]
SQL: SHOW COLUMNS FROM `app_article` [ RunTime:0.0000s ]
SQL: SHOW COLUMNS FROM `app_adver` [ RunTime:0.0156s ]
SQL: SELECT `auth` FROM `app_group` WHERE `id` = 1 LIMIT 1   [ RunTime:0.0000s ]
SQL: SELECT * FROM `app_auth` WHERE `status` = 1 ORDER BY sort ASC  [ RunTime:0.0000s ]
NOTIC: [8] Undefined offset: 15 D:\wamp\www\api\Application\Admin\Model\AuthModel.class.php 第 57 行.
SQL: SHOW COLUMNS FROM `app_config` [ RunTime:0.0000s ]
SQL: SELECT * FROM `app_config` WHERE `conf_group` = 2  [ RunTime:0.0000s ]
SQL: SELECT `id`,`pid`,`url` FROM `app_auth` WHERE `url` = 'Category/add' LIMIT 1   [ RunTime:0.0000s ]
SQL: SHOW COLUMNS FROM `app_category` [ RunTime:0.0000s ]
SQL: SHOW COLUMNS FROM `app_attr` [ RunTime:0.0156s ]
SQL: SHOW COLUMNS FROM `app_categroup` [ RunTime:0.0000s ]
SQL: SHOW COLUMNS FROM `app_brand` [ RunTime:0.0000s ]
SQL: SELECT * FROM `app_categroup`  [ RunTime:0.0000s ]
SQL: SELECT `id`,`pid`,`name` FROM `app_category` WHERE `type` <> 0 AND `groupid` = '1' ORDER BY sort ASC  [ RunTime:0.0000s ]
NOTIC: [8] Undefined offset: 1 D:\wamp\www\api\Application\Admin\Model\CategoryModel.class.php 第 30 行.
SQL: SELECT * FROM `app_attr`  [ RunTime:0.0000s ]
SQL: SELECT * FROM `app_categroup`  [ RunTime:0.0000s ]
INFO: [ view_parse ] --START--
INFO: [ template_filter ] --START--
INFO: Run Behavior\ContentReplaceBehavior [ RunTime:0.000000s ]
INFO: [ template_filter ] --END-- [ RunTime:0.000000s ]
NOTIC: [8] Undefined variable: oneParentCate D:\wamp\www\api\Application\Runtime\Cache\Admin\1a88a9e54b20b8617d80553f7faa6742.php 第 65 行.
NOTIC: [8] Undefined index: typename D:\wamp\www\api\Application\Runtime\Cache\Admin\1a88a9e54b20b8617d80553f7faa6742.php 第 75 行.
NOTIC: [8] Undefined index: typename D:\wamp\www\api\Application\Runtime\Cache\Admin\1a88a9e54b20b8617d80553f7faa6742.php 第 76 行.
NOTIC: [8] Undefined index: typename D:\wamp\www\api\Application\Runtime\Cache\Admin\1a88a9e54b20b8617d80553f7faa6742.php 第 76 行.
INFO: Run Behavior\ParseTemplateBehavior [ RunTime:0.046800s ]
INFO: [ view_parse ] --END-- [ RunTime:0.046800s ]
INFO: [ view_filter ] --START--
INFO: Run Behavior\WriteHtmlCacheBehavior [ RunTime:0.000000s ]
INFO: [ view_filter ] --END-- [ RunTime:0.000000s ]
INFO: [ app_end ] --START--
INFO: Run Behavior\ShowPageTraceBehavior [ RunTime:0.000000s ]
INFO: [ app_end ] --END-- [ RunTime:0.000000s ]

[ 2016-10-15T16:57:55+08:00 ] 127.0.0.1 /api/index.php?s=/Admin/Attr/index
INFO: [ app_init ] --START--
INFO: Run Behavior\BuildLiteBehavior [ RunTime:0.000000s ]
INFO: [ app_init ] --END-- [ RunTime:0.000000s ]
INFO: [ app_begin ] --START--
INFO: Run Behavior\ReadHtmlCacheBehavior [ RunTime:0.000000s ]
INFO: [ app_begin ] --END-- [ RunTime:0.000000s ]
SQL: SHOW COLUMNS FROM `app_group` [ RunTime:0.0000s ]
SQL: SHOW COLUMNS FROM `app_auth` [ RunTime:0.0000s ]
SQL: SHOW COLUMNS FROM `app_manage` [ RunTime:0.0000s ]
SQL: SHOW COLUMNS FROM `app_article` [ RunTime:0.0156s ]
SQL: SHOW COLUMNS FROM `app_adver` [ RunTime:0.0000s ]
SQL: SELECT `auth` FROM `app_group` WHERE `id` = 1 LIMIT 1   [ RunTime:0.0000s ]
SQL: SELECT * FROM `app_auth` WHERE `status` = 1 ORDER BY sort ASC  [ RunTime:0.0000s ]
NOTIC: [8] Undefined offset: 15 D:\wamp\www\api\Application\Admin\Model\AuthModel.class.php 第 57 行.
SQL: SHOW COLUMNS FROM `app_config` [ RunTime:0.0000s ]
SQL: SELECT * FROM `app_config` WHERE `conf_group` = 2  [ RunTime:0.0000s ]
SQL: SELECT `id`,`pid`,`url` FROM `app_auth` WHERE `url` = 'Attr/index' LIMIT 1   [ RunTime:0.0000s ]
SQL: SHOW COLUMNS FROM `app_attr` [ RunTime:0.0000s ]
SQL: SELECT COUNT(*) AS tp_count FROM `app_attr` LIMIT 1   [ RunTime:0.0000s ]
SQL: SELECT * FROM `app_attr` LIMIT 0,20   [ RunTime:0.0000s ]
INFO: [ view_parse ] --START--
INFO: [ template_filter ] --START--
INFO: Run Behavior\ContentReplaceBehavior [ RunTime:0.000000s ]
INFO: [ template_filter ] --END-- [ RunTime:0.000000s ]
INFO: Run Behavior\ParseTemplateBehavior [ RunTime:0.031200s ]
INFO: [ view_parse ] --END-- [ RunTime:0.031200s ]
INFO: [ view_filter ] --START--
INFO: Run Behavior\WriteHtmlCacheBehavior [ RunTime:0.000000s ]
INFO: [ view_filter ] --END-- [ RunTime:0.000000s ]
INFO: [ app_end ] --START--
INFO: Run Behavior\ShowPageTraceBehavior [ RunTime:0.000000s ]
INFO: [ app_end ] --END-- [ RunTime:0.000000s ]

[ 2016-10-15T16:57:56+08:00 ] 127.0.0.1 /api/index.php?s=/Admin/Attr/add
INFO: [ app_init ] --START--
INFO: Run Behavior\BuildLiteBehavior [ RunTime:0.000000s ]
INFO: [ app_init ] --END-- [ RunTime:0.000000s ]
INFO: [ app_begin ] --START--
INFO: Run Behavior\ReadHtmlCacheBehavior [ RunTime:0.000000s ]
INFO: [ app_begin ] --END-- [ RunTime:0.000000s ]
SQL: SHOW COLUMNS FROM `app_group` [ RunTime:0.0000s ]
SQL: SHOW COLUMNS FROM `app_auth` [ RunTime:0.0000s ]
SQL: SHOW COLUMNS FROM `app_manage` [ RunTime:0.0000s ]
SQL: SHOW COLUMNS FROM `app_article` [ RunTime:0.0156s ]
SQL: SHOW COLUMNS FROM `app_adver` [ RunTime:0.0000s ]
SQL: SELECT `auth` FROM `app_group` WHERE `id` = 1 LIMIT 1   [ RunTime:0.0000s ]
SQL: SELECT * FROM `app_auth` WHERE `status` = 1 ORDER BY sort ASC  [ RunTime:0.0000s ]
NOTIC: [8] Undefined offset: 15 D:\wamp\www\api\Application\Admin\Model\AuthModel.class.php 第 57 行.
SQL: SHOW COLUMNS FROM `app_config` [ RunTime:0.0000s ]
SQL: SELECT * FROM `app_config` WHERE `conf_group` = 2  [ RunTime:0.0000s ]
SQL: SELECT `id`,`pid`,`url` FROM `app_auth` WHERE `url` = 'Attr/add' LIMIT 1   [ RunTime:0.0000s ]
SQL: SHOW COLUMNS FROM `app_attr` [ RunTime:0.0156s ]
INFO: [ view_parse ] --START--
INFO: [ template_filter ] --START--
INFO: Run Behavior\ContentReplaceBehavior [ RunTime:0.000000s ]
INFO: [ template_filter ] --END-- [ RunTime:0.000000s ]
INFO: Run Behavior\ParseTemplateBehavior [ RunTime:0.015600s ]
INFO: [ view_parse ] --END-- [ RunTime:0.015600s ]
INFO: [ view_filter ] --START--
INFO: Run Behavior\WriteHtmlCacheBehavior [ RunTime:0.000000s ]
INFO: [ view_filter ] --END-- [ RunTime:0.000000s ]
INFO: [ app_end ] --START--
INFO: Run Behavior\ShowPageTraceBehavior [ RunTime:0.000000s ]
INFO: [ app_end ] --END-- [ RunTime:0.000000s ]

[ 2016-10-15T17:46:04+08:00 ] 127.0.0.1 /api/index.php?s=/Admin/Seller/index
INFO: [ app_init ] --START--
INFO: Run Behavior\BuildLiteBehavior [ RunTime:0.000000s ]
INFO: [ app_init ] --END-- [ RunTime:0.000000s ]
INFO: [ app_begin ] --START--
INFO: Run Behavior\ReadHtmlCacheBehavior [ RunTime:0.000000s ]
INFO: [ app_begin ] --END-- [ RunTime:0.000000s ]
SQL: SHOW COLUMNS FROM `app_group` [ RunTime:0.0000s ]
SQL: SHOW COLUMNS FROM `app_auth` [ RunTime:0.0000s ]
SQL: SHOW COLUMNS FROM `app_manage` [ RunTime:0.0156s ]
SQL: SHOW COLUMNS FROM `app_article` [ RunTime:0.0000s ]
SQL: SHOW COLUMNS FROM `app_adver` [ RunTime:0.0000s ]
SQL: SELECT `auth` FROM `app_group` WHERE `id` = 1 LIMIT 1   [ RunTime:0.0000s ]
SQL: SELECT * FROM `app_auth` WHERE `status` = 1 ORDER BY sort ASC  [ RunTime:0.0000s ]
NOTIC: [8] Undefined offset: 15 D:\wamp\www\api\Application\Admin\Model\AuthModel.class.php 第 57 行.
SQL: SHOW COLUMNS FROM `app_config` [ RunTime:0.0000s ]
SQL: SELECT * FROM `app_config` WHERE `conf_group` = 2  [ RunTime:0.0000s ]
SQL: SELECT `id`,`pid`,`url` FROM `app_auth` WHERE `url` = 'Seller/index' LIMIT 1   [ RunTime:0.0000s ]
SQL: SHOW COLUMNS FROM `app_user` [ RunTime:0.0156s ]
SQL: SELECT COUNT(*) AS tp_count FROM `app_user` WHERE `level` <> 1 LIMIT 1   [ RunTime:0.0000s ]
SQL: SELECT * FROM `app_user` WHERE `level` <> 1 ORDER BY date DESC LIMIT 0,20   [ RunTime:0.0000s ]
INFO: [ view_parse ] --START--
INFO: [ template_filter ] --START--
INFO: Run Behavior\ContentReplaceBehavior [ RunTime:0.000000s ]
INFO: [ template_filter ] --END-- [ RunTime:0.000000s ]
INFO: Run Behavior\ParseTemplateBehavior [ RunTime:0.046801s ]
INFO: [ view_parse ] --END-- [ RunTime:0.046801s ]
INFO: [ view_filter ] --START--
INFO: Run Behavior\WriteHtmlCacheBehavior [ RunTime:0.000000s ]
INFO: [ view_filter ] --END-- [ RunTime:0.000000s ]
INFO: [ app_end ] --START--
INFO: Run Behavior\ShowPageTraceBehavior [ RunTime:0.000000s ]
INFO: [ app_end ] --END-- [ RunTime:0.000000s ]

