[ 2016-10-11T08:57:03+08:00 ] 127.0.0.1 /api/index.php?s=/Admin/Auth/index.html
INFO: [ app_init ] --START--
INFO: Run Behavior\BuildLiteBehavior [ RunTime:0.000000s ]
INFO: [ app_init ] --END-- [ RunTime:0.001000s ]
INFO: [ app_begin ] --START--
INFO: Run Behavior\ReadHtmlCacheBehavior [ RunTime:0.001000s ]
INFO: [ app_begin ] --END-- [ RunTime:0.002000s ]

[ 2016-10-11T08:57:04+08:00 ] 127.0.0.1 /api/index.php?s=/Admin/Login/index.html
INFO: [ app_init ] --START--
INFO: Run Behavior\BuildLiteBehavior [ RunTime:0.000000s ]
INFO: [ app_init ] --END-- [ RunTime:0.001000s ]
INFO: [ app_begin ] --START--
INFO: Run Behavior\ReadHtmlCacheBehavior [ RunTime:0.001000s ]
INFO: [ app_begin ] --END-- [ RunTime:0.001000s ]
SQL: SHOW COLUMNS FROM `app_manage` [ RunTime:0.0110s ]
INFO: [ view_parse ] --START--
INFO: [ template_filter ] --START--
INFO: Run Behavior\ContentReplaceBehavior [ RunTime:0.001000s ]
INFO: [ template_filter ] --END-- [ RunTime:0.001000s ]
INFO: Run Behavior\ParseTemplateBehavior [ RunTime:0.030001s ]
INFO: [ view_parse ] --END-- [ RunTime:0.031001s ]
INFO: [ view_filter ] --START--
INFO: Run Behavior\WriteHtmlCacheBehavior [ RunTime:0.009001s ]
INFO: [ view_filter ] --END-- [ RunTime:0.009001s ]
INFO: [ app_end ] --START--
INFO: Run Behavior\ShowPageTraceBehavior [ RunTime:0.002000s ]
INFO: [ app_end ] --END-- [ RunTime:0.002000s ]

[ 2016-10-11T08:57:07+08:00 ] 127.0.0.1 /api/index.php?s=/Admin/Login/index.html
INFO: [ app_init ] --START--
INFO: Run Behavior\BuildLiteBehavior [ RunTime:0.001000s ]
INFO: [ app_init ] --END-- [ RunTime:0.001000s ]
INFO: [ app_begin ] --START--
INFO: Run Behavior\ReadHtmlCacheBehavior [ RunTime:0.001000s ]
INFO: [ app_begin ] --END-- [ RunTime:0.002000s ]
SQL: SHOW COLUMNS FROM `app_manage` [ RunTime:0.0050s ]
NOTIC: [8] Undefined index: validate D:\wamp\www\api\ThinkPHP\Library\Think\Model.class.php 第 1185 行.
NOTIC: [8] Undefined index: auto D:\wamp\www\api\ThinkPHP\Library\Think\Model.class.php 第 1128 行.
SQL: SELECT * FROM `app_manage` WHERE `username` = 'admin' LIMIT 1   [ RunTime:0.0000s ]
INFO: [ view_parse ] --START--
INFO: [ template_filter ] --START--
INFO: Run Behavior\ContentReplaceBehavior [ RunTime:0.000000s ]
INFO: [ template_filter ] --END-- [ RunTime:0.001000s ]
INFO: Run Behavior\ParseTemplateBehavior [ RunTime:0.020001s ]
INFO: [ view_parse ] --END-- [ RunTime:0.021001s ]
INFO: [ view_filter ] --START--
INFO: Run Behavior\WriteHtmlCacheBehavior [ RunTime:0.001000s ]
INFO: [ view_filter ] --END-- [ RunTime:0.001000s ]
INFO: [ app_end ] --START--
INFO: Run Behavior\ShowPageTraceBehavior [ RunTime:0.002000s ]
INFO: [ app_end ] --END-- [ RunTime:0.002000s ]

[ 2016-10-11T08:57:09+08:00 ] 127.0.0.1 /api/index.php?s=/Admin/Index/index.html
INFO: [ app_init ] --START--
INFO: Run Behavior\BuildLiteBehavior [ RunTime:0.000000s ]
INFO: [ app_init ] --END-- [ RunTime:0.001000s ]
INFO: [ app_begin ] --START--
INFO: Run Behavior\ReadHtmlCacheBehavior [ RunTime:0.001000s ]
INFO: [ app_begin ] --END-- [ RunTime:0.001000s ]
SQL: SHOW COLUMNS FROM `app_group` [ RunTime:0.0270s ]
SQL: SHOW COLUMNS FROM `app_auth` [ RunTime:0.0210s ]
SQL: SHOW COLUMNS FROM `app_manage` [ RunTime:0.0080s ]
SQL: SHOW COLUMNS FROM `app_article` [ RunTime:0.0320s ]
SQL: SHOW COLUMNS FROM `app_adver` [ RunTime:0.0070s ]
SQL: SELECT `auth` FROM `app_group` WHERE `id` = 1 LIMIT 1   [ RunTime:0.0000s ]
SQL: SELECT * FROM `app_auth` WHERE `status` = 1 ORDER BY sort ASC  [ RunTime:0.0020s ]
NOTIC: [8] Undefined offset: 15 D:\wamp\www\api\Application\Admin\Model\AuthModel.class.php 第 57 行.
SQL: SHOW COLUMNS FROM `app_config` [ RunTime:0.0190s ]
SQL: SELECT * FROM `app_config` WHERE `conf_group` = 2  [ RunTime:0.0010s ]
SQL: SELECT `id`,`pid`,`url` FROM `app_auth` WHERE `url` = 'Index/index' LIMIT 1   [ RunTime:0.0010s ]
INFO: [ view_parse ] --START--
INFO: [ template_filter ] --START--
INFO: Run Behavior\ContentReplaceBehavior [ RunTime:0.000000s ]
INFO: [ template_filter ] --END-- [ RunTime:0.001000s ]
NOTIC: [8] Undefined variable: curAuth D:\wamp\www\api\Application\Runtime\Cache\Admin\085b574956cdc611cfedaace62cf4e64.php 第 51 行.
NOTIC: [8] Undefined variable: curAuth D:\wamp\www\api\Application\Runtime\Cache\Admin\085b574956cdc611cfedaace62cf4e64.php 第 54 行.
NOTIC: [8] Undefined variable: curAuth D:\wamp\www\api\Application\Runtime\Cache\Admin\085b574956cdc611cfedaace62cf4e64.php 第 51 行.
NOTIC: [8] Undefined variable: curAuth D:\wamp\www\api\Application\Runtime\Cache\Admin\085b574956cdc611cfedaace62cf4e64.php 第 54 行.
NOTIC: [8] Undefined variable: curAuth D:\wamp\www\api\Application\Runtime\Cache\Admin\085b574956cdc611cfedaace62cf4e64.php 第 54 行.
NOTIC: [8] Undefined variable: curAuth D:\wamp\www\api\Application\Runtime\Cache\Admin\085b574956cdc611cfedaace62cf4e64.php 第 51 行.
NOTIC: [8] Undefined variable: curAuth D:\wamp\www\api\Application\Runtime\Cache\Admin\085b574956cdc611cfedaace62cf4e64.php 第 54 行.
NOTIC: [8] Undefined variable: curAuth D:\wamp\www\api\Application\Runtime\Cache\Admin\085b574956cdc611cfedaace62cf4e64.php 第 54 行.
NOTIC: [8] Undefined variable: curAuth D:\wamp\www\api\Application\Runtime\Cache\Admin\085b574956cdc611cfedaace62cf4e64.php 第 51 行.
NOTIC: [8] Undefined variable: curAuth D:\wamp\www\api\Application\Runtime\Cache\Admin\085b574956cdc611cfedaace62cf4e64.php 第 54 行.
NOTIC: [8] Undefined variable: curAuth D:\wamp\www\api\Application\Runtime\Cache\Admin\085b574956cdc611cfedaace62cf4e64.php 第 54 行.
NOTIC: [8] Undefined variable: curAuth D:\wamp\www\api\Application\Runtime\Cache\Admin\085b574956cdc611cfedaace62cf4e64.php 第 51 行.
NOTIC: [8] Undefined variable: curAuth D:\wamp\www\api\Application\Runtime\Cache\Admin\085b574956cdc611cfedaace62cf4e64.php 第 54 行.
NOTIC: [8] Undefined variable: curAuth D:\wamp\www\api\Application\Runtime\Cache\Admin\085b574956cdc611cfedaace62cf4e64.php 第 54 行.
NOTIC: [8] Undefined variable: curAuth D:\wamp\www\api\Application\Runtime\Cache\Admin\085b574956cdc611cfedaace62cf4e64.php 第 54 行.
NOTIC: [8] Undefined variable: curAuth D:\wamp\www\api\Application\Runtime\Cache\Admin\085b574956cdc611cfedaace62cf4e64.php 第 54 行.
NOTIC: [8] Undefined variable: curAuth D:\wamp\www\api\Application\Runtime\Cache\Admin\085b574956cdc611cfedaace62cf4e64.php 第 51 行.
NOTIC: [8] Undefined variable: curAuth D:\wamp\www\api\Application\Runtime\Cache\Admin\085b574956cdc611cfedaace62cf4e64.php 第 54 行.
NOTIC: [8] Undefined variable: curAuth D:\wamp\www\api\Application\Runtime\Cache\Admin\085b574956cdc611cfedaace62cf4e64.php 第 54 行.
NOTIC: [8] Undefined variable: curAuth D:\wamp\www\api\Application\Runtime\Cache\Admin\085b574956cdc611cfedaace62cf4e64.php 第 51 行.
NOTIC: [8] Undefined variable: curAuth D:\wamp\www\api\Application\Runtime\Cache\Admin\085b574956cdc611cfedaace62cf4e64.php 第 54 行.
NOTIC: [8] Undefined variable: curAuth D:\wamp\www\api\Application\Runtime\Cache\Admin\085b574956cdc611cfedaace62cf4e64.php 第 54 行.
NOTIC: [8] Undefined variable: curAuth D:\wamp\www\api\Application\Runtime\Cache\Admin\085b574956cdc611cfedaace62cf4e64.php 第 51 行.
NOTIC: [8] Undefined variable: curAuth D:\wamp\www\api\Application\Runtime\Cache\Admin\085b574956cdc611cfedaace62cf4e64.php 第 54 行.
NOTIC: [8] Undefined variable: curAuth D:\wamp\www\api\Application\Runtime\Cache\Admin\085b574956cdc611cfedaace62cf4e64.php 第 54 行.
NOTIC: [8] Undefined variable: curAuth D:\wamp\www\api\Application\Runtime\Cache\Admin\085b574956cdc611cfedaace62cf4e64.php 第 54 行.
NOTIC: [8] Undefined variable: curAuth D:\wamp\www\api\Application\Runtime\Cache\Admin\085b574956cdc611cfedaace62cf4e64.php 第 51 行.
NOTIC: [8] Undefined variable: curAuth D:\wamp\www\api\Application\Runtime\Cache\Admin\085b574956cdc611cfedaace62cf4e64.php 第 54 行.
NOTIC: [8] Undefined variable: curAuth D:\wamp\www\api\Application\Runtime\Cache\Admin\085b574956cdc611cfedaace62cf4e64.php 第 54 行.
NOTIC: [8] Undefined variable: curAuth D:\wamp\www\api\Application\Runtime\Cache\Admin\085b574956cdc611cfedaace62cf4e64.php 第 54 行.
NOTIC: [8] Undefined variable: curAuth D:\wamp\www\api\Application\Runtime\Cache\Admin\085b574956cdc611cfedaace62cf4e64.php 第 54 行.
NOTIC: [8] Undefined variable: curAuth D:\wamp\www\api\Application\Runtime\Cache\Admin\085b574956cdc611cfedaace62cf4e64.php 第 51 行.
NOTIC: [8] Undefined variable: curAuth D:\wamp\www\api\Application\Runtime\Cache\Admin\085b574956cdc611cfedaace62cf4e64.php 第 54 行.
NOTIC: [8] Undefined variable: curAuth D:\wamp\www\api\Application\Runtime\Cache\Admin\085b574956cdc611cfedaace62cf4e64.php 第 54 行.
NOTIC: [8] Undefined variable: curAuth D:\wamp\www\api\Application\Runtime\Cache\Admin\085b574956cdc611cfedaace62cf4e64.php 第 51 行.
NOTIC: [8] Undefined variable: curAuth D:\wamp\www\api\Application\Runtime\Cache\Admin\085b574956cdc611cfedaace62cf4e64.php 第 54 行.
NOTIC: [8] Undefined variable: curAuth D:\wamp\www\api\Application\Runtime\Cache\Admin\085b574956cdc611cfedaace62cf4e64.php 第 54 行.
NOTIC: [8] Undefined variable: curAuth D:\wamp\www\api\Application\Runtime\Cache\Admin\085b574956cdc611cfedaace62cf4e64.php 第 51 行.
NOTIC: [8] Undefined variable: curAuth D:\wamp\www\api\Application\Runtime\Cache\Admin\085b574956cdc611cfedaace62cf4e64.php 第 54 行.
NOTIC: [8] Undefined variable: curAuth D:\wamp\www\api\Application\Runtime\Cache\Admin\085b574956cdc611cfedaace62cf4e64.php 第 54 行.
NOTIC: [8] Undefined variable: curAuth D:\wamp\www\api\Application\Runtime\Cache\Admin\085b574956cdc611cfedaace62cf4e64.php 第 51 行.
NOTIC: [8] Undefined variable: curAuth D:\wamp\www\api\Application\Runtime\Cache\Admin\085b574956cdc611cfedaace62cf4e64.php 第 54 行.
NOTIC: [8] Undefined variable: curAuth D:\wamp\www\api\Application\Runtime\Cache\Admin\085b574956cdc611cfedaace62cf4e64.php 第 54 行.
NOTIC: [8] Undefined variable: curAuth D:\wamp\www\api\Application\Runtime\Cache\Admin\085b574956cdc611cfedaace62cf4e64.php 第 51 行.
NOTIC: [8] Undefined variable: curAuth D:\wamp\www\api\Application\Runtime\Cache\Admin\085b574956cdc611cfedaace62cf4e64.php 第 54 行.
NOTIC: [8] Undefined variable: curAuth D:\wamp\www\api\Application\Runtime\Cache\Admin\085b574956cdc611cfedaace62cf4e64.php 第 54 行.
NOTIC: [8] Undefined variable: curAuth D:\wamp\www\api\Application\Runtime\Cache\Admin\085b574956cdc611cfedaace62cf4e64.php 第 51 行.
NOTIC: [8] Undefined variable: curAuth D:\wamp\www\api\Application\Runtime\Cache\Admin\085b574956cdc611cfedaace62cf4e64.php 第 54 行.
NOTIC: [8] Undefined variable: curAuth D:\wamp\www\api\Application\Runtime\Cache\Admin\085b574956cdc611cfedaace62cf4e64.php 第 54 行.
INFO: Run Behavior\ParseTemplateBehavior [ RunTime:0.057004s ]
INFO: [ view_parse ] --END-- [ RunTime:0.058004s ]
INFO: [ view_filter ] --START--
INFO: Run Behavior\WriteHtmlCacheBehavior [ RunTime:0.000000s ]
INFO: [ view_filter ] --END-- [ RunTime:0.000000s ]
INFO: [ app_end ] --START--
INFO: Run Behavior\ShowPageTraceBehavior [ RunTime:0.001000s ]
INFO: [ app_end ] --END-- [ RunTime:0.001000s ]

[ 2016-10-11T08:57:16+08:00 ] 127.0.0.1 /api/index.php?s=/Admin/Price/index
INFO: [ app_init ] --START--
INFO: Run Behavior\BuildLiteBehavior [ RunTime:0.000000s ]
INFO: [ app_init ] --END-- [ RunTime:0.001000s ]
INFO: [ app_begin ] --START--
INFO: Run Behavior\ReadHtmlCacheBehavior [ RunTime:0.001000s ]
INFO: [ app_begin ] --END-- [ RunTime:0.001000s ]
SQL: SHOW COLUMNS FROM `app_group` [ RunTime:0.0020s ]
SQL: SHOW COLUMNS FROM `app_auth` [ RunTime:0.0020s ]
SQL: SHOW COLUMNS FROM `app_manage` [ RunTime:0.0020s ]
SQL: SHOW COLUMNS FROM `app_article` [ RunTime:0.0020s ]
SQL: SHOW COLUMNS FROM `app_adver` [ RunTime:0.0020s ]
SQL: SELECT `auth` FROM `app_group` WHERE `id` = 1 LIMIT 1   [ RunTime:0.0000s ]
SQL: SELECT * FROM `app_auth` WHERE `status` = 1 ORDER BY sort ASC  [ RunTime:0.0010s ]
NOTIC: [8] Undefined offset: 15 D:\wamp\www\api\Application\Admin\Model\AuthModel.class.php 第 57 行.
SQL: SHOW COLUMNS FROM `app_config` [ RunTime:0.0030s ]
SQL: SELECT * FROM `app_config` WHERE `conf_group` = 2  [ RunTime:0.0000s ]
SQL: SELECT `id`,`pid`,`url` FROM `app_auth` WHERE `url` = 'Price/index' LIMIT 1   [ RunTime:0.0000s ]
SQL: SHOW COLUMNS FROM `app_price` [ RunTime:0.0110s ]
SQL: SHOW COLUMNS FROM `app_category` [ RunTime:0.0020s ]
SQL: SELECT COUNT(*) AS tp_count FROM `app_price` WHERE `gid` = 1 LIMIT 1   [ RunTime:0.0010s ]
SQL: SELECT a.id,a.minprice,a.maxprice,b.name as catename FROM app_price a INNER JOIN app_category as b ON a.cateid=b.id  WHERE `gid` = 1 LIMIT 0,20   [ RunTime:0.0000s ]
INFO: [ view_parse ] --START--
INFO: [ template_filter ] --START--
INFO: Run Behavior\ContentReplaceBehavior [ RunTime:0.000000s ]
INFO: [ template_filter ] --END-- [ RunTime:0.000000s ]
INFO: Run Behavior\ParseTemplateBehavior [ RunTime:0.028002s ]
INFO: [ view_parse ] --END-- [ RunTime:0.028002s ]
INFO: [ view_filter ] --START--
INFO: Run Behavior\WriteHtmlCacheBehavior [ RunTime:0.001000s ]
INFO: [ view_filter ] --END-- [ RunTime:0.001000s ]
INFO: [ app_end ] --START--
INFO: Run Behavior\ShowPageTraceBehavior [ RunTime:0.001000s ]
INFO: [ app_end ] --END-- [ RunTime:0.001000s ]

[ 2016-10-11T08:57:18+08:00 ] 127.0.0.1 /api/index.php?s=/Admin/Price/index/gid/2
INFO: [ app_init ] --START--
INFO: Run Behavior\BuildLiteBehavior [ RunTime:0.000000s ]
INFO: [ app_init ] --END-- [ RunTime:0.001000s ]
INFO: [ app_begin ] --START--
INFO: Run Behavior\ReadHtmlCacheBehavior [ RunTime:0.000000s ]
INFO: [ app_begin ] --END-- [ RunTime:0.001000s ]
SQL: SHOW COLUMNS FROM `app_group` [ RunTime:0.0040s ]
SQL: SHOW COLUMNS FROM `app_auth` [ RunTime:0.0040s ]
SQL: SHOW COLUMNS FROM `app_manage` [ RunTime:0.0030s ]
SQL: SHOW COLUMNS FROM `app_article` [ RunTime:0.0040s ]
SQL: SHOW COLUMNS FROM `app_adver` [ RunTime:0.0040s ]
SQL: SELECT `auth` FROM `app_group` WHERE `id` = 1 LIMIT 1   [ RunTime:0.0010s ]
SQL: SELECT * FROM `app_auth` WHERE `status` = 1 ORDER BY sort ASC  [ RunTime:0.0000s ]
NOTIC: [8] Undefined offset: 15 D:\wamp\www\api\Application\Admin\Model\AuthModel.class.php 第 57 行.
SQL: SHOW COLUMNS FROM `app_config` [ RunTime:0.0030s ]
SQL: SELECT * FROM `app_config` WHERE `conf_group` = 2  [ RunTime:0.0010s ]
SQL: SELECT `id`,`pid`,`url` FROM `app_auth` WHERE `url` = 'Price/index' LIMIT 1   [ RunTime:0.0000s ]
SQL: SHOW COLUMNS FROM `app_price` [ RunTime:0.0030s ]
SQL: SHOW COLUMNS FROM `app_category` [ RunTime:0.0030s ]
NOTIC: [8] Undefined variable: paramStr D:\wamp\www\api\Application\Admin\Controller\PriceController.class.php 第 17 行.
SQL: SELECT COUNT(*) AS tp_count FROM `app_price` WHERE `gid` = 2 LIMIT 1   [ RunTime:0.0010s ]
SQL: SELECT a.id,a.minprice,a.maxprice,b.name as catename FROM app_price a INNER JOIN app_category as b ON a.cateid=b.id  WHERE `gid` = '2' LIMIT 0,20   [ RunTime:0.0010s ]
INFO: [ view_parse ] --START--
INFO: [ template_filter ] --START--
INFO: Run Behavior\ContentReplaceBehavior [ RunTime:0.000000s ]
INFO: [ template_filter ] --END-- [ RunTime:0.000000s ]
INFO: Run Behavior\ParseTemplateBehavior [ RunTime:0.020001s ]
INFO: [ view_parse ] --END-- [ RunTime:0.020001s ]
INFO: [ view_filter ] --START--
INFO: Run Behavior\WriteHtmlCacheBehavior [ RunTime:0.001000s ]
INFO: [ view_filter ] --END-- [ RunTime:0.001000s ]
INFO: [ app_end ] --START--
INFO: Run Behavior\ShowPageTraceBehavior [ RunTime:0.001000s ]
INFO: [ app_end ] --END-- [ RunTime:0.001000s ]

[ 2016-10-11T08:57:25+08:00 ] 127.0.0.1 /api/index.php?s=/Admin/Adver/index
INFO: [ app_init ] --START--
INFO: Run Behavior\BuildLiteBehavior [ RunTime:0.000000s ]
INFO: [ app_init ] --END-- [ RunTime:0.001000s ]
INFO: [ app_begin ] --START--
INFO: Run Behavior\ReadHtmlCacheBehavior [ RunTime:0.000000s ]
INFO: [ app_begin ] --END-- [ RunTime:0.000000s ]

[ 2016-10-11T08:57:25+08:00 ] 127.0.0.1 /api/index.php?s=/Admin/Login/index.html
INFO: [ app_init ] --START--
INFO: Run Behavior\BuildLiteBehavior [ RunTime:0.000000s ]
INFO: [ app_init ] --END-- [ RunTime:0.000000s ]
INFO: [ app_begin ] --START--
INFO: Run Behavior\ReadHtmlCacheBehavior [ RunTime:0.000000s ]
INFO: [ app_begin ] --END-- [ RunTime:0.001000s ]
SQL: SHOW COLUMNS FROM `app_manage` [ RunTime:0.0020s ]
INFO: [ view_parse ] --START--
INFO: [ template_filter ] --START--
INFO: Run Behavior\ContentReplaceBehavior [ RunTime:0.000000s ]
INFO: [ template_filter ] --END-- [ RunTime:0.000000s ]
INFO: Run Behavior\ParseTemplateBehavior [ RunTime:0.006000s ]
INFO: [ view_parse ] --END-- [ RunTime:0.006000s ]
INFO: [ view_filter ] --START--
INFO: Run Behavior\WriteHtmlCacheBehavior [ RunTime:0.000000s ]
INFO: [ view_filter ] --END-- [ RunTime:0.001000s ]
INFO: [ app_end ] --START--
INFO: Run Behavior\ShowPageTraceBehavior [ RunTime:0.000000s ]
INFO: [ app_end ] --END-- [ RunTime:0.000000s ]

[ 2016-10-11T08:58:09+08:00 ] 127.0.0.1 /api/index.php?s=/Admin/Index/index
INFO: [ app_init ] --START--
INFO: Run Behavior\BuildLiteBehavior [ RunTime:0.000000s ]
INFO: [ app_init ] --END-- [ RunTime:0.001000s ]
INFO: [ app_begin ] --START--
INFO: Run Behavior\ReadHtmlCacheBehavior [ RunTime:0.001000s ]
INFO: [ app_begin ] --END-- [ RunTime:0.002000s ]
SQL: SHOW COLUMNS FROM `app_group` [ RunTime:0.0020s ]
SQL: SHOW COLUMNS FROM `app_auth` [ RunTime:0.0020s ]
SQL: SHOW COLUMNS FROM `app_manage` [ RunTime:0.0020s ]
SQL: SHOW COLUMNS FROM `app_article` [ RunTime:0.0020s ]
SQL: SHOW COLUMNS FROM `app_adver` [ RunTime:0.0020s ]
SQL: SELECT `auth` FROM `app_group` WHERE `id` = 1 LIMIT 1   [ RunTime:0.0000s ]
SQL: SELECT * FROM `app_auth` WHERE `status` = 1 ORDER BY sort ASC  [ RunTime:0.0000s ]
NOTIC: [8] Undefined offset: 15 D:\wamp\www\api\Application\Admin\Model\AuthModel.class.php 第 57 行.
SQL: SHOW COLUMNS FROM `app_config` [ RunTime:0.0020s ]
SQL: SELECT * FROM `app_config` WHERE `conf_group` = 2  [ RunTime:0.0000s ]
SQL: SELECT `id`,`pid`,`url` FROM `app_auth` WHERE `url` = 'Index/index' LIMIT 1   [ RunTime:0.0000s ]
INFO: [ view_parse ] --START--
INFO: [ template_filter ] --START--
INFO: Run Behavior\ContentReplaceBehavior [ RunTime:0.000000s ]
INFO: [ template_filter ] --END-- [ RunTime:0.000000s ]
NOTIC: [8] Undefined variable: curAuth D:\wamp\www\api\Application\Runtime\Cache\Admin\085b574956cdc611cfedaace62cf4e64.php 第 51 行.
NOTIC: [8] Undefined variable: curAuth D:\wamp\www\api\Application\Runtime\Cache\Admin\085b574956cdc611cfedaace62cf4e64.php 第 54 行.
NOTIC: [8] Undefined variable: curAuth D:\wamp\www\api\Application\Runtime\Cache\Admin\085b574956cdc611cfedaace62cf4e64.php 第 51 行.
NOTIC: [8] Undefined variable: curAuth D:\wamp\www\api\Application\Runtime\Cache\Admin\085b574956cdc611cfedaace62cf4e64.php 第 54 行.
NOTIC: [8] Undefined variable: curAuth D:\wamp\www\api\Application\Runtime\Cache\Admin\085b574956cdc611cfedaace62cf4e64.php 第 54 行.
NOTIC: [8] Undefined variable: curAuth D:\wamp\www\api\Application\Runtime\Cache\Admin\085b574956cdc611cfedaace62cf4e64.php 第 51 行.
NOTIC: [8] Undefined variable: curAuth D:\wamp\www\api\Application\Runtime\Cache\Admin\085b574956cdc611cfedaace62cf4e64.php 第 54 行.
NOTIC: [8] Undefined variable: curAuth D:\wamp\www\api\Application\Runtime\Cache\Admin\085b574956cdc611cfedaace62cf4e64.php 第 54 行.
NOTIC: [8] Undefined variable: curAuth D:\wamp\www\api\Application\Runtime\Cache\Admin\085b574956cdc611cfedaace62cf4e64.php 第 51 行.
NOTIC: [8] Undefined variable: curAuth D:\wamp\www\api\Application\Runtime\Cache\Admin\085b574956cdc611cfedaace62cf4e64.php 第 54 行.
NOTIC: [8] Undefined variable: curAuth D:\wamp\www\api\Application\Runtime\Cache\Admin\085b574956cdc611cfedaace62cf4e64.php 第 54 行.
NOTIC: [8] Undefined variable: curAuth D:\wamp\www\api\Application\Runtime\Cache\Admin\085b574956cdc611cfedaace62cf4e64.php 第 51 行.
NOTIC: [8] Undefined variable: curAuth D:\wamp\www\api\Application\Runtime\Cache\Admin\085b574956cdc611cfedaace62cf4e64.php 第 54 行.
NOTIC: [8] Undefined variable: curAuth D:\wamp\www\api\Application\Runtime\Cache\Admin\085b574956cdc611cfedaace62cf4e64.php 第 54 行.
NOTIC: [8] Undefined variable: curAuth D:\wamp\www\api\Application\Runtime\Cache\Admin\085b574956cdc611cfedaace62cf4e64.php 第 54 行.
NOTIC: [8] Undefined variable: curAuth D:\wamp\www\api\Application\Runtime\Cache\Admin\085b574956cdc611cfedaace62cf4e64.php 第 54 行.
NOTIC: [8] Undefined variable: curAuth D:\wamp\www\api\Application\Runtime\Cache\Admin\085b574956cdc611cfedaace62cf4e64.php 第 51 行.
NOTIC: [8] Undefined variable: curAuth D:\wamp\www\api\Application\Runtime\Cache\Admin\085b574956cdc611cfedaace62cf4e64.php 第 54 行.
NOTIC: [8] Undefined variable: curAuth D:\wamp\www\api\Application\Runtime\Cache\Admin\085b574956cdc611cfedaace62cf4e64.php 第 54 行.
NOTIC: [8] Undefined variable: curAuth D:\wamp\www\api\Application\Runtime\Cache\Admin\085b574956cdc611cfedaace62cf4e64.php 第 51 行.
NOTIC: [8] Undefined variable: curAuth D:\wamp\www\api\Application\Runtime\Cache\Admin\085b574956cdc611cfedaace62cf4e64.php 第 54 行.
NOTIC: [8] Undefined variable: curAuth D:\wamp\www\api\Application\Runtime\Cache\Admin\085b574956cdc611cfedaace62cf4e64.php 第 54 行.
NOTIC: [8] Undefined variable: curAuth D:\wamp\www\api\Application\Runtime\Cache\Admin\085b574956cdc611cfedaace62cf4e64.php 第 51 行.
NOTIC: [8] Undefined variable: curAuth D:\wamp\www\api\Application\Runtime\Cache\Admin\085b574956cdc611cfedaace62cf4e64.php 第 54 行.
NOTIC: [8] Undefined variable: curAuth D:\wamp\www\api\Application\Runtime\Cache\Admin\085b574956cdc611cfedaace62cf4e64.php 第 54 行.
NOTIC: [8] Undefined variable: curAuth D:\wamp\www\api\Application\Runtime\Cache\Admin\085b574956cdc611cfedaace62cf4e64.php 第 54 行.
NOTIC: [8] Undefined variable: curAuth D:\wamp\www\api\Application\Runtime\Cache\Admin\085b574956cdc611cfedaace62cf4e64.php 第 51 行.
NOTIC: [8] Undefined variable: curAuth D:\wamp\www\api\Application\Runtime\Cache\Admin\085b574956cdc611cfedaace62cf4e64.php 第 54 行.
NOTIC: [8] Undefined variable: curAuth D:\wamp\www\api\Application\Runtime\Cache\Admin\085b574956cdc611cfedaace62cf4e64.php 第 54 行.
NOTIC: [8] Undefined variable: curAuth D:\wamp\www\api\Application\Runtime\Cache\Admin\085b574956cdc611cfedaace62cf4e64.php 第 54 行.
NOTIC: [8] Undefined variable: curAuth D:\wamp\www\api\Application\Runtime\Cache\Admin\085b574956cdc611cfedaace62cf4e64.php 第 54 行.
NOTIC: [8] Undefined variable: curAuth D:\wamp\www\api\Application\Runtime\Cache\Admin\085b574956cdc611cfedaace62cf4e64.php 第 51 行.
NOTIC: [8] Undefined variable: curAuth D:\wamp\www\api\Application\Runtime\Cache\Admin\085b574956cdc611cfedaace62cf4e64.php 第 54 行.
NOTIC: [8] Undefined variable: curAuth D:\wamp\www\api\Application\Runtime\Cache\Admin\085b574956cdc611cfedaace62cf4e64.php 第 54 行.
NOTIC: [8] Undefined variable: curAuth D:\wamp\www\api\Application\Runtime\Cache\Admin\085b574956cdc611cfedaace62cf4e64.php 第 51 行.
NOTIC: [8] Undefined variable: curAuth D:\wamp\www\api\Application\Runtime\Cache\Admin\085b574956cdc611cfedaace62cf4e64.php 第 54 行.
NOTIC: [8] Undefined variable: curAuth D:\wamp\www\api\Application\Runtime\Cache\Admin\085b574956cdc611cfedaace62cf4e64.php 第 54 行.
NOTIC: [8] Undefined variable: curAuth D:\wamp\www\api\Application\Runtime\Cache\Admin\085b574956cdc611cfedaace62cf4e64.php 第 51 行.
NOTIC: [8] Undefined variable: curAuth D:\wamp\www\api\Application\Runtime\Cache\Admin\085b574956cdc611cfedaace62cf4e64.php 第 54 行.
NOTIC: [8] Undefined variable: curAuth D:\wamp\www\api\Application\Runtime\Cache\Admin\085b574956cdc611cfedaace62cf4e64.php 第 54 行.
NOTIC: [8] Undefined variable: curAuth D:\wamp\www\api\Application\Runtime\Cache\Admin\085b574956cdc611cfedaace62cf4e64.php 第 51 行.
NOTIC: [8] Undefined variable: curAuth D:\wamp\www\api\Application\Runtime\Cache\Admin\085b574956cdc611cfedaace62cf4e64.php 第 54 行.
NOTIC: [8] Undefined variable: curAuth D:\wamp\www\api\Application\Runtime\Cache\Admin\085b574956cdc611cfedaace62cf4e64.php 第 54 行.
NOTIC: [8] Undefined variable: curAuth D:\wamp\www\api\Application\Runtime\Cache\Admin\085b574956cdc611cfedaace62cf4e64.php 第 51 行.
NOTIC: [8] Undefined variable: curAuth D:\wamp\www\api\Application\Runtime\Cache\Admin\085b574956cdc611cfedaace62cf4e64.php 第 54 行.
NOTIC: [8] Undefined variable: curAuth D:\wamp\www\api\Application\Runtime\Cache\Admin\085b574956cdc611cfedaace62cf4e64.php 第 54 行.
NOTIC: [8] Undefined variable: curAuth D:\wamp\www\api\Application\Runtime\Cache\Admin\085b574956cdc611cfedaace62cf4e64.php 第 51 行.
NOTIC: [8] Undefined variable: curAuth D:\wamp\www\api\Application\Runtime\Cache\Admin\085b574956cdc611cfedaace62cf4e64.php 第 54 行.
NOTIC: [8] Undefined variable: curAuth D:\wamp\www\api\Application\Runtime\Cache\Admin\085b574956cdc611cfedaace62cf4e64.php 第 54 行.
INFO: Run Behavior\ParseTemplateBehavior [ RunTime:0.017001s ]
INFO: [ view_parse ] --END-- [ RunTime:0.018001s ]
INFO: [ view_filter ] --START--
INFO: Run Behavior\WriteHtmlCacheBehavior [ RunTime:0.000000s ]
INFO: [ view_filter ] --END-- [ RunTime:0.000000s ]
INFO: [ app_end ] --START--
INFO: Run Behavior\ShowPageTraceBehavior [ RunTime:0.001000s ]
INFO: [ app_end ] --END-- [ RunTime:0.001000s ]

[ 2016-10-11T11:41:59+08:00 ] 127.0.0.1 /api/index.php?s=/Admin/TopicComment/index
INFO: [ app_init ] --START--
INFO: Run Behavior\BuildLiteBehavior [ RunTime:0.000000s ]
INFO: [ app_init ] --END-- [ RunTime:0.000000s ]
INFO: [ app_begin ] --START--
INFO: Run Behavior\ReadHtmlCacheBehavior [ RunTime:0.000000s ]
INFO: [ app_begin ] --END-- [ RunTime:0.000000s ]
SQL: SHOW COLUMNS FROM `app_group` [ RunTime:0.0000s ]
SQL: SHOW COLUMNS FROM `app_auth` [ RunTime:0.0000s ]
SQL: SHOW COLUMNS FROM `app_manage` [ RunTime:0.0000s ]
SQL: SHOW COLUMNS FROM `app_article` [ RunTime:0.0156s ]
SQL: SHOW COLUMNS FROM `app_adver` [ RunTime:0.0000s ]
SQL: SELECT `auth` FROM `app_group` WHERE `id` = 1 LIMIT 1   [ RunTime:0.0000s ]
SQL: SELECT * FROM `app_auth` WHERE `status` = 1 ORDER BY sort ASC  [ RunTime:0.0000s ]
NOTIC: [8] Undefined offset: 15 D:\wamp\www\api\Application\Admin\Model\AuthModel.class.php 第 57 行.
SQL: SHOW COLUMNS FROM `app_config` [ RunTime:0.0156s ]
SQL: SELECT * FROM `app_config` WHERE `conf_group` = 2  [ RunTime:0.0000s ]
SQL: SELECT `id`,`pid`,`url` FROM `app_auth` WHERE `url` = 'TopicComment/index' LIMIT 1   [ RunTime:0.0000s ]
SQL: SHOW COLUMNS FROM `app_comment` [ RunTime:0.0000s ]
SQL: SHOW COLUMNS FROM `app_category` [ RunTime:0.0000s ]
SQL: SHOW COLUMNS FROM `app_topic` [ RunTime:0.0156s ]
SQL: SELECT `id`,`name` FROM `app_category` WHERE `pid` = 0 AND `groupid` = 5 AND `type` = 1  [ RunTime:0.0000s ]
SQL: SELECT * FROM `app_category`  [ RunTime:0.0000s ]
SQL: SELECT `id` FROM `app_topic` WHERE `cateid` IN ('15','14')  [ RunTime:0.0000s ]
NOTIC: [8] Undefined variable: idstr D:\wamp\www\api\Application\Admin\Controller\TopicCommentController.class.php 第 66 行.
SQL: SELECT COUNT(*) AS tp_count FROM `app_comment` WHERE `themeid` IN ('1','2','3','4','6','7','8','9','13','14','15','16','17','18','19','20','28','29','30','31','32','33','34','35','36','37','38','39','40','41','42','43') AND `type` = 2 LIMIT 1   [ RunTime:0.0000s ]
SQL: SELECT a.id,b.username,b.avatar,c.title as theme,a.content,a.agreenum,a.date FROM app_comment a INNER JOIN app_user as b ON a.uid=b.id INNER JOIN app_topic as c ON a.themeid=c.id  WHERE `themeid` IN ('1','2','3','4','6','7','8','9','13','14','15','16','17','18','19','20','28','29','30','31','32','33','34','35','36','37','38','39','40','41','42','43') AND a.type = 2 ORDER BY date DESC LIMIT 0,20   [ RunTime:0.0000s ]
INFO: [ view_parse ] --START--
INFO: [ template_filter ] --START--
INFO: Run Behavior\ContentReplaceBehavior [ RunTime:0.000000s ]
INFO: [ template_filter ] --END-- [ RunTime:0.000000s ]
INFO: Run Behavior\ParseTemplateBehavior [ RunTime:0.031200s ]
INFO: [ view_parse ] --END-- [ RunTime:0.031200s ]
INFO: [ view_filter ] --START--
INFO: Run Behavior\WriteHtmlCacheBehavior [ RunTime:0.015600s ]
INFO: [ view_filter ] --END-- [ RunTime:0.015600s ]
INFO: [ app_end ] --START--
INFO: Run Behavior\ShowPageTraceBehavior [ RunTime:0.000000s ]
INFO: [ app_end ] --END-- [ RunTime:0.000000s ]

[ 2016-10-11T11:42:00+08:00 ] 127.0.0.1 /api/index.php?s=/Admin/EventComment/index
INFO: [ app_init ] --START--
INFO: Run Behavior\BuildLiteBehavior [ RunTime:0.000000s ]
INFO: [ app_init ] --END-- [ RunTime:0.000000s ]
INFO: [ app_begin ] --START--
INFO: Run Behavior\ReadHtmlCacheBehavior [ RunTime:0.000000s ]
INFO: [ app_begin ] --END-- [ RunTime:0.000000s ]
SQL: SHOW COLUMNS FROM `app_group` [ RunTime:0.0000s ]
SQL: SHOW COLUMNS FROM `app_auth` [ RunTime:0.0000s ]
SQL: SHOW COLUMNS FROM `app_manage` [ RunTime:0.0000s ]
SQL: SHOW COLUMNS FROM `app_article` [ RunTime:0.0000s ]
SQL: SHOW COLUMNS FROM `app_adver` [ RunTime:0.0156s ]
SQL: SELECT `auth` FROM `app_group` WHERE `id` = 1 LIMIT 1   [ RunTime:0.0000s ]
SQL: SELECT * FROM `app_auth` WHERE `status` = 1 ORDER BY sort ASC  [ RunTime:0.0000s ]
NOTIC: [8] Undefined offset: 15 D:\wamp\www\api\Application\Admin\Model\AuthModel.class.php 第 57 行.
SQL: SHOW COLUMNS FROM `app_config` [ RunTime:0.0000s ]
SQL: SELECT * FROM `app_config` WHERE `conf_group` = 2  [ RunTime:0.0000s ]
SQL: SELECT `id`,`pid`,`url` FROM `app_auth` WHERE `url` = 'EventComment/index' LIMIT 1   [ RunTime:0.0000s ]
SQL: SHOW COLUMNS FROM `app_comment` [ RunTime:0.0000s ]
SQL: SHOW COLUMNS FROM `app_category` [ RunTime:0.0156s ]
SQL: SHOW COLUMNS FROM `app_event` [ RunTime:0.0000s ]
SQL: SELECT `id`,`name` FROM `app_category` WHERE `pid` = 0 AND `groupid` = 4 AND `type` = 1  [ RunTime:0.0000s ]
SQL: SELECT * FROM `app_category`  [ RunTime:0.0000s ]
SQL: SELECT `id` FROM `app_event` WHERE `cateid` IN ('17','16')  [ RunTime:0.0000s ]
NOTIC: [8] Undefined variable: idstr D:\wamp\www\api\Application\Admin\Controller\EventCommentController.class.php 第 67 行.
SQL: SELECT COUNT(*) AS tp_count FROM `app_comment` WHERE `themeid` IN ('1') AND `type` = 1 LIMIT 1   [ RunTime:0.0000s ]
SQL: SELECT a.id,b.username,b.avatar,c.title as theme,a.content,a.agreenum,a.date FROM app_comment a INNER JOIN app_user as b ON a.uid=b.id INNER JOIN app_topic as c ON a.themeid=c.id  WHERE `themeid` IN ('1') AND a.type = 1 ORDER BY date DESC LIMIT 0,20   [ RunTime:0.0000s ]
INFO: [ view_parse ] --START--
INFO: [ template_filter ] --START--
INFO: Run Behavior\ContentReplaceBehavior [ RunTime:0.000000s ]
INFO: [ template_filter ] --END-- [ RunTime:0.000000s ]
INFO: Run Behavior\ParseTemplateBehavior [ RunTime:0.031200s ]
INFO: [ view_parse ] --END-- [ RunTime:0.031200s ]
INFO: [ view_filter ] --START--
INFO: Run Behavior\WriteHtmlCacheBehavior [ RunTime:0.000000s ]
INFO: [ view_filter ] --END-- [ RunTime:0.000000s ]
INFO: [ app_end ] --START--
INFO: Run Behavior\ShowPageTraceBehavior [ RunTime:0.000000s ]
INFO: [ app_end ] --END-- [ RunTime:0.000000s ]

[ 2016-10-11T11:42:03+08:00 ] 127.0.0.1 /api/index.php?s=/Admin/TopicComment/index
INFO: [ app_init ] --START--
INFO: Run Behavior\BuildLiteBehavior [ RunTime:0.000000s ]
INFO: [ app_init ] --END-- [ RunTime:0.000000s ]
INFO: [ app_begin ] --START--
INFO: Run Behavior\ReadHtmlCacheBehavior [ RunTime:0.000000s ]
INFO: [ app_begin ] --END-- [ RunTime:0.000000s ]
SQL: SHOW COLUMNS FROM `app_group` [ RunTime:0.0000s ]
SQL: SHOW COLUMNS FROM `app_auth` [ RunTime:0.0000s ]
SQL: SHOW COLUMNS FROM `app_manage` [ RunTime:0.0000s ]
SQL: SHOW COLUMNS FROM `app_article` [ RunTime:0.0156s ]
SQL: SHOW COLUMNS FROM `app_adver` [ RunTime:0.0000s ]
SQL: SELECT `auth` FROM `app_group` WHERE `id` = 1 LIMIT 1   [ RunTime:0.0000s ]
SQL: SELECT * FROM `app_auth` WHERE `status` = 1 ORDER BY sort ASC  [ RunTime:0.0000s ]
NOTIC: [8] Undefined offset: 15 D:\wamp\www\api\Application\Admin\Model\AuthModel.class.php 第 57 行.
SQL: SHOW COLUMNS FROM `app_config` [ RunTime:0.0156s ]
SQL: SELECT * FROM `app_config` WHERE `conf_group` = 2  [ RunTime:0.0000s ]
SQL: SELECT `id`,`pid`,`url` FROM `app_auth` WHERE `url` = 'TopicComment/index' LIMIT 1   [ RunTime:0.0000s ]
SQL: SHOW COLUMNS FROM `app_comment` [ RunTime:0.0000s ]
SQL: SHOW COLUMNS FROM `app_category` [ RunTime:0.0156s ]
SQL: SHOW COLUMNS FROM `app_topic` [ RunTime:0.0000s ]
SQL: SELECT `id`,`name` FROM `app_category` WHERE `pid` = 0 AND `groupid` = 5 AND `type` = 1  [ RunTime:0.0000s ]
SQL: SELECT * FROM `app_category`  [ RunTime:0.0000s ]
SQL: SELECT `id` FROM `app_topic` WHERE `cateid` IN ('15','14')  [ RunTime:0.0000s ]
NOTIC: [8] Undefined variable: idstr D:\wamp\www\api\Application\Admin\Controller\TopicCommentController.class.php 第 66 行.
SQL: SELECT COUNT(*) AS tp_count FROM `app_comment` WHERE `themeid` IN ('1','2','3','4','6','7','8','9','13','14','15','16','17','18','19','20','28','29','30','31','32','33','34','35','36','37','38','39','40','41','42','43') AND `type` = 2 LIMIT 1   [ RunTime:0.0000s ]
SQL: SELECT a.id,b.username,b.avatar,c.title as theme,a.content,a.agreenum,a.date FROM app_comment a INNER JOIN app_user as b ON a.uid=b.id INNER JOIN app_topic as c ON a.themeid=c.id  WHERE `themeid` IN ('1','2','3','4','6','7','8','9','13','14','15','16','17','18','19','20','28','29','30','31','32','33','34','35','36','37','38','39','40','41','42','43') AND a.type = 2 ORDER BY date DESC LIMIT 0,20   [ RunTime:0.0000s ]
INFO: [ view_parse ] --START--
INFO: [ template_filter ] --START--
INFO: Run Behavior\ContentReplaceBehavior [ RunTime:0.000000s ]
INFO: [ template_filter ] --END-- [ RunTime:0.000000s ]
INFO: Run Behavior\ParseTemplateBehavior [ RunTime:0.015600s ]
INFO: [ view_parse ] --END-- [ RunTime:0.015600s ]
INFO: [ view_filter ] --START--
INFO: Run Behavior\WriteHtmlCacheBehavior [ RunTime:0.000000s ]
INFO: [ view_filter ] --END-- [ RunTime:0.000000s ]
INFO: [ app_end ] --START--
INFO: Run Behavior\ShowPageTraceBehavior [ RunTime:0.000000s ]
INFO: [ app_end ] --END-- [ RunTime:0.015600s ]

[ 2016-10-11T11:42:06+08:00 ] 127.0.0.1 /api/index.php?s=/Admin/EventComment/index
INFO: [ app_init ] --START--
INFO: Run Behavior\BuildLiteBehavior [ RunTime:0.000000s ]
INFO: [ app_init ] --END-- [ RunTime:0.000000s ]
INFO: [ app_begin ] --START--
INFO: Run Behavior\ReadHtmlCacheBehavior [ RunTime:0.000000s ]
INFO: [ app_begin ] --END-- [ RunTime:0.000000s ]
SQL: SHOW COLUMNS FROM `app_group` [ RunTime:0.0000s ]
SQL: SHOW COLUMNS FROM `app_auth` [ RunTime:0.0000s ]
SQL: SHOW COLUMNS FROM `app_manage` [ RunTime:0.0000s ]
SQL: SHOW COLUMNS FROM `app_article` [ RunTime:0.0156s ]
SQL: SHOW COLUMNS FROM `app_adver` [ RunTime:0.0000s ]
SQL: SELECT `auth` FROM `app_group` WHERE `id` = 1 LIMIT 1   [ RunTime:0.0000s ]
SQL: SELECT * FROM `app_auth` WHERE `status` = 1 ORDER BY sort ASC  [ RunTime:0.0000s ]
NOTIC: [8] Undefined offset: 15 D:\wamp\www\api\Application\Admin\Model\AuthModel.class.php 第 57 行.
SQL: SHOW COLUMNS FROM `app_config` [ RunTime:0.0000s ]
SQL: SELECT * FROM `app_config` WHERE `conf_group` = 2  [ RunTime:0.0000s ]
SQL: SELECT `id`,`pid`,`url` FROM `app_auth` WHERE `url` = 'EventComment/index' LIMIT 1   [ RunTime:0.0000s ]
SQL: SHOW COLUMNS FROM `app_comment` [ RunTime:0.0000s ]
SQL: SHOW COLUMNS FROM `app_category` [ RunTime:0.0000s ]
SQL: SHOW COLUMNS FROM `app_event` [ RunTime:0.0000s ]
SQL: SELECT `id`,`name` FROM `app_category` WHERE `pid` = 0 AND `groupid` = 4 AND `type` = 1  [ RunTime:0.0000s ]
SQL: SELECT * FROM `app_category`  [ RunTime:0.0000s ]
SQL: SELECT `id` FROM `app_event` WHERE `cateid` IN ('17','16')  [ RunTime:0.0000s ]
NOTIC: [8] Undefined variable: idstr D:\wamp\www\api\Application\Admin\Controller\EventCommentController.class.php 第 67 行.
SQL: SELECT COUNT(*) AS tp_count FROM `app_comment` WHERE `themeid` IN ('1') AND `type` = 1 LIMIT 1   [ RunTime:0.0000s ]
SQL: SELECT a.id,b.username,b.avatar,c.title as theme,a.content,a.agreenum,a.date FROM app_comment a INNER JOIN app_user as b ON a.uid=b.id INNER JOIN app_topic as c ON a.themeid=c.id  WHERE `themeid` IN ('1') AND a.type = 1 ORDER BY date DESC LIMIT 0,20   [ RunTime:0.0000s ]
INFO: [ view_parse ] --START--
INFO: [ template_filter ] --START--
INFO: Run Behavior\ContentReplaceBehavior [ RunTime:0.000000s ]
INFO: [ template_filter ] --END-- [ RunTime:0.000000s ]
INFO: Run Behavior\ParseTemplateBehavior [ RunTime:0.015600s ]
INFO: [ view_parse ] --END-- [ RunTime:0.015600s ]
INFO: [ view_filter ] --START--
INFO: Run Behavior\WriteHtmlCacheBehavior [ RunTime:0.000000s ]
INFO: [ view_filter ] --END-- [ RunTime:0.000000s ]
INFO: [ app_end ] --START--
INFO: Run Behavior\ShowPageTraceBehavior [ RunTime:0.015600s ]
INFO: [ app_end ] --END-- [ RunTime:0.015600s ]

[ 2016-10-11T11:42:08+08:00 ] 127.0.0.1 /api/index.php?s=/Admin/TopicComment/index
INFO: [ app_init ] --START--
INFO: Run Behavior\BuildLiteBehavior [ RunTime:0.000000s ]
INFO: [ app_init ] --END-- [ RunTime:0.000000s ]
INFO: [ app_begin ] --START--
INFO: Run Behavior\ReadHtmlCacheBehavior [ RunTime:0.000000s ]
INFO: [ app_begin ] --END-- [ RunTime:0.000000s ]
SQL: SHOW COLUMNS FROM `app_group` [ RunTime:0.0000s ]
SQL: SHOW COLUMNS FROM `app_auth` [ RunTime:0.0000s ]
SQL: SHOW COLUMNS FROM `app_manage` [ RunTime:0.0000s ]
SQL: SHOW COLUMNS FROM `app_article` [ RunTime:0.0000s ]
SQL: SHOW COLUMNS FROM `app_adver` [ RunTime:0.0000s ]
SQL: SELECT `auth` FROM `app_group` WHERE `id` = 1 LIMIT 1   [ RunTime:0.0000s ]
SQL: SELECT * FROM `app_auth` WHERE `status` = 1 ORDER BY sort ASC  [ RunTime:0.0000s ]
NOTIC: [8] Undefined offset: 15 D:\wamp\www\api\Application\Admin\Model\AuthModel.class.php 第 57 行.
SQL: SHOW COLUMNS FROM `app_config` [ RunTime:0.0000s ]
SQL: SELECT * FROM `app_config` WHERE `conf_group` = 2  [ RunTime:0.0000s ]
SQL: SELECT `id`,`pid`,`url` FROM `app_auth` WHERE `url` = 'TopicComment/index' LIMIT 1   [ RunTime:0.0000s ]
SQL: SHOW COLUMNS FROM `app_comment` [ RunTime:0.0000s ]
SQL: SHOW COLUMNS FROM `app_category` [ RunTime:0.0000s ]
SQL: SHOW COLUMNS FROM `app_topic` [ RunTime:0.0000s ]
SQL: SELECT `id`,`name` FROM `app_category` WHERE `pid` = 0 AND `groupid` = 5 AND `type` = 1  [ RunTime:0.0156s ]
SQL: SELECT * FROM `app_category`  [ RunTime:0.0000s ]
SQL: SELECT `id` FROM `app_topic` WHERE `cateid` IN ('15','14')  [ RunTime:0.0000s ]
NOTIC: [8] Undefined variable: idstr D:\wamp\www\api\Application\Admin\Controller\TopicCommentController.class.php 第 66 行.
SQL: SELECT COUNT(*) AS tp_count FROM `app_comment` WHERE `themeid` IN ('1','2','3','4','6','7','8','9','13','14','15','16','17','18','19','20','28','29','30','31','32','33','34','35','36','37','38','39','40','41','42','43') AND `type` = 2 LIMIT 1   [ RunTime:0.0000s ]
SQL: SELECT a.id,b.username,b.avatar,c.title as theme,a.content,a.agreenum,a.date FROM app_comment a INNER JOIN app_user as b ON a.uid=b.id INNER JOIN app_topic as c ON a.themeid=c.id  WHERE `themeid` IN ('1','2','3','4','6','7','8','9','13','14','15','16','17','18','19','20','28','29','30','31','32','33','34','35','36','37','38','39','40','41','42','43') AND a.type = 2 ORDER BY date DESC LIMIT 0,20   [ RunTime:0.0000s ]
INFO: [ view_parse ] --START--
INFO: [ template_filter ] --START--
INFO: Run Behavior\ContentReplaceBehavior [ RunTime:0.000000s ]
INFO: [ template_filter ] --END-- [ RunTime:0.000000s ]
INFO: Run Behavior\ParseTemplateBehavior [ RunTime:0.015600s ]
INFO: [ view_parse ] --END-- [ RunTime:0.015600s ]
INFO: [ view_filter ] --START--
INFO: Run Behavior\WriteHtmlCacheBehavior [ RunTime:0.000000s ]
INFO: [ view_filter ] --END-- [ RunTime:0.000000s ]
INFO: [ app_end ] --START--
INFO: Run Behavior\ShowPageTraceBehavior [ RunTime:0.000000s ]
INFO: [ app_end ] --END-- [ RunTime:0.000000s ]

[ 2016-10-11T11:42:13+08:00 ] 127.0.0.1 /api/index.php?s=/Admin/EventComment/index
INFO: [ app_init ] --START--
INFO: Run Behavior\BuildLiteBehavior [ RunTime:0.000000s ]
INFO: [ app_init ] --END-- [ RunTime:0.000000s ]
INFO: [ app_begin ] --START--
INFO: Run Behavior\ReadHtmlCacheBehavior [ RunTime:0.015600s ]
INFO: [ app_begin ] --END-- [ RunTime:0.015600s ]
SQL: SHOW COLUMNS FROM `app_group` [ RunTime:0.0000s ]
SQL: SHOW COLUMNS FROM `app_auth` [ RunTime:0.0000s ]
SQL: SHOW COLUMNS FROM `app_manage` [ RunTime:0.0000s ]
SQL: SHOW COLUMNS FROM `app_article` [ RunTime:0.0156s ]
SQL: SHOW COLUMNS FROM `app_adver` [ RunTime:0.0000s ]
SQL: SELECT `auth` FROM `app_group` WHERE `id` = 1 LIMIT 1   [ RunTime:0.0000s ]
SQL: SELECT * FROM `app_auth` WHERE `status` = 1 ORDER BY sort ASC  [ RunTime:0.0000s ]
NOTIC: [8] Undefined offset: 15 D:\wamp\www\api\Application\Admin\Model\AuthModel.class.php 第 57 行.
SQL: SHOW COLUMNS FROM `app_config` [ RunTime:0.0000s ]
SQL: SELECT * FROM `app_config` WHERE `conf_group` = 2  [ RunTime:0.0000s ]
SQL: SELECT `id`,`pid`,`url` FROM `app_auth` WHERE `url` = 'EventComment/index' LIMIT 1   [ RunTime:0.0000s ]
SQL: SHOW COLUMNS FROM `app_comment` [ RunTime:0.0000s ]
SQL: SHOW COLUMNS FROM `app_category` [ RunTime:0.0000s ]
SQL: SHOW COLUMNS FROM `app_event` [ RunTime:0.0000s ]
SQL: SELECT `id`,`name` FROM `app_category` WHERE `pid` = 0 AND `groupid` = 4 AND `type` = 1  [ RunTime:0.0000s ]
SQL: SELECT * FROM `app_category`  [ RunTime:0.0000s ]
SQL: SELECT `id` FROM `app_event` WHERE `cateid` IN ('17','16')  [ RunTime:0.0000s ]
NOTIC: [8] Undefined variable: idstr D:\wamp\www\api\Application\Admin\Controller\EventCommentController.class.php 第 67 行.
SQL: SELECT COUNT(*) AS tp_count FROM `app_comment` WHERE `themeid` IN ('1') AND `type` = 1 LIMIT 1   [ RunTime:0.0000s ]
SQL: SELECT a.id,b.username,b.avatar,c.title as theme,a.content,a.agreenum,a.date FROM app_comment a INNER JOIN app_user as b ON a.uid=b.id INNER JOIN app_topic as c ON a.themeid=c.id  WHERE `themeid` IN ('1') AND a.type = 1 ORDER BY date DESC LIMIT 0,20   [ RunTime:0.0000s ]
INFO: [ view_parse ] --START--
INFO: [ template_filter ] --START--
INFO: Run Behavior\ContentReplaceBehavior [ RunTime:0.000000s ]
INFO: [ template_filter ] --END-- [ RunTime:0.000000s ]
INFO: Run Behavior\ParseTemplateBehavior [ RunTime:0.015600s ]
INFO: [ view_parse ] --END-- [ RunTime:0.015600s ]
INFO: [ view_filter ] --START--
INFO: Run Behavior\WriteHtmlCacheBehavior [ RunTime:0.000000s ]
INFO: [ view_filter ] --END-- [ RunTime:0.000000s ]
INFO: [ app_end ] --START--
INFO: Run Behavior\ShowPageTraceBehavior [ RunTime:0.015600s ]
INFO: [ app_end ] --END-- [ RunTime:0.015600s ]

[ 2016-10-11T11:42:15+08:00 ] 127.0.0.1 /api/index.php?s=/Admin/TopicComment/index
INFO: [ app_init ] --START--
INFO: Run Behavior\BuildLiteBehavior [ RunTime:0.000000s ]
INFO: [ app_init ] --END-- [ RunTime:0.000000s ]
INFO: [ app_begin ] --START--
INFO: Run Behavior\ReadHtmlCacheBehavior [ RunTime:0.000000s ]
INFO: [ app_begin ] --END-- [ RunTime:0.000000s ]
SQL: SHOW COLUMNS FROM `app_group` [ RunTime:0.0000s ]
SQL: SHOW COLUMNS FROM `app_auth` [ RunTime:0.0000s ]
SQL: SHOW COLUMNS FROM `app_manage` [ RunTime:0.0000s ]
SQL: SHOW COLUMNS FROM `app_article` [ RunTime:0.0000s ]
SQL: SHOW COLUMNS FROM `app_adver` [ RunTime:0.0000s ]
SQL: SELECT `auth` FROM `app_group` WHERE `id` = 1 LIMIT 1   [ RunTime:0.0000s ]
SQL: SELECT * FROM `app_auth` WHERE `status` = 1 ORDER BY sort ASC  [ RunTime:0.0000s ]
NOTIC: [8] Undefined offset: 15 D:\wamp\www\api\Application\Admin\Model\AuthModel.class.php 第 57 行.
SQL: SHOW COLUMNS FROM `app_config` [ RunTime:0.0000s ]
SQL: SELECT * FROM `app_config` WHERE `conf_group` = 2  [ RunTime:0.0000s ]
SQL: SELECT `id`,`pid`,`url` FROM `app_auth` WHERE `url` = 'TopicComment/index' LIMIT 1   [ RunTime:0.0000s ]
SQL: SHOW COLUMNS FROM `app_comment` [ RunTime:0.0000s ]
SQL: SHOW COLUMNS FROM `app_category` [ RunTime:0.0000s ]
SQL: SHOW COLUMNS FROM `app_topic` [ RunTime:0.0000s ]
SQL: SELECT `id`,`name` FROM `app_category` WHERE `pid` = 0 AND `groupid` = 5 AND `type` = 1  [ RunTime:0.0000s ]
SQL: SELECT * FROM `app_category`  [ RunTime:0.0000s ]
SQL: SELECT `id` FROM `app_topic` WHERE `cateid` IN ('15','14')  [ RunTime:0.0000s ]
NOTIC: [8] Undefined variable: idstr D:\wamp\www\api\Application\Admin\Controller\TopicCommentController.class.php 第 66 行.
SQL: SELECT COUNT(*) AS tp_count FROM `app_comment` WHERE `themeid` IN ('1','2','3','4','6','7','8','9','13','14','15','16','17','18','19','20','28','29','30','31','32','33','34','35','36','37','38','39','40','41','42','43') AND `type` = 2 LIMIT 1   [ RunTime:0.0000s ]
SQL: SELECT a.id,b.username,b.avatar,c.title as theme,a.content,a.agreenum,a.date FROM app_comment a INNER JOIN app_user as b ON a.uid=b.id INNER JOIN app_topic as c ON a.themeid=c.id  WHERE `themeid` IN ('1','2','3','4','6','7','8','9','13','14','15','16','17','18','19','20','28','29','30','31','32','33','34','35','36','37','38','39','40','41','42','43') AND a.type = 2 ORDER BY date DESC LIMIT 0,20   [ RunTime:0.0000s ]
INFO: [ view_parse ] --START--
INFO: [ template_filter ] --START--
INFO: Run Behavior\ContentReplaceBehavior [ RunTime:0.000000s ]
INFO: [ template_filter ] --END-- [ RunTime:0.000000s ]
INFO: Run Behavior\ParseTemplateBehavior [ RunTime:0.015600s ]
INFO: [ view_parse ] --END-- [ RunTime:0.015600s ]
INFO: [ view_filter ] --START--
INFO: Run Behavior\WriteHtmlCacheBehavior [ RunTime:0.015601s ]
INFO: [ view_filter ] --END-- [ RunTime:0.015601s ]
INFO: [ app_end ] --START--
INFO: Run Behavior\ShowPageTraceBehavior [ RunTime:0.000000s ]
INFO: [ app_end ] --END-- [ RunTime:0.000000s ]

[ 2016-10-11T14:29:08+08:00 ] 127.0.0.1 /api/index.php?s=/Admin/Category/index
INFO: [ app_init ] --START--
INFO: Run Behavior\BuildLiteBehavior [ RunTime:0.000000s ]
INFO: [ app_init ] --END-- [ RunTime:0.000000s ]
INFO: [ app_begin ] --START--
INFO: Run Behavior\ReadHtmlCacheBehavior [ RunTime:0.000000s ]
INFO: [ app_begin ] --END-- [ RunTime:0.015600s ]
SQL: SHOW COLUMNS FROM `app_group` [ RunTime:0.0000s ]
SQL: SHOW COLUMNS FROM `app_auth` [ RunTime:0.0000s ]
SQL: SHOW COLUMNS FROM `app_manage` [ RunTime:0.0000s ]
SQL: SHOW COLUMNS FROM `app_article` [ RunTime:0.0000s ]
SQL: SHOW COLUMNS FROM `app_adver` [ RunTime:0.0156s ]
SQL: SELECT `auth` FROM `app_group` WHERE `id` = 1 LIMIT 1   [ RunTime:0.0000s ]
SQL: SELECT * FROM `app_auth` WHERE `status` = 1 ORDER BY sort ASC  [ RunTime:0.0000s ]
NOTIC: [8] Undefined offset: 15 D:\wamp\www\api\Application\Admin\Model\AuthModel.class.php 第 57 行.
SQL: SHOW COLUMNS FROM `app_config` [ RunTime:0.0000s ]
SQL: SELECT * FROM `app_config` WHERE `conf_group` = 2  [ RunTime:0.0000s ]
SQL: SELECT `id`,`pid`,`url` FROM `app_auth` WHERE `url` = 'Category/index' LIMIT 1   [ RunTime:0.0000s ]
SQL: SHOW COLUMNS FROM `app_category` [ RunTime:0.0000s ]
SQL: SHOW COLUMNS FROM `app_attr` [ RunTime:0.0156s ]
SQL: SHOW COLUMNS FROM `app_categroup` [ RunTime:0.0000s ]
SQL: SHOW COLUMNS FROM `app_brand` [ RunTime:0.0000s ]
SQL: SELECT * FROM `app_categroup`  [ RunTime:0.0000s ]
SQL: SELECT * FROM `app_category` WHERE `groupid` = 1 ORDER BY sort ASC  [ RunTime:0.0000s ]
SQL: SELECT `name` FROM `app_attr` WHERE `id` = 1 LIMIT 1   [ RunTime:0.0000s ]
SQL: SELECT `name` FROM `app_attr` WHERE `id` = 1 LIMIT 1   [ RunTime:0.0000s ]
INFO: [ view_parse ] --START--
INFO: [ template_filter ] --START--
INFO: Run Behavior\ContentReplaceBehavior [ RunTime:0.000000s ]
INFO: [ template_filter ] --END-- [ RunTime:0.000000s ]
NOTIC: [8] Undefined variable: page D:\wamp\www\api\Application\Runtime\Cache\Admin\758bcb3f33f57e8861a7e878bcb76941.php 第 99 行.
INFO: Run Behavior\ParseTemplateBehavior [ RunTime:0.031200s ]
INFO: [ view_parse ] --END-- [ RunTime:0.031200s ]
INFO: [ view_filter ] --START--
INFO: Run Behavior\WriteHtmlCacheBehavior [ RunTime:0.000000s ]
INFO: [ view_filter ] --END-- [ RunTime:0.000000s ]
INFO: [ app_end ] --START--
INFO: Run Behavior\ShowPageTraceBehavior [ RunTime:0.000000s ]
INFO: [ app_end ] --END-- [ RunTime:0.000000s ]

[ 2016-10-11T14:29:09+08:00 ] 127.0.0.1 /api/index.php?s=/Admin/Category/index/gid/5
INFO: [ app_init ] --START--
INFO: Run Behavior\BuildLiteBehavior [ RunTime:0.000000s ]
INFO: [ app_init ] --END-- [ RunTime:0.000000s ]
INFO: [ app_begin ] --START--
INFO: Run Behavior\ReadHtmlCacheBehavior [ RunTime:0.000000s ]
INFO: [ app_begin ] --END-- [ RunTime:0.000000s ]
SQL: SHOW COLUMNS FROM `app_group` [ RunTime:0.0000s ]
SQL: SHOW COLUMNS FROM `app_auth` [ RunTime:0.0156s ]
SQL: SHOW COLUMNS FROM `app_manage` [ RunTime:0.0000s ]
SQL: SHOW COLUMNS FROM `app_article` [ RunTime:0.0000s ]
SQL: SHOW COLUMNS FROM `app_adver` [ RunTime:0.0000s ]
SQL: SELECT `auth` FROM `app_group` WHERE `id` = 1 LIMIT 1   [ RunTime:0.0000s ]
SQL: SELECT * FROM `app_auth` WHERE `status` = 1 ORDER BY sort ASC  [ RunTime:0.0156s ]
NOTIC: [8] Undefined offset: 15 D:\wamp\www\api\Application\Admin\Model\AuthModel.class.php 第 57 行.
SQL: SHOW COLUMNS FROM `app_config` [ RunTime:0.0000s ]
SQL: SELECT * FROM `app_config` WHERE `conf_group` = 2  [ RunTime:0.0000s ]
SQL: SELECT `id`,`pid`,`url` FROM `app_auth` WHERE `url` = 'Category/index' LIMIT 1   [ RunTime:0.0000s ]
SQL: SHOW COLUMNS FROM `app_category` [ RunTime:0.0000s ]
SQL: SHOW COLUMNS FROM `app_attr` [ RunTime:0.0000s ]
SQL: SHOW COLUMNS FROM `app_categroup` [ RunTime:0.0156s ]
SQL: SHOW COLUMNS FROM `app_brand` [ RunTime:0.0000s ]
SQL: SELECT * FROM `app_categroup`  [ RunTime:0.0000s ]
SQL: SELECT * FROM `app_category` WHERE `groupid` = 5 ORDER BY sort ASC  [ RunTime:0.0000s ]
INFO: [ view_parse ] --START--
INFO: [ template_filter ] --START--
INFO: Run Behavior\ContentReplaceBehavior [ RunTime:0.000000s ]
INFO: [ template_filter ] --END-- [ RunTime:0.000000s ]
NOTIC: [8] Undefined variable: page D:\wamp\www\api\Application\Runtime\Cache\Admin\758bcb3f33f57e8861a7e878bcb76941.php 第 99 行.
INFO: Run Behavior\ParseTemplateBehavior [ RunTime:0.015600s ]
INFO: [ view_parse ] --END-- [ RunTime:0.015600s ]
INFO: [ view_filter ] --START--
INFO: Run Behavior\WriteHtmlCacheBehavior [ RunTime:0.000000s ]
INFO: [ view_filter ] --END-- [ RunTime:0.000000s ]
INFO: [ app_end ] --START--
INFO: Run Behavior\ShowPageTraceBehavior [ RunTime:0.000000s ]
INFO: [ app_end ] --END-- [ RunTime:0.000000s ]

[ 2016-10-11T14:30:07+08:00 ] 127.0.0.1 /api/index.php?s=/Admin/Category/index/gid/4
INFO: [ app_init ] --START--
INFO: Run Behavior\BuildLiteBehavior [ RunTime:0.000000s ]
INFO: [ app_init ] --END-- [ RunTime:0.000000s ]
INFO: [ app_begin ] --START--
INFO: Run Behavior\ReadHtmlCacheBehavior [ RunTime:0.000000s ]
INFO: [ app_begin ] --END-- [ RunTime:0.000000s ]
SQL: SHOW COLUMNS FROM `app_group` [ RunTime:0.0000s ]
SQL: SHOW COLUMNS FROM `app_auth` [ RunTime:0.0000s ]
SQL: SHOW COLUMNS FROM `app_manage` [ RunTime:0.0000s ]
SQL: SHOW COLUMNS FROM `app_article` [ RunTime:0.0000s ]
SQL: SHOW COLUMNS FROM `app_adver` [ RunTime:0.0156s ]
SQL: SELECT `auth` FROM `app_group` WHERE `id` = 1 LIMIT 1   [ RunTime:0.0000s ]
SQL: SELECT * FROM `app_auth` WHERE `status` = 1 ORDER BY sort ASC  [ RunTime:0.0000s ]
NOTIC: [8] Undefined offset: 15 D:\wamp\www\api\Application\Admin\Model\AuthModel.class.php 第 57 行.
SQL: SHOW COLUMNS FROM `app_config` [ RunTime:0.0000s ]
SQL: SELECT * FROM `app_config` WHERE `conf_group` = 2  [ RunTime:0.0000s ]
SQL: SELECT `id`,`pid`,`url` FROM `app_auth` WHERE `url` = 'Category/index' LIMIT 1   [ RunTime:0.0000s ]
SQL: SHOW COLUMNS FROM `app_category` [ RunTime:0.0000s ]
SQL: SHOW COLUMNS FROM `app_attr` [ RunTime:0.0156s ]
SQL: SHOW COLUMNS FROM `app_categroup` [ RunTime:0.0000s ]
SQL: SHOW COLUMNS FROM `app_brand` [ RunTime:0.0000s ]
SQL: SELECT * FROM `app_categroup`  [ RunTime:0.0000s ]
SQL: SELECT * FROM `app_category` WHERE `groupid` = 4 ORDER BY sort ASC  [ RunTime:0.0000s ]
INFO: [ view_parse ] --START--
INFO: [ template_filter ] --START--
INFO: Run Behavior\ContentReplaceBehavior [ RunTime:0.000000s ]
INFO: [ template_filter ] --END-- [ RunTime:0.000000s ]
NOTIC: [8] Undefined variable: page D:\wamp\www\api\Application\Runtime\Cache\Admin\758bcb3f33f57e8861a7e878bcb76941.php 第 99 行.
INFO: Run Behavior\ParseTemplateBehavior [ RunTime:0.015600s ]
INFO: [ view_parse ] --END-- [ RunTime:0.015600s ]
INFO: [ view_filter ] --START--
INFO: Run Behavior\WriteHtmlCacheBehavior [ RunTime:0.000000s ]
INFO: [ view_filter ] --END-- [ RunTime:0.000000s ]
INFO: [ app_end ] --START--
INFO: Run Behavior\ShowPageTraceBehavior [ RunTime:0.015600s ]
INFO: [ app_end ] --END-- [ RunTime:0.015600s ]

[ 2016-10-11T14:30:08+08:00 ] 127.0.0.1 /api/index.php?s=/Admin/Category/index/gid/5
INFO: [ app_init ] --START--
INFO: Run Behavior\BuildLiteBehavior [ RunTime:0.000000s ]
INFO: [ app_init ] --END-- [ RunTime:0.000000s ]
INFO: [ app_begin ] --START--
INFO: Run Behavior\ReadHtmlCacheBehavior [ RunTime:0.000000s ]
INFO: [ app_begin ] --END-- [ RunTime:0.000000s ]
SQL: SHOW COLUMNS FROM `app_group` [ RunTime:0.0000s ]
SQL: SHOW COLUMNS FROM `app_auth` [ RunTime:0.0000s ]
SQL: SHOW COLUMNS FROM `app_manage` [ RunTime:0.0000s ]
SQL: SHOW COLUMNS FROM `app_article` [ RunTime:0.0000s ]
SQL: SHOW COLUMNS FROM `app_adver` [ RunTime:0.0156s ]
SQL: SELECT `auth` FROM `app_group` WHERE `id` = 1 LIMIT 1   [ RunTime:0.0000s ]
SQL: SELECT * FROM `app_auth` WHERE `status` = 1 ORDER BY sort ASC  [ RunTime:0.0000s ]
NOTIC: [8] Undefined offset: 15 D:\wamp\www\api\Application\Admin\Model\AuthModel.class.php 第 57 行.
SQL: SHOW COLUMNS FROM `app_config` [ RunTime:0.0000s ]
SQL: SELECT * FROM `app_config` WHERE `conf_group` = 2  [ RunTime:0.0000s ]
SQL: SELECT `id`,`pid`,`url` FROM `app_auth` WHERE `url` = 'Category/index' LIMIT 1   [ RunTime:0.0000s ]
SQL: SHOW COLUMNS FROM `app_category` [ RunTime:0.0000s ]
SQL: SHOW COLUMNS FROM `app_attr` [ RunTime:0.0156s ]
SQL: SHOW COLUMNS FROM `app_categroup` [ RunTime:0.0000s ]
SQL: SHOW COLUMNS FROM `app_brand` [ RunTime:0.0000s ]
SQL: SELECT * FROM `app_categroup`  [ RunTime:0.0000s ]
SQL: SELECT * FROM `app_category` WHERE `groupid` = 5 ORDER BY sort ASC  [ RunTime:0.0000s ]
INFO: [ view_parse ] --START--
INFO: [ template_filter ] --START--
INFO: Run Behavior\ContentReplaceBehavior [ RunTime:0.000000s ]
INFO: [ template_filter ] --END-- [ RunTime:0.000000s ]
NOTIC: [8] Undefined variable: page D:\wamp\www\api\Application\Runtime\Cache\Admin\758bcb3f33f57e8861a7e878bcb76941.php 第 99 行.
INFO: Run Behavior\ParseTemplateBehavior [ RunTime:0.015600s ]
INFO: [ view_parse ] --END-- [ RunTime:0.015600s ]
INFO: [ view_filter ] --START--
INFO: Run Behavior\WriteHtmlCacheBehavior [ RunTime:0.000000s ]
INFO: [ view_filter ] --END-- [ RunTime:0.000000s ]
INFO: [ app_end ] --START--
INFO: Run Behavior\ShowPageTraceBehavior [ RunTime:0.000000s ]
INFO: [ app_end ] --END-- [ RunTime:0.000000s ]

[ 2016-10-11T14:39:32+08:00 ] 127.0.0.1 /api/index.php?s=/Admin/Category/add
INFO: [ app_init ] --START--
INFO: Run Behavior\BuildLiteBehavior [ RunTime:0.000000s ]
INFO: [ app_init ] --END-- [ RunTime:0.000000s ]
INFO: [ app_begin ] --START--
INFO: Run Behavior\ReadHtmlCacheBehavior [ RunTime:0.000000s ]
INFO: [ app_begin ] --END-- [ RunTime:0.000000s ]
SQL: SHOW COLUMNS FROM `app_group` [ RunTime:0.0000s ]
SQL: SHOW COLUMNS FROM `app_auth` [ RunTime:0.0000s ]
SQL: SHOW COLUMNS FROM `app_manage` [ RunTime:0.0000s ]
SQL: SHOW COLUMNS FROM `app_article` [ RunTime:0.0000s ]
SQL: SHOW COLUMNS FROM `app_adver` [ RunTime:0.0156s ]
SQL: SELECT `auth` FROM `app_group` WHERE `id` = 1 LIMIT 1   [ RunTime:0.0000s ]
SQL: SELECT * FROM `app_auth` WHERE `status` = 1 ORDER BY sort ASC  [ RunTime:0.0000s ]
NOTIC: [8] Undefined offset: 15 D:\wamp\www\api\Application\Admin\Model\AuthModel.class.php 第 57 行.
SQL: SHOW COLUMNS FROM `app_config` [ RunTime:0.0000s ]
SQL: SELECT * FROM `app_config` WHERE `conf_group` = 2  [ RunTime:0.0000s ]
SQL: SELECT `id`,`pid`,`url` FROM `app_auth` WHERE `url` = 'Category/add' LIMIT 1   [ RunTime:0.0000s ]
SQL: SHOW COLUMNS FROM `app_category` [ RunTime:0.0000s ]
SQL: SHOW COLUMNS FROM `app_attr` [ RunTime:0.0000s ]
SQL: SHOW COLUMNS FROM `app_categroup` [ RunTime:0.0000s ]
SQL: SHOW COLUMNS FROM `app_brand` [ RunTime:0.0000s ]
SQL: SELECT * FROM `app_categroup`  [ RunTime:0.0000s ]
SQL: SELECT `id`,`pid`,`name` FROM `app_category` WHERE `type` <> 0 AND `groupid` = '1' ORDER BY sort ASC  [ RunTime:0.0000s ]
NOTIC: [8] Undefined offset: 1 D:\wamp\www\api\Application\Admin\Model\CategoryModel.class.php 第 30 行.
SQL: SELECT * FROM `app_attr`  [ RunTime:0.0000s ]
SQL: SELECT * FROM `app_categroup`  [ RunTime:0.0000s ]
INFO: [ view_parse ] --START--
INFO: [ template_filter ] --START--
INFO: Run Behavior\ContentReplaceBehavior [ RunTime:0.000000s ]
INFO: [ template_filter ] --END-- [ RunTime:0.000000s ]
NOTIC: [8] Undefined variable: oneParentCate D:\wamp\www\api\Application\Runtime\Cache\Admin\1a88a9e54b20b8617d80553f7faa6742.php 第 65 行.
NOTIC: [8] Undefined index: typename D:\wamp\www\api\Application\Runtime\Cache\Admin\1a88a9e54b20b8617d80553f7faa6742.php 第 75 行.
NOTIC: [8] Undefined index: typename D:\wamp\www\api\Application\Runtime\Cache\Admin\1a88a9e54b20b8617d80553f7faa6742.php 第 76 行.
NOTIC: [8] Undefined index: typename D:\wamp\www\api\Application\Runtime\Cache\Admin\1a88a9e54b20b8617d80553f7faa6742.php 第 76 行.
INFO: Run Behavior\ParseTemplateBehavior [ RunTime:0.046800s ]
INFO: [ view_parse ] --END-- [ RunTime:0.046800s ]
INFO: [ view_filter ] --START--
INFO: Run Behavior\WriteHtmlCacheBehavior [ RunTime:0.000000s ]
INFO: [ view_filter ] --END-- [ RunTime:0.000000s ]
INFO: [ app_end ] --START--
INFO: Run Behavior\ShowPageTraceBehavior [ RunTime:0.000000s ]
INFO: [ app_end ] --END-- [ RunTime:0.000000s ]

[ 2016-10-11T14:39:34+08:00 ] 127.0.0.1 /api/index.php?s=/Admin/Category/getSortNavByGid
INFO: [ app_init ] --START--
INFO: Run Behavior\BuildLiteBehavior [ RunTime:0.000000s ]
INFO: [ app_init ] --END-- [ RunTime:0.000000s ]
INFO: [ app_begin ] --START--
INFO: Run Behavior\ReadHtmlCacheBehavior [ RunTime:0.000000s ]
INFO: [ app_begin ] --END-- [ RunTime:0.000000s ]
SQL: SHOW COLUMNS FROM `app_group` [ RunTime:0.0000s ]
SQL: SHOW COLUMNS FROM `app_auth` [ RunTime:0.0000s ]
SQL: SHOW COLUMNS FROM `app_manage` [ RunTime:0.0000s ]
SQL: SHOW COLUMNS FROM `app_article` [ RunTime:0.0000s ]
SQL: SHOW COLUMNS FROM `app_adver` [ RunTime:0.0156s ]
SQL: SELECT `auth` FROM `app_group` WHERE `id` = 1 LIMIT 1   [ RunTime:0.0000s ]
SQL: SELECT * FROM `app_auth` WHERE `status` = 1 ORDER BY sort ASC  [ RunTime:0.0000s ]
NOTIC: [8] Undefined offset: 15 D:\wamp\www\api\Application\Admin\Model\AuthModel.class.php 第 57 行.
SQL: SHOW COLUMNS FROM `app_config` [ RunTime:0.0000s ]
SQL: SELECT * FROM `app_config` WHERE `conf_group` = 2  [ RunTime:0.0000s ]
SQL: SELECT `id`,`pid`,`url` FROM `app_auth` WHERE `url` = 'Category/getSortNavByGid' LIMIT 1   [ RunTime:0.0000s ]
SQL: SHOW COLUMNS FROM `app_category` [ RunTime:0.0000s ]
SQL: SHOW COLUMNS FROM `app_attr` [ RunTime:0.0000s ]
SQL: SHOW COLUMNS FROM `app_categroup` [ RunTime:0.0000s ]
SQL: SHOW COLUMNS FROM `app_brand` [ RunTime:0.0000s ]
SQL: SELECT `id`,`pid`,`name` FROM `app_category` WHERE `type` <> 0 AND `groupid` = '5' ORDER BY sort ASC  [ RunTime:0.0000s ]
NOTIC: [8] Undefined offset: 1 D:\wamp\www\api\Application\Admin\Model\CategoryModel.class.php 第 30 行.

[ 2016-10-11T14:40:15+08:00 ] 127.0.0.1 /api/index.php?s=/Admin/Category/add
INFO: [ app_init ] --START--
INFO: Run Behavior\BuildLiteBehavior [ RunTime:0.000000s ]
INFO: [ app_init ] --END-- [ RunTime:0.000000s ]
INFO: [ app_begin ] --START--
INFO: Run Behavior\ReadHtmlCacheBehavior [ RunTime:0.000000s ]
INFO: [ app_begin ] --END-- [ RunTime:0.000000s ]
SQL: SHOW COLUMNS FROM `app_group` [ RunTime:0.0000s ]
SQL: SHOW COLUMNS FROM `app_auth` [ RunTime:0.0000s ]
SQL: SHOW COLUMNS FROM `app_manage` [ RunTime:0.0156s ]
SQL: SHOW COLUMNS FROM `app_article` [ RunTime:0.0000s ]
SQL: SHOW COLUMNS FROM `app_adver` [ RunTime:0.0000s ]
SQL: SELECT `auth` FROM `app_group` WHERE `id` = 1 LIMIT 1   [ RunTime:0.0000s ]
SQL: SELECT * FROM `app_auth` WHERE `status` = 1 ORDER BY sort ASC  [ RunTime:0.0000s ]
NOTIC: [8] Undefined offset: 15 D:\wamp\www\api\Application\Admin\Model\AuthModel.class.php 第 57 行.
SQL: SHOW COLUMNS FROM `app_config` [ RunTime:0.0000s ]
SQL: SELECT * FROM `app_config` WHERE `conf_group` = 2  [ RunTime:0.0000s ]
SQL: SELECT `id`,`pid`,`url` FROM `app_auth` WHERE `url` = 'Category/add' LIMIT 1   [ RunTime:0.0000s ]
SQL: SHOW COLUMNS FROM `app_category` [ RunTime:0.0000s ]
SQL: SHOW COLUMNS FROM `app_attr` [ RunTime:0.0000s ]
SQL: SHOW COLUMNS FROM `app_categroup` [ RunTime:0.0000s ]
SQL: SHOW COLUMNS FROM `app_brand` [ RunTime:0.0000s ]
NOTIC: [8] Undefined index: attr D:\wamp\www\api\Application\Admin\Controller\CategoryController.class.php 第 69 行.
NOTIC: [8] Undefined index: brandids D:\wamp\www\api\Application\Admin\Controller\CategoryController.class.php 第 74 行.
NOTIC: [2] call_user_func() expects parameter 1 to be a valid callback, no array or string given D:\wamp\www\api\ThinkPHP\Library\Think\Upload.class.php 第 170 行.
NOTIC: [8] Undefined index: validate D:\wamp\www\api\ThinkPHP\Library\Think\Model.class.php 第 1185 行.
NOTIC: [8] Undefined index: auto D:\wamp\www\api\ThinkPHP\Library\Think\Model.class.php 第 1128 行.
SQL: SHOW TABLE STATUS LIKE 'app_category' [ RunTime:0.0000s ]
SQL: INSERT INTO `app_category` (`name`,`groupid`,`pid`,`descript`,`content`,`type`,`attr`,`brandids`,`thumb`,`sort`) VALUES ('亲子教育','5','0','亲子教育','亲子教育亲子教育亲子教育','1','','','/api/Uploads/image/2016-10-11/57fc894f0e5f9_thumb.jpg','25') [ RunTime:0.0312s ]
INFO: [ view_parse ] --START--
INFO: [ template_filter ] --START--
INFO: Run Behavior\ContentReplaceBehavior [ RunTime:0.000000s ]
INFO: [ template_filter ] --END-- [ RunTime:0.000000s ]
INFO: Run Behavior\ParseTemplateBehavior [ RunTime:0.000000s ]
INFO: [ view_parse ] --END-- [ RunTime:0.000000s ]
INFO: [ view_filter ] --START--
INFO: Run Behavior\WriteHtmlCacheBehavior [ RunTime:0.000000s ]
INFO: [ view_filter ] --END-- [ RunTime:0.000000s ]
INFO: [ app_end ] --START--
INFO: Run Behavior\ShowPageTraceBehavior [ RunTime:0.000000s ]
INFO: [ app_end ] --END-- [ RunTime:0.000000s ]

[ 2016-10-11T14:40:17+08:00 ] 127.0.0.1 /api/index.php?s=/Admin/Category/index/gid/5.html
INFO: [ app_init ] --START--
INFO: Run Behavior\BuildLiteBehavior [ RunTime:0.000000s ]
INFO: [ app_init ] --END-- [ RunTime:0.000000s ]
INFO: [ app_begin ] --START--
INFO: Run Behavior\ReadHtmlCacheBehavior [ RunTime:0.000000s ]
INFO: [ app_begin ] --END-- [ RunTime:0.000000s ]
SQL: SHOW COLUMNS FROM `app_group` [ RunTime:0.0000s ]
SQL: SHOW COLUMNS FROM `app_auth` [ RunTime:0.0000s ]
SQL: SHOW COLUMNS FROM `app_manage` [ RunTime:0.0000s ]
SQL: SHOW COLUMNS FROM `app_article` [ RunTime:0.0000s ]
SQL: SHOW COLUMNS FROM `app_adver` [ RunTime:0.0156s ]
SQL: SELECT `auth` FROM `app_group` WHERE `id` = 1 LIMIT 1   [ RunTime:0.0000s ]
SQL: SELECT * FROM `app_auth` WHERE `status` = 1 ORDER BY sort ASC  [ RunTime:0.0000s ]
NOTIC: [8] Undefined offset: 15 D:\wamp\www\api\Application\Admin\Model\AuthModel.class.php 第 57 行.
SQL: SHOW COLUMNS FROM `app_config` [ RunTime:0.0000s ]
SQL: SELECT * FROM `app_config` WHERE `conf_group` = 2  [ RunTime:0.0000s ]
SQL: SELECT `id`,`pid`,`url` FROM `app_auth` WHERE `url` = 'Category/index' LIMIT 1   [ RunTime:0.0000s ]
SQL: SHOW COLUMNS FROM `app_category` [ RunTime:0.0000s ]
SQL: SHOW COLUMNS FROM `app_attr` [ RunTime:0.0000s ]
SQL: SHOW COLUMNS FROM `app_categroup` [ RunTime:0.0000s ]
SQL: SHOW COLUMNS FROM `app_brand` [ RunTime:0.0000s ]
SQL: SELECT * FROM `app_categroup`  [ RunTime:0.0000s ]
SQL: SELECT * FROM `app_category` WHERE `groupid` = 5 ORDER BY sort ASC  [ RunTime:0.0000s ]
INFO: [ view_parse ] --START--
INFO: [ template_filter ] --START--
INFO: Run Behavior\ContentReplaceBehavior [ RunTime:0.000000s ]
INFO: [ template_filter ] --END-- [ RunTime:0.000000s ]
NOTIC: [8] Undefined variable: page D:\wamp\www\api\Application\Runtime\Cache\Admin\758bcb3f33f57e8861a7e878bcb76941.php 第 99 行.
INFO: Run Behavior\ParseTemplateBehavior [ RunTime:0.031200s ]
INFO: [ view_parse ] --END-- [ RunTime:0.031200s ]
INFO: [ view_filter ] --START--
INFO: Run Behavior\WriteHtmlCacheBehavior [ RunTime:0.000000s ]
INFO: [ view_filter ] --END-- [ RunTime:0.000000s ]
INFO: [ app_end ] --START--
INFO: Run Behavior\ShowPageTraceBehavior [ RunTime:0.000000s ]
INFO: [ app_end ] --END-- [ RunTime:0.000000s ]

[ 2016-10-11T17:06:54+08:00 ] 127.0.0.1 /api/index.php?s=/Admin/Index/index
INFO: [ app_init ] --START--
INFO: Run Behavior\BuildLiteBehavior [ RunTime:0.000000s ]
INFO: [ app_init ] --END-- [ RunTime:0.000000s ]
INFO: [ app_begin ] --START--
INFO: Run Behavior\ReadHtmlCacheBehavior [ RunTime:0.000000s ]
INFO: [ app_begin ] --END-- [ RunTime:0.000000s ]

[ 2016-10-11T17:06:54+08:00 ] 127.0.0.1 /api/index.php?s=/Admin/Login/index.html
INFO: [ app_init ] --START--
INFO: Run Behavior\BuildLiteBehavior [ RunTime:0.000000s ]
INFO: [ app_init ] --END-- [ RunTime:0.000000s ]
INFO: [ app_begin ] --START--
INFO: Run Behavior\ReadHtmlCacheBehavior [ RunTime:0.000000s ]
INFO: [ app_begin ] --END-- [ RunTime:0.000000s ]
SQL: SHOW COLUMNS FROM `app_manage` [ RunTime:0.0000s ]
INFO: [ view_parse ] --START--
INFO: [ template_filter ] --START--
INFO: Run Behavior\ContentReplaceBehavior [ RunTime:0.000000s ]
INFO: [ template_filter ] --END-- [ RunTime:0.000000s ]
INFO: Run Behavior\ParseTemplateBehavior [ RunTime:0.000000s ]
INFO: [ view_parse ] --END-- [ RunTime:0.000000s ]
INFO: [ view_filter ] --START--
INFO: Run Behavior\WriteHtmlCacheBehavior [ RunTime:0.000000s ]
INFO: [ view_filter ] --END-- [ RunTime:0.000000s ]
INFO: [ app_end ] --START--
INFO: Run Behavior\ShowPageTraceBehavior [ RunTime:0.000000s ]
INFO: [ app_end ] --END-- [ RunTime:0.000000s ]

[ 2016-10-11T17:06:57+08:00 ] 127.0.0.1 /api/index.php?s=/Admin/Login/index.html
INFO: [ app_init ] --START--
INFO: Run Behavior\BuildLiteBehavior [ RunTime:0.000000s ]
INFO: [ app_init ] --END-- [ RunTime:0.000000s ]
INFO: [ app_begin ] --START--
INFO: Run Behavior\ReadHtmlCacheBehavior [ RunTime:0.000000s ]
INFO: [ app_begin ] --END-- [ RunTime:0.000000s ]
SQL: SHOW COLUMNS FROM `app_manage` [ RunTime:0.0000s ]
NOTIC: [8] Undefined index: validate D:\wamp\www\api\ThinkPHP\Library\Think\Model.class.php 第 1185 行.
NOTIC: [8] Undefined index: auto D:\wamp\www\api\ThinkPHP\Library\Think\Model.class.php 第 1128 行.
SQL: SELECT * FROM `app_manage` WHERE `username` = 'admin' LIMIT 1   [ RunTime:0.0000s ]
INFO: [ view_parse ] --START--
INFO: [ template_filter ] --START--
INFO: Run Behavior\ContentReplaceBehavior [ RunTime:0.000000s ]
INFO: [ template_filter ] --END-- [ RunTime:0.000000s ]
INFO: Run Behavior\ParseTemplateBehavior [ RunTime:0.000000s ]
INFO: [ view_parse ] --END-- [ RunTime:0.000000s ]
INFO: [ view_filter ] --START--
INFO: Run Behavior\WriteHtmlCacheBehavior [ RunTime:0.000000s ]
INFO: [ view_filter ] --END-- [ RunTime:0.000000s ]
INFO: [ app_end ] --START--
INFO: Run Behavior\ShowPageTraceBehavior [ RunTime:0.000000s ]
INFO: [ app_end ] --END-- [ RunTime:0.000000s ]

[ 2016-10-11T17:07:00+08:00 ] 127.0.0.1 /api/index.php?s=/Admin/Index/index.html
INFO: [ app_init ] --START--
INFO: Run Behavior\BuildLiteBehavior [ RunTime:0.000000s ]
INFO: [ app_init ] --END-- [ RunTime:0.000000s ]
INFO: [ app_begin ] --START--
INFO: Run Behavior\ReadHtmlCacheBehavior [ RunTime:0.000000s ]
INFO: [ app_begin ] --END-- [ RunTime:0.000000s ]
SQL: SHOW COLUMNS FROM `app_group` [ RunTime:0.0000s ]
SQL: SHOW COLUMNS FROM `app_auth` [ RunTime:0.0000s ]
SQL: SHOW COLUMNS FROM `app_manage` [ RunTime:0.0000s ]
SQL: SHOW COLUMNS FROM `app_article` [ RunTime:0.0000s ]
SQL: SHOW COLUMNS FROM `app_adver` [ RunTime:0.0156s ]
SQL: SELECT `auth` FROM `app_group` WHERE `id` = 1 LIMIT 1   [ RunTime:0.0000s ]
SQL: SELECT * FROM `app_auth` WHERE `status` = 1 ORDER BY sort ASC  [ RunTime:0.0000s ]
NOTIC: [8] Undefined offset: 15 D:\wamp\www\api\Application\Admin\Model\AuthModel.class.php 第 57 行.
SQL: SHOW COLUMNS FROM `app_config` [ RunTime:0.0000s ]
SQL: SELECT * FROM `app_config` WHERE `conf_group` = 2  [ RunTime:0.0000s ]
SQL: SELECT `id`,`pid`,`url` FROM `app_auth` WHERE `url` = 'Index/index' LIMIT 1   [ RunTime:0.0000s ]
INFO: [ view_parse ] --START--
INFO: [ template_filter ] --START--
INFO: Run Behavior\ContentReplaceBehavior [ RunTime:0.000000s ]
INFO: [ template_filter ] --END-- [ RunTime:0.000000s ]
NOTIC: [8] Undefined variable: curAuth D:\wamp\www\api\Application\Runtime\Cache\Admin\085b574956cdc611cfedaace62cf4e64.php 第 51 行.
NOTIC: [8] Undefined variable: curAuth D:\wamp\www\api\Application\Runtime\Cache\Admin\085b574956cdc611cfedaace62cf4e64.php 第 54 行.
NOTIC: [8] Undefined variable: curAuth D:\wamp\www\api\Application\Runtime\Cache\Admin\085b574956cdc611cfedaace62cf4e64.php 第 51 行.
NOTIC: [8] Undefined variable: curAuth D:\wamp\www\api\Application\Runtime\Cache\Admin\085b574956cdc611cfedaace62cf4e64.php 第 54 行.
NOTIC: [8] Undefined variable: curAuth D:\wamp\www\api\Application\Runtime\Cache\Admin\085b574956cdc611cfedaace62cf4e64.php 第 54 行.
NOTIC: [8] Undefined variable: curAuth D:\wamp\www\api\Application\Runtime\Cache\Admin\085b574956cdc611cfedaace62cf4e64.php 第 51 行.
NOTIC: [8] Undefined variable: curAuth D:\wamp\www\api\Application\Runtime\Cache\Admin\085b574956cdc611cfedaace62cf4e64.php 第 54 行.
NOTIC: [8] Undefined variable: curAuth D:\wamp\www\api\Application\Runtime\Cache\Admin\085b574956cdc611cfedaace62cf4e64.php 第 54 行.
NOTIC: [8] Undefined variable: curAuth D:\wamp\www\api\Application\Runtime\Cache\Admin\085b574956cdc611cfedaace62cf4e64.php 第 51 行.
NOTIC: [8] Undefined variable: curAuth D:\wamp\www\api\Application\Runtime\Cache\Admin\085b574956cdc611cfedaace62cf4e64.php 第 54 行.
NOTIC: [8] Undefined variable: curAuth D:\wamp\www\api\Application\Runtime\Cache\Admin\085b574956cdc611cfedaace62cf4e64.php 第 54 行.
NOTIC: [8] Undefined variable: curAuth D:\wamp\www\api\Application\Runtime\Cache\Admin\085b574956cdc611cfedaace62cf4e64.php 第 51 行.
NOTIC: [8] Undefined variable: curAuth D:\wamp\www\api\Application\Runtime\Cache\Admin\085b574956cdc611cfedaace62cf4e64.php 第 54 行.
NOTIC: [8] Undefined variable: curAuth D:\wamp\www\api\Application\Runtime\Cache\Admin\085b574956cdc611cfedaace62cf4e64.php 第 54 行.
NOTIC: [8] Undefined variable: curAuth D:\wamp\www\api\Application\Runtime\Cache\Admin\085b574956cdc611cfedaace62cf4e64.php 第 54 行.
NOTIC: [8] Undefined variable: curAuth D:\wamp\www\api\Application\Runtime\Cache\Admin\085b574956cdc611cfedaace62cf4e64.php 第 54 行.
NOTIC: [8] Undefined variable: curAuth D:\wamp\www\api\Application\Runtime\Cache\Admin\085b574956cdc611cfedaace62cf4e64.php 第 51 行.
NOTIC: [8] Undefined variable: curAuth D:\wamp\www\api\Application\Runtime\Cache\Admin\085b574956cdc611cfedaace62cf4e64.php 第 54 行.
NOTIC: [8] Undefined variable: curAuth D:\wamp\www\api\Application\Runtime\Cache\Admin\085b574956cdc611cfedaace62cf4e64.php 第 54 行.
NOTIC: [8] Undefined variable: curAuth D:\wamp\www\api\Application\Runtime\Cache\Admin\085b574956cdc611cfedaace62cf4e64.php 第 51 行.
NOTIC: [8] Undefined variable: curAuth D:\wamp\www\api\Application\Runtime\Cache\Admin\085b574956cdc611cfedaace62cf4e64.php 第 54 行.
NOTIC: [8] Undefined variable: curAuth D:\wamp\www\api\Application\Runtime\Cache\Admin\085b574956cdc611cfedaace62cf4e64.php 第 54 行.
NOTIC: [8] Undefined variable: curAuth D:\wamp\www\api\Application\Runtime\Cache\Admin\085b574956cdc611cfedaace62cf4e64.php 第 51 行.
NOTIC: [8] Undefined variable: curAuth D:\wamp\www\api\Application\Runtime\Cache\Admin\085b574956cdc611cfedaace62cf4e64.php 第 54 行.
NOTIC: [8] Undefined variable: curAuth D:\wamp\www\api\Application\Runtime\Cache\Admin\085b574956cdc611cfedaace62cf4e64.php 第 54 行.
NOTIC: [8] Undefined variable: curAuth D:\wamp\www\api\Application\Runtime\Cache\Admin\085b574956cdc611cfedaace62cf4e64.php 第 54 行.
NOTIC: [8] Undefined variable: curAuth D:\wamp\www\api\Application\Runtime\Cache\Admin\085b574956cdc611cfedaace62cf4e64.php 第 51 行.
NOTIC: [8] Undefined variable: curAuth D:\wamp\www\api\Application\Runtime\Cache\Admin\085b574956cdc611cfedaace62cf4e64.php 第 54 行.
NOTIC: [8] Undefined variable: curAuth D:\wamp\www\api\Application\Runtime\Cache\Admin\085b574956cdc611cfedaace62cf4e64.php 第 54 行.
NOTIC: [8] Undefined variable: curAuth D:\wamp\www\api\Application\Runtime\Cache\Admin\085b574956cdc611cfedaace62cf4e64.php 第 54 行.
NOTIC: [8] Undefined variable: curAuth D:\wamp\www\api\Application\Runtime\Cache\Admin\085b574956cdc611cfedaace62cf4e64.php 第 54 行.
NOTIC: [8] Undefined variable: curAuth D:\wamp\www\api\Application\Runtime\Cache\Admin\085b574956cdc611cfedaace62cf4e64.php 第 51 行.
NOTIC: [8] Undefined variable: curAuth D:\wamp\www\api\Application\Runtime\Cache\Admin\085b574956cdc611cfedaace62cf4e64.php 第 54 行.
NOTIC: [8] Undefined variable: curAuth D:\wamp\www\api\Application\Runtime\Cache\Admin\085b574956cdc611cfedaace62cf4e64.php 第 54 行.
NOTIC: [8] Undefined variable: curAuth D:\wamp\www\api\Application\Runtime\Cache\Admin\085b574956cdc611cfedaace62cf4e64.php 第 51 行.
NOTIC: [8] Undefined variable: curAuth D:\wamp\www\api\Application\Runtime\Cache\Admin\085b574956cdc611cfedaace62cf4e64.php 第 54 行.
NOTIC: [8] Undefined variable: curAuth D:\wamp\www\api\Application\Runtime\Cache\Admin\085b574956cdc611cfedaace62cf4e64.php 第 54 行.
NOTIC: [8] Undefined variable: curAuth D:\wamp\www\api\Application\Runtime\Cache\Admin\085b574956cdc611cfedaace62cf4e64.php 第 51 行.
NOTIC: [8] Undefined variable: curAuth D:\wamp\www\api\Application\Runtime\Cache\Admin\085b574956cdc611cfedaace62cf4e64.php 第 54 行.
NOTIC: [8] Undefined variable: curAuth D:\wamp\www\api\Application\Runtime\Cache\Admin\085b574956cdc611cfedaace62cf4e64.php 第 54 行.
NOTIC: [8] Undefined variable: curAuth D:\wamp\www\api\Application\Runtime\Cache\Admin\085b574956cdc611cfedaace62cf4e64.php 第 51 行.
NOTIC: [8] Undefined variable: curAuth D:\wamp\www\api\Application\Runtime\Cache\Admin\085b574956cdc611cfedaace62cf4e64.php 第 54 行.
NOTIC: [8] Undefined variable: curAuth D:\wamp\www\api\Application\Runtime\Cache\Admin\085b574956cdc611cfedaace62cf4e64.php 第 54 行.
NOTIC: [8] Undefined variable: curAuth D:\wamp\www\api\Application\Runtime\Cache\Admin\085b574956cdc611cfedaace62cf4e64.php 第 51 行.
NOTIC: [8] Undefined variable: curAuth D:\wamp\www\api\Application\Runtime\Cache\Admin\085b574956cdc611cfedaace62cf4e64.php 第 54 行.
NOTIC: [8] Undefined variable: curAuth D:\wamp\www\api\Application\Runtime\Cache\Admin\085b574956cdc611cfedaace62cf4e64.php 第 54 行.
NOTIC: [8] Undefined variable: curAuth D:\wamp\www\api\Application\Runtime\Cache\Admin\085b574956cdc611cfedaace62cf4e64.php 第 51 行.
NOTIC: [8] Undefined variable: curAuth D:\wamp\www\api\Application\Runtime\Cache\Admin\085b574956cdc611cfedaace62cf4e64.php 第 54 行.
NOTIC: [8] Undefined variable: curAuth D:\wamp\www\api\Application\Runtime\Cache\Admin\085b574956cdc611cfedaace62cf4e64.php 第 54 行.
INFO: Run Behavior\ParseTemplateBehavior [ RunTime:0.015601s ]
INFO: [ view_parse ] --END-- [ RunTime:0.015601s ]
INFO: [ view_filter ] --START--
INFO: Run Behavior\WriteHtmlCacheBehavior [ RunTime:0.000000s ]
INFO: [ view_filter ] --END-- [ RunTime:0.000000s ]
INFO: [ app_end ] --START--
INFO: Run Behavior\ShowPageTraceBehavior [ RunTime:0.000000s ]
INFO: [ app_end ] --END-- [ RunTime:0.000000s ]

