[ 2016-10-12T09:18:11+08:00 ] 127.0.0.1 /api/index.php?s=/Admin/Adver/index
INFO: [ app_init ] --START--
INFO: Run Behavior\BuildLiteBehavior [ RunTime:0.000000s ]
INFO: [ app_init ] --END-- [ RunTime:0.001001s ]
INFO: [ app_begin ] --START--
INFO: Run Behavior\ReadHtmlCacheBehavior [ RunTime:0.001000s ]
INFO: [ app_begin ] --END-- [ RunTime:0.001000s ]

[ 2016-10-12T09:18:11+08:00 ] 127.0.0.1 /api/index.php?s=/Admin/Login/index.html
INFO: [ app_init ] --START--
INFO: Run Behavior\BuildLiteBehavior [ RunTime:0.000000s ]
INFO: [ app_init ] --END-- [ RunTime:0.000000s ]
INFO: [ app_begin ] --START--
INFO: Run Behavior\ReadHtmlCacheBehavior [ RunTime:0.001000s ]
INFO: [ app_begin ] --END-- [ RunTime:0.001000s ]
SQL: SHOW COLUMNS FROM `app_manage` [ RunTime:0.0040s ]
INFO: [ view_parse ] --START--
INFO: [ template_filter ] --START--
INFO: Run Behavior\ContentReplaceBehavior [ RunTime:0.000000s ]
INFO: [ template_filter ] --END-- [ RunTime:0.000000s ]
INFO: Run Behavior\ParseTemplateBehavior [ RunTime:0.042002s ]
INFO: [ view_parse ] --END-- [ RunTime:0.043002s ]
INFO: [ view_filter ] --START--
INFO: Run Behavior\WriteHtmlCacheBehavior [ RunTime:0.010001s ]
INFO: [ view_filter ] --END-- [ RunTime:0.010001s ]
INFO: [ app_end ] --START--
INFO: Run Behavior\ShowPageTraceBehavior [ RunTime:0.001000s ]
INFO: [ app_end ] --END-- [ RunTime:0.002000s ]

[ 2016-10-12T09:18:16+08:00 ] 127.0.0.1 /api/index.php?s=/Admin/Login/index.html
INFO: [ app_init ] --START--
INFO: Run Behavior\BuildLiteBehavior [ RunTime:0.000000s ]
INFO: [ app_init ] --END-- [ RunTime:0.000000s ]
INFO: [ app_begin ] --START--
INFO: Run Behavior\ReadHtmlCacheBehavior [ RunTime:0.000000s ]
INFO: [ app_begin ] --END-- [ RunTime:0.001000s ]
SQL: SHOW COLUMNS FROM `app_manage` [ RunTime:0.0030s ]
NOTIC: [8] Undefined index: validate D:\wamp\www\api\ThinkPHP\Library\Think\Model.class.php 第 1185 行.
NOTIC: [8] Undefined index: auto D:\wamp\www\api\ThinkPHP\Library\Think\Model.class.php 第 1128 行.
SQL: SELECT * FROM `app_manage` WHERE `username` = 'admin' LIMIT 1   [ RunTime:0.0000s ]
INFO: [ view_parse ] --START--
INFO: [ template_filter ] --START--
INFO: Run Behavior\ContentReplaceBehavior [ RunTime:0.000000s ]
INFO: [ template_filter ] --END-- [ RunTime:0.001000s ]
INFO: Run Behavior\ParseTemplateBehavior [ RunTime:0.018001s ]
INFO: [ view_parse ] --END-- [ RunTime:0.018001s ]
INFO: [ view_filter ] --START--
INFO: Run Behavior\WriteHtmlCacheBehavior [ RunTime:0.001000s ]
INFO: [ view_filter ] --END-- [ RunTime:0.001000s ]
INFO: [ app_end ] --START--
INFO: Run Behavior\ShowPageTraceBehavior [ RunTime:0.001000s ]
INFO: [ app_end ] --END-- [ RunTime:0.001000s ]

[ 2016-10-12T09:18:18+08:00 ] 127.0.0.1 /api/index.php?s=/Admin/Index/index.html
INFO: [ app_init ] --START--
INFO: Run Behavior\BuildLiteBehavior [ RunTime:0.000000s ]
INFO: [ app_init ] --END-- [ RunTime:0.001000s ]
INFO: [ app_begin ] --START--
INFO: Run Behavior\ReadHtmlCacheBehavior [ RunTime:0.002000s ]
INFO: [ app_begin ] --END-- [ RunTime:0.002000s ]
SQL: SHOW COLUMNS FROM `app_group` [ RunTime:0.0050s ]
SQL: SHOW COLUMNS FROM `app_auth` [ RunTime:0.0040s ]
SQL: SHOW COLUMNS FROM `app_manage` [ RunTime:0.0050s ]
SQL: SHOW COLUMNS FROM `app_article` [ RunTime:0.0140s ]
SQL: SHOW COLUMNS FROM `app_adver` [ RunTime:0.0050s ]
SQL: SELECT `auth` FROM `app_group` WHERE `id` = 1 LIMIT 1   [ RunTime:0.0010s ]
SQL: SELECT * FROM `app_auth` WHERE `status` = 1 ORDER BY sort ASC  [ RunTime:0.0010s ]
NOTIC: [8] Undefined offset: 15 D:\wamp\www\api\Application\Admin\Model\AuthModel.class.php 第 57 行.
SQL: SHOW COLUMNS FROM `app_config` [ RunTime:0.0060s ]
SQL: SELECT * FROM `app_config` WHERE `conf_group` = 2  [ RunTime:0.0000s ]
SQL: SELECT `id`,`pid`,`url` FROM `app_auth` WHERE `url` = 'Index/index' LIMIT 1   [ RunTime:0.0010s ]
INFO: [ view_parse ] --START--
INFO: [ template_filter ] --START--
INFO: Run Behavior\ContentReplaceBehavior [ RunTime:0.000000s ]
INFO: [ template_filter ] --END-- [ RunTime:0.000000s ]
NOTIC: [8] Undefined variable: curAuth D:\wamp\www\api\Application\Runtime\Cache\Admin\085b574956cdc611cfedaace62cf4e64.php 第 51 行.
NOTIC: [8] Undefined variable: curAuth D:\wamp\www\api\Application\Runtime\Cache\Admin\085b574956cdc611cfedaace62cf4e64.php 第 54 行.
NOTIC: [8] Undefined variable: curAuth D:\wamp\www\api\Application\Runtime\Cache\Admin\085b574956cdc611cfedaace62cf4e64.php 第 51 行.
NOTIC: [8] Undefined variable: curAuth D:\wamp\www\api\Application\Runtime\Cache\Admin\085b574956cdc611cfedaace62cf4e64.php 第 54 行.
NOTIC: [8] Undefined variable: curAuth D:\wamp\www\api\Application\Runtime\Cache\Admin\085b574956cdc611cfedaace62cf4e64.php 第 54 行.
NOTIC: [8] Undefined variable: curAuth D:\wamp\www\api\Application\Runtime\Cache\Admin\085b574956cdc611cfedaace62cf4e64.php 第 51 行.
NOTIC: [8] Undefined variable: curAuth D:\wamp\www\api\Application\Runtime\Cache\Admin\085b574956cdc611cfedaace62cf4e64.php 第 54 行.
NOTIC: [8] Undefined variable: curAuth D:\wamp\www\api\Application\Runtime\Cache\Admin\085b574956cdc611cfedaace62cf4e64.php 第 54 行.
NOTIC: [8] Undefined variable: curAuth D:\wamp\www\api\Application\Runtime\Cache\Admin\085b574956cdc611cfedaace62cf4e64.php 第 51 行.
NOTIC: [8] Undefined variable: curAuth D:\wamp\www\api\Application\Runtime\Cache\Admin\085b574956cdc611cfedaace62cf4e64.php 第 54 行.
NOTIC: [8] Undefined variable: curAuth D:\wamp\www\api\Application\Runtime\Cache\Admin\085b574956cdc611cfedaace62cf4e64.php 第 54 行.
NOTIC: [8] Undefined variable: curAuth D:\wamp\www\api\Application\Runtime\Cache\Admin\085b574956cdc611cfedaace62cf4e64.php 第 51 行.
NOTIC: [8] Undefined variable: curAuth D:\wamp\www\api\Application\Runtime\Cache\Admin\085b574956cdc611cfedaace62cf4e64.php 第 54 行.
NOTIC: [8] Undefined variable: curAuth D:\wamp\www\api\Application\Runtime\Cache\Admin\085b574956cdc611cfedaace62cf4e64.php 第 54 行.
NOTIC: [8] Undefined variable: curAuth D:\wamp\www\api\Application\Runtime\Cache\Admin\085b574956cdc611cfedaace62cf4e64.php 第 54 行.
NOTIC: [8] Undefined variable: curAuth D:\wamp\www\api\Application\Runtime\Cache\Admin\085b574956cdc611cfedaace62cf4e64.php 第 54 行.
NOTIC: [8] Undefined variable: curAuth D:\wamp\www\api\Application\Runtime\Cache\Admin\085b574956cdc611cfedaace62cf4e64.php 第 51 行.
NOTIC: [8] Undefined variable: curAuth D:\wamp\www\api\Application\Runtime\Cache\Admin\085b574956cdc611cfedaace62cf4e64.php 第 54 行.
NOTIC: [8] Undefined variable: curAuth D:\wamp\www\api\Application\Runtime\Cache\Admin\085b574956cdc611cfedaace62cf4e64.php 第 54 行.
NOTIC: [8] Undefined variable: curAuth D:\wamp\www\api\Application\Runtime\Cache\Admin\085b574956cdc611cfedaace62cf4e64.php 第 51 行.
NOTIC: [8] Undefined variable: curAuth D:\wamp\www\api\Application\Runtime\Cache\Admin\085b574956cdc611cfedaace62cf4e64.php 第 54 行.
NOTIC: [8] Undefined variable: curAuth D:\wamp\www\api\Application\Runtime\Cache\Admin\085b574956cdc611cfedaace62cf4e64.php 第 54 行.
NOTIC: [8] Undefined variable: curAuth D:\wamp\www\api\Application\Runtime\Cache\Admin\085b574956cdc611cfedaace62cf4e64.php 第 51 行.
NOTIC: [8] Undefined variable: curAuth D:\wamp\www\api\Application\Runtime\Cache\Admin\085b574956cdc611cfedaace62cf4e64.php 第 54 行.
NOTIC: [8] Undefined variable: curAuth D:\wamp\www\api\Application\Runtime\Cache\Admin\085b574956cdc611cfedaace62cf4e64.php 第 54 行.
NOTIC: [8] Undefined variable: curAuth D:\wamp\www\api\Application\Runtime\Cache\Admin\085b574956cdc611cfedaace62cf4e64.php 第 54 行.
NOTIC: [8] Undefined variable: curAuth D:\wamp\www\api\Application\Runtime\Cache\Admin\085b574956cdc611cfedaace62cf4e64.php 第 51 行.
NOTIC: [8] Undefined variable: curAuth D:\wamp\www\api\Application\Runtime\Cache\Admin\085b574956cdc611cfedaace62cf4e64.php 第 54 行.
NOTIC: [8] Undefined variable: curAuth D:\wamp\www\api\Application\Runtime\Cache\Admin\085b574956cdc611cfedaace62cf4e64.php 第 54 行.
NOTIC: [8] Undefined variable: curAuth D:\wamp\www\api\Application\Runtime\Cache\Admin\085b574956cdc611cfedaace62cf4e64.php 第 54 行.
NOTIC: [8] Undefined variable: curAuth D:\wamp\www\api\Application\Runtime\Cache\Admin\085b574956cdc611cfedaace62cf4e64.php 第 54 行.
NOTIC: [8] Undefined variable: curAuth D:\wamp\www\api\Application\Runtime\Cache\Admin\085b574956cdc611cfedaace62cf4e64.php 第 51 行.
NOTIC: [8] Undefined variable: curAuth D:\wamp\www\api\Application\Runtime\Cache\Admin\085b574956cdc611cfedaace62cf4e64.php 第 54 行.
NOTIC: [8] Undefined variable: curAuth D:\wamp\www\api\Application\Runtime\Cache\Admin\085b574956cdc611cfedaace62cf4e64.php 第 54 行.
NOTIC: [8] Undefined variable: curAuth D:\wamp\www\api\Application\Runtime\Cache\Admin\085b574956cdc611cfedaace62cf4e64.php 第 51 行.
NOTIC: [8] Undefined variable: curAuth D:\wamp\www\api\Application\Runtime\Cache\Admin\085b574956cdc611cfedaace62cf4e64.php 第 54 行.
NOTIC: [8] Undefined variable: curAuth D:\wamp\www\api\Application\Runtime\Cache\Admin\085b574956cdc611cfedaace62cf4e64.php 第 54 行.
NOTIC: [8] Undefined variable: curAuth D:\wamp\www\api\Application\Runtime\Cache\Admin\085b574956cdc611cfedaace62cf4e64.php 第 51 行.
NOTIC: [8] Undefined variable: curAuth D:\wamp\www\api\Application\Runtime\Cache\Admin\085b574956cdc611cfedaace62cf4e64.php 第 54 行.
NOTIC: [8] Undefined variable: curAuth D:\wamp\www\api\Application\Runtime\Cache\Admin\085b574956cdc611cfedaace62cf4e64.php 第 54 行.
NOTIC: [8] Undefined variable: curAuth D:\wamp\www\api\Application\Runtime\Cache\Admin\085b574956cdc611cfedaace62cf4e64.php 第 51 行.
NOTIC: [8] Undefined variable: curAuth D:\wamp\www\api\Application\Runtime\Cache\Admin\085b574956cdc611cfedaace62cf4e64.php 第 54 行.
NOTIC: [8] Undefined variable: curAuth D:\wamp\www\api\Application\Runtime\Cache\Admin\085b574956cdc611cfedaace62cf4e64.php 第 54 行.
NOTIC: [8] Undefined variable: curAuth D:\wamp\www\api\Application\Runtime\Cache\Admin\085b574956cdc611cfedaace62cf4e64.php 第 51 行.
NOTIC: [8] Undefined variable: curAuth D:\wamp\www\api\Application\Runtime\Cache\Admin\085b574956cdc611cfedaace62cf4e64.php 第 54 行.
NOTIC: [8] Undefined variable: curAuth D:\wamp\www\api\Application\Runtime\Cache\Admin\085b574956cdc611cfedaace62cf4e64.php 第 54 行.
NOTIC: [8] Undefined variable: curAuth D:\wamp\www\api\Application\Runtime\Cache\Admin\085b574956cdc611cfedaace62cf4e64.php 第 51 行.
NOTIC: [8] Undefined variable: curAuth D:\wamp\www\api\Application\Runtime\Cache\Admin\085b574956cdc611cfedaace62cf4e64.php 第 54 行.
NOTIC: [8] Undefined variable: curAuth D:\wamp\www\api\Application\Runtime\Cache\Admin\085b574956cdc611cfedaace62cf4e64.php 第 54 行.
INFO: Run Behavior\ParseTemplateBehavior [ RunTime:0.048002s ]
INFO: [ view_parse ] --END-- [ RunTime:0.048002s ]
INFO: [ view_filter ] --START--
INFO: Run Behavior\WriteHtmlCacheBehavior [ RunTime:0.001001s ]
INFO: [ view_filter ] --END-- [ RunTime:0.002001s ]
INFO: [ app_end ] --START--
INFO: Run Behavior\ShowPageTraceBehavior [ RunTime:0.002000s ]
INFO: [ app_end ] --END-- [ RunTime:0.002000s ]

[ 2016-10-12T09:18:31+08:00 ] 127.0.0.1 /api/index.php?s=/Admin/Price/index
INFO: [ app_init ] --START--
INFO: Run Behavior\BuildLiteBehavior [ RunTime:0.000000s ]
INFO: [ app_init ] --END-- [ RunTime:0.001000s ]
INFO: [ app_begin ] --START--
INFO: Run Behavior\ReadHtmlCacheBehavior [ RunTime:0.001000s ]
INFO: [ app_begin ] --END-- [ RunTime:0.002001s ]
SQL: SHOW COLUMNS FROM `app_group` [ RunTime:0.0040s ]
SQL: SHOW COLUMNS FROM `app_auth` [ RunTime:0.0030s ]
SQL: SHOW COLUMNS FROM `app_manage` [ RunTime:0.0030s ]
SQL: SHOW COLUMNS FROM `app_article` [ RunTime:0.0020s ]
SQL: SHOW COLUMNS FROM `app_adver` [ RunTime:0.0030s ]
SQL: SELECT `auth` FROM `app_group` WHERE `id` = 1 LIMIT 1   [ RunTime:0.0000s ]
SQL: SELECT * FROM `app_auth` WHERE `status` = 1 ORDER BY sort ASC  [ RunTime:0.0010s ]
NOTIC: [8] Undefined offset: 15 D:\wamp\www\api\Application\Admin\Model\AuthModel.class.php 第 57 行.
SQL: SHOW COLUMNS FROM `app_config` [ RunTime:0.0030s ]
SQL: SELECT * FROM `app_config` WHERE `conf_group` = 2  [ RunTime:0.0010s ]
SQL: SELECT `id`,`pid`,`url` FROM `app_auth` WHERE `url` = 'Price/index' LIMIT 1   [ RunTime:0.0010s ]
SQL: SHOW COLUMNS FROM `app_price` [ RunTime:0.0190s ]
SQL: SHOW COLUMNS FROM `app_category` [ RunTime:0.0020s ]
SQL: SELECT COUNT(*) AS tp_count FROM `app_price` WHERE `gid` = 1 LIMIT 1   [ RunTime:0.0010s ]
SQL: SELECT a.id,a.minprice,a.maxprice,b.name as catename FROM app_price a INNER JOIN app_category as b ON a.cateid=b.id  WHERE `gid` = 1 LIMIT 0,20   [ RunTime:0.0000s ]
INFO: [ view_parse ] --START--
INFO: [ template_filter ] --START--
INFO: Run Behavior\ContentReplaceBehavior [ RunTime:0.000000s ]
INFO: [ template_filter ] --END-- [ RunTime:0.000000s ]
INFO: Run Behavior\ParseTemplateBehavior [ RunTime:0.039003s ]
INFO: [ view_parse ] --END-- [ RunTime:0.040003s ]
INFO: [ view_filter ] --START--
INFO: Run Behavior\WriteHtmlCacheBehavior [ RunTime:0.000000s ]
INFO: [ view_filter ] --END-- [ RunTime:0.000000s ]
INFO: [ app_end ] --START--
INFO: Run Behavior\ShowPageTraceBehavior [ RunTime:0.000000s ]
INFO: [ app_end ] --END-- [ RunTime:0.001000s ]

[ 2016-10-12T09:18:33+08:00 ] 127.0.0.1 /api/index.php?s=/Admin/Price/index/gid/2
INFO: [ app_init ] --START--
INFO: Run Behavior\BuildLiteBehavior [ RunTime:0.000000s ]
INFO: [ app_init ] --END-- [ RunTime:0.000000s ]
INFO: [ app_begin ] --START--
INFO: Run Behavior\ReadHtmlCacheBehavior [ RunTime:0.001000s ]
INFO: [ app_begin ] --END-- [ RunTime:0.001000s ]
SQL: SHOW COLUMNS FROM `app_group` [ RunTime:0.0020s ]
SQL: SHOW COLUMNS FROM `app_auth` [ RunTime:0.0020s ]
SQL: SHOW COLUMNS FROM `app_manage` [ RunTime:0.0020s ]
SQL: SHOW COLUMNS FROM `app_article` [ RunTime:0.0030s ]
SQL: SHOW COLUMNS FROM `app_adver` [ RunTime:0.0020s ]
SQL: SELECT `auth` FROM `app_group` WHERE `id` = 1 LIMIT 1   [ RunTime:0.0000s ]
SQL: SELECT * FROM `app_auth` WHERE `status` = 1 ORDER BY sort ASC  [ RunTime:0.0010s ]
NOTIC: [8] Undefined offset: 15 D:\wamp\www\api\Application\Admin\Model\AuthModel.class.php 第 57 行.
SQL: SHOW COLUMNS FROM `app_config` [ RunTime:0.0020s ]
SQL: SELECT * FROM `app_config` WHERE `conf_group` = 2  [ RunTime:0.0000s ]
SQL: SELECT `id`,`pid`,`url` FROM `app_auth` WHERE `url` = 'Price/index' LIMIT 1   [ RunTime:0.0000s ]
SQL: SHOW COLUMNS FROM `app_price` [ RunTime:0.0020s ]
SQL: SHOW COLUMNS FROM `app_category` [ RunTime:0.0020s ]
NOTIC: [8] Undefined variable: paramStr D:\wamp\www\api\Application\Admin\Controller\PriceController.class.php 第 17 行.
SQL: SELECT COUNT(*) AS tp_count FROM `app_price` WHERE `gid` = 2 LIMIT 1   [ RunTime:0.0000s ]
SQL: SELECT a.id,a.minprice,a.maxprice,b.name as catename FROM app_price a INNER JOIN app_category as b ON a.cateid=b.id  WHERE `gid` = '2' LIMIT 0,20   [ RunTime:0.0000s ]
INFO: [ view_parse ] --START--
INFO: [ template_filter ] --START--
INFO: Run Behavior\ContentReplaceBehavior [ RunTime:0.000000s ]
INFO: [ template_filter ] --END-- [ RunTime:0.000000s ]
INFO: Run Behavior\ParseTemplateBehavior [ RunTime:0.016001s ]
INFO: [ view_parse ] --END-- [ RunTime:0.016001s ]
INFO: [ view_filter ] --START--
INFO: Run Behavior\WriteHtmlCacheBehavior [ RunTime:0.000000s ]
INFO: [ view_filter ] --END-- [ RunTime:0.001000s ]
INFO: [ app_end ] --START--
INFO: Run Behavior\ShowPageTraceBehavior [ RunTime:0.001000s ]
INFO: [ app_end ] --END-- [ RunTime:0.001000s ]

[ 2016-10-12T09:18:36+08:00 ] 127.0.0.1 /api/index.php?s=/Admin/Price/add
INFO: [ app_init ] --START--
INFO: Run Behavior\BuildLiteBehavior [ RunTime:0.000000s ]
INFO: [ app_init ] --END-- [ RunTime:0.001000s ]
INFO: [ app_begin ] --START--
INFO: Run Behavior\ReadHtmlCacheBehavior [ RunTime:0.001000s ]
INFO: [ app_begin ] --END-- [ RunTime:0.001000s ]
SQL: SHOW COLUMNS FROM `app_group` [ RunTime:0.0030s ]
SQL: SHOW COLUMNS FROM `app_auth` [ RunTime:0.0030s ]
SQL: SHOW COLUMNS FROM `app_manage` [ RunTime:0.0030s ]
SQL: SHOW COLUMNS FROM `app_article` [ RunTime:0.0030s ]
SQL: SHOW COLUMNS FROM `app_adver` [ RunTime:0.0030s ]
SQL: SELECT `auth` FROM `app_group` WHERE `id` = 1 LIMIT 1   [ RunTime:0.0000s ]
SQL: SELECT * FROM `app_auth` WHERE `status` = 1 ORDER BY sort ASC  [ RunTime:0.0000s ]
NOTIC: [8] Undefined offset: 15 D:\wamp\www\api\Application\Admin\Model\AuthModel.class.php 第 57 行.
SQL: SHOW COLUMNS FROM `app_config` [ RunTime:0.0030s ]
SQL: SELECT * FROM `app_config` WHERE `conf_group` = 2  [ RunTime:0.0000s ]
SQL: SELECT `id`,`pid`,`url` FROM `app_auth` WHERE `url` = 'Price/add' LIMIT 1   [ RunTime:0.0010s ]
SQL: SHOW COLUMNS FROM `app_price` [ RunTime:0.0030s ]
SQL: SHOW COLUMNS FROM `app_category` [ RunTime:0.0030s ]
INFO: [ view_parse ] --START--
INFO: [ template_filter ] --START--
INFO: Run Behavior\ContentReplaceBehavior [ RunTime:0.000000s ]
INFO: [ template_filter ] --END-- [ RunTime:0.000000s ]
INFO: Run Behavior\ParseTemplateBehavior [ RunTime:0.018001s ]
INFO: [ view_parse ] --END-- [ RunTime:0.018001s ]
INFO: [ view_filter ] --START--
INFO: Run Behavior\WriteHtmlCacheBehavior [ RunTime:0.000000s ]
INFO: [ view_filter ] --END-- [ RunTime:0.001000s ]
INFO: [ app_end ] --START--
INFO: Run Behavior\ShowPageTraceBehavior [ RunTime:0.001000s ]
INFO: [ app_end ] --END-- [ RunTime:0.001000s ]

[ 2016-10-12T09:18:41+08:00 ] 127.0.0.1 /api/index.php?s=/Admin/Index/index
INFO: [ app_init ] --START--
INFO: Run Behavior\BuildLiteBehavior [ RunTime:0.000000s ]
INFO: [ app_init ] --END-- [ RunTime:0.001000s ]
INFO: [ app_begin ] --START--
INFO: Run Behavior\ReadHtmlCacheBehavior [ RunTime:0.000000s ]
INFO: [ app_begin ] --END-- [ RunTime:0.001000s ]
SQL: SHOW COLUMNS FROM `app_group` [ RunTime:0.0020s ]
SQL: SHOW COLUMNS FROM `app_auth` [ RunTime:0.0020s ]
SQL: SHOW COLUMNS FROM `app_manage` [ RunTime:0.0020s ]
SQL: SHOW COLUMNS FROM `app_article` [ RunTime:0.0020s ]
SQL: SHOW COLUMNS FROM `app_adver` [ RunTime:0.0020s ]
SQL: SELECT `auth` FROM `app_group` WHERE `id` = 1 LIMIT 1   [ RunTime:0.0000s ]
SQL: SELECT * FROM `app_auth` WHERE `status` = 1 ORDER BY sort ASC  [ RunTime:0.0000s ]
NOTIC: [8] Undefined offset: 15 D:\wamp\www\api\Application\Admin\Model\AuthModel.class.php 第 57 行.
SQL: SHOW COLUMNS FROM `app_config` [ RunTime:0.0020s ]
SQL: SELECT * FROM `app_config` WHERE `conf_group` = 2  [ RunTime:0.0000s ]
SQL: SELECT `id`,`pid`,`url` FROM `app_auth` WHERE `url` = 'Index/index' LIMIT 1   [ RunTime:0.0000s ]
INFO: [ view_parse ] --START--
INFO: [ template_filter ] --START--
INFO: Run Behavior\ContentReplaceBehavior [ RunTime:0.000000s ]
INFO: [ template_filter ] --END-- [ RunTime:0.000000s ]
NOTIC: [8] Undefined variable: curAuth D:\wamp\www\api\Application\Runtime\Cache\Admin\085b574956cdc611cfedaace62cf4e64.php 第 51 行.
NOTIC: [8] Undefined variable: curAuth D:\wamp\www\api\Application\Runtime\Cache\Admin\085b574956cdc611cfedaace62cf4e64.php 第 54 行.
NOTIC: [8] Undefined variable: curAuth D:\wamp\www\api\Application\Runtime\Cache\Admin\085b574956cdc611cfedaace62cf4e64.php 第 51 行.
NOTIC: [8] Undefined variable: curAuth D:\wamp\www\api\Application\Runtime\Cache\Admin\085b574956cdc611cfedaace62cf4e64.php 第 54 行.
NOTIC: [8] Undefined variable: curAuth D:\wamp\www\api\Application\Runtime\Cache\Admin\085b574956cdc611cfedaace62cf4e64.php 第 54 行.
NOTIC: [8] Undefined variable: curAuth D:\wamp\www\api\Application\Runtime\Cache\Admin\085b574956cdc611cfedaace62cf4e64.php 第 51 行.
NOTIC: [8] Undefined variable: curAuth D:\wamp\www\api\Application\Runtime\Cache\Admin\085b574956cdc611cfedaace62cf4e64.php 第 54 行.
NOTIC: [8] Undefined variable: curAuth D:\wamp\www\api\Application\Runtime\Cache\Admin\085b574956cdc611cfedaace62cf4e64.php 第 54 行.
NOTIC: [8] Undefined variable: curAuth D:\wamp\www\api\Application\Runtime\Cache\Admin\085b574956cdc611cfedaace62cf4e64.php 第 51 行.
NOTIC: [8] Undefined variable: curAuth D:\wamp\www\api\Application\Runtime\Cache\Admin\085b574956cdc611cfedaace62cf4e64.php 第 54 行.
NOTIC: [8] Undefined variable: curAuth D:\wamp\www\api\Application\Runtime\Cache\Admin\085b574956cdc611cfedaace62cf4e64.php 第 54 行.
NOTIC: [8] Undefined variable: curAuth D:\wamp\www\api\Application\Runtime\Cache\Admin\085b574956cdc611cfedaace62cf4e64.php 第 51 行.
NOTIC: [8] Undefined variable: curAuth D:\wamp\www\api\Application\Runtime\Cache\Admin\085b574956cdc611cfedaace62cf4e64.php 第 54 行.
NOTIC: [8] Undefined variable: curAuth D:\wamp\www\api\Application\Runtime\Cache\Admin\085b574956cdc611cfedaace62cf4e64.php 第 54 行.
NOTIC: [8] Undefined variable: curAuth D:\wamp\www\api\Application\Runtime\Cache\Admin\085b574956cdc611cfedaace62cf4e64.php 第 54 行.
NOTIC: [8] Undefined variable: curAuth D:\wamp\www\api\Application\Runtime\Cache\Admin\085b574956cdc611cfedaace62cf4e64.php 第 54 行.
NOTIC: [8] Undefined variable: curAuth D:\wamp\www\api\Application\Runtime\Cache\Admin\085b574956cdc611cfedaace62cf4e64.php 第 51 行.
NOTIC: [8] Undefined variable: curAuth D:\wamp\www\api\Application\Runtime\Cache\Admin\085b574956cdc611cfedaace62cf4e64.php 第 54 行.
NOTIC: [8] Undefined variable: curAuth D:\wamp\www\api\Application\Runtime\Cache\Admin\085b574956cdc611cfedaace62cf4e64.php 第 54 行.
NOTIC: [8] Undefined variable: curAuth D:\wamp\www\api\Application\Runtime\Cache\Admin\085b574956cdc611cfedaace62cf4e64.php 第 51 行.
NOTIC: [8] Undefined variable: curAuth D:\wamp\www\api\Application\Runtime\Cache\Admin\085b574956cdc611cfedaace62cf4e64.php 第 54 行.
NOTIC: [8] Undefined variable: curAuth D:\wamp\www\api\Application\Runtime\Cache\Admin\085b574956cdc611cfedaace62cf4e64.php 第 54 行.
NOTIC: [8] Undefined variable: curAuth D:\wamp\www\api\Application\Runtime\Cache\Admin\085b574956cdc611cfedaace62cf4e64.php 第 51 行.
NOTIC: [8] Undefined variable: curAuth D:\wamp\www\api\Application\Runtime\Cache\Admin\085b574956cdc611cfedaace62cf4e64.php 第 54 行.
NOTIC: [8] Undefined variable: curAuth D:\wamp\www\api\Application\Runtime\Cache\Admin\085b574956cdc611cfedaace62cf4e64.php 第 54 行.
NOTIC: [8] Undefined variable: curAuth D:\wamp\www\api\Application\Runtime\Cache\Admin\085b574956cdc611cfedaace62cf4e64.php 第 54 行.
NOTIC: [8] Undefined variable: curAuth D:\wamp\www\api\Application\Runtime\Cache\Admin\085b574956cdc611cfedaace62cf4e64.php 第 51 行.
NOTIC: [8] Undefined variable: curAuth D:\wamp\www\api\Application\Runtime\Cache\Admin\085b574956cdc611cfedaace62cf4e64.php 第 54 行.
NOTIC: [8] Undefined variable: curAuth D:\wamp\www\api\Application\Runtime\Cache\Admin\085b574956cdc611cfedaace62cf4e64.php 第 54 行.
NOTIC: [8] Undefined variable: curAuth D:\wamp\www\api\Application\Runtime\Cache\Admin\085b574956cdc611cfedaace62cf4e64.php 第 54 行.
NOTIC: [8] Undefined variable: curAuth D:\wamp\www\api\Application\Runtime\Cache\Admin\085b574956cdc611cfedaace62cf4e64.php 第 54 行.
NOTIC: [8] Undefined variable: curAuth D:\wamp\www\api\Application\Runtime\Cache\Admin\085b574956cdc611cfedaace62cf4e64.php 第 51 行.
NOTIC: [8] Undefined variable: curAuth D:\wamp\www\api\Application\Runtime\Cache\Admin\085b574956cdc611cfedaace62cf4e64.php 第 54 行.
NOTIC: [8] Undefined variable: curAuth D:\wamp\www\api\Application\Runtime\Cache\Admin\085b574956cdc611cfedaace62cf4e64.php 第 54 行.
NOTIC: [8] Undefined variable: curAuth D:\wamp\www\api\Application\Runtime\Cache\Admin\085b574956cdc611cfedaace62cf4e64.php 第 51 行.
NOTIC: [8] Undefined variable: curAuth D:\wamp\www\api\Application\Runtime\Cache\Admin\085b574956cdc611cfedaace62cf4e64.php 第 54 行.
NOTIC: [8] Undefined variable: curAuth D:\wamp\www\api\Application\Runtime\Cache\Admin\085b574956cdc611cfedaace62cf4e64.php 第 54 行.
NOTIC: [8] Undefined variable: curAuth D:\wamp\www\api\Application\Runtime\Cache\Admin\085b574956cdc611cfedaace62cf4e64.php 第 51 行.
NOTIC: [8] Undefined variable: curAuth D:\wamp\www\api\Application\Runtime\Cache\Admin\085b574956cdc611cfedaace62cf4e64.php 第 54 行.
NOTIC: [8] Undefined variable: curAuth D:\wamp\www\api\Application\Runtime\Cache\Admin\085b574956cdc611cfedaace62cf4e64.php 第 54 行.
NOTIC: [8] Undefined variable: curAuth D:\wamp\www\api\Application\Runtime\Cache\Admin\085b574956cdc611cfedaace62cf4e64.php 第 51 行.
NOTIC: [8] Undefined variable: curAuth D:\wamp\www\api\Application\Runtime\Cache\Admin\085b574956cdc611cfedaace62cf4e64.php 第 54 行.
NOTIC: [8] Undefined variable: curAuth D:\wamp\www\api\Application\Runtime\Cache\Admin\085b574956cdc611cfedaace62cf4e64.php 第 54 行.
NOTIC: [8] Undefined variable: curAuth D:\wamp\www\api\Application\Runtime\Cache\Admin\085b574956cdc611cfedaace62cf4e64.php 第 51 行.
NOTIC: [8] Undefined variable: curAuth D:\wamp\www\api\Application\Runtime\Cache\Admin\085b574956cdc611cfedaace62cf4e64.php 第 54 行.
NOTIC: [8] Undefined variable: curAuth D:\wamp\www\api\Application\Runtime\Cache\Admin\085b574956cdc611cfedaace62cf4e64.php 第 54 行.
NOTIC: [8] Undefined variable: curAuth D:\wamp\www\api\Application\Runtime\Cache\Admin\085b574956cdc611cfedaace62cf4e64.php 第 51 行.
NOTIC: [8] Undefined variable: curAuth D:\wamp\www\api\Application\Runtime\Cache\Admin\085b574956cdc611cfedaace62cf4e64.php 第 54 行.
NOTIC: [8] Undefined variable: curAuth D:\wamp\www\api\Application\Runtime\Cache\Admin\085b574956cdc611cfedaace62cf4e64.php 第 54 行.
INFO: Run Behavior\ParseTemplateBehavior [ RunTime:0.017001s ]
INFO: [ view_parse ] --END-- [ RunTime:0.017001s ]
INFO: [ view_filter ] --START--
INFO: Run Behavior\WriteHtmlCacheBehavior [ RunTime:0.000000s ]
INFO: [ view_filter ] --END-- [ RunTime:0.000000s ]
INFO: [ app_end ] --START--
INFO: Run Behavior\ShowPageTraceBehavior [ RunTime:0.000000s ]
INFO: [ app_end ] --END-- [ RunTime:0.000000s ]

[ 2016-10-12T16:36:02+08:00 ] 127.0.0.1 /api/index.php?s=/Admin/Price/index
INFO: [ app_init ] --START--
INFO: Run Behavior\BuildLiteBehavior [ RunTime:0.000000s ]
INFO: [ app_init ] --END-- [ RunTime:0.000000s ]
INFO: [ app_begin ] --START--
INFO: Run Behavior\ReadHtmlCacheBehavior [ RunTime:0.001000s ]
INFO: [ app_begin ] --END-- [ RunTime:0.001000s ]
SQL: SHOW COLUMNS FROM `app_group` [ RunTime:0.0030s ]
SQL: SHOW COLUMNS FROM `app_auth` [ RunTime:0.0030s ]
SQL: SHOW COLUMNS FROM `app_manage` [ RunTime:0.0030s ]
SQL: SHOW COLUMNS FROM `app_article` [ RunTime:0.0030s ]
SQL: SHOW COLUMNS FROM `app_adver` [ RunTime:0.0030s ]
SQL: SELECT `auth` FROM `app_group` WHERE `id` = 1 LIMIT 1   [ RunTime:0.0010s ]
SQL: SELECT * FROM `app_auth` WHERE `status` = 1 ORDER BY sort ASC  [ RunTime:0.0010s ]
NOTIC: [8] Undefined offset: 15 D:\wamp\www\api\Application\Admin\Model\AuthModel.class.php 第 57 行.
SQL: SHOW COLUMNS FROM `app_config` [ RunTime:0.0030s ]
SQL: SELECT * FROM `app_config` WHERE `conf_group` = 2  [ RunTime:0.0000s ]
SQL: SELECT `id`,`pid`,`url` FROM `app_auth` WHERE `url` = 'Price/index' LIMIT 1   [ RunTime:0.0000s ]
SQL: SHOW COLUMNS FROM `app_price` [ RunTime:0.0030s ]
SQL: SHOW COLUMNS FROM `app_category` [ RunTime:0.0020s ]
SQL: SELECT COUNT(*) AS tp_count FROM `app_price` WHERE `gid` = 1 LIMIT 1   [ RunTime:0.0010s ]
SQL: SELECT a.id,a.minprice,a.maxprice,b.name as catename FROM app_price a INNER JOIN app_category as b ON a.cateid=b.id  WHERE `gid` = 1 LIMIT 0,20   [ RunTime:0.0000s ]
INFO: [ view_parse ] --START--
INFO: [ template_filter ] --START--
INFO: Run Behavior\ContentReplaceBehavior [ RunTime:0.001000s ]
INFO: [ template_filter ] --END-- [ RunTime:0.001000s ]
INFO: Run Behavior\ParseTemplateBehavior [ RunTime:0.017001s ]
INFO: [ view_parse ] --END-- [ RunTime:0.017001s ]
INFO: [ view_filter ] --START--
INFO: Run Behavior\WriteHtmlCacheBehavior [ RunTime:0.001000s ]
INFO: [ view_filter ] --END-- [ RunTime:0.001000s ]
INFO: [ app_end ] --START--
INFO: Run Behavior\ShowPageTraceBehavior [ RunTime:0.001000s ]
INFO: [ app_end ] --END-- [ RunTime:0.001000s ]

[ 2016-10-12T16:36:04+08:00 ] 127.0.0.1 /api/index.php?s=/Admin/Price/index/gid/2
INFO: [ app_init ] --START--
INFO: Run Behavior\BuildLiteBehavior [ RunTime:0.000000s ]
INFO: [ app_init ] --END-- [ RunTime:0.001001s ]
INFO: [ app_begin ] --START--
INFO: Run Behavior\ReadHtmlCacheBehavior [ RunTime:0.001000s ]
INFO: [ app_begin ] --END-- [ RunTime:0.001000s ]
SQL: SHOW COLUMNS FROM `app_group` [ RunTime:0.0030s ]
SQL: SHOW COLUMNS FROM `app_auth` [ RunTime:0.0030s ]
SQL: SHOW COLUMNS FROM `app_manage` [ RunTime:0.0030s ]
SQL: SHOW COLUMNS FROM `app_article` [ RunTime:0.0030s ]
SQL: SHOW COLUMNS FROM `app_adver` [ RunTime:0.0040s ]
SQL: SELECT `auth` FROM `app_group` WHERE `id` = 1 LIMIT 1   [ RunTime:0.0000s ]
SQL: SELECT * FROM `app_auth` WHERE `status` = 1 ORDER BY sort ASC  [ RunTime:0.0000s ]
NOTIC: [8] Undefined offset: 15 D:\wamp\www\api\Application\Admin\Model\AuthModel.class.php 第 57 行.
SQL: SHOW COLUMNS FROM `app_config` [ RunTime:0.0030s ]
SQL: SELECT * FROM `app_config` WHERE `conf_group` = 2  [ RunTime:0.0000s ]
SQL: SELECT `id`,`pid`,`url` FROM `app_auth` WHERE `url` = 'Price/index' LIMIT 1   [ RunTime:0.0000s ]
SQL: SHOW COLUMNS FROM `app_price` [ RunTime:0.0040s ]
SQL: SHOW COLUMNS FROM `app_category` [ RunTime:0.0040s ]
NOTIC: [8] Undefined variable: paramStr D:\wamp\www\api\Application\Admin\Controller\PriceController.class.php 第 17 行.
SQL: SELECT COUNT(*) AS tp_count FROM `app_price` WHERE `gid` = 2 LIMIT 1   [ RunTime:0.0000s ]
SQL: SELECT a.id,a.minprice,a.maxprice,b.name as catename FROM app_price a INNER JOIN app_category as b ON a.cateid=b.id  WHERE `gid` = '2' LIMIT 0,20   [ RunTime:0.0010s ]
INFO: [ view_parse ] --START--
INFO: [ template_filter ] --START--
INFO: Run Behavior\ContentReplaceBehavior [ RunTime:0.000000s ]
INFO: [ template_filter ] --END-- [ RunTime:0.000000s ]
INFO: Run Behavior\ParseTemplateBehavior [ RunTime:0.020001s ]
INFO: [ view_parse ] --END-- [ RunTime:0.020001s ]
INFO: [ view_filter ] --START--
INFO: Run Behavior\WriteHtmlCacheBehavior [ RunTime:0.000000s ]
INFO: [ view_filter ] --END-- [ RunTime:0.000000s ]
INFO: [ app_end ] --START--
INFO: Run Behavior\ShowPageTraceBehavior [ RunTime:0.001000s ]
INFO: [ app_end ] --END-- [ RunTime:0.001000s ]

[ 2016-10-12T16:39:39+08:00 ] 127.0.0.1 /api/index.php?s=/Admin/Index/index
INFO: [ app_init ] --START--
INFO: Run Behavior\BuildLiteBehavior [ RunTime:0.000000s ]
INFO: [ app_init ] --END-- [ RunTime:0.000000s ]
INFO: [ app_begin ] --START--
INFO: Run Behavior\ReadHtmlCacheBehavior [ RunTime:0.000000s ]
INFO: [ app_begin ] --END-- [ RunTime:0.000000s ]
SQL: SHOW COLUMNS FROM `app_group` [ RunTime:0.0000s ]
SQL: SHOW COLUMNS FROM `app_auth` [ RunTime:0.0000s ]
SQL: SHOW COLUMNS FROM `app_manage` [ RunTime:0.0000s ]
SQL: SHOW COLUMNS FROM `app_article` [ RunTime:0.0000s ]
SQL: SHOW COLUMNS FROM `app_adver` [ RunTime:0.0000s ]
SQL: SELECT `auth` FROM `app_group` WHERE `id` = 1 LIMIT 1   [ RunTime:0.0000s ]
SQL: SELECT * FROM `app_auth` WHERE `status` = 1 ORDER BY sort ASC  [ RunTime:0.0000s ]
NOTIC: [8] Undefined offset: 15 D:\wamp\www\api\Application\Admin\Model\AuthModel.class.php 第 57 行.
SQL: SHOW COLUMNS FROM `app_config` [ RunTime:0.0000s ]
SQL: SELECT * FROM `app_config` WHERE `conf_group` = 2  [ RunTime:0.0000s ]
SQL: SELECT `id`,`pid`,`url` FROM `app_auth` WHERE `url` = 'Index/index' LIMIT 1   [ RunTime:0.0000s ]
INFO: [ view_parse ] --START--
INFO: [ template_filter ] --START--
INFO: Run Behavior\ContentReplaceBehavior [ RunTime:0.000000s ]
INFO: [ template_filter ] --END-- [ RunTime:0.000000s ]
NOTIC: [8] Undefined variable: curAuth D:\wamp\www\api\Application\Runtime\Cache\Admin\085b574956cdc611cfedaace62cf4e64.php 第 51 行.
NOTIC: [8] Undefined variable: curAuth D:\wamp\www\api\Application\Runtime\Cache\Admin\085b574956cdc611cfedaace62cf4e64.php 第 54 行.
NOTIC: [8] Undefined variable: curAuth D:\wamp\www\api\Application\Runtime\Cache\Admin\085b574956cdc611cfedaace62cf4e64.php 第 51 行.
NOTIC: [8] Undefined variable: curAuth D:\wamp\www\api\Application\Runtime\Cache\Admin\085b574956cdc611cfedaace62cf4e64.php 第 54 行.
NOTIC: [8] Undefined variable: curAuth D:\wamp\www\api\Application\Runtime\Cache\Admin\085b574956cdc611cfedaace62cf4e64.php 第 54 行.
NOTIC: [8] Undefined variable: curAuth D:\wamp\www\api\Application\Runtime\Cache\Admin\085b574956cdc611cfedaace62cf4e64.php 第 51 行.
NOTIC: [8] Undefined variable: curAuth D:\wamp\www\api\Application\Runtime\Cache\Admin\085b574956cdc611cfedaace62cf4e64.php 第 54 行.
NOTIC: [8] Undefined variable: curAuth D:\wamp\www\api\Application\Runtime\Cache\Admin\085b574956cdc611cfedaace62cf4e64.php 第 54 行.
NOTIC: [8] Undefined variable: curAuth D:\wamp\www\api\Application\Runtime\Cache\Admin\085b574956cdc611cfedaace62cf4e64.php 第 51 行.
NOTIC: [8] Undefined variable: curAuth D:\wamp\www\api\Application\Runtime\Cache\Admin\085b574956cdc611cfedaace62cf4e64.php 第 54 行.
NOTIC: [8] Undefined variable: curAuth D:\wamp\www\api\Application\Runtime\Cache\Admin\085b574956cdc611cfedaace62cf4e64.php 第 54 行.
NOTIC: [8] Undefined variable: curAuth D:\wamp\www\api\Application\Runtime\Cache\Admin\085b574956cdc611cfedaace62cf4e64.php 第 51 行.
NOTIC: [8] Undefined variable: curAuth D:\wamp\www\api\Application\Runtime\Cache\Admin\085b574956cdc611cfedaace62cf4e64.php 第 54 行.
NOTIC: [8] Undefined variable: curAuth D:\wamp\www\api\Application\Runtime\Cache\Admin\085b574956cdc611cfedaace62cf4e64.php 第 54 行.
NOTIC: [8] Undefined variable: curAuth D:\wamp\www\api\Application\Runtime\Cache\Admin\085b574956cdc611cfedaace62cf4e64.php 第 54 行.
NOTIC: [8] Undefined variable: curAuth D:\wamp\www\api\Application\Runtime\Cache\Admin\085b574956cdc611cfedaace62cf4e64.php 第 54 行.
NOTIC: [8] Undefined variable: curAuth D:\wamp\www\api\Application\Runtime\Cache\Admin\085b574956cdc611cfedaace62cf4e64.php 第 51 行.
NOTIC: [8] Undefined variable: curAuth D:\wamp\www\api\Application\Runtime\Cache\Admin\085b574956cdc611cfedaace62cf4e64.php 第 54 行.
NOTIC: [8] Undefined variable: curAuth D:\wamp\www\api\Application\Runtime\Cache\Admin\085b574956cdc611cfedaace62cf4e64.php 第 54 行.
NOTIC: [8] Undefined variable: curAuth D:\wamp\www\api\Application\Runtime\Cache\Admin\085b574956cdc611cfedaace62cf4e64.php 第 51 行.
NOTIC: [8] Undefined variable: curAuth D:\wamp\www\api\Application\Runtime\Cache\Admin\085b574956cdc611cfedaace62cf4e64.php 第 54 行.
NOTIC: [8] Undefined variable: curAuth D:\wamp\www\api\Application\Runtime\Cache\Admin\085b574956cdc611cfedaace62cf4e64.php 第 54 行.
NOTIC: [8] Undefined variable: curAuth D:\wamp\www\api\Application\Runtime\Cache\Admin\085b574956cdc611cfedaace62cf4e64.php 第 51 行.
NOTIC: [8] Undefined variable: curAuth D:\wamp\www\api\Application\Runtime\Cache\Admin\085b574956cdc611cfedaace62cf4e64.php 第 54 行.
NOTIC: [8] Undefined variable: curAuth D:\wamp\www\api\Application\Runtime\Cache\Admin\085b574956cdc611cfedaace62cf4e64.php 第 54 行.
NOTIC: [8] Undefined variable: curAuth D:\wamp\www\api\Application\Runtime\Cache\Admin\085b574956cdc611cfedaace62cf4e64.php 第 54 行.
NOTIC: [8] Undefined variable: curAuth D:\wamp\www\api\Application\Runtime\Cache\Admin\085b574956cdc611cfedaace62cf4e64.php 第 51 行.
NOTIC: [8] Undefined variable: curAuth D:\wamp\www\api\Application\Runtime\Cache\Admin\085b574956cdc611cfedaace62cf4e64.php 第 54 行.
NOTIC: [8] Undefined variable: curAuth D:\wamp\www\api\Application\Runtime\Cache\Admin\085b574956cdc611cfedaace62cf4e64.php 第 54 行.
NOTIC: [8] Undefined variable: curAuth D:\wamp\www\api\Application\Runtime\Cache\Admin\085b574956cdc611cfedaace62cf4e64.php 第 54 行.
NOTIC: [8] Undefined variable: curAuth D:\wamp\www\api\Application\Runtime\Cache\Admin\085b574956cdc611cfedaace62cf4e64.php 第 54 行.
NOTIC: [8] Undefined variable: curAuth D:\wamp\www\api\Application\Runtime\Cache\Admin\085b574956cdc611cfedaace62cf4e64.php 第 51 行.
NOTIC: [8] Undefined variable: curAuth D:\wamp\www\api\Application\Runtime\Cache\Admin\085b574956cdc611cfedaace62cf4e64.php 第 54 行.
NOTIC: [8] Undefined variable: curAuth D:\wamp\www\api\Application\Runtime\Cache\Admin\085b574956cdc611cfedaace62cf4e64.php 第 54 行.
NOTIC: [8] Undefined variable: curAuth D:\wamp\www\api\Application\Runtime\Cache\Admin\085b574956cdc611cfedaace62cf4e64.php 第 51 行.
NOTIC: [8] Undefined variable: curAuth D:\wamp\www\api\Application\Runtime\Cache\Admin\085b574956cdc611cfedaace62cf4e64.php 第 54 行.
NOTIC: [8] Undefined variable: curAuth D:\wamp\www\api\Application\Runtime\Cache\Admin\085b574956cdc611cfedaace62cf4e64.php 第 54 行.
NOTIC: [8] Undefined variable: curAuth D:\wamp\www\api\Application\Runtime\Cache\Admin\085b574956cdc611cfedaace62cf4e64.php 第 51 行.
NOTIC: [8] Undefined variable: curAuth D:\wamp\www\api\Application\Runtime\Cache\Admin\085b574956cdc611cfedaace62cf4e64.php 第 54 行.
NOTIC: [8] Undefined variable: curAuth D:\wamp\www\api\Application\Runtime\Cache\Admin\085b574956cdc611cfedaace62cf4e64.php 第 54 行.
NOTIC: [8] Undefined variable: curAuth D:\wamp\www\api\Application\Runtime\Cache\Admin\085b574956cdc611cfedaace62cf4e64.php 第 51 行.
NOTIC: [8] Undefined variable: curAuth D:\wamp\www\api\Application\Runtime\Cache\Admin\085b574956cdc611cfedaace62cf4e64.php 第 54 行.
NOTIC: [8] Undefined variable: curAuth D:\wamp\www\api\Application\Runtime\Cache\Admin\085b574956cdc611cfedaace62cf4e64.php 第 54 行.
NOTIC: [8] Undefined variable: curAuth D:\wamp\www\api\Application\Runtime\Cache\Admin\085b574956cdc611cfedaace62cf4e64.php 第 51 行.
NOTIC: [8] Undefined variable: curAuth D:\wamp\www\api\Application\Runtime\Cache\Admin\085b574956cdc611cfedaace62cf4e64.php 第 54 行.
NOTIC: [8] Undefined variable: curAuth D:\wamp\www\api\Application\Runtime\Cache\Admin\085b574956cdc611cfedaace62cf4e64.php 第 54 行.
NOTIC: [8] Undefined variable: curAuth D:\wamp\www\api\Application\Runtime\Cache\Admin\085b574956cdc611cfedaace62cf4e64.php 第 51 行.
NOTIC: [8] Undefined variable: curAuth D:\wamp\www\api\Application\Runtime\Cache\Admin\085b574956cdc611cfedaace62cf4e64.php 第 54 行.
NOTIC: [8] Undefined variable: curAuth D:\wamp\www\api\Application\Runtime\Cache\Admin\085b574956cdc611cfedaace62cf4e64.php 第 54 行.
INFO: Run Behavior\ParseTemplateBehavior [ RunTime:0.015600s ]
INFO: [ view_parse ] --END-- [ RunTime:0.015600s ]
INFO: [ view_filter ] --START--
INFO: Run Behavior\WriteHtmlCacheBehavior [ RunTime:0.000000s ]
INFO: [ view_filter ] --END-- [ RunTime:0.000000s ]
INFO: [ app_end ] --START--
INFO: Run Behavior\ShowPageTraceBehavior [ RunTime:0.000000s ]
INFO: [ app_end ] --END-- [ RunTime:0.000000s ]

[ 2016-10-12T18:09:34+08:00 ] 127.0.0.1 /api/index.php?s=/Admin/Topic/index
INFO: [ app_init ] --START--
INFO: Run Behavior\BuildLiteBehavior [ RunTime:0.000000s ]
INFO: [ app_init ] --END-- [ RunTime:0.001000s ]
INFO: [ app_begin ] --START--
INFO: Run Behavior\ReadHtmlCacheBehavior [ RunTime:0.001000s ]
INFO: [ app_begin ] --END-- [ RunTime:0.002000s ]
SQL: SHOW COLUMNS FROM `app_group` [ RunTime:0.0050s ]
SQL: SHOW COLUMNS FROM `app_auth` [ RunTime:0.0040s ]
SQL: SHOW COLUMNS FROM `app_manage` [ RunTime:0.0040s ]
SQL: SHOW COLUMNS FROM `app_article` [ RunTime:0.0040s ]
SQL: SHOW COLUMNS FROM `app_adver` [ RunTime:0.0050s ]
SQL: SELECT `auth` FROM `app_group` WHERE `id` = 1 LIMIT 1   [ RunTime:0.0010s ]
SQL: SELECT * FROM `app_auth` WHERE `status` = 1 ORDER BY sort ASC  [ RunTime:0.0000s ]
NOTIC: [8] Undefined offset: 15 D:\wamp\www\api\Application\Admin\Model\AuthModel.class.php 第 57 行.
SQL: SHOW COLUMNS FROM `app_config` [ RunTime:0.0040s ]
SQL: SELECT * FROM `app_config` WHERE `conf_group` = 2  [ RunTime:0.0010s ]
SQL: SELECT `id`,`pid`,`url` FROM `app_auth` WHERE `url` = 'Topic/index' LIMIT 1   [ RunTime:0.0000s ]
SQL: SHOW COLUMNS FROM `app_topic` [ RunTime:0.0040s ]
SQL: SHOW COLUMNS FROM `app_category` [ RunTime:0.0050s ]
SQL: SELECT `id`,`name` FROM `app_category` WHERE `pid` = 0 AND `groupid` = 5 AND `type` = 1  [ RunTime:0.0000s ]
SQL: SELECT * FROM `app_category`  [ RunTime:0.0000s ]
SQL: SELECT COUNT(*) AS tp_count FROM `app_topic` WHERE `cateid` IN ('15','14') LIMIT 1   [ RunTime:0.0000s ]
SQL: SELECT a.id,a.title,a.tags,a.thumbpic,a.commentnum,a.isrec,a.status,b.name as typename FROM app_topic a INNER JOIN app_category as b ON a.cateid=b.id  WHERE `cateid` IN ('15','14') ORDER BY a.date DESC LIMIT 0,20   [ RunTime:0.0000s ]
INFO: [ view_parse ] --START--
INFO: [ template_filter ] --START--
INFO: Run Behavior\ContentReplaceBehavior [ RunTime:0.000000s ]
INFO: [ template_filter ] --END-- [ RunTime:0.000000s ]
INFO: Run Behavior\ParseTemplateBehavior [ RunTime:0.044002s ]
INFO: [ view_parse ] --END-- [ RunTime:0.044002s ]
INFO: [ view_filter ] --START--
INFO: Run Behavior\WriteHtmlCacheBehavior [ RunTime:0.000000s ]
INFO: [ view_filter ] --END-- [ RunTime:0.001000s ]
INFO: [ app_end ] --START--
INFO: Run Behavior\ShowPageTraceBehavior [ RunTime:0.000000s ]
INFO: [ app_end ] --END-- [ RunTime:0.000000s ]

[ 2016-10-12T18:09:47+08:00 ] 127.0.0.1 /api/index.php?s=/Admin/Event/index
INFO: [ app_init ] --START--
INFO: Run Behavior\BuildLiteBehavior [ RunTime:0.000000s ]
INFO: [ app_init ] --END-- [ RunTime:0.001000s ]
INFO: [ app_begin ] --START--
INFO: Run Behavior\ReadHtmlCacheBehavior [ RunTime:0.001000s ]
INFO: [ app_begin ] --END-- [ RunTime:0.001000s ]
SQL: SHOW COLUMNS FROM `app_group` [ RunTime:0.0040s ]
SQL: SHOW COLUMNS FROM `app_auth` [ RunTime:0.0040s ]
SQL: SHOW COLUMNS FROM `app_manage` [ RunTime:0.0040s ]
SQL: SHOW COLUMNS FROM `app_article` [ RunTime:0.0030s ]
SQL: SHOW COLUMNS FROM `app_adver` [ RunTime:0.0030s ]
SQL: SELECT `auth` FROM `app_group` WHERE `id` = 1 LIMIT 1   [ RunTime:0.0000s ]
SQL: SELECT * FROM `app_auth` WHERE `status` = 1 ORDER BY sort ASC  [ RunTime:0.0000s ]
NOTIC: [8] Undefined offset: 15 D:\wamp\www\api\Application\Admin\Model\AuthModel.class.php 第 57 行.
SQL: SHOW COLUMNS FROM `app_config` [ RunTime:0.0030s ]
SQL: SELECT * FROM `app_config` WHERE `conf_group` = 2  [ RunTime:0.0010s ]
SQL: SELECT `id`,`pid`,`url` FROM `app_auth` WHERE `url` = 'Event/index' LIMIT 1   [ RunTime:0.0000s ]
SQL: SHOW COLUMNS FROM `app_event` [ RunTime:0.0030s ]
SQL: SHOW COLUMNS FROM `app_category` [ RunTime:0.0030s ]
SQL: SELECT `id`,`name` FROM `app_category` WHERE `pid` = 0 AND `groupid` = 4 AND `type` = 1  [ RunTime:0.0010s ]
SQL: SELECT * FROM `app_category`  [ RunTime:0.0000s ]
SQL: SELECT COUNT(*) AS tp_count FROM `app_event` WHERE `cateid` IN ('17','16') LIMIT 1   [ RunTime:0.0000s ]
ERR: 1054:Champ 'a.commentnum' inconnu dans field list
 [ SQL语句 ] : SELECT a.id,a.title,a.thumbpic,a.tags,a.price,a.place,a.phone,a.agerange,a.starttime,a.endtime,a.sort,a.status,a.isrec,a.commentnum,b.name as typename FROM app_event a INNER JOIN app_category as b ON a.cateid=b.id  WHERE `cateid` IN ('17','16') ORDER BY a.sort LIMIT 0,20  
ERR: 1054:Champ 'a.commentnum' inconnu dans field list
 [ SQL语句 ] : SELECT a.id,a.title,a.thumbpic,a.tags,a.price,a.place,a.phone,a.agerange,a.starttime,a.endtime,a.sort,a.status,a.isrec,a.commentnum,b.name as typename FROM app_event a INNER JOIN app_category as b ON a.cateid=b.id  WHERE `cateid` IN ('17','16') ORDER BY a.sort LIMIT 0,20  

[ 2016-10-12T18:19:51+08:00 ] 127.0.0.1 /api/index.php?s=/Admin/Event/index
INFO: [ app_init ] --START--
INFO: Run Behavior\BuildLiteBehavior [ RunTime:0.000000s ]
INFO: [ app_init ] --END-- [ RunTime:0.000000s ]
INFO: [ app_begin ] --START--
INFO: Run Behavior\ReadHtmlCacheBehavior [ RunTime:0.000000s ]
INFO: [ app_begin ] --END-- [ RunTime:0.000000s ]
SQL: SHOW COLUMNS FROM `app_group` [ RunTime:0.0156s ]
SQL: SHOW COLUMNS FROM `app_auth` [ RunTime:0.0000s ]
SQL: SHOW COLUMNS FROM `app_manage` [ RunTime:0.0000s ]
SQL: SHOW COLUMNS FROM `app_article` [ RunTime:0.0000s ]
SQL: SHOW COLUMNS FROM `app_adver` [ RunTime:0.0156s ]
SQL: SELECT `auth` FROM `app_group` WHERE `id` = 1 LIMIT 1   [ RunTime:0.0000s ]
SQL: SELECT * FROM `app_auth` WHERE `status` = 1 ORDER BY sort ASC  [ RunTime:0.0000s ]
NOTIC: [8] Undefined offset: 15 D:\wamp\www\api\Application\Admin\Model\AuthModel.class.php 第 57 行.
SQL: SHOW COLUMNS FROM `app_config` [ RunTime:0.0000s ]
SQL: SELECT * FROM `app_config` WHERE `conf_group` = 2  [ RunTime:0.0000s ]
SQL: SELECT `id`,`pid`,`url` FROM `app_auth` WHERE `url` = 'Event/index' LIMIT 1   [ RunTime:0.0000s ]
SQL: SHOW COLUMNS FROM `app_event` [ RunTime:0.0000s ]
SQL: SHOW COLUMNS FROM `app_category` [ RunTime:0.0000s ]
SQL: SELECT `id`,`name` FROM `app_category` WHERE `pid` = 0 AND `groupid` = 4 AND `type` = 1  [ RunTime:0.0000s ]
SQL: SELECT * FROM `app_category`  [ RunTime:0.0000s ]
SQL: SELECT COUNT(*) AS tp_count FROM `app_event` WHERE `cateid` IN ('17','16') LIMIT 1   [ RunTime:0.0000s ]
SQL: SELECT a.id,a.title,a.thumbpic,a.tags,a.price,a.place,a.phone,a.agerange,a.starttime,a.endtime,a.sort,a.status,a.isrec,a.commentnum,b.name as typename FROM app_event a INNER JOIN app_category as b ON a.cateid=b.id  WHERE `cateid` IN ('17','16') ORDER BY a.sort LIMIT 0,20   [ RunTime:0.0000s ]
INFO: [ view_parse ] --START--
INFO: [ template_filter ] --START--
INFO: Run Behavior\ContentReplaceBehavior [ RunTime:0.000000s ]
INFO: [ template_filter ] --END-- [ RunTime:0.000000s ]
INFO: Run Behavior\ParseTemplateBehavior [ RunTime:0.031200s ]
INFO: [ view_parse ] --END-- [ RunTime:0.031200s ]
INFO: [ view_filter ] --START--
INFO: Run Behavior\WriteHtmlCacheBehavior [ RunTime:0.000000s ]
INFO: [ view_filter ] --END-- [ RunTime:0.000000s ]
INFO: [ app_end ] --START--
INFO: Run Behavior\ShowPageTraceBehavior [ RunTime:0.000000s ]
INFO: [ app_end ] --END-- [ RunTime:0.000000s ]

[ 2016-10-12T18:19:54+08:00 ] 127.0.0.1 /api/index.php?s=/Admin/Topic/index
INFO: [ app_init ] --START--
INFO: Run Behavior\BuildLiteBehavior [ RunTime:0.000000s ]
INFO: [ app_init ] --END-- [ RunTime:0.000000s ]
INFO: [ app_begin ] --START--
INFO: Run Behavior\ReadHtmlCacheBehavior [ RunTime:0.015600s ]
INFO: [ app_begin ] --END-- [ RunTime:0.015600s ]
SQL: SHOW COLUMNS FROM `app_group` [ RunTime:0.0000s ]
SQL: SHOW COLUMNS FROM `app_auth` [ RunTime:0.0000s ]
SQL: SHOW COLUMNS FROM `app_manage` [ RunTime:0.0000s ]
SQL: SHOW COLUMNS FROM `app_article` [ RunTime:0.0000s ]
SQL: SHOW COLUMNS FROM `app_adver` [ RunTime:0.0000s ]
SQL: SELECT `auth` FROM `app_group` WHERE `id` = 1 LIMIT 1   [ RunTime:0.0000s ]
SQL: SELECT * FROM `app_auth` WHERE `status` = 1 ORDER BY sort ASC  [ RunTime:0.0000s ]
NOTIC: [8] Undefined offset: 15 D:\wamp\www\api\Application\Admin\Model\AuthModel.class.php 第 57 行.
SQL: SHOW COLUMNS FROM `app_config` [ RunTime:0.0000s ]
SQL: SELECT * FROM `app_config` WHERE `conf_group` = 2  [ RunTime:0.0000s ]
SQL: SELECT `id`,`pid`,`url` FROM `app_auth` WHERE `url` = 'Topic/index' LIMIT 1   [ RunTime:0.0000s ]
SQL: SHOW COLUMNS FROM `app_topic` [ RunTime:0.0000s ]
SQL: SHOW COLUMNS FROM `app_category` [ RunTime:0.0000s ]
SQL: SELECT `id`,`name` FROM `app_category` WHERE `pid` = 0 AND `groupid` = 5 AND `type` = 1  [ RunTime:0.0000s ]
SQL: SELECT * FROM `app_category`  [ RunTime:0.0000s ]
SQL: SELECT COUNT(*) AS tp_count FROM `app_topic` WHERE `cateid` IN ('15','14') LIMIT 1   [ RunTime:0.0000s ]
SQL: SELECT a.id,a.title,a.tags,a.thumbpic,a.commentnum,a.isrec,a.status,b.name as typename FROM app_topic a INNER JOIN app_category as b ON a.cateid=b.id  WHERE `cateid` IN ('15','14') ORDER BY a.date DESC LIMIT 0,20   [ RunTime:0.0000s ]
INFO: [ view_parse ] --START--
INFO: [ template_filter ] --START--
INFO: Run Behavior\ContentReplaceBehavior [ RunTime:0.000000s ]
INFO: [ template_filter ] --END-- [ RunTime:0.000000s ]
INFO: Run Behavior\ParseTemplateBehavior [ RunTime:0.031200s ]
INFO: [ view_parse ] --END-- [ RunTime:0.031200s ]
INFO: [ view_filter ] --START--
INFO: Run Behavior\WriteHtmlCacheBehavior [ RunTime:0.000000s ]
INFO: [ view_filter ] --END-- [ RunTime:0.000000s ]
INFO: [ app_end ] --START--
INFO: Run Behavior\ShowPageTraceBehavior [ RunTime:0.000000s ]
INFO: [ app_end ] --END-- [ RunTime:0.000000s ]

[ 2016-10-12T18:19:55+08:00 ] 127.0.0.1 /api/index.php?s=/Admin/Event/index
INFO: [ app_init ] --START--
INFO: Run Behavior\BuildLiteBehavior [ RunTime:0.000000s ]
INFO: [ app_init ] --END-- [ RunTime:0.015600s ]
INFO: [ app_begin ] --START--
INFO: Run Behavior\ReadHtmlCacheBehavior [ RunTime:0.000000s ]
INFO: [ app_begin ] --END-- [ RunTime:0.000000s ]
SQL: SHOW COLUMNS FROM `app_group` [ RunTime:0.0000s ]
SQL: SHOW COLUMNS FROM `app_auth` [ RunTime:0.0000s ]
SQL: SHOW COLUMNS FROM `app_manage` [ RunTime:0.0000s ]
SQL: SHOW COLUMNS FROM `app_article` [ RunTime:0.0000s ]
SQL: SHOW COLUMNS FROM `app_adver` [ RunTime:0.0156s ]
SQL: SELECT `auth` FROM `app_group` WHERE `id` = 1 LIMIT 1   [ RunTime:0.0000s ]
SQL: SELECT * FROM `app_auth` WHERE `status` = 1 ORDER BY sort ASC  [ RunTime:0.0000s ]
NOTIC: [8] Undefined offset: 15 D:\wamp\www\api\Application\Admin\Model\AuthModel.class.php 第 57 行.
SQL: SHOW COLUMNS FROM `app_config` [ RunTime:0.0000s ]
SQL: SELECT * FROM `app_config` WHERE `conf_group` = 2  [ RunTime:0.0000s ]
SQL: SELECT `id`,`pid`,`url` FROM `app_auth` WHERE `url` = 'Event/index' LIMIT 1   [ RunTime:0.0000s ]
SQL: SHOW COLUMNS FROM `app_event` [ RunTime:0.0000s ]
SQL: SHOW COLUMNS FROM `app_category` [ RunTime:0.0000s ]
SQL: SELECT `id`,`name` FROM `app_category` WHERE `pid` = 0 AND `groupid` = 4 AND `type` = 1  [ RunTime:0.0000s ]
SQL: SELECT * FROM `app_category`  [ RunTime:0.0000s ]
SQL: SELECT COUNT(*) AS tp_count FROM `app_event` WHERE `cateid` IN ('17','16') LIMIT 1   [ RunTime:0.0000s ]
SQL: SELECT a.id,a.title,a.thumbpic,a.tags,a.price,a.place,a.phone,a.agerange,a.starttime,a.endtime,a.sort,a.status,a.isrec,a.commentnum,b.name as typename FROM app_event a INNER JOIN app_category as b ON a.cateid=b.id  WHERE `cateid` IN ('17','16') ORDER BY a.sort LIMIT 0,20   [ RunTime:0.0000s ]
INFO: [ view_parse ] --START--
INFO: [ template_filter ] --START--
INFO: Run Behavior\ContentReplaceBehavior [ RunTime:0.000000s ]
INFO: [ template_filter ] --END-- [ RunTime:0.000000s ]
INFO: Run Behavior\ParseTemplateBehavior [ RunTime:0.031200s ]
INFO: [ view_parse ] --END-- [ RunTime:0.031200s ]
INFO: [ view_filter ] --START--
INFO: Run Behavior\WriteHtmlCacheBehavior [ RunTime:0.000000s ]
INFO: [ view_filter ] --END-- [ RunTime:0.000000s ]
INFO: [ app_end ] --START--
INFO: Run Behavior\ShowPageTraceBehavior [ RunTime:0.000000s ]
INFO: [ app_end ] --END-- [ RunTime:0.000000s ]

[ 2016-10-12T18:19:59+08:00 ] 127.0.0.1 /api/index.php?s=/Admin/Service/index
INFO: [ app_init ] --START--
INFO: Run Behavior\BuildLiteBehavior [ RunTime:0.000000s ]
INFO: [ app_init ] --END-- [ RunTime:0.000000s ]
INFO: [ app_begin ] --START--
INFO: Run Behavior\ReadHtmlCacheBehavior [ RunTime:0.000000s ]
INFO: [ app_begin ] --END-- [ RunTime:0.000000s ]
SQL: SHOW COLUMNS FROM `app_group` [ RunTime:0.0000s ]
SQL: SHOW COLUMNS FROM `app_auth` [ RunTime:0.0000s ]
SQL: SHOW COLUMNS FROM `app_manage` [ RunTime:0.0000s ]
SQL: SHOW COLUMNS FROM `app_article` [ RunTime:0.0156s ]
SQL: SHOW COLUMNS FROM `app_adver` [ RunTime:0.0000s ]
SQL: SELECT `auth` FROM `app_group` WHERE `id` = 1 LIMIT 1   [ RunTime:0.0000s ]
SQL: SELECT * FROM `app_auth` WHERE `status` = 1 ORDER BY sort ASC  [ RunTime:0.0000s ]
NOTIC: [8] Undefined offset: 15 D:\wamp\www\api\Application\Admin\Model\AuthModel.class.php 第 57 行.
SQL: SHOW COLUMNS FROM `app_config` [ RunTime:0.0000s ]
SQL: SELECT * FROM `app_config` WHERE `conf_group` = 2  [ RunTime:0.0000s ]
SQL: SELECT `id`,`pid`,`url` FROM `app_auth` WHERE `url` = 'Service/index' LIMIT 1   [ RunTime:0.0000s ]
SQL: SHOW COLUMNS FROM `app_service` [ RunTime:0.0156s ]
SQL: SHOW COLUMNS FROM `app_category` [ RunTime:0.0000s ]
SQL: SELECT `id`,`name` FROM `app_category` WHERE `pid` = 0 AND `groupid` = 3 AND `type` = 1  [ RunTime:0.0000s ]
SQL: SELECT * FROM `app_category`  [ RunTime:0.0000s ]
SQL: SELECT COUNT(*) AS tp_count FROM `app_service` WHERE `cateid` IN ('13','1') LIMIT 1   [ RunTime:0.0000s ]
SQL: SELECT a.id,a.title,a.mainpic,a.thumbpic,a.tags,a.price,a.location,a.phone,a.sort,a.status,a.isrec,a.collectnum,a.admirenum,b.name as typename FROM app_service a INNER JOIN app_category as b ON a.cateid=b.id  WHERE `cateid` IN ('13','1') ORDER BY sort LIMIT 0,20   [ RunTime:0.0000s ]
INFO: [ view_parse ] --START--
INFO: [ template_filter ] --START--
INFO: Run Behavior\ContentReplaceBehavior [ RunTime:0.000000s ]
INFO: [ template_filter ] --END-- [ RunTime:0.000000s ]
INFO: Run Behavior\ParseTemplateBehavior [ RunTime:0.031200s ]
INFO: [ view_parse ] --END-- [ RunTime:0.031200s ]
INFO: [ view_filter ] --START--
INFO: Run Behavior\WriteHtmlCacheBehavior [ RunTime:0.000000s ]
INFO: [ view_filter ] --END-- [ RunTime:0.000000s ]
INFO: [ app_end ] --START--
INFO: Run Behavior\ShowPageTraceBehavior [ RunTime:0.000000s ]
INFO: [ app_end ] --END-- [ RunTime:0.000000s ]

[ 2016-10-12T18:20:00+08:00 ] 127.0.0.1 /api/index.php?s=/Admin/Goods/index
INFO: [ app_init ] --START--
INFO: Run Behavior\BuildLiteBehavior [ RunTime:0.000000s ]
INFO: [ app_init ] --END-- [ RunTime:0.000000s ]
INFO: [ app_begin ] --START--
INFO: Run Behavior\ReadHtmlCacheBehavior [ RunTime:0.015600s ]
INFO: [ app_begin ] --END-- [ RunTime:0.015600s ]
SQL: SHOW COLUMNS FROM `app_group` [ RunTime:0.0000s ]
SQL: SHOW COLUMNS FROM `app_auth` [ RunTime:0.0000s ]
SQL: SHOW COLUMNS FROM `app_manage` [ RunTime:0.0000s ]
SQL: SHOW COLUMNS FROM `app_article` [ RunTime:0.0156s ]
SQL: SHOW COLUMNS FROM `app_adver` [ RunTime:0.0000s ]
SQL: SELECT `auth` FROM `app_group` WHERE `id` = 1 LIMIT 1   [ RunTime:0.0000s ]
SQL: SELECT * FROM `app_auth` WHERE `status` = 1 ORDER BY sort ASC  [ RunTime:0.0000s ]
NOTIC: [8] Undefined offset: 15 D:\wamp\www\api\Application\Admin\Model\AuthModel.class.php 第 57 行.
SQL: SHOW COLUMNS FROM `app_config` [ RunTime:0.0000s ]
SQL: SELECT * FROM `app_config` WHERE `conf_group` = 2  [ RunTime:0.0000s ]
SQL: SELECT `id`,`pid`,`url` FROM `app_auth` WHERE `url` = 'Goods/index' LIMIT 1   [ RunTime:0.0000s ]
SQL: SHOW COLUMNS FROM `app_goods` [ RunTime:0.0156s ]
SQL: SHOW COLUMNS FROM `app_category` [ RunTime:0.0156s ]
SQL: SELECT `id`,`name` FROM `app_category` WHERE `pid` = 0 AND `groupid` = 2 AND `type` = 1  [ RunTime:0.0000s ]
SQL: SELECT * FROM `app_category`  [ RunTime:0.0000s ]
SQL: SELECT COUNT(*) AS tp_count FROM `app_goods` WHERE `cateid` IN ('6','7','8','9','5') LIMIT 1   [ RunTime:0.0000s ]
SQL: SELECT a.id,a.title,a.mainpic,a.thumbpic,a.tags,a.brandid,a.sn,a.saleprice,a.inventory,a.sort,a.status,a.isrec,a.collectnum,a.admirenum,b.name as typename FROM app_goods a INNER JOIN app_category as b ON a.cateid=b.id  WHERE `cateid` IN ('6','7','8','9','5') ORDER BY a.sort ASC LIMIT 0,20   [ RunTime:0.0000s ]
NOTIC: [8] Undefined variable: goodslist D:\wamp\www\api\Application\Admin\Controller\GoodsController.class.php 第 81 行.
INFO: [ view_parse ] --START--
INFO: [ template_filter ] --START--
INFO: Run Behavior\ContentReplaceBehavior [ RunTime:0.000000s ]
INFO: [ template_filter ] --END-- [ RunTime:0.000000s ]
INFO: Run Behavior\ParseTemplateBehavior [ RunTime:0.031200s ]
INFO: [ view_parse ] --END-- [ RunTime:0.031200s ]
INFO: [ view_filter ] --START--
INFO: Run Behavior\WriteHtmlCacheBehavior [ RunTime:0.000000s ]
INFO: [ view_filter ] --END-- [ RunTime:0.000000s ]
INFO: [ app_end ] --START--
INFO: Run Behavior\ShowPageTraceBehavior [ RunTime:0.000000s ]
INFO: [ app_end ] --END-- [ RunTime:0.000000s ]

[ 2016-10-12T18:20:01+08:00 ] 127.0.0.1 /api/index.php?s=/Admin/Goods/index/cid/10
INFO: [ app_init ] --START--
INFO: Run Behavior\BuildLiteBehavior [ RunTime:0.000000s ]
INFO: [ app_init ] --END-- [ RunTime:0.015600s ]
INFO: [ app_begin ] --START--
INFO: Run Behavior\ReadHtmlCacheBehavior [ RunTime:0.000000s ]
INFO: [ app_begin ] --END-- [ RunTime:0.000000s ]
SQL: SHOW COLUMNS FROM `app_group` [ RunTime:0.0000s ]
SQL: SHOW COLUMNS FROM `app_auth` [ RunTime:0.0000s ]
SQL: SHOW COLUMNS FROM `app_manage` [ RunTime:0.0000s ]
SQL: SHOW COLUMNS FROM `app_article` [ RunTime:0.0156s ]
SQL: SHOW COLUMNS FROM `app_adver` [ RunTime:0.0000s ]
SQL: SELECT `auth` FROM `app_group` WHERE `id` = 1 LIMIT 1   [ RunTime:0.0000s ]
SQL: SELECT * FROM `app_auth` WHERE `status` = 1 ORDER BY sort ASC  [ RunTime:0.0000s ]
NOTIC: [8] Undefined offset: 15 D:\wamp\www\api\Application\Admin\Model\AuthModel.class.php 第 57 行.
SQL: SHOW COLUMNS FROM `app_config` [ RunTime:0.0000s ]
SQL: SELECT * FROM `app_config` WHERE `conf_group` = 2  [ RunTime:0.0000s ]
SQL: SELECT `id`,`pid`,`url` FROM `app_auth` WHERE `url` = 'Goods/index' LIMIT 1   [ RunTime:0.0000s ]
SQL: SHOW COLUMNS FROM `app_goods` [ RunTime:0.0156s ]
SQL: SHOW COLUMNS FROM `app_category` [ RunTime:0.0000s ]
SQL: SELECT `id`,`name` FROM `app_category` WHERE `pid` = 0 AND `groupid` = 2 AND `type` = 1  [ RunTime:0.0000s ]
SQL: SELECT * FROM `app_category`  [ RunTime:0.0000s ]
SQL: SELECT COUNT(*) AS tp_count FROM `app_goods` WHERE `cateid` IN ('11','10') LIMIT 1   [ RunTime:0.0000s ]
SQL: SELECT a.id,a.title,a.mainpic,a.thumbpic,a.tags,a.brandid,a.sn,a.saleprice,a.inventory,a.sort,a.status,a.isrec,a.collectnum,a.admirenum,b.name as typename FROM app_goods a INNER JOIN app_category as b ON a.cateid=b.id  WHERE `cateid` IN ('11','10') ORDER BY a.sort ASC LIMIT 0,20   [ RunTime:0.0000s ]
INFO: [ view_parse ] --START--
INFO: [ template_filter ] --START--
INFO: Run Behavior\ContentReplaceBehavior [ RunTime:0.000000s ]
INFO: [ template_filter ] --END-- [ RunTime:0.000000s ]
INFO: Run Behavior\ParseTemplateBehavior [ RunTime:0.031200s ]
INFO: [ view_parse ] --END-- [ RunTime:0.031200s ]
INFO: [ view_filter ] --START--
INFO: Run Behavior\WriteHtmlCacheBehavior [ RunTime:0.000000s ]
INFO: [ view_filter ] --END-- [ RunTime:0.000000s ]
INFO: [ app_end ] --START--
INFO: Run Behavior\ShowPageTraceBehavior [ RunTime:0.000000s ]
INFO: [ app_end ] --END-- [ RunTime:0.000000s ]

[ 2016-10-12T18:20:04+08:00 ] 127.0.0.1 /api/index.php?s=/Admin/Category/index
INFO: [ app_init ] --START--
INFO: Run Behavior\BuildLiteBehavior [ RunTime:0.000000s ]
INFO: [ app_init ] --END-- [ RunTime:0.000000s ]
INFO: [ app_begin ] --START--
INFO: Run Behavior\ReadHtmlCacheBehavior [ RunTime:0.000000s ]
INFO: [ app_begin ] --END-- [ RunTime:0.000000s ]
SQL: SHOW COLUMNS FROM `app_group` [ RunTime:0.0156s ]
SQL: SHOW COLUMNS FROM `app_auth` [ RunTime:0.0000s ]
SQL: SHOW COLUMNS FROM `app_manage` [ RunTime:0.0000s ]
SQL: SHOW COLUMNS FROM `app_article` [ RunTime:0.0000s ]
SQL: SHOW COLUMNS FROM `app_adver` [ RunTime:0.0000s ]
SQL: SELECT `auth` FROM `app_group` WHERE `id` = 1 LIMIT 1   [ RunTime:0.0000s ]
SQL: SELECT * FROM `app_auth` WHERE `status` = 1 ORDER BY sort ASC  [ RunTime:0.0000s ]
NOTIC: [8] Undefined offset: 15 D:\wamp\www\api\Application\Admin\Model\AuthModel.class.php 第 57 行.
SQL: SHOW COLUMNS FROM `app_config` [ RunTime:0.0000s ]
SQL: SELECT * FROM `app_config` WHERE `conf_group` = 2  [ RunTime:0.0000s ]
SQL: SELECT `id`,`pid`,`url` FROM `app_auth` WHERE `url` = 'Category/index' LIMIT 1   [ RunTime:0.0000s ]
SQL: SHOW COLUMNS FROM `app_category` [ RunTime:0.0000s ]
SQL: SHOW COLUMNS FROM `app_attr` [ RunTime:0.0156s ]
SQL: SHOW COLUMNS FROM `app_categroup` [ RunTime:0.0156s ]
SQL: SHOW COLUMNS FROM `app_brand` [ RunTime:0.0000s ]
SQL: SELECT * FROM `app_categroup`  [ RunTime:0.0000s ]
SQL: SELECT * FROM `app_category` WHERE `groupid` = 1 ORDER BY sort ASC  [ RunTime:0.0000s ]
SQL: SELECT `name` FROM `app_attr` WHERE `id` = 1 LIMIT 1   [ RunTime:0.0000s ]
SQL: SELECT `name` FROM `app_attr` WHERE `id` = 1 LIMIT 1   [ RunTime:0.0000s ]
INFO: [ view_parse ] --START--
INFO: [ template_filter ] --START--
INFO: Run Behavior\ContentReplaceBehavior [ RunTime:0.000000s ]
INFO: [ template_filter ] --END-- [ RunTime:0.000000s ]
NOTIC: [8] Undefined variable: page D:\wamp\www\api\Application\Runtime\Cache\Admin\758bcb3f33f57e8861a7e878bcb76941.php 第 99 行.
INFO: Run Behavior\ParseTemplateBehavior [ RunTime:0.031200s ]
INFO: [ view_parse ] --END-- [ RunTime:0.031200s ]
INFO: [ view_filter ] --START--
INFO: Run Behavior\WriteHtmlCacheBehavior [ RunTime:0.000000s ]
INFO: [ view_filter ] --END-- [ RunTime:0.000000s ]
INFO: [ app_end ] --START--
INFO: Run Behavior\ShowPageTraceBehavior [ RunTime:0.000000s ]
INFO: [ app_end ] --END-- [ RunTime:0.000000s ]

[ 2016-10-12T18:20:06+08:00 ] 127.0.0.1 /api/index.php?s=/Admin/Category/index/gid/2
INFO: [ app_init ] --START--
INFO: Run Behavior\BuildLiteBehavior [ RunTime:0.000000s ]
INFO: [ app_init ] --END-- [ RunTime:0.000000s ]
INFO: [ app_begin ] --START--
INFO: Run Behavior\ReadHtmlCacheBehavior [ RunTime:0.000000s ]
INFO: [ app_begin ] --END-- [ RunTime:0.000000s ]
SQL: SHOW COLUMNS FROM `app_group` [ RunTime:0.0000s ]
SQL: SHOW COLUMNS FROM `app_auth` [ RunTime:0.0156s ]
SQL: SHOW COLUMNS FROM `app_manage` [ RunTime:0.0000s ]
SQL: SHOW COLUMNS FROM `app_article` [ RunTime:0.0000s ]
SQL: SHOW COLUMNS FROM `app_adver` [ RunTime:0.0000s ]
SQL: SELECT `auth` FROM `app_group` WHERE `id` = 1 LIMIT 1   [ RunTime:0.0156s ]
SQL: SELECT * FROM `app_auth` WHERE `status` = 1 ORDER BY sort ASC  [ RunTime:0.0000s ]
NOTIC: [8] Undefined offset: 15 D:\wamp\www\api\Application\Admin\Model\AuthModel.class.php 第 57 行.
SQL: SHOW COLUMNS FROM `app_config` [ RunTime:0.0000s ]
SQL: SELECT * FROM `app_config` WHERE `conf_group` = 2  [ RunTime:0.0000s ]
SQL: SELECT `id`,`pid`,`url` FROM `app_auth` WHERE `url` = 'Category/index' LIMIT 1   [ RunTime:0.0000s ]
SQL: SHOW COLUMNS FROM `app_category` [ RunTime:0.0000s ]
SQL: SHOW COLUMNS FROM `app_attr` [ RunTime:0.0000s ]
SQL: SHOW COLUMNS FROM `app_categroup` [ RunTime:0.0000s ]
SQL: SHOW COLUMNS FROM `app_brand` [ RunTime:0.0000s ]
SQL: SELECT * FROM `app_categroup`  [ RunTime:0.0000s ]
SQL: SELECT * FROM `app_category` WHERE `groupid` = 2 ORDER BY sort ASC  [ RunTime:0.0000s ]
INFO: [ view_parse ] --START--
INFO: [ template_filter ] --START--
INFO: Run Behavior\ContentReplaceBehavior [ RunTime:0.000000s ]
INFO: [ template_filter ] --END-- [ RunTime:0.000000s ]
NOTIC: [8] Undefined variable: page D:\wamp\www\api\Application\Runtime\Cache\Admin\758bcb3f33f57e8861a7e878bcb76941.php 第 99 行.
INFO: Run Behavior\ParseTemplateBehavior [ RunTime:0.015600s ]
INFO: [ view_parse ] --END-- [ RunTime:0.015600s ]
INFO: [ view_filter ] --START--
INFO: Run Behavior\WriteHtmlCacheBehavior [ RunTime:0.000000s ]
INFO: [ view_filter ] --END-- [ RunTime:0.000000s ]
INFO: [ app_end ] --START--
INFO: Run Behavior\ShowPageTraceBehavior [ RunTime:0.000000s ]
INFO: [ app_end ] --END-- [ RunTime:0.015600s ]

[ 2016-10-12T18:20:07+08:00 ] 127.0.0.1 /api/index.php?s=/Admin/Category/index/gid/3
INFO: [ app_init ] --START--
INFO: Run Behavior\BuildLiteBehavior [ RunTime:0.000000s ]
INFO: [ app_init ] --END-- [ RunTime:0.000000s ]
INFO: [ app_begin ] --START--
INFO: Run Behavior\ReadHtmlCacheBehavior [ RunTime:0.000000s ]
INFO: [ app_begin ] --END-- [ RunTime:0.000000s ]
SQL: SHOW COLUMNS FROM `app_group` [ RunTime:0.0000s ]
SQL: SHOW COLUMNS FROM `app_auth` [ RunTime:0.0000s ]
SQL: SHOW COLUMNS FROM `app_manage` [ RunTime:0.0000s ]
SQL: SHOW COLUMNS FROM `app_article` [ RunTime:0.0000s ]
SQL: SHOW COLUMNS FROM `app_adver` [ RunTime:0.0000s ]
SQL: SELECT `auth` FROM `app_group` WHERE `id` = 1 LIMIT 1   [ RunTime:0.0000s ]
SQL: SELECT * FROM `app_auth` WHERE `status` = 1 ORDER BY sort ASC  [ RunTime:0.0000s ]
NOTIC: [8] Undefined offset: 15 D:\wamp\www\api\Application\Admin\Model\AuthModel.class.php 第 57 行.
SQL: SHOW COLUMNS FROM `app_config` [ RunTime:0.0000s ]
SQL: SELECT * FROM `app_config` WHERE `conf_group` = 2  [ RunTime:0.0000s ]
SQL: SELECT `id`,`pid`,`url` FROM `app_auth` WHERE `url` = 'Category/index' LIMIT 1   [ RunTime:0.0000s ]
SQL: SHOW COLUMNS FROM `app_category` [ RunTime:0.0000s ]
SQL: SHOW COLUMNS FROM `app_attr` [ RunTime:0.0000s ]
SQL: SHOW COLUMNS FROM `app_categroup` [ RunTime:0.0000s ]
SQL: SHOW COLUMNS FROM `app_brand` [ RunTime:0.0000s ]
SQL: SELECT * FROM `app_categroup`  [ RunTime:0.0000s ]
SQL: SELECT * FROM `app_category` WHERE `groupid` = 3 ORDER BY sort ASC  [ RunTime:0.0000s ]
INFO: [ view_parse ] --START--
INFO: [ template_filter ] --START--
INFO: Run Behavior\ContentReplaceBehavior [ RunTime:0.000000s ]
INFO: [ template_filter ] --END-- [ RunTime:0.000000s ]
NOTIC: [8] Undefined variable: page D:\wamp\www\api\Application\Runtime\Cache\Admin\758bcb3f33f57e8861a7e878bcb76941.php 第 99 行.
INFO: Run Behavior\ParseTemplateBehavior [ RunTime:0.015600s ]
INFO: [ view_parse ] --END-- [ RunTime:0.015600s ]
INFO: [ view_filter ] --START--
INFO: Run Behavior\WriteHtmlCacheBehavior [ RunTime:0.000000s ]
INFO: [ view_filter ] --END-- [ RunTime:0.000000s ]
INFO: [ app_end ] --START--
INFO: Run Behavior\ShowPageTraceBehavior [ RunTime:0.000000s ]
INFO: [ app_end ] --END-- [ RunTime:0.000000s ]

[ 2016-10-12T18:20:08+08:00 ] 127.0.0.1 /api/index.php?s=/Admin/Category/index/gid/4
INFO: [ app_init ] --START--
INFO: Run Behavior\BuildLiteBehavior [ RunTime:0.000000s ]
INFO: [ app_init ] --END-- [ RunTime:0.000000s ]
INFO: [ app_begin ] --START--
INFO: Run Behavior\ReadHtmlCacheBehavior [ RunTime:0.015600s ]
INFO: [ app_begin ] --END-- [ RunTime:0.015600s ]
SQL: SHOW COLUMNS FROM `app_group` [ RunTime:0.0000s ]
SQL: SHOW COLUMNS FROM `app_auth` [ RunTime:0.0000s ]
SQL: SHOW COLUMNS FROM `app_manage` [ RunTime:0.0000s ]
SQL: SHOW COLUMNS FROM `app_article` [ RunTime:0.0000s ]
SQL: SHOW COLUMNS FROM `app_adver` [ RunTime:0.0000s ]
SQL: SELECT `auth` FROM `app_group` WHERE `id` = 1 LIMIT 1   [ RunTime:0.0000s ]
SQL: SELECT * FROM `app_auth` WHERE `status` = 1 ORDER BY sort ASC  [ RunTime:0.0000s ]
NOTIC: [8] Undefined offset: 15 D:\wamp\www\api\Application\Admin\Model\AuthModel.class.php 第 57 行.
SQL: SHOW COLUMNS FROM `app_config` [ RunTime:0.0000s ]
SQL: SELECT * FROM `app_config` WHERE `conf_group` = 2  [ RunTime:0.0000s ]
SQL: SELECT `id`,`pid`,`url` FROM `app_auth` WHERE `url` = 'Category/index' LIMIT 1   [ RunTime:0.0000s ]
SQL: SHOW COLUMNS FROM `app_category` [ RunTime:0.0000s ]
SQL: SHOW COLUMNS FROM `app_attr` [ RunTime:0.0000s ]
SQL: SHOW COLUMNS FROM `app_categroup` [ RunTime:0.0156s ]
SQL: SHOW COLUMNS FROM `app_brand` [ RunTime:0.0000s ]
SQL: SELECT * FROM `app_categroup`  [ RunTime:0.0000s ]
SQL: SELECT * FROM `app_category` WHERE `groupid` = 4 ORDER BY sort ASC  [ RunTime:0.0000s ]
INFO: [ view_parse ] --START--
INFO: [ template_filter ] --START--
INFO: Run Behavior\ContentReplaceBehavior [ RunTime:0.000000s ]
INFO: [ template_filter ] --END-- [ RunTime:0.000000s ]
NOTIC: [8] Undefined variable: page D:\wamp\www\api\Application\Runtime\Cache\Admin\758bcb3f33f57e8861a7e878bcb76941.php 第 99 行.
INFO: Run Behavior\ParseTemplateBehavior [ RunTime:0.015600s ]
INFO: [ view_parse ] --END-- [ RunTime:0.015600s ]
INFO: [ view_filter ] --START--
INFO: Run Behavior\WriteHtmlCacheBehavior [ RunTime:0.000000s ]
INFO: [ view_filter ] --END-- [ RunTime:0.000000s ]
INFO: [ app_end ] --START--
INFO: Run Behavior\ShowPageTraceBehavior [ RunTime:0.000000s ]
INFO: [ app_end ] --END-- [ RunTime:0.000000s ]

[ 2016-10-12T18:20:09+08:00 ] 127.0.0.1 /api/index.php?s=/Admin/Category/index/gid/5
INFO: [ app_init ] --START--
INFO: Run Behavior\BuildLiteBehavior [ RunTime:0.000000s ]
INFO: [ app_init ] --END-- [ RunTime:0.000000s ]
INFO: [ app_begin ] --START--
INFO: Run Behavior\ReadHtmlCacheBehavior [ RunTime:0.015601s ]
INFO: [ app_begin ] --END-- [ RunTime:0.015601s ]
SQL: SHOW COLUMNS FROM `app_group` [ RunTime:0.0000s ]
SQL: SHOW COLUMNS FROM `app_auth` [ RunTime:0.0000s ]
SQL: SHOW COLUMNS FROM `app_manage` [ RunTime:0.0000s ]
SQL: SHOW COLUMNS FROM `app_article` [ RunTime:0.0000s ]
SQL: SHOW COLUMNS FROM `app_adver` [ RunTime:0.0000s ]
SQL: SELECT `auth` FROM `app_group` WHERE `id` = 1 LIMIT 1   [ RunTime:0.0000s ]
SQL: SELECT * FROM `app_auth` WHERE `status` = 1 ORDER BY sort ASC  [ RunTime:0.0000s ]
NOTIC: [8] Undefined offset: 15 D:\wamp\www\api\Application\Admin\Model\AuthModel.class.php 第 57 行.
SQL: SHOW COLUMNS FROM `app_config` [ RunTime:0.0000s ]
SQL: SELECT * FROM `app_config` WHERE `conf_group` = 2  [ RunTime:0.0000s ]
SQL: SELECT `id`,`pid`,`url` FROM `app_auth` WHERE `url` = 'Category/index' LIMIT 1   [ RunTime:0.0000s ]
SQL: SHOW COLUMNS FROM `app_category` [ RunTime:0.0156s ]
SQL: SHOW COLUMNS FROM `app_attr` [ RunTime:0.0000s ]
SQL: SHOW COLUMNS FROM `app_categroup` [ RunTime:0.0000s ]
SQL: SHOW COLUMNS FROM `app_brand` [ RunTime:0.0000s ]
SQL: SELECT * FROM `app_categroup`  [ RunTime:0.0000s ]
SQL: SELECT * FROM `app_category` WHERE `groupid` = 5 ORDER BY sort ASC  [ RunTime:0.0000s ]
INFO: [ view_parse ] --START--
INFO: [ template_filter ] --START--
INFO: Run Behavior\ContentReplaceBehavior [ RunTime:0.000000s ]
INFO: [ template_filter ] --END-- [ RunTime:0.000000s ]
NOTIC: [8] Undefined variable: page D:\wamp\www\api\Application\Runtime\Cache\Admin\758bcb3f33f57e8861a7e878bcb76941.php 第 99 行.
INFO: Run Behavior\ParseTemplateBehavior [ RunTime:0.031200s ]
INFO: [ view_parse ] --END-- [ RunTime:0.031200s ]
INFO: [ view_filter ] --START--
INFO: Run Behavior\WriteHtmlCacheBehavior [ RunTime:0.000000s ]
INFO: [ view_filter ] --END-- [ RunTime:0.000000s ]
INFO: [ app_end ] --START--
INFO: Run Behavior\ShowPageTraceBehavior [ RunTime:0.000000s ]
INFO: [ app_end ] --END-- [ RunTime:0.000000s ]

[ 2016-10-12T18:20:09+08:00 ] 127.0.0.1 /api/index.php?s=/Admin/Category/add
INFO: [ app_init ] --START--
INFO: Run Behavior\BuildLiteBehavior [ RunTime:0.000000s ]
INFO: [ app_init ] --END-- [ RunTime:0.000000s ]
INFO: [ app_begin ] --START--
INFO: Run Behavior\ReadHtmlCacheBehavior [ RunTime:0.000000s ]
INFO: [ app_begin ] --END-- [ RunTime:0.000000s ]
SQL: SHOW COLUMNS FROM `app_group` [ RunTime:0.0000s ]
SQL: SHOW COLUMNS FROM `app_auth` [ RunTime:0.0000s ]
SQL: SHOW COLUMNS FROM `app_manage` [ RunTime:0.0000s ]
SQL: SHOW COLUMNS FROM `app_article` [ RunTime:0.0156s ]
SQL: SHOW COLUMNS FROM `app_adver` [ RunTime:0.0000s ]
SQL: SELECT `auth` FROM `app_group` WHERE `id` = 1 LIMIT 1   [ RunTime:0.0000s ]
SQL: SELECT * FROM `app_auth` WHERE `status` = 1 ORDER BY sort ASC  [ RunTime:0.0000s ]
NOTIC: [8] Undefined offset: 15 D:\wamp\www\api\Application\Admin\Model\AuthModel.class.php 第 57 行.
SQL: SHOW COLUMNS FROM `app_config` [ RunTime:0.0000s ]
SQL: SELECT * FROM `app_config` WHERE `conf_group` = 2  [ RunTime:0.0000s ]
SQL: SELECT `id`,`pid`,`url` FROM `app_auth` WHERE `url` = 'Category/add' LIMIT 1   [ RunTime:0.0000s ]
SQL: SHOW COLUMNS FROM `app_category` [ RunTime:0.0000s ]
SQL: SHOW COLUMNS FROM `app_attr` [ RunTime:0.0000s ]
SQL: SHOW COLUMNS FROM `app_categroup` [ RunTime:0.0000s ]
SQL: SHOW COLUMNS FROM `app_brand` [ RunTime:0.0000s ]
SQL: SELECT * FROM `app_categroup`  [ RunTime:0.0000s ]
SQL: SELECT `id`,`pid`,`name` FROM `app_category` WHERE `type` <> 0 AND `groupid` = '1' ORDER BY sort ASC  [ RunTime:0.0156s ]
NOTIC: [8] Undefined offset: 1 D:\wamp\www\api\Application\Admin\Model\CategoryModel.class.php 第 30 行.
SQL: SELECT * FROM `app_attr`  [ RunTime:0.0000s ]
SQL: SELECT * FROM `app_categroup`  [ RunTime:0.0000s ]
INFO: [ view_parse ] --START--
INFO: [ template_filter ] --START--
INFO: Run Behavior\ContentReplaceBehavior [ RunTime:0.000000s ]
INFO: [ template_filter ] --END-- [ RunTime:0.000000s ]
NOTIC: [8] Undefined variable: oneParentCate D:\wamp\www\api\Application\Runtime\Cache\Admin\1a88a9e54b20b8617d80553f7faa6742.php 第 65 行.
NOTIC: [8] Undefined index: typename D:\wamp\www\api\Application\Runtime\Cache\Admin\1a88a9e54b20b8617d80553f7faa6742.php 第 75 行.
NOTIC: [8] Undefined index: typename D:\wamp\www\api\Application\Runtime\Cache\Admin\1a88a9e54b20b8617d80553f7faa6742.php 第 76 行.
NOTIC: [8] Undefined index: typename D:\wamp\www\api\Application\Runtime\Cache\Admin\1a88a9e54b20b8617d80553f7faa6742.php 第 76 行.
INFO: Run Behavior\ParseTemplateBehavior [ RunTime:0.031200s ]
INFO: [ view_parse ] --END-- [ RunTime:0.031200s ]
INFO: [ view_filter ] --START--
INFO: Run Behavior\WriteHtmlCacheBehavior [ RunTime:0.000000s ]
INFO: [ view_filter ] --END-- [ RunTime:0.000000s ]
INFO: [ app_end ] --START--
INFO: Run Behavior\ShowPageTraceBehavior [ RunTime:0.000000s ]
INFO: [ app_end ] --END-- [ RunTime:0.000000s ]

[ 2016-10-12T18:20:13+08:00 ] 127.0.0.1 /api/index.php?s=/Admin/Attr/index
INFO: [ app_init ] --START--
INFO: Run Behavior\BuildLiteBehavior [ RunTime:0.000000s ]
INFO: [ app_init ] --END-- [ RunTime:0.000000s ]
INFO: [ app_begin ] --START--
INFO: Run Behavior\ReadHtmlCacheBehavior [ RunTime:0.000000s ]
INFO: [ app_begin ] --END-- [ RunTime:0.000000s ]
SQL: SHOW COLUMNS FROM `app_group` [ RunTime:0.0156s ]
SQL: SHOW COLUMNS FROM `app_auth` [ RunTime:0.0000s ]
SQL: SHOW COLUMNS FROM `app_manage` [ RunTime:0.0000s ]
SQL: SHOW COLUMNS FROM `app_article` [ RunTime:0.0000s ]
SQL: SHOW COLUMNS FROM `app_adver` [ RunTime:0.0000s ]
SQL: SELECT `auth` FROM `app_group` WHERE `id` = 1 LIMIT 1   [ RunTime:0.0000s ]
SQL: SELECT * FROM `app_auth` WHERE `status` = 1 ORDER BY sort ASC  [ RunTime:0.0000s ]
NOTIC: [8] Undefined offset: 15 D:\wamp\www\api\Application\Admin\Model\AuthModel.class.php 第 57 行.
SQL: SHOW COLUMNS FROM `app_config` [ RunTime:0.0000s ]
SQL: SELECT * FROM `app_config` WHERE `conf_group` = 2  [ RunTime:0.0000s ]
SQL: SELECT `id`,`pid`,`url` FROM `app_auth` WHERE `url` = 'Attr/index' LIMIT 1   [ RunTime:0.0000s ]
SQL: SHOW COLUMNS FROM `app_attr` [ RunTime:0.0156s ]
SQL: SELECT COUNT(*) AS tp_count FROM `app_attr` LIMIT 1   [ RunTime:0.0000s ]
SQL: SELECT * FROM `app_attr` LIMIT 0,20   [ RunTime:0.0000s ]
INFO: [ view_parse ] --START--
INFO: [ template_filter ] --START--
INFO: Run Behavior\ContentReplaceBehavior [ RunTime:0.000000s ]
INFO: [ template_filter ] --END-- [ RunTime:0.000000s ]
INFO: Run Behavior\ParseTemplateBehavior [ RunTime:0.015600s ]
INFO: [ view_parse ] --END-- [ RunTime:0.015600s ]
INFO: [ view_filter ] --START--
INFO: Run Behavior\WriteHtmlCacheBehavior [ RunTime:0.000000s ]
INFO: [ view_filter ] --END-- [ RunTime:0.000000s ]
INFO: [ app_end ] --START--
INFO: Run Behavior\ShowPageTraceBehavior [ RunTime:0.000000s ]
INFO: [ app_end ] --END-- [ RunTime:0.000000s ]

[ 2016-10-12T18:20:15+08:00 ] 127.0.0.1 /api/index.php?s=/Admin/Attr/add
INFO: [ app_init ] --START--
INFO: Run Behavior\BuildLiteBehavior [ RunTime:0.000000s ]
INFO: [ app_init ] --END-- [ RunTime:0.000000s ]
INFO: [ app_begin ] --START--
INFO: Run Behavior\ReadHtmlCacheBehavior [ RunTime:0.000000s ]
INFO: [ app_begin ] --END-- [ RunTime:0.000000s ]
SQL: SHOW COLUMNS FROM `app_group` [ RunTime:0.0000s ]
SQL: SHOW COLUMNS FROM `app_auth` [ RunTime:0.0000s ]
SQL: SHOW COLUMNS FROM `app_manage` [ RunTime:0.0000s ]
SQL: SHOW COLUMNS FROM `app_article` [ RunTime:0.0156s ]
SQL: SHOW COLUMNS FROM `app_adver` [ RunTime:0.0000s ]
SQL: SELECT `auth` FROM `app_group` WHERE `id` = 1 LIMIT 1   [ RunTime:0.0000s ]
SQL: SELECT * FROM `app_auth` WHERE `status` = 1 ORDER BY sort ASC  [ RunTime:0.0000s ]
NOTIC: [8] Undefined offset: 15 D:\wamp\www\api\Application\Admin\Model\AuthModel.class.php 第 57 行.
SQL: SHOW COLUMNS FROM `app_config` [ RunTime:0.0000s ]
SQL: SELECT * FROM `app_config` WHERE `conf_group` = 2  [ RunTime:0.0000s ]
SQL: SELECT `id`,`pid`,`url` FROM `app_auth` WHERE `url` = 'Attr/add' LIMIT 1   [ RunTime:0.0000s ]
SQL: SHOW COLUMNS FROM `app_attr` [ RunTime:0.0156s ]
INFO: [ view_parse ] --START--
INFO: [ template_filter ] --START--
INFO: Run Behavior\ContentReplaceBehavior [ RunTime:0.000000s ]
INFO: [ template_filter ] --END-- [ RunTime:0.000000s ]
INFO: Run Behavior\ParseTemplateBehavior [ RunTime:0.015600s ]
INFO: [ view_parse ] --END-- [ RunTime:0.015600s ]
INFO: [ view_filter ] --START--
INFO: Run Behavior\WriteHtmlCacheBehavior [ RunTime:0.000000s ]
INFO: [ view_filter ] --END-- [ RunTime:0.000000s ]
INFO: [ app_end ] --START--
INFO: Run Behavior\ShowPageTraceBehavior [ RunTime:0.015600s ]
INFO: [ app_end ] --END-- [ RunTime:0.015600s ]

[ 2016-10-12T18:20:18+08:00 ] 127.0.0.1 /api/index.php?s=/Admin/Brand/index
INFO: [ app_init ] --START--
INFO: Run Behavior\BuildLiteBehavior [ RunTime:0.000000s ]
INFO: [ app_init ] --END-- [ RunTime:0.000000s ]
INFO: [ app_begin ] --START--
INFO: Run Behavior\ReadHtmlCacheBehavior [ RunTime:0.000000s ]
INFO: [ app_begin ] --END-- [ RunTime:0.000000s ]
SQL: SHOW COLUMNS FROM `app_group` [ RunTime:0.0000s ]
SQL: SHOW COLUMNS FROM `app_auth` [ RunTime:0.0000s ]
SQL: SHOW COLUMNS FROM `app_manage` [ RunTime:0.0156s ]
SQL: SHOW COLUMNS FROM `app_article` [ RunTime:0.0000s ]
SQL: SHOW COLUMNS FROM `app_adver` [ RunTime:0.0000s ]
SQL: SELECT `auth` FROM `app_group` WHERE `id` = 1 LIMIT 1   [ RunTime:0.0000s ]
SQL: SELECT * FROM `app_auth` WHERE `status` = 1 ORDER BY sort ASC  [ RunTime:0.0000s ]
NOTIC: [8] Undefined offset: 15 D:\wamp\www\api\Application\Admin\Model\AuthModel.class.php 第 57 行.
SQL: SHOW COLUMNS FROM `app_config` [ RunTime:0.0156s ]
SQL: SELECT * FROM `app_config` WHERE `conf_group` = 2  [ RunTime:0.0000s ]
SQL: SELECT `id`,`pid`,`url` FROM `app_auth` WHERE `url` = 'Brand/index' LIMIT 1   [ RunTime:0.0000s ]
SQL: SHOW COLUMNS FROM `app_brand` [ RunTime:0.0000s ]
SQL: SHOW COLUMNS FROM `app_category` [ RunTime:0.0000s ]
SQL: SELECT `id`,`name` FROM `app_category` WHERE `pid` = 0 AND `groupid` = 2 AND `type` = 1  [ RunTime:0.0000s ]
SQL: SELECT COUNT(*) AS tp_count FROM `app_brand` WHERE `cateid` = '5' LIMIT 1   [ RunTime:0.0000s ]
SQL: SELECT * FROM `app_brand` WHERE `cateid` = '5' ORDER BY sort ASC LIMIT 0,20   [ RunTime:0.0156s ]
INFO: [ view_parse ] --START--
INFO: [ template_filter ] --START--
INFO: Run Behavior\ContentReplaceBehavior [ RunTime:0.000000s ]
INFO: [ template_filter ] --END-- [ RunTime:0.000000s ]
INFO: Run Behavior\ParseTemplateBehavior [ RunTime:0.015600s ]
INFO: [ view_parse ] --END-- [ RunTime:0.015600s ]
INFO: [ view_filter ] --START--
INFO: Run Behavior\WriteHtmlCacheBehavior [ RunTime:0.000000s ]
INFO: [ view_filter ] --END-- [ RunTime:0.000000s ]
INFO: [ app_end ] --START--
INFO: Run Behavior\ShowPageTraceBehavior [ RunTime:0.000000s ]
INFO: [ app_end ] --END-- [ RunTime:0.000000s ]

[ 2016-10-12T18:20:21+08:00 ] 127.0.0.1 /api/index.php?s=/Admin/Brand/index/cid/10
INFO: [ app_init ] --START--
INFO: Run Behavior\BuildLiteBehavior [ RunTime:0.000000s ]
INFO: [ app_init ] --END-- [ RunTime:0.000000s ]
INFO: [ app_begin ] --START--
INFO: Run Behavior\ReadHtmlCacheBehavior [ RunTime:0.000000s ]
INFO: [ app_begin ] --END-- [ RunTime:0.000000s ]
SQL: SHOW COLUMNS FROM `app_group` [ RunTime:0.0000s ]
SQL: SHOW COLUMNS FROM `app_auth` [ RunTime:0.0000s ]
SQL: SHOW COLUMNS FROM `app_manage` [ RunTime:0.0000s ]
SQL: SHOW COLUMNS FROM `app_article` [ RunTime:0.0000s ]
SQL: SHOW COLUMNS FROM `app_adver` [ RunTime:0.0000s ]
SQL: SELECT `auth` FROM `app_group` WHERE `id` = 1 LIMIT 1   [ RunTime:0.0000s ]
SQL: SELECT * FROM `app_auth` WHERE `status` = 1 ORDER BY sort ASC  [ RunTime:0.0000s ]
NOTIC: [8] Undefined offset: 15 D:\wamp\www\api\Application\Admin\Model\AuthModel.class.php 第 57 行.
SQL: SHOW COLUMNS FROM `app_config` [ RunTime:0.0000s ]
SQL: SELECT * FROM `app_config` WHERE `conf_group` = 2  [ RunTime:0.0000s ]
SQL: SELECT `id`,`pid`,`url` FROM `app_auth` WHERE `url` = 'Brand/index' LIMIT 1   [ RunTime:0.0000s ]
SQL: SHOW COLUMNS FROM `app_brand` [ RunTime:0.0156s ]
SQL: SHOW COLUMNS FROM `app_category` [ RunTime:0.0000s ]
SQL: SELECT `id`,`name` FROM `app_category` WHERE `pid` = 0 AND `groupid` = 2 AND `type` = 1  [ RunTime:0.0000s ]
SQL: SELECT COUNT(*) AS tp_count FROM `app_brand` WHERE `cateid` = '10' LIMIT 1   [ RunTime:0.0000s ]
SQL: SELECT * FROM `app_brand` WHERE `cateid` = '10' ORDER BY sort ASC LIMIT 0,20   [ RunTime:0.0000s ]
INFO: [ view_parse ] --START--
INFO: [ template_filter ] --START--
INFO: Run Behavior\ContentReplaceBehavior [ RunTime:0.000000s ]
INFO: [ template_filter ] --END-- [ RunTime:0.000000s ]
INFO: Run Behavior\ParseTemplateBehavior [ RunTime:0.015600s ]
INFO: [ view_parse ] --END-- [ RunTime:0.015600s ]
INFO: [ view_filter ] --START--
INFO: Run Behavior\WriteHtmlCacheBehavior [ RunTime:0.000000s ]
INFO: [ view_filter ] --END-- [ RunTime:0.000000s ]
INFO: [ app_end ] --START--
INFO: Run Behavior\ShowPageTraceBehavior [ RunTime:0.000000s ]
INFO: [ app_end ] --END-- [ RunTime:0.000000s ]

[ 2016-10-12T18:20:22+08:00 ] 127.0.0.1 /api/index.php?s=/Admin/Brand/index/cid/5
INFO: [ app_init ] --START--
INFO: Run Behavior\BuildLiteBehavior [ RunTime:0.000000s ]
INFO: [ app_init ] --END-- [ RunTime:0.000000s ]
INFO: [ app_begin ] --START--
INFO: Run Behavior\ReadHtmlCacheBehavior [ RunTime:0.000000s ]
INFO: [ app_begin ] --END-- [ RunTime:0.000000s ]
SQL: SHOW COLUMNS FROM `app_group` [ RunTime:0.0000s ]
SQL: SHOW COLUMNS FROM `app_auth` [ RunTime:0.0156s ]
SQL: SHOW COLUMNS FROM `app_manage` [ RunTime:0.0000s ]
SQL: SHOW COLUMNS FROM `app_article` [ RunTime:0.0000s ]
SQL: SHOW COLUMNS FROM `app_adver` [ RunTime:0.0000s ]
SQL: SELECT `auth` FROM `app_group` WHERE `id` = 1 LIMIT 1   [ RunTime:0.0000s ]
SQL: SELECT * FROM `app_auth` WHERE `status` = 1 ORDER BY sort ASC  [ RunTime:0.0156s ]
NOTIC: [8] Undefined offset: 15 D:\wamp\www\api\Application\Admin\Model\AuthModel.class.php 第 57 行.
SQL: SHOW COLUMNS FROM `app_config` [ RunTime:0.0000s ]
SQL: SELECT * FROM `app_config` WHERE `conf_group` = 2  [ RunTime:0.0000s ]
SQL: SELECT `id`,`pid`,`url` FROM `app_auth` WHERE `url` = 'Brand/index' LIMIT 1   [ RunTime:0.0000s ]
SQL: SHOW COLUMNS FROM `app_brand` [ RunTime:0.0000s ]
SQL: SHOW COLUMNS FROM `app_category` [ RunTime:0.0000s ]
SQL: SELECT `id`,`name` FROM `app_category` WHERE `pid` = 0 AND `groupid` = 2 AND `type` = 1  [ RunTime:0.0000s ]
SQL: SELECT COUNT(*) AS tp_count FROM `app_brand` WHERE `cateid` = '5' LIMIT 1   [ RunTime:0.0000s ]
SQL: SELECT * FROM `app_brand` WHERE `cateid` = '5' ORDER BY sort ASC LIMIT 0,20   [ RunTime:0.0000s ]
INFO: [ view_parse ] --START--
INFO: [ template_filter ] --START--
INFO: Run Behavior\ContentReplaceBehavior [ RunTime:0.000000s ]
INFO: [ template_filter ] --END-- [ RunTime:0.000000s ]
INFO: Run Behavior\ParseTemplateBehavior [ RunTime:0.015600s ]
INFO: [ view_parse ] --END-- [ RunTime:0.015600s ]
INFO: [ view_filter ] --START--
INFO: Run Behavior\WriteHtmlCacheBehavior [ RunTime:0.000000s ]
INFO: [ view_filter ] --END-- [ RunTime:0.000000s ]
INFO: [ app_end ] --START--
INFO: Run Behavior\ShowPageTraceBehavior [ RunTime:0.000000s ]
INFO: [ app_end ] --END-- [ RunTime:0.000000s ]

[ 2016-10-12T18:20:23+08:00 ] 127.0.0.1 /api/index.php?s=/Admin/Brand/add
INFO: [ app_init ] --START--
INFO: Run Behavior\BuildLiteBehavior [ RunTime:0.000000s ]
INFO: [ app_init ] --END-- [ RunTime:0.000000s ]
INFO: [ app_begin ] --START--
INFO: Run Behavior\ReadHtmlCacheBehavior [ RunTime:0.000000s ]
INFO: [ app_begin ] --END-- [ RunTime:0.000000s ]
SQL: SHOW COLUMNS FROM `app_group` [ RunTime:0.0000s ]
SQL: SHOW COLUMNS FROM `app_auth` [ RunTime:0.0000s ]
SQL: SHOW COLUMNS FROM `app_manage` [ RunTime:0.0156s ]
SQL: SHOW COLUMNS FROM `app_article` [ RunTime:0.0000s ]
SQL: SHOW COLUMNS FROM `app_adver` [ RunTime:0.0000s ]
SQL: SELECT `auth` FROM `app_group` WHERE `id` = 1 LIMIT 1   [ RunTime:0.0000s ]
SQL: SELECT * FROM `app_auth` WHERE `status` = 1 ORDER BY sort ASC  [ RunTime:0.0000s ]
NOTIC: [8] Undefined offset: 15 D:\wamp\www\api\Application\Admin\Model\AuthModel.class.php 第 57 行.
SQL: SHOW COLUMNS FROM `app_config` [ RunTime:0.0000s ]
SQL: SELECT * FROM `app_config` WHERE `conf_group` = 2  [ RunTime:0.0000s ]
SQL: SELECT `id`,`pid`,`url` FROM `app_auth` WHERE `url` = 'Brand/add' LIMIT 1   [ RunTime:0.0000s ]
SQL: SHOW COLUMNS FROM `app_brand` [ RunTime:0.0000s ]
SQL: SHOW COLUMNS FROM `app_category` [ RunTime:0.0000s ]
SQL: SELECT `id`,`name` FROM `app_category` WHERE `pid` = 0 AND `type` = 1 AND `groupid` = 2  [ RunTime:0.0156s ]
INFO: [ view_parse ] --START--
INFO: [ template_filter ] --START--
INFO: Run Behavior\ContentReplaceBehavior [ RunTime:0.000000s ]
INFO: [ template_filter ] --END-- [ RunTime:0.000000s ]
INFO: Run Behavior\ParseTemplateBehavior [ RunTime:0.046800s ]
INFO: [ view_parse ] --END-- [ RunTime:0.046800s ]
INFO: [ view_filter ] --START--
INFO: Run Behavior\WriteHtmlCacheBehavior [ RunTime:0.000000s ]
INFO: [ view_filter ] --END-- [ RunTime:0.000000s ]
INFO: [ app_end ] --START--
INFO: Run Behavior\ShowPageTraceBehavior [ RunTime:0.000000s ]
INFO: [ app_end ] --END-- [ RunTime:0.000000s ]

[ 2016-10-12T18:20:35+08:00 ] 127.0.0.1 /api/index.php?s=/Admin/Price/index
INFO: [ app_init ] --START--
INFO: Run Behavior\BuildLiteBehavior [ RunTime:0.000000s ]
INFO: [ app_init ] --END-- [ RunTime:0.000000s ]
INFO: [ app_begin ] --START--
INFO: Run Behavior\ReadHtmlCacheBehavior [ RunTime:0.000000s ]
INFO: [ app_begin ] --END-- [ RunTime:0.000000s ]
SQL: SHOW COLUMNS FROM `app_group` [ RunTime:0.0000s ]
SQL: SHOW COLUMNS FROM `app_auth` [ RunTime:0.0000s ]
SQL: SHOW COLUMNS FROM `app_manage` [ RunTime:0.0000s ]
SQL: SHOW COLUMNS FROM `app_article` [ RunTime:0.0156s ]
SQL: SHOW COLUMNS FROM `app_adver` [ RunTime:0.0000s ]
SQL: SELECT `auth` FROM `app_group` WHERE `id` = 1 LIMIT 1   [ RunTime:0.0000s ]
SQL: SELECT * FROM `app_auth` WHERE `status` = 1 ORDER BY sort ASC  [ RunTime:0.0000s ]
NOTIC: [8] Undefined offset: 15 D:\wamp\www\api\Application\Admin\Model\AuthModel.class.php 第 57 行.
SQL: SHOW COLUMNS FROM `app_config` [ RunTime:0.0000s ]
SQL: SELECT * FROM `app_config` WHERE `conf_group` = 2  [ RunTime:0.0000s ]
SQL: SELECT `id`,`pid`,`url` FROM `app_auth` WHERE `url` = 'Price/index' LIMIT 1   [ RunTime:0.0000s ]
SQL: SHOW COLUMNS FROM `app_price` [ RunTime:0.0156s ]
SQL: SHOW COLUMNS FROM `app_category` [ RunTime:0.0000s ]
SQL: SELECT COUNT(*) AS tp_count FROM `app_price` WHERE `gid` = 1 LIMIT 1   [ RunTime:0.0000s ]
SQL: SELECT a.id,a.minprice,a.maxprice,b.name as catename FROM app_price a INNER JOIN app_category as b ON a.cateid=b.id  WHERE `gid` = 1 LIMIT 0,20   [ RunTime:0.0000s ]
INFO: [ view_parse ] --START--
INFO: [ template_filter ] --START--
INFO: Run Behavior\ContentReplaceBehavior [ RunTime:0.000000s ]
INFO: [ template_filter ] --END-- [ RunTime:0.000000s ]
INFO: Run Behavior\ParseTemplateBehavior [ RunTime:0.015600s ]
INFO: [ view_parse ] --END-- [ RunTime:0.015600s ]
INFO: [ view_filter ] --START--
INFO: Run Behavior\WriteHtmlCacheBehavior [ RunTime:0.000000s ]
INFO: [ view_filter ] --END-- [ RunTime:0.000000s ]
INFO: [ app_end ] --START--
INFO: Run Behavior\ShowPageTraceBehavior [ RunTime:0.000000s ]
INFO: [ app_end ] --END-- [ RunTime:0.000000s ]

[ 2016-10-12T18:20:38+08:00 ] 127.0.0.1 /api/index.php?s=/Admin/Price/index/gid/2
INFO: [ app_init ] --START--
INFO: Run Behavior\BuildLiteBehavior [ RunTime:0.000000s ]
INFO: [ app_init ] --END-- [ RunTime:0.015600s ]
INFO: [ app_begin ] --START--
INFO: Run Behavior\ReadHtmlCacheBehavior [ RunTime:0.000000s ]
INFO: [ app_begin ] --END-- [ RunTime:0.000000s ]
SQL: SHOW COLUMNS FROM `app_group` [ RunTime:0.0156s ]
SQL: SHOW COLUMNS FROM `app_auth` [ RunTime:0.0000s ]
SQL: SHOW COLUMNS FROM `app_manage` [ RunTime:0.0000s ]
SQL: SHOW COLUMNS FROM `app_article` [ RunTime:0.0156s ]
SQL: SHOW COLUMNS FROM `app_adver` [ RunTime:0.0000s ]
SQL: SELECT `auth` FROM `app_group` WHERE `id` = 1 LIMIT 1   [ RunTime:0.0000s ]
SQL: SELECT * FROM `app_auth` WHERE `status` = 1 ORDER BY sort ASC  [ RunTime:0.0000s ]
NOTIC: [8] Undefined offset: 15 D:\wamp\www\api\Application\Admin\Model\AuthModel.class.php 第 57 行.
SQL: SHOW COLUMNS FROM `app_config` [ RunTime:0.0000s ]
SQL: SELECT * FROM `app_config` WHERE `conf_group` = 2  [ RunTime:0.0000s ]
SQL: SELECT `id`,`pid`,`url` FROM `app_auth` WHERE `url` = 'Price/index' LIMIT 1   [ RunTime:0.0000s ]
SQL: SHOW COLUMNS FROM `app_price` [ RunTime:0.0156s ]
SQL: SHOW COLUMNS FROM `app_category` [ RunTime:0.0000s ]
NOTIC: [8] Undefined variable: paramStr D:\wamp\www\api\Application\Admin\Controller\PriceController.class.php 第 17 行.
SQL: SELECT COUNT(*) AS tp_count FROM `app_price` WHERE `gid` = 2 LIMIT 1   [ RunTime:0.0000s ]
SQL: SELECT a.id,a.minprice,a.maxprice,b.name as catename FROM app_price a INNER JOIN app_category as b ON a.cateid=b.id  WHERE `gid` = '2' LIMIT 0,20   [ RunTime:0.0000s ]
INFO: [ view_parse ] --START--
INFO: [ template_filter ] --START--
INFO: Run Behavior\ContentReplaceBehavior [ RunTime:0.000000s ]
INFO: [ template_filter ] --END-- [ RunTime:0.000000s ]
INFO: Run Behavior\ParseTemplateBehavior [ RunTime:0.015600s ]
INFO: [ view_parse ] --END-- [ RunTime:0.015600s ]
INFO: [ view_filter ] --START--
INFO: Run Behavior\WriteHtmlCacheBehavior [ RunTime:0.000000s ]
INFO: [ view_filter ] --END-- [ RunTime:0.000000s ]
INFO: [ app_end ] --START--
INFO: Run Behavior\ShowPageTraceBehavior [ RunTime:0.000000s ]
INFO: [ app_end ] --END-- [ RunTime:0.000000s ]

